{"/home/runner/work/secure-client-hub/secure-client-hub/components/BackToButton.js": {"path":"/home/runner/work/secure-client-hub/secure-client-hub/components/BackToButton.js","statementMap":{"0":{"start":{"line":5,"column":2},"end":{"line":18,"column":3}},"1":{"start":{"line":21,"column":0},"end":{"line":26,"column":1}}},"fnMap":{"0":{"name":"BackToButton","decl":{"start":{"line":4,"column":24},"end":{"line":4,"column":36}},"loc":{"start":{"line":4,"column":44},"end":{"line":19,"column":1}},"line":4}},"branchMap":{},"s":{"0":9,"1":4},"f":{"0":9},"b":{},"_coverageSchema":"1a1c01bbd47fc00a2c39e90264f33305004495a9","hash":"f3bf0c357d47dfb991ffb3cff9ad13ee8bbb6d82"}
,"/home/runner/work/secure-client-hub/secure-client-hub/components/BenefitTasks.js": {"path":"/home/runner/work/secure-client-hub/secure-client-hub/components/BenefitTasks.js","statementMap":{"0":{"start":{"line":7,"column":31},"end":{"line":17,"column":3}},"1":{"start":{"line":19,"column":2},"end":{"line":73,"column":3}},"2":{"start":{"line":29,"column":10},"end":{"line":69,"column":11}},"3":{"start":{"line":44,"column":18},"end":{"line":50,"column":19}},"4":{"start":{"line":48,"column":20},"end":{"line":48,"column":38}},"5":{"start":{"line":49,"column":20},"end":{"line":49,"column":59}},"6":{"start":{"line":76,"column":0},"end":{"line":91,"column":1}}},"fnMap":{"0":{"name":"BenefitTasks","decl":{"start":{"line":6,"column":24},"end":{"line":6,"column":36}},"loc":{"start":{"line":6,"column":44},"end":{"line":74,"column":1}},"line":6},"1":{"name":"(anonymous_1)","decl":{"start":{"line":28,"column":34},"end":{"line":28,"column":35}},"loc":{"start":{"line":28,"column":51},"end":{"line":70,"column":9}},"line":28},"2":{"name":"(anonymous_2)","decl":{"start":{"line":42,"column":25},"end":{"line":42,"column":26}},"loc":{"start":{"line":42,"column":32},"end":{"line":51,"column":17}},"line":42}},"branchMap":{"0":{"loc":{"start":{"line":35,"column":18},"end":{"line":35,"column":79}},"type":"cond-expr","locations":[{"start":{"line":35,"column":61},"end":{"line":35,"column":69}},{"start":{"line":35,"column":72},"end":{"line":35,"column":79}}],"line":35},"1":{"loc":{"start":{"line":38,"column":18},"end":{"line":40,"column":31}},"type":"cond-expr","locations":[{"start":{"line":39,"column":22},"end":{"line":39,"column":43}},{"start":{"line":40,"column":22},"end":{"line":40,"column":31}}],"line":38},"2":{"loc":{"start":{"line":44,"column":18},"end":{"line":50,"column":19}},"type":"if","locations":[{"start":{"line":44,"column":18},"end":{"line":50,"column":19}},{"start":{},"end":{}}],"line":44},"3":{"loc":{"start":{"line":45,"column":20},"end":{"line":46,"column":61}},"type":"binary-expr","locations":[{"start":{"line":45,"column":20},"end":{"line":45,"column":34}},{"start":{"line":46,"column":20},"end":{"line":46,"column":61}}],"line":45},"4":{"loc":{"start":{"line":57,"column":20},"end":{"line":57,"column":79}},"type":"cond-expr","locations":[{"start":{"line":57,"column":38},"end":{"line":57,"column":53}},{"start":{"line":57,"column":56},"end":{"line":57,"column":79}}],"line":57}},"s":{"0":2,"1":2,"2":2,"3":0,"4":0,"5":0,"6":2},"f":{"0":2,"1":2,"2":0},"b":{"0":[0,2],"1":[0,2],"2":[0,0],"3":[0,0],"4":[2,0]},"_coverageSchema":"1a1c01bbd47fc00a2c39e90264f33305004495a9","hash":"b9851893801b026987d71037794d4a91d926f542"}
,"/home/runner/work/secure-client-hub/secure-client-hub/components/Breadcrumb.js": {"path":"/home/runner/work/secure-client-hub/secure-client-hub/components/Breadcrumb.js","statementMap":{"0":{"start":{"line":10,"column":2},"end":{"line":37,"column":3}},"1":{"start":{"line":15,"column":14},"end":{"line":32,"column":15}},"2":{"start":{"line":40,"column":0},"end":{"line":57,"column":1}}},"fnMap":{"0":{"name":"Breadcrumb","decl":{"start":{"line":9,"column":16},"end":{"line":9,"column":26}},"loc":{"start":{"line":9,"column":34},"end":{"line":38,"column":1}},"line":9},"1":{"name":"(anonymous_1)","decl":{"start":{"line":14,"column":28},"end":{"line":14,"column":29}},"loc":{"start":{"line":14,"column":43},"end":{"line":33,"column":13}},"line":14}},"branchMap":{"0":{"loc":{"start":{"line":13,"column":9},"end":{"line":34,"column":16}},"type":"cond-expr","locations":[{"start":{"line":14,"column":12},"end":{"line":33,"column":14}},{"start":{"line":34,"column":12},"end":{"line":34,"column":16}}],"line":13},"1":{"loc":{"start":{"line":17,"column":19},"end":{"line":24,"column":19}},"type":"binary-expr","locations":[{"start":{"line":17,"column":19},"end":{"line":17,"column":27}},{"start":{"line":18,"column":20},"end":{"line":23,"column":27}}],"line":17}},"s":{"0":6,"1":21,"2":3},"f":{"0":6,"1":21},"b":{"0":[6,0],"1":[21,15]},"_coverageSchema":"1a1c01bbd47fc00a2c39e90264f33305004495a9","hash":"3354858d26b92957c4c9a931438da23d05666089"}
,"/home/runner/work/secure-client-hub/secure-client-hub/components/Button.js": {"path":"/home/runner/work/secure-client-hub/secure-client-hub/components/Button.js","statementMap":{"0":{"start":{"line":7,"column":4},"end":{"line":7,"column":143}},"1":{"start":{"line":9,"column":4},"end":{"line":9,"column":142}},"2":{"start":{"line":11,"column":4},"end":{"line":11,"column":105}},"3":{"start":{"line":13,"column":4},"end":{"line":13,"column":117}},"4":{"start":{"line":15,"column":4},"end":{"line":15,"column":161}},"5":{"start":{"line":18,"column":4},"end":{"line":28,"column":10}},"6":{"start":{"line":31,"column":2},"end":{"line":105,"column":3}},"7":{"start":{"line":108,"column":0},"end":{"line":113,"column":1}},"8":{"start":{"line":115,"column":0},"end":{"line":194,"column":1}}},"fnMap":{"0":{"name":"Button","decl":{"start":{"line":4,"column":24},"end":{"line":4,"column":30}},"loc":{"start":{"line":4,"column":38},"end":{"line":106,"column":1}},"line":4}},"branchMap":{"0":{"loc":{"start":{"line":18,"column":4},"end":{"line":28,"column":10}},"type":"cond-expr","locations":[{"start":{"line":19,"column":8},"end":{"line":19,"column":15}},{"start":{"line":20,"column":8},"end":{"line":28,"column":10}}],"line":18},"1":{"loc":{"start":{"line":20,"column":8},"end":{"line":28,"column":10}},"type":"cond-expr","locations":[{"start":{"line":21,"column":8},"end":{"line":21,"column":17}},{"start":{"line":22,"column":8},"end":{"line":28,"column":10}}],"line":20},"2":{"loc":{"start":{"line":22,"column":8},"end":{"line":28,"column":10}},"type":"cond-expr","locations":[{"start":{"line":23,"column":8},"end":{"line":23,"column":17}},{"start":{"line":24,"column":8},"end":{"line":28,"column":10}}],"line":22},"3":{"loc":{"start":{"line":24,"column":8},"end":{"line":28,"column":10}},"type":"cond-expr","locations":[{"start":{"line":25,"column":8},"end":{"line":25,"column":14}},{"start":{"line":26,"column":8},"end":{"line":28,"column":10}}],"line":24},"4":{"loc":{"start":{"line":26,"column":8},"end":{"line":28,"column":10}},"type":"cond-expr","locations":[{"start":{"line":27,"column":8},"end":{"line":27,"column":12}},{"start":{"line":28,"column":8},"end":{"line":28,"column":10}}],"line":26},"5":{"loc":{"start":{"line":31,"column":9},"end":{"line":105,"column":3}},"type":"cond-expr","locations":[{"start":{"line":32,"column":4},"end":{"line":67,"column":13}},{"start":{"line":69,"column":4},"end":{"line":104,"column":8}}],"line":31},"6":{"loc":{"start":{"line":43,"column":7},"end":{"line":53,"column":19}},"type":"cond-expr","locations":[{"start":{"line":44,"column":8},"end":{"line":52,"column":15}},{"start":{"line":53,"column":10},"end":{"line":53,"column":19}}],"line":43},"7":{"loc":{"start":{"line":43,"column":7},"end":{"line":43,"column":35}},"type":"binary-expr","locations":[{"start":{"line":43,"column":7},"end":{"line":43,"column":17}},{"start":{"line":43,"column":21},"end":{"line":43,"column":35}}],"line":43},"8":{"loc":{"start":{"line":56,"column":7},"end":{"line":66,"column":19}},"type":"cond-expr","locations":[{"start":{"line":57,"column":8},"end":{"line":65,"column":15}},{"start":{"line":66,"column":10},"end":{"line":66,"column":19}}],"line":56},"9":{"loc":{"start":{"line":56,"column":7},"end":{"line":56,"column":34}},"type":"binary-expr","locations":[{"start":{"line":56,"column":7},"end":{"line":56,"column":17}},{"start":{"line":56,"column":21},"end":{"line":56,"column":34}}],"line":56},"10":{"loc":{"start":{"line":72,"column":8},"end":{"line":74,"column":14}},"type":"cond-expr","locations":[{"start":{"line":73,"column":12},"end":{"line":73,"column":227}},{"start":{"line":74,"column":12},"end":{"line":74,"column":14}}],"line":72},"11":{"loc":{"start":{"line":82,"column":7},"end":{"line":90,"column":19}},"type":"cond-expr","locations":[{"start":{"line":83,"column":8},"end":{"line":89,"column":10}},{"start":{"line":90,"column":10},"end":{"line":90,"column":19}}],"line":82},"12":{"loc":{"start":{"line":82,"column":7},"end":{"line":82,"column":35}},"type":"binary-expr","locations":[{"start":{"line":82,"column":7},"end":{"line":82,"column":17}},{"start":{"line":82,"column":21},"end":{"line":82,"column":35}}],"line":82},"13":{"loc":{"start":{"line":93,"column":7},"end":{"line":103,"column":19}},"type":"cond-expr","locations":[{"start":{"line":94,"column":8},"end":{"line":102,"column":14}},{"start":{"line":103,"column":10},"end":{"line":103,"column":19}}],"line":93},"14":{"loc":{"start":{"line":93,"column":7},"end":{"line":93,"column":34}},"type":"binary-expr","locations":[{"start":{"line":93,"column":7},"end":{"line":93,"column":17}},{"start":{"line":93,"column":21},"end":{"line":93,"column":34}}],"line":93}},"s":{"0":15,"1":15,"2":15,"3":15,"4":15,"5":15,"6":15,"7":7,"8":7},"f":{"0":15},"b":{"0":[7,8],"1":[3,5],"2":[2,3],"3":[0,3],"4":[3,0],"5":[15,0],"6":[0,15],"7":[15,0],"8":[0,15],"9":[15,0],"10":[0,0],"11":[0,0],"12":[0,0],"13":[0,0],"14":[0,0]},"_coverageSchema":"1a1c01bbd47fc00a2c39e90264f33305004495a9","hash":"ebed18f7ee783aeb1c8ee938279228653051553a"}
,"/home/runner/work/secure-client-hub/secure-client-hub/components/Card.js": {"path":"/home/runner/work/secure-client-hub/secure-client-hub/components/Card.js","statementMap":{"0":{"start":{"line":6,"column":30},"end":{"line":6,"column":45}},"1":{"start":{"line":8,"column":2},"end":{"line":35,"column":3}},"2":{"start":{"line":18,"column":31},"end":{"line":18,"column":38}},"3":{"start":{"line":19,"column":10},"end":{"line":19,"column":33}},"4":{"start":{"line":38,"column":0},"end":{"line":48,"column":1}}},"fnMap":{"0":{"name":"Card","decl":{"start":{"line":5,"column":24},"end":{"line":5,"column":28}},"loc":{"start":{"line":5,"column":36},"end":{"line":36,"column":1}},"line":5},"1":{"name":"(anonymous_1)","decl":{"start":{"line":17,"column":17},"end":{"line":17,"column":18}},"loc":{"start":{"line":17,"column":23},"end":{"line":20,"column":9}},"line":17}},"branchMap":{"0":{"loc":{"start":{"line":29,"column":7},"end":{"line":33,"column":7}},"type":"cond-expr","locations":[{"start":{"line":29,"column":17},"end":{"line":29,"column":21}},{"start":{"line":30,"column":8},"end":{"line":32,"column":14}}],"line":29}},"s":{"0":2,"1":2,"2":0,"3":0,"4":1},"f":{"0":2,"1":0},"b":{"0":[2,0]},"_coverageSchema":"1a1c01bbd47fc00a2c39e90264f33305004495a9","hash":"ffb174e9cedb20fc677b46140e639bb3d5859b31"}
,"/home/runner/work/secure-client-hub/secure-client-hub/components/Collapse.js": {"path":"/home/runner/work/secure-client-hub/secure-client-hub/components/Collapse.js","statementMap":{"0":{"start":{"line":5,"column":34},"end":{"line":5,"column":39}},"1":{"start":{"line":6,"column":2},"end":{"line":26,"column":3}},"2":{"start":{"line":29,"column":0},"end":{"line":31,"column":1}},"3":{"start":{"line":33,"column":0},"end":{"line":57,"column":1}}},"fnMap":{"0":{"name":"Collapse","decl":{"start":{"line":4,"column":24},"end":{"line":4,"column":32}},"loc":{"start":{"line":4,"column":40},"end":{"line":27,"column":1}},"line":4}},"branchMap":{},"s":{"0":2,"1":2,"2":2,"3":2},"f":{"0":2},"b":{},"_coverageSchema":"1a1c01bbd47fc00a2c39e90264f33305004495a9","hash":"2c212083bef6c15833c74cebc26cddbcd7ee06ee"}
,"/home/runner/work/secure-client-hub/secure-client-hub/components/ContextualAlert.js": {"path":"/home/runner/work/secure-client-hub/secure-client-hub/components/ContextualAlert.js","statementMap":{"0":{"start":{"line":17,"column":6},"end":{"line":17,"column":11}},"1":{"start":{"line":19,"column":4},"end":{"line":25,"column":19}},"2":{"start":{"line":27,"column":4},"end":{"line":33,"column":26}},"3":{"start":{"line":35,"column":17},"end":{"line":35,"column":43}},"4":{"start":{"line":37,"column":2},"end":{"line":63,"column":3}},"5":{"start":{"line":66,"column":0},"end":{"line":104,"column":1}}},"fnMap":{"0":{"name":"ContextualAlert","decl":{"start":{"line":8,"column":24},"end":{"line":8,"column":39}},"loc":{"start":{"line":8,"column":47},"end":{"line":64,"column":1}},"line":8}},"branchMap":{"0":{"loc":{"start":{"line":19,"column":4},"end":{"line":25,"column":19}},"type":"cond-expr","locations":[{"start":{"line":20,"column":8},"end":{"line":20,"column":19}},{"start":{"line":21,"column":8},"end":{"line":25,"column":19}}],"line":19},"1":{"loc":{"start":{"line":21,"column":8},"end":{"line":25,"column":19}},"type":"cond-expr","locations":[{"start":{"line":22,"column":8},"end":{"line":22,"column":18}},{"start":{"line":23,"column":8},"end":{"line":25,"column":19}}],"line":21},"2":{"loc":{"start":{"line":23,"column":8},"end":{"line":25,"column":19}},"type":"cond-expr","locations":[{"start":{"line":24,"column":8},"end":{"line":24,"column":16}},{"start":{"line":25,"column":8},"end":{"line":25,"column":19}}],"line":23},"3":{"loc":{"start":{"line":27,"column":4},"end":{"line":33,"column":26}},"type":"cond-expr","locations":[{"start":{"line":28,"column":8},"end":{"line":28,"column":28}},{"start":{"line":29,"column":8},"end":{"line":33,"column":26}}],"line":27},"4":{"loc":{"start":{"line":29,"column":8},"end":{"line":33,"column":26}},"type":"cond-expr","locations":[{"start":{"line":30,"column":8},"end":{"line":30,"column":24}},{"start":{"line":31,"column":8},"end":{"line":33,"column":26}}],"line":29},"5":{"loc":{"start":{"line":31,"column":8},"end":{"line":33,"column":26}},"type":"cond-expr","locations":[{"start":{"line":32,"column":8},"end":{"line":32,"column":35}},{"start":{"line":33,"column":8},"end":{"line":33,"column":26}}],"line":31},"6":{"loc":{"start":{"line":35,"column":17},"end":{"line":35,"column":43}},"type":"cond-expr","locations":[{"start":{"line":35,"column":27},"end":{"line":35,"column":37}},{"start":{"line":35,"column":40},"end":{"line":35,"column":43}}],"line":35}},"s":{"0":4,"1":4,"2":4,"3":4,"4":4,"5":2},"f":{"0":4},"b":{"0":[0,4],"1":[0,4],"2":[4,0],"3":[0,4],"4":[0,4],"5":[4,0],"6":[0,4]},"_coverageSchema":"1a1c01bbd47fc00a2c39e90264f33305004495a9","hash":"cc43e563f6e9b192e5c52b49ed65d3637e94f679"}
,"/home/runner/work/secure-client-hub/secure-client-hub/components/Date.js": {"path":"/home/runner/work/secure-client-hub/secure-client-hub/components/Date.js","statementMap":{"0":{"start":{"line":4,"column":30},"end":{"line":4,"column":35}},"1":{"start":{"line":5,"column":24},"end":{"line":5,"column":56}},"2":{"start":{"line":6,"column":2},"end":{"line":21,"column":3}},"3":{"start":{"line":24,"column":0},"end":{"line":39,"column":1}}},"fnMap":{"0":{"name":"Date","decl":{"start":{"line":3,"column":16},"end":{"line":3,"column":20}},"loc":{"start":{"line":3,"column":28},"end":{"line":22,"column":1}},"line":3}},"branchMap":{"0":{"loc":{"start":{"line":5,"column":24},"end":{"line":5,"column":56}},"type":"cond-expr","locations":[{"start":{"line":5,"column":31},"end":{"line":5,"column":49}},{"start":{"line":5,"column":52},"end":{"line":5,"column":56}}],"line":5},"1":{"loc":{"start":{"line":14,"column":9},"end":{"line":18,"column":9}},"type":"cond-expr","locations":[{"start":{"line":15,"column":10},"end":{"line":15,"column":44}},{"start":{"line":17,"column":10},"end":{"line":17,"column":69}}],"line":14}},"s":{"0":4,"1":4,"2":4,"3":2},"f":{"0":4},"b":{"0":[2,2],"1":[2,2]},"_coverageSchema":"1a1c01bbd47fc00a2c39e90264f33305004495a9","hash":"e78e414ccfbaae31a8984ca97f2bec9849324fee"}
,"/home/runner/work/secure-client-hub/secure-client-hub/components/ErrorBoundary.js": {"path":"/home/runner/work/secure-client-hub/secure-client-hub/components/ErrorBoundary.js","statementMap":{"0":{"start":{"line":7,"column":4},"end":{"line":7,"column":16}},"1":{"start":{"line":8,"column":4},"end":{"line":8,"column":36}},"2":{"start":{"line":12,"column":4},"end":{"line":12,"column":29}},"3":{"start":{"line":17,"column":19},"end":{"line":17,"column":46}},"4":{"start":{"line":18,"column":4},"end":{"line":18,"column":26}},"5":{"start":{"line":19,"column":4},"end":{"line":19,"column":23}},"6":{"start":{"line":20,"column":4},"end":{"line":20,"column":33}},"7":{"start":{"line":24,"column":4},"end":{"line":35,"column":5}},"8":{"start":{"line":26,"column":6},"end":{"line":34,"column":7}},"9":{"start":{"line":37,"column":4},"end":{"line":37,"column":30}}},"fnMap":{"0":{"name":"(anonymous_0)","decl":{"start":{"line":6,"column":2},"end":{"line":6,"column":3}},"loc":{"start":{"line":6,"column":21},"end":{"line":9,"column":3}},"line":6},"1":{"name":"(anonymous_1)","decl":{"start":{"line":11,"column":2},"end":{"line":11,"column":3}},"loc":{"start":{"line":11,"column":41},"end":{"line":13,"column":3}},"line":11},"2":{"name":"(anonymous_2)","decl":{"start":{"line":15,"column":2},"end":{"line":15,"column":3}},"loc":{"start":{"line":15,"column":38},"end":{"line":21,"column":3}},"line":15},"3":{"name":"(anonymous_3)","decl":{"start":{"line":23,"column":2},"end":{"line":23,"column":3}},"loc":{"start":{"line":23,"column":11},"end":{"line":38,"column":3}},"line":23}},"branchMap":{"0":{"loc":{"start":{"line":24,"column":4},"end":{"line":35,"column":5}},"type":"if","locations":[{"start":{"line":24,"column":4},"end":{"line":35,"column":5}},{"start":{},"end":{}}],"line":24}},"s":{"0":0,"1":0,"2":0,"3":0,"4":0,"5":0,"6":0,"7":0,"8":0,"9":0},"f":{"0":0,"1":0,"2":0,"3":0},"b":{"0":[0,0]}}
,"/home/runner/work/secure-client-hub/secure-client-hub/components/ErrorPage.js": {"path":"/home/runner/work/secure-client-hub/secure-client-hub/components/ErrorPage.js","statementMap":{"0":{"start":{"line":8,"column":67},"end":{"line":8,"column":72}},"1":{"start":{"line":9,"column":20},"end":{"line":9,"column":22}},"2":{"start":{"line":10,"column":17},"end":{"line":10,"column":71}},"3":{"start":{"line":11,"column":2},"end":{"line":13,"column":3}},"4":{"start":{"line":12,"column":4},"end":{"line":12,"column":67}},"5":{"start":{"line":15,"column":4},"end":{"line":19,"column":35}},"6":{"start":{"line":21,"column":4},"end":{"line":25,"column":35}},"7":{"start":{"line":28,"column":4},"end":{"line":32,"column":32}},"8":{"start":{"line":34,"column":4},"end":{"line":38,"column":32}},"9":{"start":{"line":39,"column":2},"end":{"line":107,"column":3}},"10":{"start":{"line":42,"column":8},"end":{"line":104,"column":9}},"11":{"start":{"line":110,"column":0},"end":{"line":114,"column":1}},"12":{"start":{"line":116,"column":0},"end":{"line":149,"column":1}}},"fnMap":{"0":{"name":"ErrorPage","decl":{"start":{"line":7,"column":16},"end":{"line":7,"column":25}},"loc":{"start":{"line":7,"column":33},"end":{"line":108,"column":1}},"line":7},"1":{"name":"(anonymous_1)","decl":{"start":{"line":41,"column":20},"end":{"line":41,"column":21}},"loc":{"start":{"line":41,"column":36},"end":{"line":105,"column":7}},"line":41}},"branchMap":{"0":{"loc":{"start":{"line":10,"column":17},"end":{"line":10,"column":71}},"type":"cond-expr","locations":[{"start":{"line":10,"column":33},"end":{"line":10,"column":37}},{"start":{"line":10,"column":40},"end":{"line":10,"column":71}}],"line":10},"1":{"loc":{"start":{"line":10,"column":40},"end":{"line":10,"column":71}},"type":"cond-expr","locations":[{"start":{"line":10,"column":56},"end":{"line":10,"column":60}},{"start":{"line":10,"column":63},"end":{"line":10,"column":71}}],"line":10},"2":{"loc":{"start":{"line":11,"column":2},"end":{"line":13,"column":3}},"type":"if","locations":[{"start":{"line":11,"column":2},"end":{"line":13,"column":3}},{"start":{},"end":{}}],"line":11},"3":{"loc":{"start":{"line":15,"column":4},"end":{"line":19,"column":35}},"type":"cond-expr","locations":[{"start":{"line":16,"column":8},"end":{"line":16,"column":35}},{"start":{"line":17,"column":8},"end":{"line":19,"column":35}}],"line":15},"4":{"loc":{"start":{"line":17,"column":8},"end":{"line":19,"column":35}},"type":"cond-expr","locations":[{"start":{"line":18,"column":8},"end":{"line":18,"column":35}},{"start":{"line":19,"column":8},"end":{"line":19,"column":35}}],"line":17},"5":{"loc":{"start":{"line":21,"column":4},"end":{"line":25,"column":35}},"type":"cond-expr","locations":[{"start":{"line":22,"column":8},"end":{"line":22,"column":35}},{"start":{"line":23,"column":8},"end":{"line":25,"column":35}}],"line":21},"6":{"loc":{"start":{"line":23,"column":8},"end":{"line":25,"column":35}},"type":"cond-expr","locations":[{"start":{"line":24,"column":8},"end":{"line":24,"column":35}},{"start":{"line":25,"column":8},"end":{"line":25,"column":35}}],"line":23},"7":{"loc":{"start":{"line":28,"column":4},"end":{"line":32,"column":32}},"type":"cond-expr","locations":[{"start":{"line":29,"column":8},"end":{"line":29,"column":32}},{"start":{"line":30,"column":8},"end":{"line":32,"column":32}}],"line":28},"8":{"loc":{"start":{"line":30,"column":8},"end":{"line":32,"column":32}},"type":"cond-expr","locations":[{"start":{"line":31,"column":8},"end":{"line":31,"column":32}},{"start":{"line":32,"column":8},"end":{"line":32,"column":32}}],"line":30},"9":{"loc":{"start":{"line":34,"column":4},"end":{"line":38,"column":32}},"type":"cond-expr","locations":[{"start":{"line":35,"column":8},"end":{"line":35,"column":32}},{"start":{"line":36,"column":8},"end":{"line":38,"column":32}}],"line":34},"10":{"loc":{"start":{"line":36,"column":8},"end":{"line":38,"column":32}},"type":"cond-expr","locations":[{"start":{"line":37,"column":8},"end":{"line":37,"column":32}},{"start":{"line":38,"column":8},"end":{"line":38,"column":32}}],"line":36},"11":{"loc":{"start":{"line":46,"column":21},"end":{"line":46,"column":65}},"type":"cond-expr","locations":[{"start":{"line":46,"column":34},"end":{"line":46,"column":48}},{"start":{"line":46,"column":51},"end":{"line":46,"column":65}}],"line":46},"12":{"loc":{"start":{"line":49,"column":15},"end":{"line":49,"column":53}},"type":"cond-expr","locations":[{"start":{"line":49,"column":28},"end":{"line":49,"column":39}},{"start":{"line":49,"column":42},"end":{"line":49,"column":53}}],"line":49},"13":{"loc":{"start":{"line":60,"column":18},"end":{"line":62,"column":55}},"type":"cond-expr","locations":[{"start":{"line":61,"column":22},"end":{"line":61,"column":30}},{"start":{"line":62,"column":22},"end":{"line":62,"column":55}}],"line":60},"14":{"loc":{"start":{"line":65,"column":17},"end":{"line":69,"column":24}},"type":"cond-expr","locations":[{"start":{"line":66,"column":20},"end":{"line":66,"column":40}},{"start":{"line":67,"column":20},"end":{"line":69,"column":24}}],"line":65},"15":{"loc":{"start":{"line":67,"column":20},"end":{"line":69,"column":24}},"type":"cond-expr","locations":[{"start":{"line":68,"column":20},"end":{"line":68,"column":40}},{"start":{"line":69,"column":20},"end":{"line":69,"column":24}}],"line":67},"16":{"loc":{"start":{"line":75,"column":17},"end":{"line":77,"column":47}},"type":"cond-expr","locations":[{"start":{"line":76,"column":20},"end":{"line":76,"column":43}},{"start":{"line":77,"column":20},"end":{"line":77,"column":47}}],"line":75},"17":{"loc":{"start":{"line":81,"column":20},"end":{"line":83,"column":62}},"type":"cond-expr","locations":[{"start":{"line":82,"column":24},"end":{"line":82,"column":59}},{"start":{"line":83,"column":24},"end":{"line":83,"column":62}}],"line":81},"18":{"loc":{"start":{"line":85,"column":24},"end":{"line":85,"column":64}},"type":"cond-expr","locations":[{"start":{"line":85,"column":34},"end":{"line":85,"column":46}},{"start":{"line":85,"column":49},"end":{"line":85,"column":64}}],"line":85},"19":{"loc":{"start":{"line":87,"column":19},"end":{"line":91,"column":47}},"type":"cond-expr","locations":[{"start":{"line":88,"column":22},"end":{"line":88,"column":47}},{"start":{"line":89,"column":22},"end":{"line":91,"column":47}}],"line":87},"20":{"loc":{"start":{"line":89,"column":22},"end":{"line":91,"column":47}},"type":"cond-expr","locations":[{"start":{"line":90,"column":22},"end":{"line":90,"column":51}},{"start":{"line":91,"column":22},"end":{"line":91,"column":47}}],"line":89}},"s":{"0":7,"1":7,"2":7,"3":7,"4":0,"5":7,"6":7,"7":7,"8":7,"9":7,"10":7,"11":9,"12":9},"f":{"0":7,"1":7},"b":{"0":[5,2],"1":[2,0],"2":[0,7],"3":[3,4],"4":[3,1],"5":[3,4],"6":[3,1],"7":[3,4],"8":[3,1],"9":[3,4],"10":[3,1],"11":[5,2],"12":[5,2],"13":[3,4],"14":[3,4],"15":[1,3],"16":[0,7],"17":[0,7],"18":[0,7],"19":[0,7],"20":[3,4]},"_coverageSchema":"1a1c01bbd47fc00a2c39e90264f33305004495a9","hash":"691f433e81e2cd145ef0836a5d3d5fc4e5006cb3"}
,"/home/runner/work/secure-client-hub/secure-client-hub/components/ExitBeta.js": {"path":"/home/runner/work/secure-client-hub/secure-client-hub/components/ExitBeta.js","statementMap":{"0":{"start":{"line":7,"column":2},"end":{"line":53,"column":3}},"1":{"start":{"line":56,"column":0},"end":{"line":102,"column":1}}},"fnMap":{"0":{"name":"ExitBeta","decl":{"start":{"line":6,"column":24},"end":{"line":6,"column":32}},"loc":{"start":{"line":6,"column":40},"end":{"line":54,"column":1}},"line":6}},"branchMap":{},"s":{"0":2,"1":2},"f":{"0":2},"b":{},"_coverageSchema":"1a1c01bbd47fc00a2c39e90264f33305004495a9","hash":"10144407749b0adbcd2420d57968992d5a95ac7c"}
,"/home/runner/work/secure-client-hub/secure-client-hub/components/Footer.js": {"path":"/home/runner/work/secure-client-hub/secure-client-hub/components/Footer.js","statementMap":{"0":{"start":{"line":11,"column":72},"end":{"line":11,"column":77}},"1":{"start":{"line":13,"column":12},"end":{"line":13,"column":35}},"2":{"start":{"line":15,"column":2},"end":{"line":124,"column":3}},"3":{"start":{"line":70,"column":22},"end":{"line":88,"column":23}},"4":{"start":{"line":127,"column":0},"end":{"line":136,"column":1}},"5":{"start":{"line":138,"column":0},"end":{"line":182,"column":1}}},"fnMap":{"0":{"name":"Footer","decl":{"start":{"line":10,"column":16},"end":{"line":10,"column":22}},"loc":{"start":{"line":10,"column":30},"end":{"line":125,"column":1}},"line":10},"1":{"name":"(anonymous_1)","decl":{"start":{"line":69,"column":36},"end":{"line":69,"column":37}},"loc":{"start":{"line":69,"column":72},"end":{"line":89,"column":21}},"line":69}},"branchMap":{"0":{"loc":{"start":{"line":13,"column":12},"end":{"line":13,"column":35}},"type":"cond-expr","locations":[{"start":{"line":13,"column":28},"end":{"line":13,"column":30}},{"start":{"line":13,"column":33},"end":{"line":13,"column":35}}],"line":13},"1":{"loc":{"start":{"line":42,"column":14},"end":{"line":42,"column":41}},"type":"cond-expr","locations":[{"start":{"line":42,"column":22},"end":{"line":42,"column":36}},{"start":{"line":42,"column":39},"end":{"line":42,"column":41}}],"line":42},"2":{"loc":{"start":{"line":45,"column":13},"end":{"line":102,"column":13}},"type":"cond-expr","locations":[{"start":{"line":46,"column":14},"end":{"line":58,"column":20}},{"start":{"line":60,"column":14},"end":{"line":101,"column":24}}],"line":45},"3":{"loc":{"start":{"line":74,"column":28},"end":{"line":74,"column":61}},"type":"cond-expr","locations":[{"start":{"line":74,"column":42},"end":{"line":74,"column":44}},{"start":{"line":74,"column":47},"end":{"line":74,"column":61}}],"line":74},"4":{"loc":{"start":{"line":79,"column":37},"end":{"line":79,"column":66}},"type":"cond-expr","locations":[{"start":{"line":79,"column":47},"end":{"line":79,"column":54}},{"start":{"line":79,"column":57},"end":{"line":79,"column":66}}],"line":79},"5":{"loc":{"start":{"line":105,"column":16},"end":{"line":105,"column":68}},"type":"cond-expr","locations":[{"start":{"line":105,"column":24},"end":{"line":105,"column":38}},{"start":{"line":105,"column":41},"end":{"line":105,"column":68}}],"line":105},"6":{"loc":{"start":{"line":110,"column":18},"end":{"line":112,"column":67}},"type":"cond-expr","locations":[{"start":{"line":111,"column":22},"end":{"line":111,"column":39}},{"start":{"line":112,"column":22},"end":{"line":112,"column":67}}],"line":110}},"s":{"0":2,"1":2,"2":2,"3":3,"4":2,"5":2},"f":{"0":2,"1":3},"b":{"0":[2,0],"1":[0,2],"2":[0,2],"3":[2,1],"4":[0,3],"5":[0,2],"6":[0,2]},"_coverageSchema":"1a1c01bbd47fc00a2c39e90264f33305004495a9","hash":"4bc74339762f41df153800ebac46fc324a10f3a4"}
,"/home/runner/work/secure-client-hub/secure-client-hub/components/Header.js": {"path":"/home/runner/work/secure-client-hub/secure-client-hub/components/Header.js","statementMap":{"0":{"start":{"line":21,"column":6},"end":{"line":21,"column":11}},"1":{"start":{"line":23,"column":2},"end":{"line":94,"column":3}},"2":{"start":{"line":97,"column":0},"end":{"line":120,"column":1}},"3":{"start":{"line":122,"column":0},"end":{"line":220,"column":1}}},"fnMap":{"0":{"name":"Header","decl":{"start":{"line":11,"column":16},"end":{"line":11,"column":22}},"loc":{"start":{"line":11,"column":30},"end":{"line":95,"column":1}},"line":11},"1":{"name":"(anonymous_1)","decl":{"start":{"line":101,"column":14},"end":{"line":101,"column":15}},"loc":{"start":{"line":101,"column":20},"end":{"line":101,"column":22}},"line":101},"2":{"name":"(anonymous_2)","decl":{"start":{"line":102,"column":14},"end":{"line":102,"column":15}},"loc":{"start":{"line":102,"column":20},"end":{"line":102,"column":22}},"line":102},"3":{"name":"(anonymous_3)","decl":{"start":{"line":105,"column":15},"end":{"line":105,"column":16}},"loc":{"start":{"line":105,"column":21},"end":{"line":105,"column":23}},"line":105}},"branchMap":{"0":{"loc":{"start":{"line":38,"column":18},"end":{"line":40,"column":52}},"type":"cond-expr","locations":[{"start":{"line":39,"column":22},"end":{"line":39,"column":52}},{"start":{"line":40,"column":22},"end":{"line":40,"column":52}}],"line":38},"1":{"loc":{"start":{"line":42,"column":21},"end":{"line":42,"column":58}},"type":"cond-expr","locations":[{"start":{"line":42,"column":37},"end":{"line":42,"column":45}},{"start":{"line":42,"column":48},"end":{"line":42,"column":58}}],"line":42},"2":{"loc":{"start":{"line":44,"column":18},"end":{"line":46,"column":45}},"type":"cond-expr","locations":[{"start":{"line":45,"column":22},"end":{"line":45,"column":44}},{"start":{"line":46,"column":22},"end":{"line":46,"column":45}}],"line":44},"3":{"loc":{"start":{"line":58,"column":22},"end":{"line":58,"column":49}},"type":"cond-expr","locations":[{"start":{"line":58,"column":38},"end":{"line":58,"column":42}},{"start":{"line":58,"column":45},"end":{"line":58,"column":49}}],"line":58},"4":{"loc":{"start":{"line":77,"column":9},"end":{"line":86,"column":9}},"type":"binary-expr","locations":[{"start":{"line":77,"column":9},"end":{"line":77,"column":29}},{"start":{"line":78,"column":10},"end":{"line":85,"column":12}}],"line":77},"5":{"loc":{"start":{"line":87,"column":9},"end":{"line":91,"column":9}},"type":"binary-expr","locations":[{"start":{"line":87,"column":9},"end":{"line":87,"column":24}},{"start":{"line":88,"column":10},"end":{"line":90,"column":16}}],"line":87}},"s":{"0":2,"1":2,"2":2,"3":2},"f":{"0":2,"1":0,"2":0,"3":0},"b":{"0":[2,0],"1":[2,0],"2":[2,0],"3":[2,0],"4":[2,2],"5":[2,2]},"_coverageSchema":"1a1c01bbd47fc00a2c39e90264f33305004495a9","hash":"8f95d15ffcf5a2335b4d2fbd84cec94fe2bb8084"}
,"/home/runner/work/secure-client-hub/secure-client-hub/components/Heading.js": {"path":"/home/runner/work/secure-client-hub/secure-client-hub/components/Heading.js","statementMap":{"0":{"start":{"line":4,"column":55},"end":{"line":4,"column":60}},"1":{"start":{"line":6,"column":2},"end":{"line":26,"column":3}},"2":{"start":{"line":29,"column":0},"end":{"line":54,"column":1}}},"fnMap":{"0":{"name":"Heading","decl":{"start":{"line":3,"column":24},"end":{"line":3,"column":31}},"loc":{"start":{"line":3,"column":39},"end":{"line":27,"column":1}},"line":3}},"branchMap":{"0":{"loc":{"start":{"line":14,"column":7},"end":{"line":24,"column":7}},"type":"binary-expr","locations":[{"start":{"line":14,"column":7},"end":{"line":14,"column":15}},{"start":{"line":14,"column":19},"end":{"line":14,"column":27}},{"start":{"line":15,"column":8},"end":{"line":23,"column":12}}],"line":14}},"s":{"0":24,"1":24,"2":11},"f":{"0":24},"b":{"0":[24,2,2]},"_coverageSchema":"1a1c01bbd47fc00a2c39e90264f33305004495a9","hash":"bd9d8a1aa3c1948a62f7f7b305de933767bab491"}
,"/home/runner/work/secure-client-hub/secure-client-hub/components/Language.js": {"path":"/home/runner/work/secure-client-hub/secure-client-hub/components/Language.js","statementMap":{"0":{"start":{"line":5,"column":2},"end":{"line":47,"column":3}},"1":{"start":{"line":50,"column":0},"end":{"line":52,"column":1}},"2":{"start":{"line":54,"column":0},"end":{"line":69,"column":1}}},"fnMap":{"0":{"name":"Language","decl":{"start":{"line":4,"column":16},"end":{"line":4,"column":24}},"loc":{"start":{"line":4,"column":32},"end":{"line":48,"column":1}},"line":4}},"branchMap":{"0":{"loc":{"start":{"line":7,"column":7},"end":{"line":45,"column":7}},"type":"cond-expr","locations":[{"start":{"line":8,"column":8},"end":{"line":27,"column":15}},{"start":{"line":29,"column":8},"end":{"line":44,"column":15}}],"line":7},"1":{"loc":{"start":{"line":13,"column":19},"end":{"line":13,"column":43}},"type":"binary-expr","locations":[{"start":{"line":13,"column":19},"end":{"line":13,"column":31}},{"start":{"line":13,"column":35},"end":{"line":13,"column":43}}],"line":13},"2":{"loc":{"start":{"line":14,"column":16},"end":{"line":14,"column":49}},"type":"cond-expr","locations":[{"start":{"line":14,"column":38},"end":{"line":14,"column":42}},{"start":{"line":14,"column":45},"end":{"line":14,"column":49}}],"line":14},"3":{"loc":{"start":{"line":16,"column":12},"end":{"line":16,"column":75}},"type":"cond-expr","locations":[{"start":{"line":16,"column":53},"end":{"line":16,"column":63}},{"start":{"line":16,"column":66},"end":{"line":16,"column":75}}],"line":16},"4":{"loc":{"start":{"line":16,"column":12},"end":{"line":16,"column":50}},"type":"binary-expr","locations":[{"start":{"line":16,"column":12},"end":{"line":16,"column":27}},{"start":{"line":16,"column":31},"end":{"line":16,"column":50}}],"line":16},"5":{"loc":{"start":{"line":20,"column":12},"end":{"line":20,"column":56}},"type":"cond-expr","locations":[{"start":{"line":20,"column":34},"end":{"line":20,"column":44}},{"start":{"line":20,"column":47},"end":{"line":20,"column":56}}],"line":20},"6":{"loc":{"start":{"line":24,"column":23},"end":{"line":24,"column":67}},"type":"cond-expr","locations":[{"start":{"line":24,"column":45},"end":{"line":24,"column":55}},{"start":{"line":24,"column":58},"end":{"line":24,"column":67}}],"line":24},"7":{"loc":{"start":{"line":34,"column":19},"end":{"line":34,"column":43}},"type":"binary-expr","locations":[{"start":{"line":34,"column":19},"end":{"line":34,"column":31}},{"start":{"line":34,"column":35},"end":{"line":34,"column":43}}],"line":34},"8":{"loc":{"start":{"line":35,"column":16},"end":{"line":35,"column":49}},"type":"cond-expr","locations":[{"start":{"line":35,"column":38},"end":{"line":35,"column":42}},{"start":{"line":35,"column":45},"end":{"line":35,"column":49}}],"line":35},"9":{"loc":{"start":{"line":36,"column":22},"end":{"line":36,"column":51}},"type":"binary-expr","locations":[{"start":{"line":36,"column":22},"end":{"line":36,"column":37}},{"start":{"line":36,"column":41},"end":{"line":36,"column":51}}],"line":36},"10":{"loc":{"start":{"line":39,"column":12},"end":{"line":39,"column":56}},"type":"cond-expr","locations":[{"start":{"line":39,"column":34},"end":{"line":39,"column":44}},{"start":{"line":39,"column":47},"end":{"line":39,"column":56}}],"line":39},"11":{"loc":{"start":{"line":43,"column":17},"end":{"line":43,"column":61}},"type":"cond-expr","locations":[{"start":{"line":43,"column":39},"end":{"line":43,"column":49}},{"start":{"line":43,"column":52},"end":{"line":43,"column":61}}],"line":43}},"s":{"0":7,"1":3,"2":3},"f":{"0":7},"b":{"0":[3,4],"1":[3,3],"2":[2,1],"3":[2,1],"4":[3,3],"5":[2,1],"6":[2,1],"7":[4,4],"8":[2,2],"9":[4,4],"10":[2,2],"11":[2,2]},"_coverageSchema":"1a1c01bbd47fc00a2c39e90264f33305004495a9","hash":"f5758cb850f6e909f50840bad979c1beed16601e"}
,"/home/runner/work/secure-client-hub/secure-client-hub/components/Layout.js": {"path":"/home/runner/work/secure-client-hub/secure-client-hub/components/Layout.js","statementMap":{"0":{"start":{"line":13,"column":18},"end":{"line":13,"column":37}},"1":{"start":{"line":14,"column":12},"end":{"line":14,"column":43}},"2":{"start":{"line":15,"column":29},"end":{"line":15,"column":31}},"3":{"start":{"line":17,"column":4},"end":{"line":17,"column":67}},"4":{"start":{"line":19,"column":52},"end":{"line":22,"column":4}},"5":{"start":{"line":24,"column":20},"end":{"line":32,"column":3}},"6":{"start":{"line":25,"column":4},"end":{"line":31,"column":6}},"7":{"start":{"line":26,"column":6},"end":{"line":30,"column":7}},"8":{"start":{"line":34,"column":21},"end":{"line":42,"column":3}},"9":{"start":{"line":35,"column":4},"end":{"line":41,"column":6}},"10":{"start":{"line":36,"column":6},"end":{"line":40,"column":7}},"11":{"start":{"line":44,"column":2},"end":{"line":181,"column":3}},"12":{"start":{"line":188,"column":0},"end":{"line":227,"column":1}},"13":{"start":{"line":229,"column":0},"end":{"line":292,"column":1}}},"fnMap":{"0":{"name":"Layout","decl":{"start":{"line":12,"column":24},"end":{"line":12,"column":30}},"loc":{"start":{"line":12,"column":38},"end":{"line":182,"column":1}},"line":12},"1":{"name":"(anonymous_1)","decl":{"start":{"line":24,"column":20},"end":{"line":24,"column":21}},"loc":{"start":{"line":24,"column":39},"end":{"line":32,"column":3}},"line":24},"2":{"name":"(anonymous_2)","decl":{"start":{"line":25,"column":25},"end":{"line":25,"column":26}},"loc":{"start":{"line":25,"column":31},"end":{"line":31,"column":5}},"line":25},"3":{"name":"(anonymous_3)","decl":{"start":{"line":34,"column":21},"end":{"line":34,"column":22}},"loc":{"start":{"line":34,"column":27},"end":{"line":42,"column":3}},"line":34},"4":{"name":"(anonymous_4)","decl":{"start":{"line":35,"column":25},"end":{"line":35,"column":26}},"loc":{"start":{"line":35,"column":31},"end":{"line":41,"column":5}},"line":35},"5":{"name":"noRefCheck","decl":{"start":{"line":143,"column":29},"end":{"line":143,"column":39}},"loc":{"start":{"line":143,"column":42},"end":{"line":143,"column":44}},"line":143},"6":{"name":"noRefCheck","decl":{"start":{"line":144,"column":29},"end":{"line":144,"column":39}},"loc":{"start":{"line":144,"column":42},"end":{"line":144,"column":44}},"line":144}},"branchMap":{"0":{"loc":{"start":{"line":13,"column":18},"end":{"line":13,"column":37}},"type":"binary-expr","locations":[{"start":{"line":13,"column":18},"end":{"line":13,"column":31}},{"start":{"line":13,"column":35},"end":{"line":13,"column":37}}],"line":13},"1":{"loc":{"start":{"line":14,"column":12},"end":{"line":14,"column":43}},"type":"cond-expr","locations":[{"start":{"line":14,"column":36},"end":{"line":14,"column":38}},{"start":{"line":14,"column":41},"end":{"line":14,"column":43}}],"line":14},"2":{"loc":{"start":{"line":17,"column":4},"end":{"line":17,"column":67}},"type":"cond-expr","locations":[{"start":{"line":17,"column":28},"end":{"line":17,"column":44}},{"start":{"line":17,"column":47},"end":{"line":17,"column":67}}],"line":17},"3":{"loc":{"start":{"line":53,"column":7},"end":{"line":76,"column":7}},"type":"cond-expr","locations":[{"start":{"line":54,"column":8},"end":{"line":54,"column":10}},{"start":{"line":56,"column":8},"end":{"line":75,"column":23}}],"line":53},"4":{"loc":{"start":{"line":57,"column":26},"end":{"line":57,"column":66}},"type":"binary-expr","locations":[{"start":{"line":57,"column":26},"end":{"line":57,"column":60}},{"start":{"line":57,"column":64},"end":{"line":57,"column":66}}],"line":57},"5":{"loc":{"start":{"line":58,"column":22},"end":{"line":58,"column":58}},"type":"binary-expr","locations":[{"start":{"line":58,"column":22},"end":{"line":58,"column":52}},{"start":{"line":58,"column":56},"end":{"line":58,"column":58}}],"line":58},"6":{"loc":{"start":{"line":59,"column":22},"end":{"line":59,"column":58}},"type":"binary-expr","locations":[{"start":{"line":59,"column":22},"end":{"line":59,"column":52}},{"start":{"line":59,"column":56},"end":{"line":59,"column":58}}],"line":59},"7":{"loc":{"start":{"line":60,"column":26},"end":{"line":60,"column":66}},"type":"binary-expr","locations":[{"start":{"line":60,"column":26},"end":{"line":60,"column":60}},{"start":{"line":60,"column":64},"end":{"line":60,"column":66}}],"line":60},"8":{"loc":{"start":{"line":61,"column":30},"end":{"line":61,"column":74}},"type":"binary-expr","locations":[{"start":{"line":61,"column":30},"end":{"line":61,"column":68}},{"start":{"line":61,"column":72},"end":{"line":61,"column":74}}],"line":61},"9":{"loc":{"start":{"line":62,"column":32},"end":{"line":62,"column":78}},"type":"binary-expr","locations":[{"start":{"line":62,"column":32},"end":{"line":62,"column":72}},{"start":{"line":62,"column":76},"end":{"line":62,"column":78}}],"line":62},"10":{"loc":{"start":{"line":63,"column":28},"end":{"line":63,"column":70}},"type":"binary-expr","locations":[{"start":{"line":63,"column":28},"end":{"line":63,"column":64}},{"start":{"line":63,"column":68},"end":{"line":63,"column":70}}],"line":63},"11":{"loc":{"start":{"line":64,"column":28},"end":{"line":64,"column":70}},"type":"binary-expr","locations":[{"start":{"line":64,"column":28},"end":{"line":64,"column":64}},{"start":{"line":64,"column":68},"end":{"line":64,"column":70}}],"line":64},"12":{"loc":{"start":{"line":65,"column":14},"end":{"line":65,"column":42}},"type":"binary-expr","locations":[{"start":{"line":65,"column":14},"end":{"line":65,"column":36}},{"start":{"line":65,"column":40},"end":{"line":65,"column":42}}],"line":65},"13":{"loc":{"start":{"line":67,"column":16},"end":{"line":67,"column":46}},"type":"binary-expr","locations":[{"start":{"line":67,"column":16},"end":{"line":67,"column":40}},{"start":{"line":67,"column":44},"end":{"line":67,"column":46}}],"line":67},"14":{"loc":{"start":{"line":68,"column":24},"end":{"line":68,"column":48}},"type":"binary-expr","locations":[{"start":{"line":68,"column":24},"end":{"line":68,"column":42}},{"start":{"line":68,"column":46},"end":{"line":68,"column":48}}],"line":68},"15":{"loc":{"start":{"line":70,"column":12},"end":{"line":71,"column":51}},"type":"binary-expr","locations":[{"start":{"line":70,"column":12},"end":{"line":70,"column":49}},{"start":{"line":71,"column":12},"end":{"line":71,"column":51}}],"line":70},"16":{"loc":{"start":{"line":85,"column":10},"end":{"line":85,"column":76}},"type":"cond-expr","locations":[{"start":{"line":85,"column":34},"end":{"line":85,"column":55}},{"start":{"line":85,"column":58},"end":{"line":85,"column":76}}],"line":85},"17":{"loc":{"start":{"line":104,"column":16},"end":{"line":106,"column":45}},"type":"cond-expr","locations":[{"start":{"line":105,"column":20},"end":{"line":105,"column":38}},{"start":{"line":106,"column":20},"end":{"line":106,"column":45}}],"line":104},"18":{"loc":{"start":{"line":113,"column":23},"end":{"line":113,"column":75}},"type":"cond-expr","locations":[{"start":{"line":113,"column":47},"end":{"line":113,"column":60}},{"start":{"line":113,"column":63},"end":{"line":113,"column":75}}],"line":113},"19":{"loc":{"start":{"line":120,"column":16},"end":{"line":122,"column":45}},"type":"cond-expr","locations":[{"start":{"line":121,"column":20},"end":{"line":121,"column":43}},{"start":{"line":122,"column":20},"end":{"line":122,"column":45}}],"line":120},"20":{"loc":{"start":{"line":130,"column":16},"end":{"line":130,"column":79}},"type":"cond-expr","locations":[{"start":{"line":130,"column":40},"end":{"line":130,"column":56}},{"start":{"line":130,"column":59},"end":{"line":130,"column":79}}],"line":130},"21":{"loc":{"start":{"line":162,"column":14},"end":{"line":162,"column":49}},"type":"cond-expr","locations":[{"start":{"line":162,"column":30},"end":{"line":162,"column":34}},{"start":{"line":162,"column":37},"end":{"line":162,"column":49}}],"line":162}},"s":{"0":0,"1":0,"2":0,"3":0,"4":0,"5":0,"6":0,"7":0,"8":0,"9":0,"10":0,"11":0,"12":1,"13":1},"f":{"0":0,"1":0,"2":0,"3":0,"4":0,"5":0,"6":0},"b":{"0":[0,0],"1":[0,0],"2":[0,0],"3":[0,0],"4":[0,0],"5":[0,0],"6":[0,0],"7":[0,0],"8":[0,0],"9":[0,0],"10":[0,0],"11":[0,0],"12":[0,0],"13":[0,0],"14":[0,0],"15":[0,0],"16":[0,0],"17":[0,0],"18":[0,0],"19":[0,0],"20":[0,0],"21":[0,0]},"_coverageSchema":"1a1c01bbd47fc00a2c39e90264f33305004495a9","hash":"f5a7936f1cf72d35de83e10fac1394953b49f6d8"}
,"/home/runner/work/secure-client-hub/secure-client-hub/components/LoadingSpinner.js": {"path":"/home/runner/work/secure-client-hub/secure-client-hub/components/LoadingSpinner.js","statementMap":{"0":{"start":{"line":3,"column":14},"end":{"line":21,"column":1}},"1":{"start":{"line":4,"column":2},"end":{"line":20,"column":3}},"2":{"start":{"line":24,"column":2},"end":{"line":43,"column":3}},"3":{"start":{"line":46,"column":0},"end":{"line":51,"column":1}}},"fnMap":{"0":{"name":"(anonymous_0)","decl":{"start":{"line":3,"column":14},"end":{"line":3,"column":15}},"loc":{"start":{"line":3,"column":20},"end":{"line":21,"column":1}},"line":3},"1":{"name":"LoadingSpinner","decl":{"start":{"line":23,"column":24},"end":{"line":23,"column":38}},"loc":{"start":{"line":23,"column":46},"end":{"line":44,"column":1}},"line":23}},"branchMap":{},"s":{"0":3,"1":32,"2":4,"3":3},"f":{"0":32,"1":4},"b":{},"_coverageSchema":"1a1c01bbd47fc00a2c39e90264f33305004495a9","hash":"14ecf830ae17ab7d14a17c5fefd6ace35851845b"}
,"/home/runner/work/secure-client-hub/secure-client-hub/components/Menu.js": {"path":"/home/runner/work/secure-client-hub/secure-client-hub/components/Menu.js","statementMap":{"0":{"start":{"line":14,"column":6},"end":{"line":14,"column":11}},"1":{"start":{"line":16,"column":42},"end":{"line":16,"column":57}},"2":{"start":{"line":17,"column":19},"end":{"line":17,"column":31}},"3":{"start":{"line":19,"column":2},"end":{"line":29,"column":20}},"4":{"start":{"line":21,"column":4},"end":{"line":21,"column":29}},"5":{"start":{"line":21,"column":23},"end":{"line":21,"column":29}},"6":{"start":{"line":23,"column":6},"end":{"line":25,"column":7}},"7":{"start":{"line":24,"column":8},"end":{"line":24,"column":30}},"8":{"start":{"line":27,"column":4},"end":{"line":27,"column":49}},"9":{"start":{"line":28,"column":4},"end":{"line":28,"column":65}},"10":{"start":{"line":28,"column":17},"end":{"line":28,"column":65}},"11":{"start":{"line":31,"column":2},"end":{"line":40,"column":20}},"12":{"start":{"line":32,"column":4},"end":{"line":32,"column":29}},"13":{"start":{"line":32,"column":23},"end":{"line":32,"column":29}},"14":{"start":{"line":34,"column":6},"end":{"line":36,"column":7}},"15":{"start":{"line":35,"column":8},"end":{"line":35,"column":30}},"16":{"start":{"line":38,"column":4},"end":{"line":38,"column":49}},"17":{"start":{"line":39,"column":4},"end":{"line":39,"column":65}},"18":{"start":{"line":39,"column":17},"end":{"line":39,"column":65}},"19":{"start":{"line":42,"column":2},"end":{"line":153,"column":3}},"20":{"start":{"line":58,"column":27},"end":{"line":58,"column":53}},"21":{"start":{"line":58,"column":50},"end":{"line":58,"column":52}},"22":{"start":{"line":112,"column":20},"end":{"line":145,"column":21}},"23":{"start":{"line":121,"column":38},"end":{"line":121,"column":64}},"24":{"start":{"line":121,"column":61},"end":{"line":121,"column":63}},"25":{"start":{"line":156,"column":0},"end":{"line":176,"column":1}},"26":{"start":{"line":178,"column":0},"end":{"line":205,"column":1}}},"fnMap":{"0":{"name":"Menu","decl":{"start":{"line":8,"column":16},"end":{"line":8,"column":20}},"loc":{"start":{"line":8,"column":28},"end":{"line":154,"column":1}},"line":8},"1":{"name":"(anonymous_1)","decl":{"start":{"line":19,"column":12},"end":{"line":19,"column":13}},"loc":{"start":{"line":19,"column":18},"end":{"line":29,"column":3}},"line":19},"2":{"name":"handleClick","decl":{"start":{"line":22,"column":13},"end":{"line":22,"column":24}},"loc":{"start":{"line":22,"column":32},"end":{"line":26,"column":5}},"line":22},"3":{"name":"(anonymous_3)","decl":{"start":{"line":28,"column":11},"end":{"line":28,"column":12}},"loc":{"start":{"line":28,"column":17},"end":{"line":28,"column":65}},"line":28},"4":{"name":"(anonymous_4)","decl":{"start":{"line":31,"column":12},"end":{"line":31,"column":13}},"loc":{"start":{"line":31,"column":18},"end":{"line":40,"column":3}},"line":31},"5":{"name":"handleEsc","decl":{"start":{"line":33,"column":13},"end":{"line":33,"column":22}},"loc":{"start":{"line":33,"column":30},"end":{"line":37,"column":5}},"line":33},"6":{"name":"(anonymous_6)","decl":{"start":{"line":39,"column":11},"end":{"line":39,"column":12}},"loc":{"start":{"line":39,"column":17},"end":{"line":39,"column":65}},"line":39},"7":{"name":"(anonymous_7)","decl":{"start":{"line":58,"column":21},"end":{"line":58,"column":22}},"loc":{"start":{"line":58,"column":27},"end":{"line":58,"column":53}},"line":58},"8":{"name":"(anonymous_8)","decl":{"start":{"line":58,"column":43},"end":{"line":58,"column":44}},"loc":{"start":{"line":58,"column":50},"end":{"line":58,"column":52}},"line":58},"9":{"name":"(anonymous_9)","decl":{"start":{"line":111,"column":31},"end":{"line":111,"column":32}},"loc":{"start":{"line":111,"column":51},"end":{"line":146,"column":19}},"line":111},"10":{"name":"(anonymous_10)","decl":{"start":{"line":121,"column":32},"end":{"line":121,"column":33}},"loc":{"start":{"line":121,"column":38},"end":{"line":121,"column":64}},"line":121},"11":{"name":"(anonymous_11)","decl":{"start":{"line":121,"column":54},"end":{"line":121,"column":55}},"loc":{"start":{"line":121,"column":61},"end":{"line":121,"column":63}},"line":121},"12":{"name":"(anonymous_12)","decl":{"start":{"line":158,"column":11},"end":{"line":158,"column":12}},"loc":{"start":{"line":158,"column":17},"end":{"line":158,"column":19}},"line":158}},"branchMap":{"0":{"loc":{"start":{"line":21,"column":4},"end":{"line":21,"column":29}},"type":"if","locations":[{"start":{"line":21,"column":4},"end":{"line":21,"column":29}},{"start":{},"end":{}}],"line":21},"1":{"loc":{"start":{"line":23,"column":6},"end":{"line":25,"column":7}},"type":"if","locations":[{"start":{"line":23,"column":6},"end":{"line":25,"column":7}},{"start":{},"end":{}}],"line":23},"2":{"loc":{"start":{"line":23,"column":10},"end":{"line":23,"column":70}},"type":"binary-expr","locations":[{"start":{"line":23,"column":10},"end":{"line":23,"column":26}},{"start":{"line":23,"column":30},"end":{"line":23,"column":70}}],"line":23},"3":{"loc":{"start":{"line":32,"column":4},"end":{"line":32,"column":29}},"type":"if","locations":[{"start":{"line":32,"column":4},"end":{"line":32,"column":29}},{"start":{},"end":{}}],"line":32},"4":{"loc":{"start":{"line":34,"column":6},"end":{"line":36,"column":7}},"type":"if","locations":[{"start":{"line":34,"column":6},"end":{"line":36,"column":7}},{"start":{},"end":{}}],"line":34},"5":{"loc":{"start":{"line":47,"column":13},"end":{"line":49,"column":43}},"type":"cond-expr","locations":[{"start":{"line":48,"column":16},"end":{"line":48,"column":44}},{"start":{"line":49,"column":16},"end":{"line":49,"column":43}}],"line":47},"6":{"loc":{"start":{"line":81,"column":15},"end":{"line":81,"column":51}},"type":"cond-expr","locations":[{"start":{"line":81,"column":31},"end":{"line":81,"column":39}},{"start":{"line":81,"column":42},"end":{"line":81,"column":51}}],"line":81},"7":{"loc":{"start":{"line":89,"column":15},"end":{"line":101,"column":15}},"type":"cond-expr","locations":[{"start":{"line":90,"column":16},"end":{"line":94,"column":24}},{"start":{"line":96,"column":16},"end":{"line":100,"column":18}}],"line":89},"8":{"loc":{"start":{"line":104,"column":11},"end":{"line":149,"column":11}},"type":"binary-expr","locations":[{"start":{"line":104,"column":11},"end":{"line":104,"column":23}},{"start":{"line":105,"column":12},"end":{"line":148,"column":18}}],"line":104},"9":{"loc":{"start":{"line":110,"column":15},"end":{"line":147,"column":22}},"type":"cond-expr","locations":[{"start":{"line":111,"column":18},"end":{"line":146,"column":20}},{"start":{"line":147,"column":18},"end":{"line":147,"column":22}}],"line":110},"10":{"loc":{"start":{"line":116,"column":28},"end":{"line":116,"column":70}},"type":"cond-expr","locations":[{"start":{"line":116,"column":42},"end":{"line":116,"column":55}},{"start":{"line":116,"column":58},"end":{"line":116,"column":70}}],"line":116},"11":{"loc":{"start":{"line":119,"column":28},"end":{"line":121,"column":64}},"type":"cond-expr","locations":[{"start":{"line":120,"column":32},"end":{"line":120,"column":41}},{"start":{"line":121,"column":32},"end":{"line":121,"column":64}}],"line":119},"12":{"loc":{"start":{"line":127,"column":27},"end":{"line":141,"column":27}},"type":"binary-expr","locations":[{"start":{"line":127,"column":27},"end":{"line":127,"column":43}},{"start":{"line":128,"column":28},"end":{"line":140,"column":34}}],"line":127}},"s":{"0":7,"1":7,"2":7,"3":7,"4":7,"5":5,"6":0,"7":0,"8":2,"9":2,"10":2,"11":7,"12":7,"13":5,"14":0,"15":0,"16":2,"17":2,"18":2,"19":7,"20":2,"21":2,"22":10,"23":0,"24":0,"25":3,"26":3},"f":{"0":7,"1":7,"2":0,"3":2,"4":7,"5":0,"6":2,"7":2,"8":2,"9":10,"10":0,"11":0,"12":0},"b":{"0":[5,2],"1":[0,0],"2":[0,0],"3":[5,2],"4":[0,0],"5":[0,7],"6":[0,7],"7":[5,2],"8":[7,2],"9":[2,0],"10":[2,8],"11":[2,8],"12":[10,2]},"_coverageSchema":"1a1c01bbd47fc00a2c39e90264f33305004495a9","hash":"fa2ef77b20363f3bef5f48d12ea408877e38a331"}
,"/home/runner/work/secure-client-hub/secure-client-hub/components/MetaData.js": {"path":"/home/runner/work/secure-client-hub/secure-client-hub/components/MetaData.js","statementMap":{"0":{"start":{"line":5,"column":12},"end":{"line":5,"column":77}},"1":{"start":{"line":7,"column":2},"end":{"line":52,"column":3}}},"fnMap":{"0":{"name":"MetaData","decl":{"start":{"line":4,"column":24},"end":{"line":4,"column":32}},"loc":{"start":{"line":4,"column":40},"end":{"line":53,"column":1}},"line":4}},"branchMap":{"0":{"loc":{"start":{"line":5,"column":12},"end":{"line":5,"column":77}},"type":"cond-expr","locations":[{"start":{"line":5,"column":38},"end":{"line":5,"column":56}},{"start":{"line":5,"column":59},"end":{"line":5,"column":77}}],"line":5},"1":{"loc":{"start":{"line":36,"column":19},"end":{"line":36,"column":58}},"type":"cond-expr","locations":[{"start":{"line":36,"column":45},"end":{"line":36,"column":50}},{"start":{"line":36,"column":53},"end":{"line":36,"column":58}}],"line":36},"2":{"loc":{"start":{"line":43,"column":9},"end":{"line":47,"column":9}},"type":"cond-expr","locations":[{"start":{"line":44,"column":10},"end":{"line":44,"column":108}},{"start":{"line":46,"column":10},"end":{"line":46,"column":122}}],"line":43}},"s":{"0":3,"1":3},"f":{"0":3},"b":{"0":[3,0],"1":[3,0],"2":[0,3]},"_coverageSchema":"1a1c01bbd47fc00a2c39e90264f33305004495a9","hash":"9b576b8592c8afe421e711ae1000e4d734f66581"}
,"/home/runner/work/secure-client-hub/secure-client-hub/components/MostReqTasks.js": {"path":"/home/runner/work/secure-client-hub/secure-client-hub/components/MostReqTasks.js","statementMap":{"0":{"start":{"line":7,"column":31},"end":{"line":10,"column":3}},"1":{"start":{"line":11,"column":2},"end":{"line":61,"column":3}},"2":{"start":{"line":21,"column":10},"end":{"line":57,"column":11}},"3":{"start":{"line":35,"column":18},"end":{"line":38,"column":19}},"4":{"start":{"line":36,"column":20},"end":{"line":36,"column":38}},"5":{"start":{"line":37,"column":20},"end":{"line":37,"column":59}},"6":{"start":{"line":64,"column":0},"end":{"line":80,"column":1}}},"fnMap":{"0":{"name":"MostReqTasks","decl":{"start":{"line":6,"column":24},"end":{"line":6,"column":36}},"loc":{"start":{"line":6,"column":44},"end":{"line":62,"column":1}},"line":6},"1":{"name":"(anonymous_1)","decl":{"start":{"line":20,"column":36},"end":{"line":20,"column":37}},"loc":{"start":{"line":20,"column":53},"end":{"line":58,"column":9}},"line":20},"2":{"name":"(anonymous_2)","decl":{"start":{"line":34,"column":25},"end":{"line":34,"column":26}},"loc":{"start":{"line":34,"column":32},"end":{"line":39,"column":17}},"line":34}},"branchMap":{"0":{"loc":{"start":{"line":27,"column":18},"end":{"line":27,"column":79}},"type":"cond-expr","locations":[{"start":{"line":27,"column":61},"end":{"line":27,"column":69}},{"start":{"line":27,"column":72},"end":{"line":27,"column":79}}],"line":27},"1":{"loc":{"start":{"line":30,"column":18},"end":{"line":32,"column":31}},"type":"cond-expr","locations":[{"start":{"line":31,"column":22},"end":{"line":31,"column":43}},{"start":{"line":32,"column":22},"end":{"line":32,"column":31}}],"line":30},"2":{"loc":{"start":{"line":35,"column":18},"end":{"line":38,"column":19}},"type":"if","locations":[{"start":{"line":35,"column":18},"end":{"line":38,"column":19}},{"start":{},"end":{}}],"line":35},"3":{"loc":{"start":{"line":45,"column":20},"end":{"line":45,"column":79}},"type":"cond-expr","locations":[{"start":{"line":45,"column":38},"end":{"line":45,"column":53}},{"start":{"line":45,"column":56},"end":{"line":45,"column":79}}],"line":45}},"s":{"0":0,"1":0,"2":0,"3":0,"4":0,"5":0,"6":1},"f":{"0":0,"1":0,"2":0},"b":{"0":[0,0],"1":[0,0],"2":[0,0],"3":[0,0]},"_coverageSchema":"1a1c01bbd47fc00a2c39e90264f33305004495a9","hash":"a37c6b7fe8ea6fa5ce575d4b617b07e684dd5267"}
,"/home/runner/work/secure-client-hub/secure-client-hub/components/MultiModal.js": {"path":"/home/runner/work/secure-client-hub/secure-client-hub/components/MultiModal.js","statementMap":{"0":{"start":{"line":20,"column":6},"end":{"line":20,"column":11}},"1":{"start":{"line":22,"column":28},"end":{"line":22,"column":64}},"2":{"start":{"line":23,"column":18},"end":{"line":23,"column":30}},"3":{"start":{"line":26,"column":23},"end":{"line":28,"column":3}},"4":{"start":{"line":27,"column":4},"end":{"line":27,"column":31}},"5":{"start":{"line":30,"column":16},"end":{"line":32,"column":3}},"6":{"start":{"line":31,"column":4},"end":{"line":31,"column":27}},"7":{"start":{"line":34,"column":38},"end":{"line":42,"column":4}},"8":{"start":{"line":37,"column":6},"end":{"line":37,"column":13}},"9":{"start":{"line":38,"column":6},"end":{"line":38,"column":32}},"10":{"start":{"line":44,"column":17},"end":{"line":47,"column":3}},"11":{"start":{"line":45,"column":4},"end":{"line":45,"column":11}},"12":{"start":{"line":46,"column":4},"end":{"line":46,"column":16}},"13":{"start":{"line":49,"column":15},"end":{"line":53,"column":24}},"14":{"start":{"line":50,"column":20},"end":{"line":50,"column":58}},"15":{"start":{"line":51,"column":20},"end":{"line":51,"column":75}},"16":{"start":{"line":52,"column":4},"end":{"line":52,"column":34}},"17":{"start":{"line":55,"column":2},"end":{"line":60,"column":12}},"18":{"start":{"line":56,"column":18},"end":{"line":56,"column":41}},"19":{"start":{"line":57,"column":4},"end":{"line":59,"column":5}},"20":{"start":{"line":58,"column":6},"end":{"line":58,"column":26}},"21":{"start":{"line":62,"column":2},"end":{"line":112,"column":3}},"22":{"start":{"line":64,"column":6},"end":{"line":76,"column":7}},"23":{"start":{"line":77,"column":6},"end":{"line":77,"column":46}},"24":{"start":{"line":78,"column":6},"end":{"line":78,"column":11}},"25":{"start":{"line":80,"column":6},"end":{"line":92,"column":7}},"26":{"start":{"line":93,"column":6},"end":{"line":93,"column":44}},"27":{"start":{"line":94,"column":6},"end":{"line":94,"column":11}},"28":{"start":{"line":96,"column":6},"end":{"line":107,"column":7}},"29":{"start":{"line":108,"column":6},"end":{"line":108,"column":52}},"30":{"start":{"line":109,"column":6},"end":{"line":109,"column":11}},"31":{"start":{"line":111,"column":6},"end":{"line":111,"column":10}},"32":{"start":{"line":114,"column":2},"end":{"line":128,"column":3}},"33":{"start":{"line":131,"column":0},"end":{"line":136,"column":1}}},"fnMap":{"0":{"name":"MultiModal","decl":{"start":{"line":10,"column":24},"end":{"line":10,"column":34}},"loc":{"start":{"line":10,"column":42},"end":{"line":129,"column":1}},"line":10},"1":{"name":"(anonymous_1)","decl":{"start":{"line":26,"column":23},"end":{"line":26,"column":24}},"loc":{"start":{"line":26,"column":29},"end":{"line":28,"column":3}},"line":26},"2":{"name":"(anonymous_2)","decl":{"start":{"line":30,"column":16},"end":{"line":30,"column":17}},"loc":{"start":{"line":30,"column":22},"end":{"line":32,"column":3}},"line":30},"3":{"name":"(anonymous_3)","decl":{"start":{"line":36,"column":14},"end":{"line":36,"column":15}},"loc":{"start":{"line":36,"column":20},"end":{"line":39,"column":5}},"line":36},"4":{"name":"(anonymous_4)","decl":{"start":{"line":44,"column":17},"end":{"line":44,"column":18}},"loc":{"start":{"line":44,"column":23},"end":{"line":47,"column":3}},"line":44},"5":{"name":"(anonymous_5)","decl":{"start":{"line":49,"column":27},"end":{"line":49,"column":28}},"loc":{"start":{"line":49,"column":33},"end":{"line":53,"column":3}},"line":49},"6":{"name":"(anonymous_6)","decl":{"start":{"line":55,"column":12},"end":{"line":55,"column":13}},"loc":{"start":{"line":55,"column":18},"end":{"line":60,"column":3}},"line":55},"7":{"name":"(anonymous_7)","decl":{"start":{"line":57,"column":11},"end":{"line":57,"column":12}},"loc":{"start":{"line":57,"column":17},"end":{"line":59,"column":5}},"line":57}},"branchMap":{"0":{"loc":{"start":{"line":40,"column":22},"end":{"line":40,"column":61}},"type":"binary-expr","locations":[{"start":{"line":40,"column":22},"end":{"line":40,"column":44}},{"start":{"line":40,"column":48},"end":{"line":40,"column":61}}],"line":40},"1":{"loc":{"start":{"line":41,"column":13},"end":{"line":41,"column":44}},"type":"binary-expr","locations":[{"start":{"line":41,"column":13},"end":{"line":41,"column":26}},{"start":{"line":41,"column":30},"end":{"line":41,"column":44}}],"line":41},"2":{"loc":{"start":{"line":62,"column":2},"end":{"line":112,"column":3}},"type":"switch","locations":[{"start":{"line":63,"column":4},"end":{"line":78,"column":11}},{"start":{"line":79,"column":4},"end":{"line":94,"column":11}},{"start":{"line":95,"column":4},"end":{"line":109,"column":11}},{"start":{"line":110,"column":4},"end":{"line":111,"column":10}}],"line":62}},"s":{"0":0,"1":0,"2":0,"3":0,"4":0,"5":0,"6":0,"7":0,"8":0,"9":0,"10":0,"11":0,"12":0,"13":0,"14":0,"15":0,"16":0,"17":0,"18":0,"19":0,"20":0,"21":0,"22":0,"23":0,"24":0,"25":0,"26":0,"27":0,"28":0,"29":0,"30":0,"31":0,"32":0,"33":1},"f":{"0":0,"1":0,"2":0,"3":0,"4":0,"5":0,"6":0,"7":0},"b":{"0":[0,0],"1":[0,0],"2":[0,0,0,0]},"_coverageSchema":"1a1c01bbd47fc00a2c39e90264f33305004495a9","hash":"99986a2d34df1d7fa9d18b16d19902b4b3e117f1"}
,"/home/runner/work/secure-client-hub/secure-client-hub/components/PageLink.js": {"path":"/home/runner/work/secure-client-hub/secure-client-hub/components/PageLink.js","statementMap":{"0":{"start":{"line":6,"column":15},"end":{"line":6,"column":50}},"1":{"start":{"line":8,"column":2},"end":{"line":40,"column":3}},"2":{"start":{"line":43,"column":0},"end":{"line":57,"column":1}}},"fnMap":{"0":{"name":"PageLink","decl":{"start":{"line":5,"column":24},"end":{"line":5,"column":32}},"loc":{"start":{"line":5,"column":40},"end":{"line":41,"column":1}},"line":5}},"branchMap":{},"s":{"0":7,"1":7,"2":3},"f":{"0":7},"b":{},"_coverageSchema":"1a1c01bbd47fc00a2c39e90264f33305004495a9","hash":"5d0ca03cb39488439b71c12eecf10fe063677a95"}
,"/home/runner/work/secure-client-hub/secure-client-hub/components/PhaseBanner.js": {"path":"/home/runner/work/secure-client-hub/secure-client-hub/components/PhaseBanner.js","statementMap":{"0":{"start":{"line":13,"column":2},"end":{"line":98,"column":3}},"1":{"start":{"line":90,"column":16},"end":{"line":90,"column":34}},"2":{"start":{"line":91,"column":16},"end":{"line":91,"column":74}},"3":{"start":{"line":101,"column":0},"end":{"line":164,"column":1}}},"fnMap":{"0":{"name":"PhaseBanner","decl":{"start":{"line":12,"column":24},"end":{"line":12,"column":35}},"loc":{"start":{"line":12,"column":43},"end":{"line":99,"column":1}},"line":12},"1":{"name":"(anonymous_1)","decl":{"start":{"line":89,"column":23},"end":{"line":89,"column":24}},"loc":{"start":{"line":89,"column":30},"end":{"line":92,"column":15}},"line":89}},"branchMap":{"0":{"loc":{"start":{"line":19,"column":43},"end":{"line":19,"column":69}},"type":"binary-expr","locations":[{"start":{"line":19,"column":43},"end":{"line":19,"column":63}},{"start":{"line":19,"column":67},"end":{"line":19,"column":69}}],"line":19},"1":{"loc":{"start":{"line":26,"column":22},"end":{"line":26,"column":75}},"type":"cond-expr","locations":[{"start":{"line":26,"column":55},"end":{"line":26,"column":63}},{"start":{"line":26,"column":66},"end":{"line":26,"column":75}}],"line":26},"2":{"loc":{"start":{"line":28,"column":16},"end":{"line":30,"column":29}},"type":"cond-expr","locations":[{"start":{"line":29,"column":20},"end":{"line":29,"column":41}},{"start":{"line":30,"column":20},"end":{"line":30,"column":29}}],"line":28},"3":{"loc":{"start":{"line":35,"column":15},"end":{"line":39,"column":15}},"type":"binary-expr","locations":[{"start":{"line":35,"column":15},"end":{"line":35,"column":45}},{"start":{"line":36,"column":16},"end":{"line":38,"column":23}}],"line":35}},"s":{"0":2,"1":0,"2":0,"3":2},"f":{"0":2,"1":0},"b":{"0":[2,0],"1":[0,2],"2":[0,2],"3":[2,0]},"_coverageSchema":"1a1c01bbd47fc00a2c39e90264f33305004495a9","hash":"2fa423b14653278b8f8ad1ab0ea939c91a4f5190"}
,"/home/runner/work/secure-client-hub/secure-client-hub/components/ProfileTasks.js": {"path":"/home/runner/work/secure-client-hub/secure-client-hub/components/ProfileTasks.js","statementMap":{"0":{"start":{"line":7,"column":2},"end":{"line":52,"column":3}},"1":{"start":{"line":18,"column":10},"end":{"line":48,"column":11}},"2":{"start":{"line":26,"column":18},"end":{"line":29,"column":19}},"3":{"start":{"line":27,"column":20},"end":{"line":27,"column":38}},"4":{"start":{"line":28,"column":20},"end":{"line":28,"column":59}},"5":{"start":{"line":55,"column":0},"end":{"line":68,"column":1}}},"fnMap":{"0":{"name":"ProfileTasks","decl":{"start":{"line":6,"column":24},"end":{"line":6,"column":36}},"loc":{"start":{"line":6,"column":44},"end":{"line":53,"column":1}},"line":6},"1":{"name":"(anonymous_1)","decl":{"start":{"line":17,"column":25},"end":{"line":17,"column":26}},"loc":{"start":{"line":17,"column":42},"end":{"line":49,"column":9}},"line":17},"2":{"name":"(anonymous_2)","decl":{"start":{"line":25,"column":25},"end":{"line":25,"column":26}},"loc":{"start":{"line":25,"column":32},"end":{"line":30,"column":17}},"line":25}},"branchMap":{"0":{"loc":{"start":{"line":26,"column":18},"end":{"line":29,"column":19}},"type":"if","locations":[{"start":{"line":26,"column":18},"end":{"line":29,"column":19}},{"start":{},"end":{}}],"line":26},"1":{"loc":{"start":{"line":35,"column":20},"end":{"line":35,"column":79}},"type":"cond-expr","locations":[{"start":{"line":35,"column":38},"end":{"line":35,"column":53}},{"start":{"line":35,"column":56},"end":{"line":35,"column":79}}],"line":35}},"s":{"0":3,"1":4,"2":0,"3":0,"4":0,"5":2},"f":{"0":3,"1":4,"2":0},"b":{"0":[0,0],"1":[1,3]},"_coverageSchema":"1a1c01bbd47fc00a2c39e90264f33305004495a9","hash":"9fd2a6758c24e2d735bd063ed58d824e2ca4b00c"}
,"/home/runner/work/secure-client-hub/secure-client-hub/components/TableContents.js": {"path":"/home/runner/work/secure-client-hub/secure-client-hub/components/TableContents.js","statementMap":{"0":{"start":{"line":5,"column":15},"end":{"line":5,"column":58}},"1":{"start":{"line":6,"column":30},"end":{"line":6,"column":35}},"2":{"start":{"line":7,"column":2},"end":{"line":37,"column":3}},"3":{"start":{"line":15,"column":12},"end":{"line":32,"column":13}},"4":{"start":{"line":40,"column":0},"end":{"line":56,"column":1}}},"fnMap":{"0":{"name":"TableContents","decl":{"start":{"line":4,"column":24},"end":{"line":4,"column":37}},"loc":{"start":{"line":4,"column":45},"end":{"line":38,"column":1}},"line":4},"1":{"name":"(anonymous_1)","decl":{"start":{"line":14,"column":27},"end":{"line":14,"column":28}},"loc":{"start":{"line":14,"column":46},"end":{"line":33,"column":11}},"line":14}},"branchMap":{"0":{"loc":{"start":{"line":5,"column":15},"end":{"line":5,"column":58}},"type":"cond-expr","locations":[{"start":{"line":5,"column":47},"end":{"line":5,"column":51}},{"start":{"line":5,"column":54},"end":{"line":5,"column":58}}],"line":5},"1":{"loc":{"start":{"line":11,"column":11},"end":{"line":11,"column":60}},"type":"cond-expr","locations":[{"start":{"line":11,"column":27},"end":{"line":11,"column":41}},{"start":{"line":11,"column":44},"end":{"line":11,"column":60}}],"line":11}},"s":{"0":4,"1":4,"2":4,"3":5,"4":2},"f":{"0":4,"1":5},"b":{"0":[0,4],"1":[4,0]},"_coverageSchema":"1a1c01bbd47fc00a2c39e90264f33305004495a9","hash":"875c9e08ff2a43487949614c15b2d8165a59ca93"}
,"/home/runner/work/secure-client-hub/secure-client-hub/components/TopNav.js": {"path":"/home/runner/work/secure-client-hub/secure-client-hub/components/TopNav.js","statementMap":{"0":{"start":{"line":12,"column":6},"end":{"line":12,"column":11}},"1":{"start":{"line":14,"column":2},"end":{"line":58,"column":3}},"2":{"start":{"line":61,"column":0},"end":{"line":67,"column":1}},"3":{"start":{"line":69,"column":0},"end":{"line":94,"column":1}}},"fnMap":{"0":{"name":"TopNav","decl":{"start":{"line":5,"column":16},"end":{"line":5,"column":22}},"loc":{"start":{"line":5,"column":30},"end":{"line":59,"column":1}},"line":5}},"branchMap":{"0":{"loc":{"start":{"line":24,"column":15},"end":{"line":26,"column":40}},"type":"cond-expr","locations":[{"start":{"line":25,"column":18},"end":{"line":25,"column":47}},{"start":{"line":26,"column":18},"end":{"line":26,"column":40}}],"line":24},"1":{"loc":{"start":{"line":34,"column":15},"end":{"line":36,"column":46}},"type":"cond-expr","locations":[{"start":{"line":35,"column":18},"end":{"line":35,"column":57}},{"start":{"line":36,"column":18},"end":{"line":36,"column":46}}],"line":34},"2":{"loc":{"start":{"line":40,"column":11},"end":{"line":54,"column":11}},"type":"cond-expr","locations":[{"start":{"line":41,"column":12},"end":{"line":51,"column":17}},{"start":{"line":53,"column":12},"end":{"line":53,"column":14}}],"line":40},"3":{"loc":{"start":{"line":47,"column":17},"end":{"line":49,"column":50}},"type":"cond-expr","locations":[{"start":{"line":48,"column":20},"end":{"line":48,"column":57}},{"start":{"line":49,"column":20},"end":{"line":49,"column":50}}],"line":47}},"s":{"0":5,"1":5,"2":3,"3":3},"f":{"0":5},"b":{"0":[2,3],"1":[2,3],"2":[0,5],"3":[0,0]},"_coverageSchema":"1a1c01bbd47fc00a2c39e90264f33305004495a9","hash":"a9ece8b6a37c3510767256593b2800f73abcae87"}
,"/home/runner/work/secure-client-hub/secure-client-hub/components/ViewMoreLessButton.js": {"path":"/home/runner/work/secure-client-hub/secure-client-hub/components/ViewMoreLessButton.js","statementMap":{"0":{"start":{"line":9,"column":2},"end":{"line":39,"column":3}},"1":{"start":{"line":42,"column":0},"end":{"line":52,"column":1}}},"fnMap":{"0":{"name":"ViewMoreLessButton","decl":{"start":{"line":8,"column":24},"end":{"line":8,"column":42}},"loc":{"start":{"line":8,"column":50},"end":{"line":40,"column":1}},"line":8}},"branchMap":{"0":{"loc":{"start":{"line":19,"column":21},"end":{"line":19,"column":52}},"type":"binary-expr","locations":[{"start":{"line":19,"column":21},"end":{"line":19,"column":39}},{"start":{"line":19,"column":43},"end":{"line":19,"column":52}}],"line":19},"1":{"loc":{"start":{"line":23,"column":9},"end":{"line":35,"column":9}},"type":"cond-expr","locations":[{"start":{"line":24,"column":10},"end":{"line":28,"column":12}},{"start":{"line":30,"column":10},"end":{"line":34,"column":12}}],"line":23}},"s":{"0":5,"1":2},"f":{"0":5},"b":{"0":[5,3],"1":[1,4]},"_coverageSchema":"1a1c01bbd47fc00a2c39e90264f33305004495a9","hash":"b7aa4b8e0d527d6bf970c540a3908dc5946a70f6"}
,"/home/runner/work/secure-client-hub/secure-client-hub/components/contact/ContactProvince.js": {"path":"/home/runner/work/secure-client-hub/secure-client-hub/components/contact/ContactProvince.js","statementMap":{"0":{"start":{"line":4,"column":24},"end":{"line":23,"column":1}},"1":{"start":{"line":5,"column":2},"end":{"line":22,"column":3}},"2":{"start":{"line":16,"column":10},"end":{"line":16,"column":75}},"3":{"start":{"line":19,"column":10},"end":{"line":19,"column":50}}},"fnMap":{"0":{"name":"(anonymous_0)","decl":{"start":{"line":4,"column":24},"end":{"line":4,"column":25}},"loc":{"start":{"line":4,"column":62},"end":{"line":23,"column":1}},"line":4},"1":{"name":"(anonymous_1)","decl":{"start":{"line":15,"column":14},"end":{"line":15,"column":15}},"loc":{"start":{"line":15,"column":30},"end":{"line":17,"column":9}},"line":15},"2":{"name":"(anonymous_2)","decl":{"start":{"line":18,"column":13},"end":{"line":18,"column":14}},"loc":{"start":{"line":19,"column":10},"end":{"line":19,"column":50}},"line":19}},"branchMap":{},"s":{"0":1,"1":1,"2":0,"3":0},"f":{"0":1,"1":0,"2":0},"b":{},"_coverageSchema":"1a1c01bbd47fc00a2c39e90264f33305004495a9","hash":"3871d84de6775bed336b504ac04752bfadaf389c"}
,"/home/runner/work/secure-client-hub/secure-client-hub/components/contact/ContactProvinceRow.js": {"path":"/home/runner/work/secure-client-hub/secure-client-hub/components/contact/ContactProvinceRow.js","statementMap":{"0":{"start":{"line":5,"column":11},"end":{"line":7,"column":1}},"1":{"start":{"line":6,"column":2},"end":{"line":6,"column":28}},"2":{"start":{"line":9,"column":27},"end":{"line":42,"column":1}},"3":{"start":{"line":10,"column":2},"end":{"line":41,"column":3}},"4":{"start":{"line":15,"column":12},"end":{"line":34,"column":18}}},"fnMap":{"0":{"name":"(anonymous_0)","decl":{"start":{"line":5,"column":11},"end":{"line":5,"column":12}},"loc":{"start":{"line":5,"column":26},"end":{"line":7,"column":1}},"line":5},"1":{"name":"(anonymous_1)","decl":{"start":{"line":9,"column":27},"end":{"line":9,"column":28}},"loc":{"start":{"line":9,"column":53},"end":{"line":42,"column":1}},"line":9},"2":{"name":"(anonymous_2)","decl":{"start":{"line":14,"column":21},"end":{"line":14,"column":22}},"loc":{"start":{"line":15,"column":12},"end":{"line":34,"column":18}},"line":15}},"branchMap":{"0":{"loc":{"start":{"line":6,"column":9},"end":{"line":6,"column":28}},"type":"cond-expr","locations":[{"start":{"line":6,"column":13},"end":{"line":6,"column":23}},{"start":{"line":6,"column":26},"end":{"line":6,"column":28}}],"line":6},"1":{"loc":{"start":{"line":10,"column":9},"end":{"line":41,"column":3}},"type":"cond-expr","locations":[{"start":{"line":11,"column":4},"end":{"line":38,"column":10}},{"start":{"line":40,"column":4},"end":{"line":40,"column":16}}],"line":10},"2":{"loc":{"start":{"line":22,"column":15},"end":{"line":33,"column":15}},"type":"binary-expr","locations":[{"start":{"line":22,"column":15},"end":{"line":22,"column":16}},{"start":{"line":23,"column":16},"end":{"line":32,"column":53}}],"line":22}},"s":{"0":1,"1":0,"2":1,"3":0,"4":0},"f":{"0":0,"1":0,"2":0},"b":{"0":[0,0],"1":[0,0],"2":[0,0]},"_coverageSchema":"1a1c01bbd47fc00a2c39e90264f33305004495a9","hash":"1a65c13b0f44c82416d6534aa04f985a91cbf728"}
,"/home/runner/work/secure-client-hub/secure-client-hub/components/contact/ContactSection.js": {"path":"/home/runner/work/secure-client-hub/secure-client-hub/components/contact/ContactSection.js","statementMap":{"0":{"start":{"line":6,"column":2},"end":{"line":40,"column":3}},"1":{"start":{"line":25,"column":10},"end":{"line":35,"column":12}}},"fnMap":{"0":{"name":"ContactSection","decl":{"start":{"line":5,"column":24},"end":{"line":5,"column":38}},"loc":{"start":{"line":5,"column":70},"end":{"line":41,"column":1}},"line":5},"1":{"name":"(anonymous_1)","decl":{"start":{"line":24,"column":21},"end":{"line":24,"column":22}},"loc":{"start":{"line":25,"column":10},"end":{"line":35,"column":12}},"line":25}},"branchMap":{},"s":{"0":5,"1":0},"f":{"0":5,"1":0},"b":{},"_coverageSchema":"1a1c01bbd47fc00a2c39e90264f33305004495a9","hash":"6485058a17a033e13c298d7d9e9d99707a9fcba1"}
,"/home/runner/work/secure-client-hub/secure-client-hub/components/contact/ContactSectionRow.js": {"path":"/home/runner/work/secure-client-hub/secure-client-hub/components/contact/ContactSectionRow.js","statementMap":{"0":{"start":{"line":7,"column":31},"end":{"line":16,"column":3}},"1":{"start":{"line":26,"column":6},"end":{"line":26,"column":11}},"2":{"start":{"line":27,"column":2},"end":{"line":88,"column":3}},"3":{"start":{"line":42,"column":10},"end":{"line":82,"column":11}}},"fnMap":{"0":{"name":"ContactSectionRow","decl":{"start":{"line":6,"column":9},"end":{"line":6,"column":26}},"loc":{"start":{"line":6,"column":34},"end":{"line":89,"column":1}},"line":6},"1":{"name":"(anonymous_1)","decl":{"start":{"line":41,"column":25},"end":{"line":41,"column":26}},"loc":{"start":{"line":41,"column":44},"end":{"line":83,"column":9}},"line":41}},"branchMap":{"0":{"loc":{"start":{"line":27,"column":9},"end":{"line":88,"column":3}},"type":"cond-expr","locations":[{"start":{"line":28,"column":4},"end":{"line":85,"column":10}},{"start":{"line":87,"column":4},"end":{"line":87,"column":28}}],"line":27},"1":{"loc":{"start":{"line":27,"column":9},"end":{"line":27,"column":24}},"type":"binary-expr","locations":[{"start":{"line":27,"column":9},"end":{"line":27,"column":14}},{"start":{"line":27,"column":18},"end":{"line":27,"column":24}}],"line":27},"2":{"loc":{"start":{"line":31,"column":10},"end":{"line":31,"column":41}},"type":"binary-expr","locations":[{"start":{"line":31,"column":10},"end":{"line":31,"column":19}},{"start":{"line":31,"column":23},"end":{"line":31,"column":41}}],"line":31},"3":{"loc":{"start":{"line":38,"column":10},"end":{"line":38,"column":41}},"type":"binary-expr","locations":[{"start":{"line":38,"column":10},"end":{"line":38,"column":19}},{"start":{"line":38,"column":23},"end":{"line":38,"column":41}}],"line":38},"4":{"loc":{"start":{"line":42,"column":17},"end":{"line":82,"column":11}},"type":"cond-expr","locations":[{"start":{"line":43,"column":12},"end":{"line":66,"column":16}},{"start":{"line":68,"column":12},"end":{"line":81,"column":18}}],"line":42},"5":{"loc":{"start":{"line":50,"column":16},"end":{"line":50,"column":79}},"type":"cond-expr","locations":[{"start":{"line":50,"column":61},"end":{"line":50,"column":69}},{"start":{"line":50,"column":72},"end":{"line":50,"column":79}}],"line":50},"6":{"loc":{"start":{"line":53,"column":16},"end":{"line":55,"column":29}},"type":"cond-expr","locations":[{"start":{"line":54,"column":20},"end":{"line":54,"column":41}},{"start":{"line":55,"column":20},"end":{"line":55,"column":29}}],"line":53},"7":{"loc":{"start":{"line":72,"column":15},"end":{"line":78,"column":15}},"type":"binary-expr","locations":[{"start":{"line":72,"column":15},"end":{"line":72,"column":26}},{"start":{"line":73,"column":16},"end":{"line":77,"column":18}}],"line":72}},"s":{"0":2,"1":2,"2":2,"3":0},"f":{"0":2,"1":0},"b":{"0":[0,2],"1":[2,0],"2":[0,0],"3":[0,0],"4":[0,0],"5":[0,0],"6":[0,0],"7":[0,0]},"_coverageSchema":"1a1c01bbd47fc00a2c39e90264f33305004495a9","hash":"d226a1f17328e9331b5f11372daf3ae03bcca549"}
[...]
},"end":{"line":76,"column":3}},{"start":{},"end":{}}],"line":58},"3":{"loc":{"start":{"line":61,"column":14},"end":{"line":61,"column":62}},"type":"cond-expr","locations":[{"start":{"line":61,"column":43},"end":{"line":61,"column":55}},{"start":{"line":61,"column":58},"end":{"line":61,"column":62}}],"line":61},"4":{"loc":{"start":{"line":65,"column":10},"end":{"line":67,"column":49}},"type":"cond-expr","locations":[{"start":{"line":66,"column":14},"end":{"line":66,"column":50}},{"start":{"line":67,"column":14},"end":{"line":67,"column":49}}],"line":65},"5":{"loc":{"start":{"line":70,"column":10},"end":{"line":72,"column":99}},"type":"cond-expr","locations":[{"start":{"line":71,"column":14},"end":{"line":71,"column":99}},{"start":{"line":72,"column":14},"end":{"line":72,"column":99}}],"line":70},"6":{"loc":{"start":{"line":88,"column":10},"end":{"line":88,"column":70}},"type":"binary-expr","locations":[{"start":{"line":88,"column":10},"end":{"line":88,"column":44}},{"start":{"line":88,"column":48},"end":{"line":88,"column":70}}],"line":88},"7":{"loc":{"start":{"line":101,"column":11},"end":{"line":105,"column":11}},"type":"cond-expr","locations":[{"start":{"line":102,"column":12},"end":{"line":102,"column":47}},{"start":{"line":104,"column":12},"end":{"line":104,"column":60}}],"line":101},"8":{"loc":{"start":{"line":115,"column":2},"end":{"line":116,"column":27}},"type":"if","locations":[{"start":{"line":115,"column":2},"end":{"line":116,"column":27}},{"start":{},"end":{}}],"line":115},"9":{"loc":{"start":{"line":115,"column":6},"end":{"line":115,"column":61}},"type":"binary-expr","locations":[{"start":{"line":115,"column":6},"end":{"line":115,"column":23}},{"start":{"line":115,"column":27},"end":{"line":115,"column":61}}],"line":115},"10":{"loc":{"start":{"line":165,"column":2},"end":{"line":167,"column":3}},"type":"if","locations":[{"start":{"line":165,"column":2},"end":{"line":167,"column":3}},{"start":{},"end":{}}],"line":165},"11":{"loc":{"start":{"line":175,"column":2},"end":{"line":182,"column":3}},"type":"if","locations":[{"start":{"line":175,"column":2},"end":{"line":182,"column":3}},{"start":{},"end":{}}],"line":175},"12":{"loc":{"start":{"line":185,"column":4},"end":{"line":187,"column":51}},"type":"cond-expr","locations":[{"start":{"line":186,"column":8},"end":{"line":186,"column":55}},{"start":{"line":187,"column":8},"end":{"line":187,"column":51}}],"line":185},"13":{"loc":{"start":{"line":190,"column":4},"end":{"line":196,"column":10}},"type":"cond-expr","locations":[{"start":{"line":191,"column":8},"end":{"line":193,"column":10}},{"start":{"line":194,"column":8},"end":{"line":196,"column":10}}],"line":190},"14":{"loc":{"start":{"line":225,"column":8},"end":{"line":229,"column":26}},"type":"cond-expr","locations":[{"start":{"line":226,"column":12},"end":{"line":226,"column":23}},{"start":{"line":227,"column":12},"end":{"line":229,"column":26}}],"line":225},"15":{"loc":{"start":{"line":227,"column":12},"end":{"line":229,"column":26}},"type":"cond-expr","locations":[{"start":{"line":228,"column":12},"end":{"line":228,"column":26}},{"start":{"line":229,"column":12},"end":{"line":229,"column":26}}],"line":227},"16":{"loc":{"start":{"line":233,"column":8},"end":{"line":237,"column":28}},"type":"cond-expr","locations":[{"start":{"line":234,"column":12},"end":{"line":234,"column":25}},{"start":{"line":235,"column":12},"end":{"line":237,"column":28}}],"line":233},"17":{"loc":{"start":{"line":235,"column":12},"end":{"line":237,"column":28}},"type":"cond-expr","locations":[{"start":{"line":236,"column":12},"end":{"line":236,"column":28}},{"start":{"line":237,"column":12},"end":{"line":237,"column":28}}],"line":235},"18":{"loc":{"start":{"line":239,"column":8},"end":{"line":243,"column":27}},"type":"cond-expr","locations":[{"start":{"line":240,"column":12},"end":{"line":240,"column":24}},{"start":{"line":241,"column":12},"end":{"line":243,"column":27}}],"line":239},"19":{"loc":{"start":{"line":241,"column":12},"end":{"line":243,"column":27}},"type":"cond-expr","locations":[{"start":{"line":242,"column":12},"end":{"line":242,"column":27}},{"start":{"line":243,"column":12},"end":{"line":243,"column":27}}],"line":241},"20":{"loc":{"start":{"line":245,"column":8},"end":{"line":249,"column":29}},"type":"cond-expr","locations":[{"start":{"line":246,"column":12},"end":{"line":246,"column":26}},{"start":{"line":247,"column":12},"end":{"line":249,"column":29}}],"line":245},"21":{"loc":{"start":{"line":247,"column":12},"end":{"line":249,"column":29}},"type":"cond-expr","locations":[{"start":{"line":248,"column":12},"end":{"line":248,"column":29}},{"start":{"line":249,"column":12},"end":{"line":249,"column":29}}],"line":247},"22":{"loc":{"start":{"line":251,"column":8},"end":{"line":253,"column":75}},"type":"cond-expr","locations":[{"start":{"line":252,"column":12},"end":{"line":252,"column":14}},{"start":{"line":253,"column":12},"end":{"line":253,"column":75}}],"line":251},"23":{"loc":{"start":{"line":253,"column":25},"end":{"line":253,"column":73}},"type":"binary-expr","locations":[{"start":{"line":253,"column":25},"end":{"line":253,"column":48}},{"start":{"line":253,"column":52},"end":{"line":253,"column":73}}],"line":253},"24":{"loc":{"start":{"line":255,"column":8},"end":{"line":259,"column":49}},"type":"cond-expr","locations":[{"start":{"line":256,"column":12},"end":{"line":256,"column":22}},{"start":{"line":257,"column":12},"end":{"line":259,"column":49}}],"line":255},"25":{"loc":{"start":{"line":257,"column":12},"end":{"line":259,"column":49}},"type":"cond-expr","locations":[{"start":{"line":258,"column":12},"end":{"line":258,"column":49}},{"start":{"line":259,"column":12},"end":{"line":259,"column":49}}],"line":257},"26":{"loc":{"start":{"line":261,"column":8},"end":{"line":265,"column":46}},"type":"cond-expr","locations":[{"start":{"line":262,"column":12},"end":{"line":262,"column":22}},{"start":{"line":263,"column":12},"end":{"line":265,"column":46}}],"line":261},"27":{"loc":{"start":{"line":263,"column":12},"end":{"line":265,"column":46}},"type":"cond-expr","locations":[{"start":{"line":264,"column":12},"end":{"line":264,"column":46}},{"start":{"line":265,"column":12},"end":{"line":265,"column":46}}],"line":263}},"s":{"0":3,"1":3,"2":3,"3":0,"4":3,"5":3,"6":3,"7":3,"8":3,"9":0,"10":3,"11":3,"12":3,"13":3,"14":0,"15":3,"16":3,"17":3,"18":0,"19":0,"20":0,"21":0,"22":0,"23":0,"24":0,"25":0,"26":0,"27":0,"28":0,"29":0,"30":0,"31":0,"32":0,"33":0,"34":0,"35":0,"36":0,"37":0,"38":0,"39":0,"40":0,"41":0,"42":0,"43":0,"44":0,"45":0,"46":0,"47":0,"48":1},"f":{"0":3,"1":0,"2":3,"3":3,"4":3,"5":3,"6":3,"7":0,"8":0,"9":0,"10":0,"11":0,"12":0,"13":0,"14":0},"b":{"0":[0,3],"1":[3,3,3,3,3],"2":[0,3],"3":[0,0],"4":[0,0],"5":[0,0],"6":[3,3],"7":[0,3],"8":[0,0],"9":[0,0],"10":[0,0],"11":[0,0],"12":[0,0],"13":[0,0],"14":[0,0],"15":[0,0],"16":[0,0],"17":[0,0],"18":[0,0],"19":[0,0],"20":[0,0],"21":[0,0],"22":[0,0],"23":[0,0],"24":[0,0],"25":[0,0],"26":[0,0],"27":[0,0]},"_coverageSchema":"1a1c01bbd47fc00a2c39e90264f33305004495a9","hash":"528ddefb9139e9d284bd928431b57f1e411f6561"}
,"/home/runner/work/secure-client-hub/secure-client-hub/pages/contact-us/index.js": {"path":"/home/runner/work/secure-client-hub/secure-client-hub/pages/contact-us/index.js","statementMap":{"0":{"start":{"line":21,"column":12},"end":{"line":21,"column":43}},"1":{"start":{"line":22,"column":34},"end":{"line":22,"column":44}},"2":{"start":{"line":23,"column":17},"end":{"line":23,"column":28}},"3":{"start":{"line":26,"column":23},"end":{"line":29,"column":3}},"4":{"start":{"line":27,"column":16},"end":{"line":27,"column":61}},"5":{"start":{"line":30,"column":32},"end":{"line":33,"column":3}},"6":{"start":{"line":31,"column":10},"end":{"line":31,"column":60}},"7":{"start":{"line":35,"column":2},"end":{"line":44,"column":61}},"8":{"start":{"line":36,"column":4},"end":{"line":36,"column":59}},"9":{"start":{"line":37,"column":4},"end":{"line":39,"column":5}},"10":{"start":{"line":38,"column":6},"end":{"line":38,"column":49}},"11":{"start":{"line":41,"column":4},"end":{"line":43,"column":5}},"12":{"start":{"line":42,"column":6},"end":{"line":42,"column":64}},"13":{"start":{"line":47,"column":4},"end":{"line":51,"column":25}},"14":{"start":{"line":52,"column":2},"end":{"line":70,"column":3}},"15":{"start":{"line":53,"column":4},"end":{"line":69,"column":5}},"16":{"start":{"line":72,"column":2},"end":{"line":100,"column":3}},"17":{"start":{"line":80,"column":10},"end":{"line":96,"column":11}},"18":{"start":{"line":104,"column":18},"end":{"line":104,"column":63}},"19":{"start":{"line":106,"column":2},"end":{"line":107,"column":27}},"20":{"start":{"line":107,"column":4},"end":{"line":107,"column":27}},"21":{"start":{"line":110,"column":17},"end":{"line":110,"column":40}},"22":{"start":{"line":111,"column":2},"end":{"line":111,"column":24}},"23":{"start":{"line":113,"column":18},"end":{"line":116,"column":4}},"24":{"start":{"line":114,"column":4},"end":{"line":114,"column":23}},"25":{"start":{"line":115,"column":4},"end":{"line":115,"column":25}},"26":{"start":{"line":117,"column":24},"end":{"line":120,"column":4}},"27":{"start":{"line":118,"column":4},"end":{"line":118,"column":23}},"28":{"start":{"line":119,"column":4},"end":{"line":119,"column":25}},"29":{"start":{"line":121,"column":23},"end":{"line":124,"column":4}},"30":{"start":{"line":122,"column":4},"end":{"line":122,"column":23}},"31":{"start":{"line":123,"column":4},"end":{"line":123,"column":25}},"32":{"start":{"line":130,"column":25},"end":{"line":135,"column":3}},"33":{"start":{"line":132,"column":6},"end":{"line":132,"column":25}},"34":{"start":{"line":133,"column":6},"end":{"line":133,"column":27}},"35":{"start":{"line":137,"column":21},"end":{"line":140,"column":4}},"36":{"start":{"line":138,"column":4},"end":{"line":138,"column":23}},"37":{"start":{"line":139,"column":4},"end":{"line":139,"column":25}},"38":{"start":{"line":156,"column":12},"end":{"line":156,"column":37}},"39":{"start":{"line":159,"column":4},"end":{"line":165,"column":10}},"40":{"start":{"line":161,"column":10},"end":{"line":161,"column":58}},"41":{"start":{"line":164,"column":10},"end":{"line":164,"column":58}},"42":{"start":{"line":168,"column":15},"end":{"line":187,"column":3}},"43":{"start":{"line":189,"column":2},"end":{"line":236,"column":3}},"44":{"start":{"line":239,"column":0},"end":{"line":271,"column":1}}},"fnMap":{"0":{"name":"ContactLanding","decl":{"start":{"line":20,"column":24},"end":{"line":20,"column":38}},"loc":{"start":{"line":20,"column":46},"end":{"line":101,"column":1}},"line":20},"1":{"name":"(anonymous_1)","decl":{"start":{"line":27,"column":4},"end":{"line":27,"column":5}},"loc":{"start":{"line":27,"column":16},"end":{"line":27,"column":61}},"line":27},"2":{"name":"(anonymous_2)","decl":{"start":{"line":31,"column":4},"end":{"line":31,"column":5}},"loc":{"start":{"line":31,"column":10},"end":{"line":31,"column":60}},"line":31},"3":{"name":"(anonymous_3)","decl":{"start":{"line":35,"column":12},"end":{"line":35,"column":13}},"loc":{"start":{"line":35,"column":18},"end":{"line":44,"column":3}},"line":35},"4":{"name":"(anonymous_4)","decl":{"start":{"line":41,"column":11},"end":{"line":41,"column":12}},"loc":{"start":{"line":41,"column":17},"end":{"line":43,"column":5}},"line":41},"5":{"name":"(anonymous_5)","decl":{"start":{"line":79,"column":33},"end":{"line":79,"column":34}},"loc":{"start":{"line":79,"column":43},"end":{"line":97,"column":9}},"line":79},"6":{"name":"getServerSideProps","decl":{"start":{"line":103,"column":22},"end":{"line":103,"column":40}},"loc":{"start":{"line":103,"column":63},"end":{"line":237,"column":1}},"line":103},"7":{"name":"(anonymous_7)","decl":{"start":{"line":113,"column":52},"end":{"line":113,"column":53}},"loc":{"start":{"line":113,"column":63},"end":{"line":116,"column":3}},"line":113},"8":{"name":"(anonymous_8)","decl":{"start":{"line":117,"column":59},"end":{"line":117,"column":60}},"loc":{"start":{"line":117,"column":70},"end":{"line":120,"column":3}},"line":117},"9":{"name":"(anonymous_9)","decl":{"start":{"line":121,"column":61},"end":{"line":121,"column":62}},"loc":{"start":{"line":121,"column":72},"end":{"line":124,"column":3}},"line":121},"10":{"name":"(anonymous_10)","decl":{"start":{"line":131,"column":4},"end":{"line":131,"column":5}},"loc":{"start":{"line":131,"column":15},"end":{"line":134,"column":5}},"line":131},"11":{"name":"(anonymous_11)","decl":{"start":{"line":137,"column":56},"end":{"line":137,"column":57}},"loc":{"start":{"line":137,"column":67},"end":{"line":140,"column":3}},"line":137},"12":{"name":"(anonymous_12)","decl":{"start":{"line":160,"column":35},"end":{"line":160,"column":36}},"loc":{"start":{"line":160,"column":55},"end":{"line":162,"column":9}},"line":160},"13":{"name":"(anonymous_13)","decl":{"start":{"line":163,"column":35},"end":{"line":163,"column":36}},"loc":{"start":{"line":163,"column":55},"end":{"line":165,"column":9}},"line":163}},"branchMap":{"0":{"loc":{"start":{"line":21,"column":12},"end":{"line":21,"column":43}},"type":"cond-expr","locations":[{"start":{"line":21,"column":36},"end":{"line":21,"column":38}},{"start":{"line":21,"column":41},"end":{"line":21,"column":43}}],"line":21},"1":{"loc":{"start":{"line":37,"column":4},"end":{"line":39,"column":5}},"type":"if","locations":[{"start":{"line":37,"column":4},"end":{"line":39,"column":5}},{"start":{},"end":{}}],"line":37},"2":{"loc":{"start":{"line":47,"column":4},"end":{"line":51,"column":25}},"type":"binary-expr","locations":[{"start":{"line":47,"column":4},"end":{"line":47,"column":22}},{"start":{"line":48,"column":4},"end":{"line":48,"column":28}},{"start":{"line":49,"column":4},"end":{"line":49,"column":27}},{"start":{"line":50,"column":4},"end":{"line":50,"column":29}},{"start":{"line":51,"column":4},"end":{"line":51,"column":25}}],"line":47},"3":{"loc":{"start":{"line":52,"column":2},"end":{"line":70,"column":3}},"type":"if","locations":[{"start":{"line":52,"column":2},"end":{"line":70,"column":3}},{"start":{},"end":{}}],"line":52},"4":{"loc":{"start":{"line":55,"column":14},"end":{"line":55,"column":62}},"type":"cond-expr","locations":[{"start":{"line":55,"column":43},"end":{"line":55,"column":55}},{"start":{"line":55,"column":58},"end":{"line":55,"column":62}}],"line":55},"5":{"loc":{"start":{"line":59,"column":10},"end":{"line":61,"column":49}},"type":"cond-expr","locations":[{"start":{"line":60,"column":14},"end":{"line":60,"column":50}},{"start":{"line":61,"column":14},"end":{"line":61,"column":49}}],"line":59},"6":{"loc":{"start":{"line":64,"column":10},"end":{"line":66,"column":99}},"type":"cond-expr","locations":[{"start":{"line":65,"column":14},"end":{"line":65,"column":99}},{"start":{"line":66,"column":14},"end":{"line":66,"column":99}}],"line":64},"7":{"loc":{"start":{"line":106,"column":2},"end":{"line":107,"column":27}},"type":"if","locations":[{"start":{"line":106,"column":2},"end":{"line":107,"column":27}},{"start":{},"end":{}}],"line":106},"8":{"loc":{"start":{"line":106,"column":6},"end":{"line":106,"column":61}},"type":"binary-expr","locations":[{"start":{"line":106,"column":6},"end":{"line":106,"column":23}},{"start":{"line":106,"column":27},"end":{"line":106,"column":61}}],"line":106},"9":{"loc":{"start":{"line":156,"column":12},"end":{"line":156,"column":37}},"type":"cond-expr","locations":[{"start":{"line":156,"column":30},"end":{"line":156,"column":32}},{"start":{"line":156,"column":35},"end":{"line":156,"column":37}}],"line":156},"10":{"loc":{"start":{"line":159,"column":4},"end":{"line":165,"column":10}},"type":"cond-expr","locations":[{"start":{"line":160,"column":8},"end":{"line":162,"column":10}},{"start":{"line":163,"column":8},"end":{"line":165,"column":10}}],"line":159},"11":{"loc":{"start":{"line":194,"column":8},"end":{"line":198,"column":22}},"type":"cond-expr","locations":[{"start":{"line":195,"column":12},"end":{"line":195,"column":19}},{"start":{"line":196,"column":12},"end":{"line":198,"column":22}}],"line":194},"12":{"loc":{"start":{"line":196,"column":12},"end":{"line":198,"column":22}},"type":"cond-expr","locations":[{"start":{"line":197,"column":12},"end":{"line":197,"column":22}},{"start":{"line":198,"column":12},"end":{"line":198,"column":22}}],"line":196},"13":{"loc":{"start":{"line":202,"column":8},"end":{"line":206,"column":28}},"type":"cond-expr","locations":[{"start":{"line":203,"column":12},"end":{"line":203,"column":25}},{"start":{"line":204,"column":12},"end":{"line":206,"column":28}}],"line":202},"14":{"loc":{"start":{"line":204,"column":12},"end":{"line":206,"column":28}},"type":"cond-expr","locations":[{"start":{"line":205,"column":12},"end":{"line":205,"column":28}},{"start":{"line":206,"column":12},"end":{"line":206,"column":28}}],"line":204},"15":{"loc":{"start":{"line":208,"column":8},"end":{"line":212,"column":27}},"type":"cond-expr","locations":[{"start":{"line":209,"column":12},"end":{"line":209,"column":24}},{"start":{"line":210,"column":12},"end":{"line":212,"column":27}}],"line":208},"16":{"loc":{"start":{"line":210,"column":12},"end":{"line":212,"column":27}},"type":"cond-expr","locations":[{"start":{"line":211,"column":12},"end":{"line":211,"column":27}},{"start":{"line":212,"column":12},"end":{"line":212,"column":27}}],"line":210},"17":{"loc":{"start":{"line":214,"column":8},"end":{"line":218,"column":29}},"type":"cond-expr","locations":[{"start":{"line":215,"column":12},"end":{"line":215,"column":26}},{"start":{"line":216,"column":12},"end":{"line":218,"column":29}}],"line":214},"18":{"loc":{"start":{"line":216,"column":12},"end":{"line":218,"column":29}},"type":"cond-expr","locations":[{"start":{"line":217,"column":12},"end":{"line":217,"column":29}},{"start":{"line":218,"column":12},"end":{"line":218,"column":29}}],"line":216},"19":{"loc":{"start":{"line":220,"column":8},"end":{"line":222,"column":67}},"type":"cond-expr","locations":[{"start":{"line":221,"column":12},"end":{"line":221,"column":14}},{"start":{"line":222,"column":12},"end":{"line":222,"column":67}}],"line":220},"20":{"loc":{"start":{"line":222,"column":25},"end":{"line":222,"column":65}},"type":"binary-expr","locations":[{"start":{"line":222,"column":25},"end":{"line":222,"column":44}},{"start":{"line":222,"column":48},"end":{"line":222,"column":65}}],"line":222},"21":{"loc":{"start":{"line":224,"column":8},"end":{"line":228,"column":49}},"type":"cond-expr","locations":[{"start":{"line":225,"column":12},"end":{"line":225,"column":22}},{"start":{"line":226,"column":12},"end":{"line":228,"column":49}}],"line":224},"22":{"loc":{"start":{"line":226,"column":12},"end":{"line":228,"column":49}},"type":"cond-expr","locations":[{"start":{"line":227,"column":12},"end":{"line":227,"column":49}},{"start":{"line":228,"column":12},"end":{"line":228,"column":49}}],"line":226},"23":{"loc":{"start":{"line":230,"column":8},"end":{"line":234,"column":46}},"type":"cond-expr","locations":[{"start":{"line":231,"column":12},"end":{"line":231,"column":22}},{"start":{"line":232,"column":12},"end":{"line":234,"column":46}}],"line":230},"24":{"loc":{"start":{"line":232,"column":12},"end":{"line":234,"column":46}},"type":"cond-expr","locations":[{"start":{"line":233,"column":12},"end":{"line":233,"column":46}},{"start":{"line":234,"column":12},"end":{"line":234,"column":46}}],"line":232}},"s":{"0":0,"1":0,"2":0,"3":0,"4":0,"5":0,"6":0,"7":0,"8":0,"9":0,"10":0,"11":0,"12":0,"13":0,"14":0,"15":0,"16":0,"17":0,"18":0,"19":0,"20":0,"21":0,"22":0,"23":0,"24":0,"25":0,"26":0,"27":0,"28":0,"29":0,"30":0,"31":0,"32":0,"33":0,"34":0,"35":0,"36":0,"37":0,"38":0,"39":0,"40":0,"41":0,"42":0,"43":0,"44":0},"f":{"0":0,"1":0,"2":0,"3":0,"4":0,"5":0,"6":0,"7":0,"8":0,"9":0,"10":0,"11":0,"12":0,"13":0},"b":{"0":[0,0],"1":[0,0],"2":[0,0,0,0,0],"3":[0,0],"4":[0,0],"5":[0,0],"6":[0,0],"7":[0,0],"8":[0,0],"9":[0,0],"10":[0,0],"11":[0,0],"12":[0,0],"13":[0,0],"14":[0,0],"15":[0,0],"16":[0,0],"17":[0,0],"18":[0,0],"19":[0,0],"20":[0,0],"21":[0,0],"22":[0,0],"23":[0,0],"24":[0,0]}}
}
