TN:
SF:components/BenefitTasks.js
FN:5,BenefitTasks
FN:12,(anonymous_1)
FNF:2
FNH:0
FNDA:0,BenefitTasks
FNDA:0,(anonymous_1)
DA:6,0
DA:13,0
DA:32,2
LF:3
LH:1
BRF:0
BRH:0
end_of_record
TN:
SF:components/Card.js
FN:7,Card
FN:20,(anonymous_1)
FN:36,(anonymous_2)
FNF:3
FNH:1
FNDA:5,Card
FNDA:0,(anonymous_1)
FNDA:0,(anonymous_2)
DA:8,5
DA:9,5
DA:10,5
DA:12,5
DA:21,0
DA:22,0
DA:37,0
DA:50,2
LF:8
LH:5
BRDA:30,0,0,5
BRDA:30,0,1,0
BRF:2
BRH:1
end_of_record
TN:
SF:components/DateModified.js
FN:6,DateModified
FNF:1
FNH:1
FNDA:2,DateModified
DA:7,2
DA:15,1
DA:20,1
LF:3
LH:3
BRF:0
BRH:0
end_of_record
TN:
SF:components/Layout.js
FN:12,Layout
FN:51,(anonymous_1)
FN:59,noRefCheck
FN:60,noRefCheck
FNF:4
FNH:1
FNDA:4,Layout
FNDA:0,(anonymous_1)
FNDA:0,noRefCheck
FNDA:0,noRefCheck
DA:13,4
DA:14,4
DA:16,4
DA:27,4
DA:52,0
DA:86,2
DA:90,2
LF:7
LH:6
BRDA:13,0,0,4
BRDA:13,0,1,4
BRDA:14,1,0,3
BRDA:14,1,1,1
BRDA:36,2,0,0
BRDA:36,2,1,4
BRDA:65,3,0,0
BRDA:65,3,1,4
BRF:8
BRH:6
end_of_record
TN:
SF:components/MetaData.js
FN:4,MetaData
FNF:1
FNH:1
FNDA:6,MetaData
DA:5,6
DA:7,6
LF:2
LH:2
BRDA:5,0,0,5
BRDA:5,0,1,1
BRF:2
BRH:2
end_of_record
TN:
SF:components/MostReqTasks.js
FN:5,MostReqTasks
FN:12,(anonymous_1)
FNF:2
FNH:0
FNDA:0,MostReqTasks
FNDA:0,(anonymous_1)
DA:6,0
DA:13,0
DA:35,2
LF:3
LH:1
BRF:0
BRH:0
end_of_record
TN:
SF:components/PageLink.js
FN:6,PageLink
FN:27,(anonymous_1)
FNF:2
FNH:0
FNDA:0,PageLink
FNDA:0,(anonymous_1)
DA:7,0
DA:8,0
DA:27,0
DA:36,0
LF:4
LH:0
BRF:0
BRH:0
end_of_record
TN:
SF:components/ViewMoreLessButton.js
FN:5,ViewMoreLessButton
FNF:1
FNH:1
FNDA:8,ViewMoreLessButton
DA:6,8
DA:32,3
LF:2
LH:2
BRDA:12,0,0,8
BRDA:12,0,1,3
BRDA:15,1,0,1
BRDA:15,1,1,7
BRF:4
BRH:4
end_of_record
TN:
SF:pages/404.js
FN:3,Custom404
FN:57,getStaticProps
FNF:2
FNH:2
FNDA:1,Custom404
FNDA:1,getStaticProps
DA:4,1
DA:59,1
DA:74,1
LF:3
LH:3
BRF:0
BRH:0
end_of_record
TN:
SF:pages/_app.js
FN:4,MyApp
FNF:1
FNH:1
FNDA:1,MyApp
LF:0
LH:0
BRF:0
BRH:0
end_of_record
TN:
SF:pages/_error.js
FN:3,CustomError
FNF:1
FNH:1
FNDA:2,CustomError
DA:4,2
LF:1
LH:1
BRDA:9,0,0,1
BRDA:9,0,1,1
BRDA:37,1,0,1
BRDA:37,1,1,1
BRF:4
BRH:4
end_of_record
TN:
SF:pages/home.js
FN:10,Home
FN:49,getStaticProps
FNF:2
FNH:2
FNDA:1,Home
FNDA:1,getStaticProps
DA:14,1
DA:15,1
DA:16,1
DA:17,1
DA:50,1
DA:56,1
DA:71,1
DA:76,1
LF:8
LH:8
BRF:0
BRH:0
end_of_record
TN:
SF:pages/index.js
FN:4,Index
FN:81,PageLayout
FN:85,getStaticProps
FNF:3
FNH:3
FNDA:2,Index
FNDA:1,PageLayout
FNDA:1,getStaticProps
DA:5,2
DA:81,2
DA:82,1
DA:89,1
DA:104,1
LF:5
LH:5
BRF:0
BRH:0
end_of_record
TN:
SF:pages/serverSideExample.js
FN:3,ServerSideExample
FN:6,(anonymous_1)
FN:8,(anonymous_2)
FN:9,(anonymous_3)
FN:59,getServerSideProps
FNF:5
FNH:0
FNDA:0,ServerSideExample
FNDA:0,(anonymous_1)
FNDA:0,(anonymous_2)
FNDA:0,(anonymous_3)
FNDA:0,getServerSideProps
DA:4,0
DA:6,0
DA:7,0
DA:8,0
DA:10,0
DA:13,0
DA:60,0
DA:75,0
LF:8
LH:0
BRDA:22,0,0,0
BRDA:22,0,1,0
BRDA:39,1,0,0
BRDA:39,1,1,0
BRDA:51,2,0,0
BRDA:51,2,1,0
BRDA:80,3,0,0
BRDA:80,3,1,0
BRDA:81,4,0,0
BRDA:81,4,1,0
BRF:10
BRH:0
end_of_record
TN:
SF:pages/api/envAPIExample.js
FNF:0
FNH:0
LF:0
LH:0
BRF:0
BRH:0
end_of_record
TN:
SF:pages/api/metrics.js
FNF:0
FNH:0
LF:0
LH:0
BRF:0
BRH:0
end_of_record
