{"/home/runner/work/secure-client-hub/secure-client-hub/components/BackToButton.js": {"path":"/home/runner/work/secure-client-hub/secure-client-hub/components/BackToButton.js","statementMap":{"0":{"start":{"line":5,"column":2},"end":{"line":18,"column":3}},"1":{"start":{"line":21,"column":0},"end":{"line":26,"column":1}}},"fnMap":{"0":{"name":"BackToButton","decl":{"start":{"line":4,"column":24},"end":{"line":4,"column":36}},"loc":{"start":{"line":4,"column":44},"end":{"line":19,"column":1}},"line":4}},"branchMap":{},"s":{"0":2,"1":1},"f":{"0":2},"b":{},"_coverageSchema":"1a1c01bbd47fc00a2c39e90264f33305004495a9","hash":"f3bf0c357d47dfb991ffb3cff9ad13ee8bbb6d82"}
,"/home/runner/work/secure-client-hub/secure-client-hub/components/BenefitTasks.js": {"path":"/home/runner/work/secure-client-hub/secure-client-hub/components/BenefitTasks.js","statementMap":{"0":{"start":{"line":8,"column":2},"end":{"line":41,"column":3}},"1":{"start":{"line":15,"column":10},"end":{"line":37,"column":11}},"2":{"start":{"line":20,"column":20},"end":{"line":20,"column":38}},"3":{"start":{"line":21,"column":20},"end":{"line":21,"column":37}},"4":{"start":{"line":44,"column":0},"end":{"line":57,"column":1}}},"fnMap":{"0":{"name":"BenefitTasks","decl":{"start":{"line":7,"column":24},"end":{"line":7,"column":36}},"loc":{"start":{"line":7,"column":44},"end":{"line":42,"column":1}},"line":7},"1":{"name":"(anonymous_1)","decl":{"start":{"line":14,"column":34},"end":{"line":14,"column":35}},"loc":{"start":{"line":14,"column":51},"end":{"line":38,"column":9}},"line":14},"2":{"name":"(anonymous_2)","decl":{"start":{"line":19,"column":27},"end":{"line":19,"column":28}},"loc":{"start":{"line":19,"column":34},"end":{"line":22,"column":19}},"line":19}},"branchMap":{"0":{"loc":{"start":{"line":27,"column":22},"end":{"line":29,"column":49}},"type":"cond-expr","locations":[{"start":{"line":28,"column":26},"end":{"line":28,"column":41}},{"start":{"line":29,"column":26},"end":{"line":29,"column":49}}],"line":27}},"s":{"0":0,"1":0,"2":0,"3":0,"4":1},"f":{"0":0,"1":0,"2":0},"b":{"0":[0,0]},"_coverageSchema":"1a1c01bbd47fc00a2c39e90264f33305004495a9","hash":"25c2f42a6224a81c1fbb20a58eb4a0b07ba01ae7"}
,"/home/runner/work/secure-client-hub/secure-client-hub/components/Card.js": {"path":"/home/runner/work/secure-client-hub/secure-client-hub/components/Card.js","statementMap":{"0":{"start":{"line":8,"column":30},"end":{"line":8,"column":45}},"1":{"start":{"line":10,"column":14},"end":{"line":10,"column":30}},"2":{"start":{"line":11,"column":18},"end":{"line":11,"column":37}},"3":{"start":{"line":12,"column":2},"end":{"line":14,"column":3}},"4":{"start":{"line":13,"column":4},"end":{"line":13,"column":62}},"5":{"start":{"line":16,"column":2},"end":{"line":65,"column":3}},"6":{"start":{"line":26,"column":31},"end":{"line":26,"column":38}},"7":{"start":{"line":27,"column":10},"end":{"line":27,"column":33}},"8":{"start":{"line":51,"column":14},"end":{"line":59,"column":15}},"9":{"start":{"line":68,"column":0},"end":{"line":76,"column":1}}},"fnMap":{"0":{"name":"Card","decl":{"start":{"line":7,"column":24},"end":{"line":7,"column":28}},"loc":{"start":{"line":7,"column":36},"end":{"line":66,"column":1}},"line":7},"1":{"name":"(anonymous_1)","decl":{"start":{"line":25,"column":17},"end":{"line":25,"column":18}},"loc":{"start":{"line":25,"column":23},"end":{"line":28,"column":9}},"line":25},"2":{"name":"(anonymous_2)","decl":{"start":{"line":50,"column":23},"end":{"line":50,"column":24}},"loc":{"start":{"line":50,"column":44},"end":{"line":60,"column":13}},"line":50}},"branchMap":{"0":{"loc":{"start":{"line":12,"column":2},"end":{"line":14,"column":3}},"type":"if","locations":[{"start":{"line":12,"column":2},"end":{"line":14,"column":3}},{"start":{},"end":{}}],"line":12},"1":{"loc":{"start":{"line":35,"column":7},"end":{"line":63,"column":7}},"type":"cond-expr","locations":[{"start":{"line":35,"column":17},"end":{"line":35,"column":21}},{"start":{"line":36,"column":8},"end":{"line":62,"column":14}}],"line":35},"2":{"loc":{"start":{"line":37,"column":11},"end":{"line":48,"column":11}},"type":"cond-expr","locations":[{"start":{"line":37,"column":28},"end":{"line":37,"column":32}},{"start":{"line":38,"column":12},"end":{"line":47,"column":18}}],"line":37}},"s":{"0":2,"1":2,"2":2,"3":2,"4":0,"5":2,"6":0,"7":0,"8":0,"9":1},"f":{"0":2,"1":0,"2":0},"b":{"0":[0,2],"1":[2,0],"2":[0,0]},"_coverageSchema":"1a1c01bbd47fc00a2c39e90264f33305004495a9","hash":"68a83fa6d1c7688db4d30765dedbc4e72acf84da"}
,"/home/runner/work/secure-client-hub/secure-client-hub/components/DateModified.js": {"path":"/home/runner/work/secure-client-hub/secure-client-hub/components/DateModified.js","statementMap":{"0":{"start":{"line":7,"column":2},"end":{"line":12,"column":3}},"1":{"start":{"line":15,"column":0},"end":{"line":18,"column":1}},"2":{"start":{"line":20,"column":0},"end":{"line":26,"column":1}}},"fnMap":{"0":{"name":"DateModified","decl":{"start":{"line":6,"column":24},"end":{"line":6,"column":36}},"loc":{"start":{"line":6,"column":44},"end":{"line":13,"column":1}},"line":6}},"branchMap":{},"s":{"0":2,"1":1,"2":1},"f":{"0":2},"b":{},"_coverageSchema":"1a1c01bbd47fc00a2c39e90264f33305004495a9","hash":"2e6c3a308a39b1e90cad6dfca85cf9b83a9dc26d"}
,"/home/runner/work/secure-client-hub/secure-client-hub/components/ExitBetaModal.js": {"path":"/home/runner/work/secure-client-hub/secure-client-hub/components/ExitBetaModal.js","statementMap":{"0":{"start":{"line":7,"column":2},"end":{"line":45,"column":3}},"1":{"start":{"line":48,"column":0},"end":{"line":58,"column":1}}},"fnMap":{"0":{"name":"ExitBetaModal","decl":{"start":{"line":6,"column":24},"end":{"line":6,"column":37}},"loc":{"start":{"line":6,"column":45},"end":{"line":46,"column":1}},"line":6}},"branchMap":{},"s":{"0":2,"1":2},"f":{"0":2},"b":{},"_coverageSchema":"1a1c01bbd47fc00a2c39e90264f33305004495a9","hash":"13abfd73366fc361dbfc5a4f65a16d1e2f3824a6"}
,"/home/runner/work/secure-client-hub/secure-client-hub/components/Layout.js": {"path":"/home/runner/work/secure-client-hub/secure-client-hub/components/Layout.js","statementMap":{"0":{"start":{"line":15,"column":18},"end":{"line":15,"column":37}},"1":{"start":{"line":16,"column":12},"end":{"line":16,"column":43}},"2":{"start":{"line":18,"column":29},"end":{"line":18,"column":31}},"3":{"start":{"line":20,"column":2},"end":{"line":22,"column":8}},"4":{"start":{"line":21,"column":4},"end":{"line":21,"column":38}},"5":{"start":{"line":24,"column":2},"end":{"line":76,"column":3}},"6":{"start":{"line":47,"column":12},"end":{"line":47,"column":49}},"7":{"start":{"line":83,"column":0},"end":{"line":85,"column":1}},"8":{"start":{"line":87,"column":0},"end":{"line":123,"column":1}}},"fnMap":{"0":{"name":"Layout","decl":{"start":{"line":14,"column":24},"end":{"line":14,"column":30}},"loc":{"start":{"line":14,"column":38},"end":{"line":77,"column":1}},"line":14},"1":{"name":"(anonymous_1)","decl":{"start":{"line":20,"column":12},"end":{"line":20,"column":13}},"loc":{"start":{"line":20,"column":18},"end":{"line":22,"column":3}},"line":20},"2":{"name":"(anonymous_2)","decl":{"start":{"line":46,"column":21},"end":{"line":46,"column":22}},"loc":{"start":{"line":46,"column":27},"end":{"line":48,"column":11}},"line":46},"3":{"name":"noRefCheck","decl":{"start":{"line":56,"column":29},"end":{"line":56,"column":39}},"loc":{"start":{"line":56,"column":42},"end":{"line":56,"column":44}},"line":56},"4":{"name":"noRefCheck","decl":{"start":{"line":57,"column":29},"end":{"line":57,"column":39}},"loc":{"start":{"line":57,"column":42},"end":{"line":57,"column":44}},"line":57}},"branchMap":{"0":{"loc":{"start":{"line":15,"column":18},"end":{"line":15,"column":37}},"type":"binary-expr","locations":[{"start":{"line":15,"column":18},"end":{"line":15,"column":31}},{"start":{"line":15,"column":35},"end":{"line":15,"column":37}}],"line":15},"1":{"loc":{"start":{"line":16,"column":12},"end":{"line":16,"column":43}},"type":"cond-expr","locations":[{"start":{"line":16,"column":36},"end":{"line":16,"column":38}},{"start":{"line":16,"column":41},"end":{"line":16,"column":43}}],"line":16},"2":{"loc":{"start":{"line":33,"column":10},"end":{"line":33,"column":76}},"type":"cond-expr","locations":[{"start":{"line":33,"column":34},"end":{"line":33,"column":55}},{"start":{"line":33,"column":58},"end":{"line":33,"column":76}}],"line":33},"3":{"loc":{"start":{"line":45,"column":28},"end":{"line":45,"column":62}},"type":"cond-expr","locations":[{"start":{"line":45,"column":52},"end":{"line":45,"column":54}},{"start":{"line":45,"column":57},"end":{"line":45,"column":62}}],"line":45},"4":{"loc":{"start":{"line":49,"column":26},"end":{"line":49,"column":60}},"type":"cond-expr","locations":[{"start":{"line":49,"column":50},"end":{"line":49,"column":52}},{"start":{"line":49,"column":55},"end":{"line":49,"column":60}}],"line":49},"5":{"loc":{"start":{"line":51,"column":12},"end":{"line":51,"column":46}},"type":"cond-expr","locations":[{"start":{"line":51,"column":36},"end":{"line":51,"column":38}},{"start":{"line":51,"column":41},"end":{"line":51,"column":46}}],"line":51},"6":{"loc":{"start":{"line":62,"column":9},"end":{"line":66,"column":9}},"type":"cond-expr","locations":[{"start":{"line":63,"column":10},"end":{"line":63,"column":24}},{"start":{"line":65,"column":10},"end":{"line":65,"column":61}}],"line":62}},"s":{"0":4,"1":4,"2":4,"3":4,"4":4,"5":4,"6":0,"7":2,"8":2},"f":{"0":4,"1":4,"2":0,"3":0,"4":0},"b":{"0":[4,4],"1":[3,1],"2":[0,4],"3":[3,1],"4":[3,1],"5":[3,1],"6":[0,4]},"_coverageSchema":"1a1c01bbd47fc00a2c39e90264f33305004495a9","hash":"6597565e6d2c97e25c71f2b1531002571e7a20cc"}
,"/home/runner/work/secure-client-hub/secure-client-hub/components/MetaData.js": {"path":"/home/runner/work/secure-client-hub/secure-client-hub/components/MetaData.js","statementMap":{"0":{"start":{"line":5,"column":12},"end":{"line":5,"column":77}},"1":{"start":{"line":7,"column":2},"end":{"line":19,"column":3}}},"fnMap":{"0":{"name":"MetaData","decl":{"start":{"line":4,"column":24},"end":{"line":4,"column":32}},"loc":{"start":{"line":4,"column":40},"end":{"line":20,"column":1}},"line":4}},"branchMap":{"0":{"loc":{"start":{"line":5,"column":12},"end":{"line":5,"column":77}},"type":"cond-expr","locations":[{"start":{"line":5,"column":38},"end":{"line":5,"column":56}},{"start":{"line":5,"column":59},"end":{"line":5,"column":77}}],"line":5}},"s":{"0":6,"1":6},"f":{"0":6},"b":{"0":[5,1]},"_coverageSchema":"1a1c01bbd47fc00a2c39e90264f33305004495a9","hash":"21cfbc8947187a5326ad7132edbd051d45789f8f"}
,"/home/runner/work/secure-client-hub/secure-client-hub/components/MostReqTasks.js": {"path":"/home/runner/work/secure-client-hub/secure-client-hub/components/MostReqTasks.js","statementMap":{"0":{"start":{"line":7,"column":2},"end":{"line":46,"column":3}},"1":{"start":{"line":17,"column":10},"end":{"line":42,"column":11}},"2":{"start":{"line":25,"column":20},"end":{"line":25,"column":38}},"3":{"start":{"line":26,"column":20},"end":{"line":26,"column":37}},"4":{"start":{"line":49,"column":0},"end":{"line":63,"column":1}}},"fnMap":{"0":{"name":"MostReqTasks","decl":{"start":{"line":6,"column":24},"end":{"line":6,"column":36}},"loc":{"start":{"line":6,"column":44},"end":{"line":47,"column":1}},"line":6},"1":{"name":"(anonymous_1)","decl":{"start":{"line":16,"column":36},"end":{"line":16,"column":37}},"loc":{"start":{"line":16,"column":53},"end":{"line":43,"column":9}},"line":16},"2":{"name":"(anonymous_2)","decl":{"start":{"line":24,"column":27},"end":{"line":24,"column":28}},"loc":{"start":{"line":24,"column":34},"end":{"line":27,"column":19}},"line":24}},"branchMap":{"0":{"loc":{"start":{"line":32,"column":22},"end":{"line":34,"column":49}},"type":"cond-expr","locations":[{"start":{"line":33,"column":26},"end":{"line":33,"column":41}},{"start":{"line":34,"column":26},"end":{"line":34,"column":49}}],"line":32}},"s":{"0":0,"1":0,"2":0,"3":0,"4":1},"f":{"0":0,"1":0,"2":0},"b":{"0":[0,0]},"_coverageSchema":"1a1c01bbd47fc00a2c39e90264f33305004495a9","hash":"a5e324752c4c86632e5fcbb65e98528ba744dfb6"}
,"/home/runner/work/secure-client-hub/secure-client-hub/components/PageLink.js": {"path":"/home/runner/work/secure-client-hub/secure-client-hub/components/PageLink.js","statementMap":{"0":{"start":{"line":6,"column":19},"end":{"line":6,"column":28}},"1":{"start":{"line":7,"column":15},"end":{"line":7,"column":50}},"2":{"start":{"line":9,"column":2},"end":{"line":39,"column":3}},"3":{"start":{"line":42,"column":0},"end":{"line":56,"column":1}}},"fnMap":{"0":{"name":"PageLink","decl":{"start":{"line":5,"column":24},"end":{"line":5,"column":32}},"loc":{"start":{"line":5,"column":40},"end":{"line":40,"column":1}},"line":5}},"branchMap":{},"s":{"0":2,"1":2,"2":2,"3":1},"f":{"0":2},"b":{},"_coverageSchema":"1a1c01bbd47fc00a2c39e90264f33305004495a9","hash":"a36a92e1225eef5ec06e036aaccdd56cca9f2e32"}
,"/home/runner/work/secure-client-hub/secure-client-hub/components/ViewMoreLessButton.js": {"path":"/home/runner/work/secure-client-hub/secure-client-hub/components/ViewMoreLessButton.js","statementMap":{"0":{"start":{"line":6,"column":2},"end":{"line":30,"column":3}},"1":{"start":{"line":33,"column":0},"end":{"line":42,"column":1}}},"fnMap":{"0":{"name":"ViewMoreLessButton","decl":{"start":{"line":5,"column":24},"end":{"line":5,"column":42}},"loc":{"start":{"line":5,"column":50},"end":{"line":31,"column":1}},"line":5}},"branchMap":{"0":{"loc":{"start":{"line":13,"column":21},"end":{"line":13,"column":52}},"type":"binary-expr","locations":[{"start":{"line":13,"column":21},"end":{"line":13,"column":39}},{"start":{"line":13,"column":43},"end":{"line":13,"column":52}}],"line":13},"1":{"loc":{"start":{"line":16,"column":9},"end":{"line":26,"column":9}},"type":"cond-expr","locations":[{"start":{"line":17,"column":10},"end":{"line":20,"column":12}},{"start":{"line":22,"column":10},"end":{"line":25,"column":12}}],"line":16}},"s":{"0":5,"1":2},"f":{"0":5},"b":{"0":[5,3],"1":[1,4]},"_coverageSchema":"1a1c01bbd47fc00a2c39e90264f33305004495a9","hash":"d953d2d41e72baea885e229d6d20ef57cec80d32"}
,"/home/runner/work/secure-client-hub/secure-client-hub/pages/404.js": {"path":"/home/runner/work/secure-client-hub/secure-client-hub/pages/404.js","statementMap":{"0":{"start":{"line":4,"column":2},"end":{"line":54,"column":3}},"1":{"start":{"line":59,"column":15},"end":{"line":72,"column":3}},"2":{"start":{"line":74,"column":2},"end":{"line":76,"column":3}}},"fnMap":{"0":{"name":"Custom404","decl":{"start":{"line":3,"column":24},"end":{"line":3,"column":33}},"loc":{"start":{"line":3,"column":36},"end":{"line":55,"column":1}},"line":3},"1":{"name":"getStaticProps","decl":{"start":{"line":57,"column":22},"end":{"line":57,"column":36}},"loc":{"start":{"line":57,"column":49},"end":{"line":77,"column":1}},"line":57}},"branchMap":{},"s":{"0":1,"1":1,"2":1},"f":{"0":1,"1":1},"b":{},"_coverageSchema":"1a1c01bbd47fc00a2c39e90264f33305004495a9","hash":"95f3df51fff2500a51fc23076986731c0adf288d"}
,"/home/runner/work/secure-client-hub/secure-client-hub/pages/_app.js": {"path":"/home/runner/work/secure-client-hub/secure-client-hub/pages/_app.js","statementMap":{},"fnMap":{"0":{"name":"MyApp","decl":{"start":{"line":4,"column":9},"end":{"line":4,"column":14}},"loc":{"start":{"line":4,"column":41},"end":{"line":21,"column":1}},"line":4}},"branchMap":{},"s":{},"f":{"0":1},"b":{},"_coverageSchema":"1a1c01bbd47fc00a2c39e90264f33305004495a9","hash":"2aa892ee2128ee2e1ee9d5871c4529fe092c1dae"}
,"/home/runner/work/secure-client-hub/secure-client-hub/pages/_error.js": {"path":"/home/runner/work/secure-client-hub/secure-client-hub/pages/_error.js","statementMap":{"0":{"start":{"line":4,"column":2},"end":{"line":62,"column":3}}},"fnMap":{"0":{"name":"CustomError","decl":{"start":{"line":3,"column":9},"end":{"line":3,"column":20}},"loc":{"start":{"line":3,"column":37},"end":{"line":63,"column":1}},"line":3}},"branchMap":{"0":{"loc":{"start":{"line":9,"column":11},"end":{"line":11,"column":43}},"type":"cond-expr","locations":[{"start":{"line":10,"column":14},"end":{"line":10,"column":57}},{"start":{"line":11,"column":14},"end":{"line":11,"column":43}}],"line":9},"1":{"loc":{"start":{"line":37,"column":11},"end":{"line":39,"column":45}},"type":"cond-expr","locations":[{"start":{"line":38,"column":14},"end":{"line":38,"column":36}},{"start":{"line":39,"column":14},"end":{"line":39,"column":45}}],"line":37}},"s":{"0":2},"f":{"0":2},"b":{"0":[1,1],"1":[1,1]},"_coverageSchema":"1a1c01bbd47fc00a2c39e90264f33305004495a9","hash":"25b117ffe105d4c82a350ff85f200b62615c138f"}
,"/home/runner/work/secure-client-hub/secure-client-hub/pages/index.js": {"path":"/home/runner/work/secure-client-hub/secure-client-hub/pages/index.js","statementMap":{"0":{"start":{"line":5,"column":2},"end":{"line":78,"column":3}},"1":{"start":{"line":81,"column":0},"end":{"line":83,"column":1}},"2":{"start":{"line":82,"column":2},"end":{"line":82,"column":20}},"3":{"start":{"line":89,"column":15},"end":{"line":102,"column":3}},"4":{"start":{"line":104,"column":2},"end":{"line":106,"column":3}}},"fnMap":{"0":{"name":"Index","decl":{"start":{"line":4,"column":24},"end":{"line":4,"column":29}},"loc":{"start":{"line":4,"column":37},"end":{"line":79,"column":1}},"line":4},"1":{"name":"PageLayout","decl":{"start":{"line":81,"column":27},"end":{"line":81,"column":37}},"loc":{"start":{"line":81,"column":44},"end":{"line":83,"column":1}},"line":81},"2":{"name":"getStaticProps","decl":{"start":{"line":85,"column":22},"end":{"line":85,"column":36}},"loc":{"start":{"line":85,"column":49},"end":{"line":107,"column":1}},"line":85}},"branchMap":{},"s":{"0":2,"1":2,"2":1,"3":1,"4":1},"f":{"0":2,"1":1,"2":1},"b":{},"_coverageSchema":"1a1c01bbd47fc00a2c39e90264f33305004495a9","hash":"e972dee1ff4765a941bc85c31eba88c47046a741"}
,"/home/runner/work/secure-client-hub/secure-client-hub/pages/my-dashboard.js": {"path":"/home/runner/work/secure-client-hub/secure-client-hub/pages/my-dashboard.js","statementMap":{"0":{"start":{"line":16,"column":35},"end":{"line":16,"column":56}},"1":{"start":{"line":19,"column":4},"end":{"line":19,"column":19}},"2":{"start":{"line":23,"column":4},"end":{"line":23,"column":20}},"3":{"start":{"line":26,"column":2},"end":{"line":52,"column":3}},"4":{"start":{"line":30,"column":8},"end":{"line":41,"column":9}},"5":{"start":{"line":56,"column":18},"end":{"line":60,"column":4}},"6":{"start":{"line":57,"column":4},"end":{"line":57,"column":23}},"7":{"start":{"line":58,"column":4},"end":{"line":58,"column":24}},"8":{"start":{"line":59,"column":4},"end":{"line":59,"column":15}},"9":{"start":{"line":66,"column":15},"end":{"line":79,"column":3}},"10":{"start":{"line":81,"column":2},"end":{"line":88,"column":3}},"11":{"start":{"line":91,"column":0},"end":{"line":101,"column":1}}},"fnMap":{"0":{"name":"MyDashboard","decl":{"start":{"line":12,"column":24},"end":{"line":12,"column":35}},"loc":{"start":{"line":12,"column":43},"end":{"line":53,"column":1}},"line":12},"1":{"name":"openModal","decl":{"start":{"line":18,"column":11},"end":{"line":18,"column":20}},"loc":{"start":{"line":18,"column":23},"end":{"line":20,"column":3}},"line":18},"2":{"name":"closeModal","decl":{"start":{"line":22,"column":11},"end":{"line":22,"column":21}},"loc":{"start":{"line":22,"column":24},"end":{"line":24,"column":3}},"line":22},"3":{"name":"(anonymous_3)","decl":{"start":{"line":29,"column":31},"end":{"line":29,"column":32}},"loc":{"start":{"line":29,"column":41},"end":{"line":42,"column":7}},"line":29},"4":{"name":"getServerSideProps","decl":{"start":{"line":55,"column":22},"end":{"line":55,"column":40}},"loc":{"start":{"line":55,"column":58},"end":{"line":89,"column":1}},"line":55},"5":{"name":"(anonymous_5)","decl":{"start":{"line":56,"column":54},"end":{"line":56,"column":55}},"loc":{"start":{"line":56,"column":65},"end":{"line":60,"column":3}},"line":56}},"branchMap":{"0":{"loc":{"start":{"line":85,"column":15},"end":{"line":85,"column":56}},"type":"cond-expr","locations":[{"start":{"line":85,"column":33},"end":{"line":85,"column":43}},{"start":{"line":85,"column":46},"end":{"line":85,"column":56}}],"line":85}},"s":{"0":2,"1":0,"2":0,"3":2,"4":2,"5":1,"6":0,"7":0,"8":0,"9":1,"10":1,"11":1},"f":{"0":2,"1":0,"2":0,"3":2,"4":1,"5":0},"b":{"0":[1,0]},"_coverageSchema":"1a1c01bbd47fc00a2c39e90264f33305004495a9","hash":"0f4000a0c487b7dc4fe7b65f08205e1bf388ae21"}
,"/home/runner/work/secure-client-hub/secure-client-hub/pages/profile.js": {"path":"/home/runner/work/secure-client-hub/secure-client-hub/pages/profile.js","statementMap":{"0":{"start":{"line":13,"column":0},"end":{"line":13,"column":34}},"1":{"start":{"line":19,"column":35},"end":{"line":19,"column":56}},"2":{"start":{"line":22,"column":4},"end":{"line":22,"column":19}},"3":{"start":{"line":26,"column":4},"end":{"line":26,"column":20}},"4":{"start":{"line":29,"column":2},"end":{"line":66,"column":3}},"5":{"start":{"line":33,"column":8},"end":{"line":44,"column":9}},"6":{"start":{"line":70,"column":18},"end":{"line":74,"column":4}},"7":{"start":{"line":71,"column":4},"end":{"line":71,"column":23}},"8":{"start":{"line":73,"column":4},"end":{"line":73,"column":15}},"9":{"start":{"line":79,"column":12},"end":{"line":79,"column":37}},"10":{"start":{"line":81,"column":26},"end":{"line":86,"column":3}},"11":{"start":{"line":89,"column":15},"end":{"line":102,"column":3}},"12":{"start":{"line":104,"column":2},"end":{"line":112,"column":3}},"13":{"start":{"line":115,"column":0},"end":{"line":125,"column":1}}},"fnMap":{"0":{"name":"Profile","decl":{"start":{"line":15,"column":24},"end":{"line":15,"column":31}},"loc":{"start":{"line":15,"column":39},"end":{"line":67,"column":1}},"line":15},"1":{"name":"openModal","decl":{"start":{"line":21,"column":11},"end":{"line":21,"column":20}},"loc":{"start":{"line":21,"column":23},"end":{"line":23,"column":3}},"line":21},"2":{"name":"closeModal","decl":{"start":{"line":25,"column":11},"end":{"line":25,"column":21}},"loc":{"start":{"line":25,"column":24},"end":{"line":27,"column":3}},"line":25},"3":{"name":"(anonymous_3)","decl":{"start":{"line":32,"column":31},"end":{"line":32,"column":32}},"loc":{"start":{"line":32,"column":41},"end":{"line":45,"column":7}},"line":32},"4":{"name":"getStaticProps","decl":{"start":{"line":69,"column":22},"end":{"line":69,"column":36}},"loc":{"start":{"line":69,"column":54},"end":{"line":113,"column":1}},"line":69},"5":{"name":"(anonymous_5)","decl":{"start":{"line":70,"column":50},"end":{"line":70,"column":51}},"loc":{"start":{"line":70,"column":61},"end":{"line":74,"column":3}},"line":70}},"branchMap":{"0":{"loc":{"start":{"line":79,"column":12},"end":{"line":79,"column":37}},"type":"cond-expr","locations":[{"start":{"line":79,"column":30},"end":{"line":79,"column":32}},{"start":{"line":79,"column":35},"end":{"line":79,"column":37}}],"line":79},"1":{"loc":{"start":{"line":108,"column":15},"end":{"line":108,"column":56}},"type":"cond-expr","locations":[{"start":{"line":108,"column":33},"end":{"line":108,"column":43}},{"start":{"line":108,"column":46},"end":{"line":108,"column":56}}],"line":108}},"s":{"0":0,"1":0,"2":0,"3":0,"4":0,"5":0,"6":0,"7":0,"8":0,"9":0,"10":0,"11":0,"12":0,"13":0},"f":{"0":0,"1":0,"2":0,"3":0,"4":0,"5":0},"b":{"0":[0,0],"1":[0,0]}}
,"/home/runner/work/secure-client-hub/secure-client-hub/pages/security-settings.js": {"path":"/home/runner/work/secure-client-hub/secure-client-hub/pages/security-settings.js","statementMap":{"0":{"start":{"line":10,"column":12},"end":{"line":10,"column":43}},"1":{"start":{"line":12,"column":2},"end":{"line":43,"column":3}},"2":{"start":{"line":47,"column":18},"end":{"line":51,"column":4}},"3":{"start":{"line":48,"column":4},"end":{"line":48,"column":23}},"4":{"start":{"line":50,"column":4},"end":{"line":50,"column":15}},"5":{"start":{"line":56,"column":12},"end":{"line":56,"column":37}},"6":{"start":{"line":58,"column":26},"end":{"line":63,"column":3}},"7":{"start":{"line":66,"column":15},"end":{"line":79,"column":3}},"8":{"start":{"line":81,"column":2},"end":{"line":89,"column":3}},"9":{"start":{"line":92,"column":0},"end":{"line":124,"column":1}}},"fnMap":{"0":{"name":"SecuritySettings","decl":{"start":{"line":9,"column":24},"end":{"line":9,"column":40}},"loc":{"start":{"line":9,"column":48},"end":{"line":44,"column":1}},"line":9},"1":{"name":"getStaticProps","decl":{"start":{"line":46,"column":22},"end":{"line":46,"column":36}},"loc":{"start":{"line":46,"column":54},"end":{"line":90,"column":1}},"line":46},"2":{"name":"(anonymous_2)","decl":{"start":{"line":47,"column":59},"end":{"line":47,"column":60}},"loc":{"start":{"line":47,"column":70},"end":{"line":51,"column":3}},"line":47}},"branchMap":{"0":{"loc":{"start":{"line":10,"column":12},"end":{"line":10,"column":43}},"type":"cond-expr","locations":[{"start":{"line":10,"column":36},"end":{"line":10,"column":38}},{"start":{"line":10,"column":41},"end":{"line":10,"column":43}}],"line":10},"1":{"loc":{"start":{"line":56,"column":12},"end":{"line":56,"column":37}},"type":"cond-expr","locations":[{"start":{"line":56,"column":30},"end":{"line":56,"column":32}},{"start":{"line":56,"column":35},"end":{"line":56,"column":37}}],"line":56},"2":{"loc":{"start":{"line":85,"column":15},"end":{"line":85,"column":56}},"type":"cond-expr","locations":[{"start":{"line":85,"column":33},"end":{"line":85,"column":43}},{"start":{"line":85,"column":46},"end":{"line":85,"column":56}}],"line":85}},"s":{"0":0,"1":0,"2":0,"3":0,"4":0,"5":0,"6":0,"7":0,"8":0,"9":0},"f":{"0":0,"1":0,"2":0},"b":{"0":[0,0],"1":[0,0],"2":[0,0]}}
,"/home/runner/work/secure-client-hub/secure-client-hub/pages/api/metrics.js": {"path":"/home/runner/work/secure-client-hub/secure-client-hub/pages/api/metrics.js","statementMap":{},"fnMap":{},"branchMap":{},"s":{},"f":{},"b":{}}
}
