<?xml version="1.0" encoding="UTF-8"?>
<coverage generated="1664895062942" clover="3.2.0">
  <project timestamp="1664895062942" name="All files">
    <metrics statements="34" coveredstatements="25" conditionals="24" coveredconditionals="12" methods="20" coveredmethods="12" elements="78" coveredelements="49" complexity="0" loc="34" ncloc="34" packages="3" files="11" classes="11"/>
    <package name="components">
      <metrics statements="12" coveredstatements="11" conditionals="10" coveredconditionals="8" methods="6" coveredmethods="3"/>
      <file name="DateModified.js" path="/home/runner/work/secure-client-hub/secure-client-hub/components/DateModified.js">
        <metrics statements="3" coveredstatements="3" conditionals="0" coveredconditionals="0" methods="1" coveredmethods="1"/>
        <line num="7" count="2" type="stmt"/>
        <line num="15" count="1" type="stmt"/>
        <line num="20" count="1" type="stmt"/>
      </file>
      <file name="Layout.js" path="/home/runner/work/secure-client-hub/secure-client-hub/components/Layout.js">
        <metrics statements="7" coveredstatements="6" conditionals="8" coveredconditionals="6" methods="4" coveredmethods="1"/>
        <line num="13" count="4" type="cond" truecount="2" falsecount="0"/>
        <line num="14" count="4" type="cond" truecount="2" falsecount="0"/>
        <line num="16" count="4" type="stmt"/>
        <line num="27" count="4" type="stmt"/>
        <line num="52" count="0" type="stmt"/>
        <line num="86" count="2" type="stmt"/>
        <line num="90" count="2" type="stmt"/>
      </file>
      <file name="MetaData.js" path="/home/runner/work/secure-client-hub/secure-client-hub/components/MetaData.js">
        <metrics statements="2" coveredstatements="2" conditionals="2" coveredconditionals="2" methods="1" coveredmethods="1"/>
        <line num="5" count="6" type="cond" truecount="2" falsecount="0"/>
        <line num="7" count="6" type="stmt"/>
      </file>
    </package>
    <package name="pages">
      <metrics statements="22" coveredstatements="14" conditionals="14" coveredconditionals="4" methods="14" coveredmethods="9"/>
      <file name="404.js" path="/home/runner/work/secure-client-hub/secure-client-hub/pages/404.js">
        <metrics statements="3" coveredstatements="3" conditionals="0" coveredconditionals="0" methods="2" coveredmethods="2"/>
        <line num="4" count="1" type="stmt"/>
        <line num="59" count="1" type="stmt"/>
        <line num="74" count="1" type="stmt"/>
      </file>
      <file name="_app.js" path="/home/runner/work/secure-client-hub/secure-client-hub/pages/_app.js">
        <metrics statements="0" coveredstatements="0" conditionals="0" coveredconditionals="0" methods="1" coveredmethods="1"/>
      </file>
      <file name="_error.js" path="/home/runner/work/secure-client-hub/secure-client-hub/pages/_error.js">
        <metrics statements="1" coveredstatements="1" conditionals="4" coveredconditionals="4" methods="1" coveredmethods="1"/>
        <line num="4" count="2" type="stmt"/>
      </file>
      <file name="home.js" path="/home/runner/work/secure-client-hub/secure-client-hub/pages/home.js">
        <metrics statements="5" coveredstatements="5" conditionals="0" coveredconditionals="0" methods="2" coveredmethods="2"/>
        <line num="12" count="1" type="stmt"/>
        <line num="21" count="1" type="stmt"/>
        <line num="27" count="1" type="stmt"/>
        <line num="42" count="1" type="stmt"/>
        <line num="47" count="1" type="stmt"/>
      </file>
      <file name="index.js" path="/home/runner/work/secure-client-hub/secure-client-hub/pages/index.js">
        <metrics statements="5" coveredstatements="5" conditionals="0" coveredconditionals="0" methods="3" coveredmethods="3"/>
        <line num="5" count="2" type="stmt"/>
        <line num="81" count="2" type="stmt"/>
        <line num="82" count="1" type="stmt"/>
        <line num="89" count="1" type="stmt"/>
        <line num="104" count="1" type="stmt"/>
      </file>
      <file name="serverSideExample.js" path="/home/runner/work/secure-client-hub/secure-client-hub/pages/serverSideExample.js">
        <metrics statements="8" coveredstatements="0" conditionals="10" coveredconditionals="0" methods="5" coveredmethods="0"/>
        <line num="4" count="0" type="stmt"/>
        <line num="6" count="0" type="stmt"/>
        <line num="7" count="0" type="stmt"/>
        <line num="8" count="0" type="stmt"/>
        <line num="10" count="0" type="stmt"/>
        <line num="13" count="0" type="stmt"/>
        <line num="60" count="0" type="stmt"/>
        <line num="75" count="0" type="stmt"/>
      </file>
    </package>
    <package name="pages.api">
      <metrics statements="0" coveredstatements="0" conditionals="0" coveredconditionals="0" methods="0" coveredmethods="0"/>
      <file name="envAPIExample.js" path="/home/runner/work/secure-client-hub/secure-client-hub/pages/api/envAPIExample.js">
        <metrics statements="0" coveredstatements="0" conditionals="0" coveredconditionals="0" methods="0" coveredmethods="0"/>
      </file>
      <file name="metrics.js" path="/home/runner/work/secure-client-hub/secure-client-hub/pages/api/metrics.js">
        <metrics statements="0" coveredstatements="0" conditionals="0" coveredconditionals="0" methods="0" coveredmethods="0"/>
      </file>
    </package>
  </project>
</coverage>
