<?xml version="1.0" encoding="UTF-8"?>
<coverage generated="1667322678711" clover="3.2.0">
  <project timestamp="1667322678711" name="All files">
    <metrics statements="94" coveredstatements="51" conditionals="44" coveredconditionals="25" methods="45" coveredmethods="22" elements="183" coveredelements="98" complexity="0" loc="94" ncloc="94" packages="3" files="20" classes="20"/>
    <package name="components">
      <metrics statements="44" coveredstatements="33" conditionals="28" coveredconditionals="20" methods="22" coveredmethods="12"/>
      <file name="BackToButton.js" path="/home/runner/work/secure-client-hub/secure-client-hub/components/BackToButton.js">
        <metrics statements="2" coveredstatements="2" conditionals="0" coveredconditionals="0" methods="1" coveredmethods="1"/>
        <line num="5" count="2" type="stmt"/>
        <line num="21" count="1" type="stmt"/>
      </file>
      <file name="BenefitTasks.js" path="/home/runner/work/secure-client-hub/secure-client-hub/components/BenefitTasks.js">
        <metrics statements="5" coveredstatements="1" conditionals="2" coveredconditionals="0" methods="3" coveredmethods="0"/>
        <line num="8" count="0" type="stmt"/>
        <line num="15" count="0" type="stmt"/>
        <line num="20" count="0" type="stmt"/>
        <line num="21" count="0" type="stmt"/>
        <line num="49" count="1" type="stmt"/>
      </file>
      <file name="Card.js" path="/home/runner/work/secure-client-hub/secure-client-hub/components/Card.js">
        <metrics statements="5" coveredstatements="3" conditionals="2" coveredconditionals="1" methods="2" coveredmethods="1"/>
        <line num="6" count="2" type="stmt"/>
        <line num="8" count="2" type="stmt"/>
        <line num="18" count="0" type="stmt"/>
        <line num="19" count="0" type="stmt"/>
        <line num="31" count="1" type="stmt"/>
      </file>
      <file name="DateModified.js" path="/home/runner/work/secure-client-hub/secure-client-hub/components/DateModified.js">
        <metrics statements="3" coveredstatements="3" conditionals="0" coveredconditionals="0" methods="1" coveredmethods="1"/>
        <line num="7" count="2" type="stmt"/>
        <line num="15" count="1" type="stmt"/>
        <line num="20" count="1" type="stmt"/>
      </file>
      <file name="ExitBetaModal.js" path="/home/runner/work/secure-client-hub/secure-client-hub/components/ExitBetaModal.js">
        <metrics statements="2" coveredstatements="2" conditionals="0" coveredconditionals="0" methods="1" coveredmethods="1"/>
        <line num="7" count="2" type="stmt"/>
        <line num="48" count="2" type="stmt"/>
      </file>
      <file name="Layout.js" path="/home/runner/work/secure-client-hub/secure-client-hub/components/Layout.js">
        <metrics statements="9" coveredstatements="8" conditionals="14" coveredconditionals="12" methods="5" coveredmethods="2"/>
        <line num="16" count="4" type="cond" truecount="2" falsecount="0"/>
        <line num="17" count="4" type="cond" truecount="2" falsecount="0"/>
        <line num="19" count="4" type="stmt"/>
        <line num="21" count="4" type="stmt"/>
        <line num="22" count="4" type="stmt"/>
        <line num="25" count="4" type="stmt"/>
        <line num="54" count="0" type="stmt"/>
        <line num="90" count="2" type="stmt"/>
        <line num="94" count="2" type="stmt"/>
      </file>
      <file name="MetaData.js" path="/home/runner/work/secure-client-hub/secure-client-hub/components/MetaData.js">
        <metrics statements="2" coveredstatements="2" conditionals="2" coveredconditionals="2" methods="1" coveredmethods="1"/>
        <line num="5" count="6" type="cond" truecount="2" falsecount="0"/>
        <line num="7" count="6" type="stmt"/>
      </file>
      <file name="MostReqTasks.js" path="/home/runner/work/secure-client-hub/secure-client-hub/components/MostReqTasks.js">
        <metrics statements="5" coveredstatements="1" conditionals="2" coveredconditionals="0" methods="3" coveredmethods="0"/>
        <line num="7" count="0" type="stmt"/>
        <line num="17" count="0" type="stmt"/>
        <line num="25" count="0" type="stmt"/>
        <line num="26" count="0" type="stmt"/>
        <line num="54" count="1" type="stmt"/>
      </file>
      <file name="PageLink.js" path="/home/runner/work/secure-client-hub/secure-client-hub/components/PageLink.js">
        <metrics statements="4" coveredstatements="4" conditionals="0" coveredconditionals="0" methods="1" coveredmethods="1"/>
        <line num="6" count="2" type="stmt"/>
        <line num="7" count="2" type="stmt"/>
        <line num="9" count="2" type="stmt"/>
        <line num="42" count="1" type="stmt"/>
      </file>
      <file name="PhaseBanner.js" path="/home/runner/work/secure-client-hub/secure-client-hub/components/PhaseBanner.js">
        <metrics statements="2" coveredstatements="2" conditionals="0" coveredconditionals="0" methods="1" coveredmethods="1"/>
        <line num="11" count="6" type="stmt"/>
        <line num="39" count="3" type="stmt"/>
      </file>
      <file name="ProfileTasks.js" path="/home/runner/work/secure-client-hub/secure-client-hub/components/ProfileTasks.js">
        <metrics statements="3" coveredstatements="3" conditionals="2" coveredconditionals="1" methods="2" coveredmethods="2"/>
        <line num="7" count="2" type="stmt"/>
        <line num="14" count="2" type="stmt"/>
        <line num="49" count="1" type="stmt"/>
      </file>
      <file name="ViewMoreLessButton.js" path="/home/runner/work/secure-client-hub/secure-client-hub/components/ViewMoreLessButton.js">
        <metrics statements="2" coveredstatements="2" conditionals="4" coveredconditionals="4" methods="1" coveredmethods="1"/>
        <line num="6" count="5" type="stmt"/>
        <line num="33" count="2" type="stmt"/>
      </file>
    </package>
    <package name="pages">
      <metrics statements="50" coveredstatements="18" conditionals="16" coveredconditionals="5" methods="23" coveredmethods="10"/>
      <file name="404.js" path="/home/runner/work/secure-client-hub/secure-client-hub/pages/404.js">
        <metrics statements="3" coveredstatements="3" conditionals="0" coveredconditionals="0" methods="2" coveredmethods="2"/>
        <line num="4" count="1" type="stmt"/>
        <line num="59" count="1" type="stmt"/>
        <line num="74" count="1" type="stmt"/>
      </file>
      <file name="_app.js" path="/home/runner/work/secure-client-hub/secure-client-hub/pages/_app.js">
        <metrics statements="0" coveredstatements="0" conditionals="0" coveredconditionals="0" methods="1" coveredmethods="1"/>
      </file>
      <file name="_error.js" path="/home/runner/work/secure-client-hub/secure-client-hub/pages/_error.js">
        <metrics statements="1" coveredstatements="1" conditionals="4" coveredconditionals="4" methods="1" coveredmethods="1"/>
        <line num="4" count="2" type="stmt"/>
      </file>
      <file name="index.js" path="/home/runner/work/secure-client-hub/secure-client-hub/pages/index.js">
        <metrics statements="5" coveredstatements="5" conditionals="0" coveredconditionals="0" methods="3" coveredmethods="3"/>
        <line num="5" count="2" type="stmt"/>
        <line num="81" count="2" type="stmt"/>
        <line num="82" count="1" type="stmt"/>
        <line num="89" count="1" type="stmt"/>
        <line num="104" count="1" type="stmt"/>
      </file>
      <file name="my-dashboard.js" path="/home/runner/work/secure-client-hub/secure-client-hub/pages/my-dashboard.js">
        <metrics statements="15" coveredstatements="9" conditionals="2" coveredconditionals="1" methods="7" coveredmethods="3"/>
        <line num="18" count="2" type="stmt"/>
        <line num="21" count="0" type="stmt"/>
        <line num="25" count="0" type="stmt"/>
        <line num="28" count="2" type="stmt"/>
        <line num="32" count="2" type="stmt"/>
        <line num="33" count="2" type="stmt"/>
        <line num="34" count="2" type="stmt"/>
        <line num="57" count="0" type="stmt"/>
        <line num="84" count="1" type="stmt"/>
        <line num="85" count="0" type="stmt"/>
        <line num="86" count="0" type="stmt"/>
        <line num="87" count="0" type="stmt"/>
        <line num="94" count="1" type="stmt"/>
        <line num="109" count="1" type="stmt"/>
        <line num="119" count="1" type="stmt"/>
      </file>
      <file name="profile.js" path="/home/runner/work/secure-client-hub/secure-client-hub/pages/profile.js">
        <metrics statements="16" coveredstatements="0" conditionals="4" coveredconditionals="0" methods="6" coveredmethods="0"/>
        <line num="14" count="0" type="stmt"/>
        <line num="20" count="0" type="stmt"/>
        <line num="23" count="0" type="stmt"/>
        <line num="27" count="0" type="stmt"/>
        <line num="30" count="0" type="stmt"/>
        <line num="34" count="0" type="stmt"/>
        <line num="35" count="0" type="stmt"/>
        <line num="36" count="0" type="stmt"/>
        <line num="82" count="0" type="stmt"/>
        <line num="83" count="0" type="stmt"/>
        <line num="85" count="0" type="stmt"/>
        <line num="91" count="0" type="cond" truecount="0" falsecount="2"/>
        <line num="93" count="0" type="stmt"/>
        <line num="101" count="0" type="stmt"/>
        <line num="116" count="0" type="stmt"/>
        <line num="127" count="0" type="stmt"/>
      </file>
      <file name="security-settings.js" path="/home/runner/work/secure-client-hub/secure-client-hub/pages/security-settings.js">
        <metrics statements="10" coveredstatements="0" conditionals="6" coveredconditionals="0" methods="3" coveredmethods="0"/>
        <line num="10" count="0" type="cond" truecount="0" falsecount="2"/>
        <line num="12" count="0" type="stmt"/>
        <line num="47" count="0" type="stmt"/>
        <line num="48" count="0" type="stmt"/>
        <line num="50" count="0" type="stmt"/>
        <line num="56" count="0" type="cond" truecount="0" falsecount="2"/>
        <line num="58" count="0" type="stmt"/>
        <line num="66" count="0" type="stmt"/>
        <line num="81" count="0" type="stmt"/>
        <line num="92" count="0" type="stmt"/>
      </file>
    </package>
    <package name="pages.api">
      <metrics statements="0" coveredstatements="0" conditionals="0" coveredconditionals="0" methods="0" coveredmethods="0"/>
      <file name="metrics.js" path="/home/runner/work/secure-client-hub/secure-client-hub/pages/api/metrics.js">
        <metrics statements="0" coveredstatements="0" conditionals="0" coveredconditionals="0" methods="0" coveredmethods="0"/>
      </file>
    </package>
  </project>
</coverage>
