TN:
SF:components/BackToButton.js
FN:4,BackToButton
FNF:1
FNH:1
FNDA:2,BackToButton
DA:5,2
DA:21,1
LF:2
LH:2
BRF:0
BRH:0
end_of_record
TN:
SF:components/BenefitTasks.js
FN:7,BenefitTasks
FN:14,(anonymous_1)
FN:19,(anonymous_2)
FNF:3
FNH:0
FNDA:0,BenefitTasks
FNDA:0,(anonymous_1)
FNDA:0,(anonymous_2)
DA:8,0
DA:15,0
DA:20,0
DA:21,0
DA:49,1
LF:5
LH:1
BRDA:27,0,0,0
BRDA:27,0,1,0
BRF:2
BRH:0
end_of_record
TN:
SF:components/Card.js
FN:5,Card
FN:17,(anonymous_1)
FNF:2
FNH:1
FNDA:2,Card
FNDA:0,(anonymous_1)
DA:6,2
DA:8,2
DA:18,0
DA:19,0
DA:31,1
LF:5
LH:3
BRDA:26,0,0,2
BRDA:26,0,1,0
BRF:2
BRH:1
end_of_record
TN:
SF:components/DateModified.js
FN:6,DateModified
FNF:1
FNH:1
FNDA:2,DateModified
DA:7,2
DA:15,1
DA:20,1
LF:3
LH:3
BRF:0
BRH:0
end_of_record
TN:
SF:components/ExitBetaModal.js
FN:6,ExitBetaModal
FNF:1
FNH:1
FNDA:2,ExitBetaModal
DA:7,2
DA:48,2
LF:2
LH:2
BRF:0
BRH:0
end_of_record
TN:
SF:components/Layout.js
FN:15,Layout
FN:21,(anonymous_1)
FN:53,(anonymous_2)
FN:63,noRefCheck
FN:64,noRefCheck
FNF:5
FNH:2
FNDA:4,Layout
FNDA:4,(anonymous_1)
FNDA:0,(anonymous_2)
FNDA:0,noRefCheck
FNDA:0,noRefCheck
DA:16,4
DA:17,4
DA:19,4
DA:21,4
DA:22,4
DA:25,4
DA:54,0
DA:90,2
DA:94,2
LF:9
LH:8
BRDA:16,0,0,4
BRDA:16,0,1,4
BRDA:17,1,0,3
BRDA:17,1,1,1
BRDA:40,2,0,0
BRDA:40,2,1,4
BRDA:52,3,0,3
BRDA:52,3,1,1
BRDA:56,4,0,3
BRDA:56,4,1,1
BRDA:58,5,0,3
BRDA:58,5,1,1
BRDA:69,6,0,0
BRDA:69,6,1,4
BRF:14
BRH:12
end_of_record
TN:
SF:components/MetaData.js
FN:4,MetaData
FNF:1
FNH:1
FNDA:6,MetaData
DA:5,6
DA:7,6
LF:2
LH:2
BRDA:5,0,0,5
BRDA:5,0,1,1
BRF:2
BRH:2
end_of_record
TN:
SF:components/MostReqTasks.js
FN:6,MostReqTasks
FN:16,(anonymous_1)
FN:24,(anonymous_2)
FNF:3
FNH:0
FNDA:0,MostReqTasks
FNDA:0,(anonymous_1)
FNDA:0,(anonymous_2)
DA:7,0
DA:17,0
DA:25,0
DA:26,0
DA:54,1
LF:5
LH:1
BRDA:32,0,0,0
BRDA:32,0,1,0
BRF:2
BRH:0
end_of_record
TN:
SF:components/PageLink.js
FN:5,PageLink
FNF:1
FNH:1
FNDA:2,PageLink
DA:6,2
DA:7,2
DA:9,2
DA:42,1
LF:4
LH:4
BRF:0
BRH:0
end_of_record
TN:
SF:components/PhaseBanner.js
FN:10,PhaseBanner
FNF:1
FNH:1
FNDA:6,PhaseBanner
DA:11,6
DA:39,3
LF:2
LH:2
BRF:0
BRH:0
end_of_record
TN:
SF:components/ProfileTasks.js
FN:6,ProfileTasks
FN:13,(anonymous_1)
FNF:2
FNH:2
FNDA:2,ProfileTasks
FNDA:2,(anonymous_1)
DA:7,2
DA:14,2
DA:49,1
LF:3
LH:3
BRDA:26,0,0,0
BRDA:26,0,1,2
BRF:2
BRH:1
end_of_record
TN:
SF:components/ViewMoreLessButton.js
FN:5,ViewMoreLessButton
FNF:1
FNH:1
FNDA:5,ViewMoreLessButton
DA:6,5
DA:33,2
LF:2
LH:2
BRDA:13,0,0,5
BRDA:13,0,1,3
BRDA:16,1,0,1
BRDA:16,1,1,4
BRF:4
BRH:4
end_of_record
TN:
SF:pages/404.js
FN:3,Custom404
FN:57,getStaticProps
FNF:2
FNH:2
FNDA:1,Custom404
FNDA:1,getStaticProps
DA:4,1
DA:59,1
DA:74,1
LF:3
LH:3
BRF:0
BRH:0
end_of_record
TN:
SF:pages/_app.js
FN:4,MyApp
FNF:1
FNH:1
FNDA:1,MyApp
LF:0
LH:0
BRF:0
BRH:0
end_of_record
TN:
SF:pages/_error.js
FN:3,CustomError
FNF:1
FNH:1
FNDA:2,CustomError
DA:4,2
LF:1
LH:1
BRDA:9,0,0,1
BRDA:9,0,1,1
BRDA:37,1,0,1
BRDA:37,1,1,1
BRF:4
BRH:4
end_of_record
TN:
SF:pages/index.js
FN:4,Index
FN:81,PageLayout
FN:85,getStaticProps
FNF:3
FNH:3
FNDA:2,Index
FNDA:1,PageLayout
FNDA:1,getStaticProps
DA:5,2
DA:81,2
DA:82,1
DA:89,1
DA:104,1
LF:5
LH:5
BRF:0
BRH:0
end_of_record
TN:
SF:pages/my-dashboard.js
FN:14,MyDashboard
FN:20,openModal
FN:24,closeModal
FN:31,(anonymous_3)
FN:61,(anonymous_4)
FN:88,getServerSideProps
FN:89,(anonymous_6)
FNF:7
FNH:3
FNDA:2,MyDashboard
FNDA:0,openModal
FNDA:0,closeModal
FNDA:2,(anonymous_3)
FNDA:0,(anonymous_4)
FNDA:1,getServerSideProps
FNDA:0,(anonymous_6)
DA:18,2
DA:21,0
DA:25,0
DA:28,2
DA:32,2
DA:33,2
DA:34,2
DA:35,0
DA:37,2
DA:62,0
DA:89,1
DA:90,0
DA:91,0
DA:92,0
DA:99,1
DA:114,1
DA:124,1
LF:17
LH:10
BRDA:34,0,0,0
BRDA:34,0,1,2
BRDA:118,1,0,1
BRDA:118,1,1,0
BRF:4
BRH:2
end_of_record
TN:
SF:pages/profile.js
FN:16,Profile
FN:22,openModal
FN:26,closeModal
FN:33,(anonymous_3)
FN:81,getStaticProps
FN:82,(anonymous_5)
FNF:6
FNH:0
FNDA:0,Profile
FNDA:0,openModal
FNDA:0,closeModal
FNDA:0,(anonymous_3)
FNDA:0,getStaticProps
FNDA:0,(anonymous_5)
DA:14,0
DA:20,0
DA:23,0
DA:27,0
DA:30,0
DA:34,0
DA:35,0
DA:36,0
DA:82,0
DA:83,0
DA:85,0
DA:91,0
DA:93,0
DA:101,0
DA:116,0
DA:127,0
LF:16
LH:0
BRDA:91,0,0,0
BRDA:91,0,1,0
BRDA:120,1,0,0
BRDA:120,1,1,0
BRF:4
BRH:0
end_of_record
TN:
SF:pages/security-settings.js
FN:9,SecuritySettings
FN:46,getStaticProps
FN:47,(anonymous_2)
FNF:3
FNH:0
FNDA:0,SecuritySettings
FNDA:0,getStaticProps
FNDA:0,(anonymous_2)
DA:10,0
DA:12,0
DA:47,0
DA:48,0
DA:50,0
DA:56,0
DA:58,0
DA:66,0
DA:81,0
DA:92,0
LF:10
LH:0
BRDA:10,0,0,0
BRDA:10,0,1,0
BRDA:56,1,0,0
BRDA:56,1,1,0
BRDA:85,2,0,0
BRDA:85,2,1,0
BRF:6
BRH:0
end_of_record
TN:
SF:pages/api/metrics.js
FNF:0
FNH:0
LF:0
LH:0
BRF:0
BRH:0
end_of_record
