TN:
SF:components/BackToButton.js
FN:4,BackToButton
FNF:1
FNH:1
FNDA:3,BackToButton
DA:5,3
DA:22,2
LF:2
LH:2
BRF:0
BRH:0
end_of_record
TN:
SF:components/BenefitTasks.js
FN:6,BenefitTasks
FN:26,(anonymous_1)
FN:40,(anonymous_2)
FNF:3
FNH:0
FNDA:0,BenefitTasks
FNDA:0,(anonymous_1)
FNDA:0,(anonymous_2)
DA:7,0
DA:17,0
DA:27,0
DA:42,0
DA:46,0
DA:47,0
DA:77,1
LF:7
LH:1
BRDA:36,0,0,0
BRDA:36,0,1,0
BRDA:42,1,0,0
BRDA:42,1,1,0
BRDA:43,2,0,0
BRDA:43,2,1,0
BRDA:55,3,0,0
BRDA:55,3,1,0
BRF:8
BRH:0
end_of_record
TN:
SF:components/Card.js
FN:5,Card
FN:17,(anonymous_1)
FNF:2
FNH:1
FNDA:2,Card
FNDA:0,(anonymous_1)
DA:6,2
DA:8,2
DA:18,0
DA:19,0
DA:35,1
LF:5
LH:3
BRDA:26,0,0,2
BRDA:26,0,1,0
BRF:2
BRH:1
end_of_record
TN:
SF:components/DateModified.js
FN:6,DateModified
FNF:1
FNH:1
FNDA:2,DateModified
DA:7,2
DA:15,1
DA:20,1
LF:3
LH:3
BRF:0
BRH:0
end_of_record
TN:
SF:components/ExitBetaModal.js
FN:6,ExitBetaModal
FNF:1
FNH:1
FNDA:2,ExitBetaModal
DA:7,2
DA:57,6
LF:2
LH:2
BRF:0
BRH:0
end_of_record
TN:
SF:components/Layout.js
FN:16,Layout
FN:23,(anonymous_1)
FN:71,(anonymous_2)
FN:110,noRefCheck
FN:111,noRefCheck
FNF:5
FNH:2
FNDA:4,Layout
FNDA:3,(anonymous_1)
FNDA:0,(anonymous_2)
FNDA:0,noRefCheck
FNDA:0,noRefCheck
DA:17,4
DA:18,3
DA:19,3
DA:21,3
DA:23,3
DA:24,3
DA:27,3
DA:72,0
DA:151,2
DA:188,2
LF:10
LH:9
BRDA:17,0,0,4
BRDA:17,0,1,0
BRDA:18,1,0,3
BRDA:18,1,1,0
BRDA:21,2,0,3
BRDA:21,2,1,0
BRDA:30,3,0,3
BRDA:30,3,1,0
BRDA:34,4,0,0
BRDA:34,4,1,0
BRDA:35,5,0,0
BRDA:35,5,1,0
BRDA:36,6,0,0
BRDA:36,6,1,0
BRDA:37,7,0,0
BRDA:37,7,1,0
BRDA:38,8,0,0
BRDA:38,8,1,0
BRDA:39,9,0,0
BRDA:39,9,1,0
BRDA:41,10,0,0
BRDA:41,10,1,0
BRDA:44,11,0,0
BRDA:44,11,1,0
BRDA:45,12,0,0
BRDA:45,12,1,0
BRDA:47,13,0,0
BRDA:47,13,1,0
BRDA:60,14,0,3
BRDA:60,14,1,0
BRDA:79,15,0,3
BRDA:79,15,1,0
BRDA:88,16,0,3
BRDA:88,16,1,0
BRDA:95,17,0,3
BRDA:95,17,1,0
BRDA:115,18,0,0
BRDA:115,18,1,3
BRDA:124,19,0,0
BRDA:124,19,1,3
BRF:40
BRH:10
end_of_record
TN:
SF:components/MetaData.js
FN:4,MetaData
FNF:1
FNH:1
FNDA:5,MetaData
DA:5,5
DA:7,5
LF:2
LH:2
BRDA:5,0,0,5
BRDA:5,0,1,0
BRDA:20,1,0,5
BRDA:20,1,1,0
BRF:4
BRH:2
end_of_record
TN:
SF:components/MostReqTasks.js
FN:6,MostReqTasks
FN:16,(anonymous_1)
FN:21,(anonymous_2)
FNF:3
FNH:0
FNDA:0,MostReqTasks
FNDA:0,(anonymous_1)
FNDA:0,(anonymous_2)
DA:7,0
DA:17,0
DA:22,0
DA:23,0
DA:24,0
DA:54,1
LF:6
LH:1
BRDA:22,0,0,0
BRDA:22,0,1,0
BRDA:32,1,0,0
BRDA:32,1,1,0
BRF:4
BRH:0
end_of_record
TN:
SF:components/PageLink.js
FN:5,PageLink
FNF:1
FNH:1
FNDA:3,PageLink
DA:6,3
DA:7,3
DA:9,3
DA:44,2
LF:4
LH:4
BRF:0
BRH:0
end_of_record
TN:
SF:components/PhaseBanner.js
FN:13,PhaseBanner
FN:19,openModal
FN:23,closeModal
FN:66,(anonymous_3)
FNF:4
FNH:1
FNDA:3,PhaseBanner
FNDA:0,openModal
FNDA:0,closeModal
FNDA:0,(anonymous_3)
DA:14,3
DA:20,0
DA:24,0
DA:27,2
DA:67,0
DA:68,0
DA:95,3
LF:7
LH:3
BRDA:39,0,0,2
BRDA:39,0,1,0
BRDA:45,1,0,0
BRDA:45,1,1,2
BRDA:47,2,0,0
BRDA:47,2,1,2
BRDA:52,3,0,2
BRDA:52,3,1,0
BRF:8
BRH:4
end_of_record
TN:
SF:components/ProfileTasks.js
FN:6,ProfileTasks
FN:14,(anonymous_1)
FN:21,(anonymous_2)
FNF:3
FNH:2
FNDA:4,ProfileTasks
FNDA:3,(anonymous_1)
FNDA:0,(anonymous_2)
DA:7,4
DA:15,3
DA:22,0
DA:23,0
DA:24,0
DA:54,2
LF:6
LH:3
BRDA:22,0,0,0
BRDA:22,0,1,0
BRDA:31,1,0,1
BRDA:31,1,1,2
BRF:4
BRH:2
end_of_record
TN:
SF:components/ViewMoreLessButton.js
FN:5,ViewMoreLessButton
FNF:1
FNH:1
FNDA:5,ViewMoreLessButton
DA:6,5
DA:36,2
LF:2
LH:2
BRDA:16,0,0,5
BRDA:16,0,1,3
BRDA:19,1,0,1
BRDA:19,1,1,4
BRF:4
BRH:4
end_of_record
TN:
SF:components/contact/ContactProvince.js
FN:4,(anonymous_0)
FN:11,(anonymous_1)
FNF:2
FNH:1
FNDA:1,(anonymous_0)
FNDA:0,(anonymous_1)
DA:4,1
DA:5,1
DA:12,0
LF:3
LH:2
BRF:0
BRH:0
end_of_record
TN:
SF:components/contact/ContactProvinceRow.js
FN:5,(anonymous_0)
FN:9,(anonymous_1)
FN:17,(anonymous_2)
FNF:3
FNH:0
FNDA:0,(anonymous_0)
FNDA:0,(anonymous_1)
FNDA:0,(anonymous_2)
DA:5,1
DA:6,0
DA:9,1
DA:10,0
DA:18,0
LF:5
LH:2
BRDA:6,0,0,0
BRDA:6,0,1,0
BRDA:10,1,0,0
BRDA:10,1,1,0
BRDA:22,2,0,0
BRDA:22,2,1,0
BRF:6
BRH:0
end_of_record
TN:
SF:components/contact/ContactSection.js
FN:4,ContactSection
FN:23,(anonymous_1)
FNF:2
FNH:1
FNDA:11,ContactSection
FNDA:0,(anonymous_1)
DA:5,11
DA:24,0
LF:2
LH:1
BRF:0
BRH:0
end_of_record
TN:
SF:components/contact/ContactSectionRow.js
FN:8,ContactSectionRow
FN:20,routeToPage
FNF:2
FNH:1
FNDA:2,ContactSectionRow
FNDA:0,routeToPage
DA:18,2
DA:19,2
DA:21,0
DA:22,0
DA:24,2
LF:5
LH:3
BRDA:24,0,0,0
BRDA:24,0,1,2
BRDA:24,1,0,2
BRDA:24,1,1,0
BRDA:28,2,0,0
BRDA:28,2,1,0
BRDA:35,3,0,0
BRDA:35,3,1,0
BRDA:38,4,0,0
BRDA:38,4,1,0
BRDA:47,5,0,0
BRDA:47,5,1,0
BRF:12
BRH:2
end_of_record
TN:
SF:components/sessionModals/CountDown.js
FN:7,(anonymous_0)
FN:17,(anonymous_1)
FN:20,(anonymous_2)
FN:32,(anonymous_3)
FN:33,(anonymous_4)
FN:35,(anonymous_5)
FNF:6
FNH:3
FNDA:1,(anonymous_0)
FNDA:0,(anonymous_1)
FNDA:0,(anonymous_2)
FNDA:1,(anonymous_3)
FNDA:0,(anonymous_4)
FNDA:1,(anonymous_5)
DA:7,2
DA:8,1
DA:15,1
DA:17,1
DA:18,0
DA:20,0
DA:21,0
DA:32,1
DA:33,1
DA:35,1
DA:38,1
LF:11
LH:8
BRDA:74,0,0,1
BRDA:74,0,1,0
BRF:2
BRH:1
end_of_record
TN:
SF:components/sessionModals/SignedOut.js
FN:7,(anonymous_0)
FNF:1
FNH:1
FNDA:1,(anonymous_0)
DA:7,2
DA:8,1
LF:2
LH:2
BRF:0
BRH:0
end_of_record
TN:
SF:components/skeletons/ContactIntro.js
FN:1,(anonymous_0)
FNF:1
FNH:0
FNDA:0,(anonymous_0)
DA:1,0
DA:2,0
LF:2
LH:0
BRF:0
BRH:0
end_of_record
TN:
SF:components/skeletons/ContactRows.js
FN:1,(anonymous_0)
FNF:1
FNH:0
FNDA:0,(anonymous_0)
DA:1,0
DA:2,0
DA:3,0
DA:4,0
DA:30,0
LF:5
LH:0
BRF:0
BRH:0
end_of_record
TN:
SF:components/skeletons/Dashboard.js
FN:1,(anonymous_0)
FNF:1
FNH:1
FNDA:1,(anonymous_0)
DA:1,1
DA:2,1
DA:3,1
DA:4,1
DA:32,1
LF:5
LH:5
BRF:0
BRH:0
end_of_record
TN:
SF:components/skeletons/LinkList.js
FN:1,(anonymous_0)
FNF:1
FNH:0
FNDA:0,(anonymous_0)
DA:1,0
DA:2,0
DA:3,0
DA:4,0
DA:19,0
LF:5
LH:0
BRF:0
BRH:0
end_of_record
TN:
SF:components/skeletons/ProvinceRows.js
FN:1,(anonymous_0)
FNF:1
FNH:0
FNDA:0,(anonymous_0)
DA:1,0
DA:2,0
DA:3,0
DA:4,0
DA:15,0
LF:5
LH:0
BRF:0
BRH:0
end_of_record
TN:
SF:components/skeletons/SettingsBlocks.js
FN:1,(anonymous_0)
FNF:1
FNH:0
FNDA:0,(anonymous_0)
DA:1,0
DA:2,0
LF:2
LH:0
BRF:0
BRH:0
end_of_record
TN:
SF:pages/_app.js
FN:7,MyApp
FNF:1
FNH:1
FNDA:1,MyApp
DA:5,1
DA:13,0
LF:2
LH:1
BRF:0
BRH:0
end_of_record
TN:
SF:pages/_document.js
FN:3,Document
FNF:1
FNH:0
FNDA:0,Document
DA:4,0
LF:1
LH:0
BRF:0
BRH:0
end_of_record
TN:
SF:pages/_error.js
FN:6,CustomError
FNF:1
FNH:1
FNDA:4,CustomError
DA:7,4
LF:1
LH:1
BRDA:13,0,0,0
BRDA:13,0,1,4
BRF:2
BRH:1
end_of_record
TN:
SF:pages/contact-us.js
FN:13,ContactLanding
FN:17,(anonymous_1)
FN:19,(anonymous_2)
FN:23,(anonymous_3)
FN:26,(anonymous_4)
FN:36,(anonymous_5)
FN:57,getServerSideProps
FN:58,(anonymous_7)
FN:63,(anonymous_8)
FN:68,(anonymous_9)
FN:93,(anonymous_10)
FN:96,(anonymous_11)
FNF:12
FNH:0
FNDA:0,ContactLanding
FNDA:0,(anonymous_1)
FNDA:0,(anonymous_2)
FNDA:0,(anonymous_3)
FNDA:0,(anonymous_4)
FNDA:0,(anonymous_5)
FNDA:0,getServerSideProps
FNDA:0,(anonymous_7)
FNDA:0,(anonymous_8)
FNDA:0,(anonymous_9)
FNDA:0,(anonymous_10)
FNDA:0,(anonymous_11)
DA:14,0
DA:17,0
DA:18,0
DA:19,0
DA:23,0
DA:24,0
DA:26,0
DA:27,0
DA:31,0
DA:37,0
DA:58,0
DA:59,0
DA:61,0
DA:63,0
DA:64,0
DA:66,0
DA:68,0
DA:69,0
DA:71,0
DA:89,0
DA:92,0
DA:94,0
DA:97,0
DA:101,0
DA:122,0
DA:135,0
LF:26
LH:0
BRDA:14,0,0,0
BRDA:14,0,1,0
BRDA:89,1,0,0
BRDA:89,1,1,0
BRDA:92,2,0,0
BRDA:92,2,1,0
BRDA:126,3,0,0
BRDA:126,3,1,0
BRDA:129,4,0,0
BRDA:129,4,1,0
BRDA:130,5,0,0
BRDA:130,5,1,0
BRF:12
BRH:0
end_of_record
TN:
SF:pages/index.js
FN:7,Index
FN:85,PageLayout
FN:89,getServerSideProps
FN:90,(anonymous_3)
FN:95,(anonymous_4)
FNF:5
FNH:3
FNDA:2,Index
FNDA:1,PageLayout
FNDA:1,getServerSideProps
FNDA:0,(anonymous_3)
FNDA:0,(anonymous_4)
DA:8,2
DA:85,2
DA:86,1
DA:90,1
DA:91,0
DA:93,0
DA:95,1
DA:96,0
DA:98,0
DA:102,1
DA:123,1
LF:11
LH:7
BRF:0
BRH:0
end_of_record
TN:
SF:pages/my-dashboard.js
FN:30,MyDashboard
FN:47,demoContent
FN:51,closeDemoModal
FN:55,openModal
FN:59,closeModal
FN:63,(anonymous_5)
FN:64,(anonymous_6)
FN:70,(anonymous_7)
FN:78,(anonymous_8)
FN:79,(anonymous_9)
FN:80,(anonymous_10)
FN:94,(anonymous_11)
FN:98,(anonymous_12)
FN:100,(anonymous_13)
FN:104,(anonymous_14)
FN:107,(anonymous_15)
FN:116,(anonymous_16)
FN:140,(anonymous_17)
FN:188,getServerSideProps
FN:190,(anonymous_19)
FN:195,(anonymous_20)
FN:200,(anonymous_21)
FN:211,(anonymous_22)
FN:218,(anonymous_23)
FNF:24
FNH:8
FNDA:2,MyDashboard
FNDA:0,demoContent
FNDA:0,closeDemoModal
FNDA:0,openModal
FNDA:0,closeModal
FNDA:2,(anonymous_5)
FNDA:0,(anonymous_6)
FNDA:0,(anonymous_7)
FNDA:0,(anonymous_8)
FNDA:0,(anonymous_9)
FNDA:0,(anonymous_10)
FNDA:2,(anonymous_11)
FNDA:0,(anonymous_12)
FNDA:2,(anonymous_13)
FNDA:2,(anonymous_14)
FNDA:2,(anonymous_15)
FNDA:2,(anonymous_16)
FNDA:0,(anonymous_17)
FNDA:1,getServerSideProps
FNDA:0,(anonymous_19)
FNDA:0,(anonymous_20)
FNDA:0,(anonymous_21)
FNDA:0,(anonymous_22)
FNDA:0,(anonymous_23)
DA:34,2
DA:38,2
DA:39,2
DA:45,2
DA:48,0
DA:52,0
DA:56,0
DA:60,0
DA:63,2
DA:64,2
DA:65,0
DA:66,0
DA:70,0
DA:78,0
DA:80,0
DA:81,0
DA:83,0
DA:92,0
DA:94,2
DA:98,2
DA:99,2
DA:100,2
DA:104,2
DA:105,2
DA:107,2
DA:108,2
DA:112,2
DA:117,2
DA:118,2
DA:119,2
DA:141,0
DA:189,1
DA:190,1
DA:191,0
DA:192,0
DA:193,0
DA:195,1
DA:196,0
DA:198,0
DA:200,1
DA:201,0
DA:203,0
DA:210,1
DA:212,0
DA:214,0
DA:218,1
DA:219,0
DA:221,0
DA:229,1
DA:250,1
DA:271,1
LF:51
LH:27
BRDA:65,0,0,0
BRDA:65,0,1,0
BRDA:65,1,0,0
BRDA:65,1,1,0
BRDA:67,2,0,0
BRDA:67,2,1,0
BRDA:178,3,0,2
BRDA:178,3,1,0
BRDA:189,4,0,0
BRDA:189,4,1,1
BRDA:189,5,0,1
BRDA:189,5,1,0
BRDA:254,6,0,1
BRDA:254,6,1,0
BRDA:256,7,0,1
BRDA:256,7,1,0
BRDA:257,8,0,1
BRDA:257,8,1,0
BRDA:258,9,0,1
BRDA:258,9,1,0
BRDA:260,10,0,1
BRDA:260,10,1,0
BRDA:264,11,0,1
BRDA:264,11,1,0
BRF:24
BRH:9
end_of_record
TN:
SF:pages/profile.js
FN:19,Profile
FN:28,openModal
FN:32,closeModal
FN:37,(anonymous_3)
FN:39,(anonymous_4)
FN:43,(anonymous_5)
FN:46,(anonymous_6)
FN:55,(anonymous_7)
FN:103,getServerSideProps
FN:104,(anonymous_9)
FN:109,(anonymous_10)
FN:114,(anonymous_11)
FN:125,(anonymous_12)
FN:139,(anonymous_13)
FN:142,(anonymous_14)
FNF:15
FNH:5
FNDA:2,Profile
FNDA:0,openModal
FNDA:0,closeModal
FNDA:0,(anonymous_3)
FNDA:1,(anonymous_4)
FNDA:1,(anonymous_5)
FNDA:1,(anonymous_6)
FNDA:1,(anonymous_7)
FNDA:0,getServerSideProps
FNDA:0,(anonymous_9)
FNDA:0,(anonymous_10)
FNDA:0,(anonymous_11)
FNDA:0,(anonymous_12)
FNDA:0,(anonymous_13)
FNDA:0,(anonymous_14)
DA:23,1
DA:29,0
DA:33,0
DA:37,1
DA:38,1
DA:39,1
DA:43,1
DA:44,1
DA:46,1
DA:47,1
DA:51,1
DA:56,1
DA:104,0
DA:105,0
DA:107,0
DA:109,0
DA:110,0
DA:112,0
DA:114,0
DA:115,0
DA:117,0
DA:124,0
DA:126,0
DA:128,0
DA:135,0
DA:138,0
DA:140,0
DA:143,0
DA:147,0
DA:168,0
DA:182,1
LF:31
LH:11
BRDA:135,0,0,0
BRDA:135,0,1,0
BRDA:138,1,0,0
BRDA:138,1,1,0
BRDA:172,2,0,0
BRDA:172,2,1,0
BRDA:175,3,0,0
BRDA:175,3,1,0
BRDA:176,4,0,0
BRDA:176,4,1,0
BRDA:177,5,0,0
BRDA:177,5,1,0
BRF:12
BRH:0
end_of_record
TN:
SF:pages/security-settings.js
FN:13,SecuritySettings
FN:17,(anonymous_1)
FN:19,(anonymous_2)
FN:23,(anonymous_3)
FN:26,(anonymous_4)
FN:70,getServerSideProps
FN:71,(anonymous_6)
FN:76,(anonymous_7)
FN:81,(anonymous_8)
FN:106,(anonymous_9)
FN:109,(anonymous_10)
FNF:11
FNH:0
FNDA:0,SecuritySettings
FNDA:0,(anonymous_1)
FNDA:0,(anonymous_2)
FNDA:0,(anonymous_3)
FNDA:0,(anonymous_4)
FNDA:0,getServerSideProps
FNDA:0,(anonymous_6)
FNDA:0,(anonymous_7)
FNDA:0,(anonymous_8)
FNDA:0,(anonymous_9)
FNDA:0,(anonymous_10)
DA:14,0
DA:17,0
DA:18,0
DA:19,0
DA:23,0
DA:24,0
DA:26,0
DA:27,0
DA:31,0
DA:71,0
DA:72,0
DA:74,0
DA:76,0
DA:77,0
DA:79,0
DA:81,0
DA:82,0
DA:84,0
DA:102,0
DA:105,0
DA:107,0
DA:110,0
DA:114,0
DA:135,0
DA:148,0
LF:25
LH:0
BRDA:14,0,0,0
BRDA:14,0,1,0
BRDA:102,1,0,0
BRDA:102,1,1,0
BRDA:105,2,0,0
BRDA:105,2,1,0
BRDA:139,3,0,0
BRDA:139,3,1,0
BRDA:142,4,0,0
BRDA:142,4,1,0
BRDA:143,5,0,0
BRDA:143,5,1,0
BRF:12
BRH:0
end_of_record
TN:
SF:pages/signedout.js
FN:12,(anonymous_0)
FN:16,(anonymous_1)
FN:51,PageLayout
FNF:3
FNH:2
FNDA:1,(anonymous_0)
FNDA:1,(anonymous_1)
FNDA:0,PageLayout
DA:5,1
DA:12,1
DA:13,1
DA:16,1
DA:17,1
DA:18,0
DA:19,0
DA:22,1
DA:51,1
DA:52,0
LF:10
LH:7
BRDA:17,0,0,1
BRDA:17,0,1,0
BRDA:18,1,0,0
BRDA:18,1,1,0
BRF:4
BRH:1
end_of_record
TN:
SF:pages/api/metrics.js
FNF:0
FNH:0
LF:0
LH:0
BRF:0
BRH:0
end_of_record
TN:
SF:pages/api/refresh-msca.js
FN:8,handler
FNF:1
FNH:0
FNDA:0,handler
DA:9,0
DA:11,0
DA:13,0
DA:14,0
DA:15,0
DA:17,0
DA:21,0
DA:23,0
LF:8
LH:0
BRDA:9,0,0,0
BRDA:9,0,1,0
BRDA:11,1,0,0
BRDA:11,1,1,0
BRDA:14,2,0,0
BRDA:14,2,1,0
BRF:6
BRH:0
end_of_record
TN:
SF:pages/api/auth/[...nextauth].js
FN:41,(anonymous_0)
FN:53,(anonymous_1)
FN:56,(anonymous_2)
FN:66,(anonymous_3)
FN:70,(anonymous_4)
FN:73,(anonymous_5)
FNF:6
FNH:0
FNDA:0,(anonymous_0)
FNDA:0,(anonymous_1)
FNDA:0,(anonymous_2)
FNDA:0,(anonymous_3)
FNDA:0,(anonymous_4)
FNDA:0,(anonymous_5)
DA:42,0
DA:54,0
DA:58,0
DA:60,0
DA:62,0
DA:67,0
DA:68,0
DA:71,0
DA:74,0
DA:75,0
LF:10
LH:0
BRDA:58,0,0,0
BRDA:58,0,1,0
BRDA:60,1,0,0
BRDA:60,1,1,0
BRF:4
BRH:0
end_of_record
TN:
SF:pages/contact-us/contact-canada-pension-plan.js
FN:17,ContactCanadaPensionPlan
FN:27,(anonymous_1)
FN:29,(anonymous_2)
FN:33,(anonymous_3)
FN:36,(anonymous_4)
FN:56,(anonymous_5)
FN:62,(anonymous_6)
FN:79,getServerSideProps
FN:80,(anonymous_8)
FN:85,(anonymous_9)
FN:110,(anonymous_10)
FN:118,(anonymous_11)
FN:121,(anonymous_12)
FNF:13
FNH:7
FNDA:3,ContactCanadaPensionPlan
FNDA:0,(anonymous_1)
FNDA:3,(anonymous_2)
FNDA:3,(anonymous_3)
FNDA:3,(anonymous_4)
FNDA:3,(anonymous_5)
FNDA:3,(anonymous_6)
FNDA:1,getServerSideProps
FNDA:0,(anonymous_8)
FNDA:0,(anonymous_9)
FNDA:0,(anonymous_10)
FNDA:0,(anonymous_11)
FNDA:0,(anonymous_12)
DA:21,3
DA:27,3
DA:28,3
DA:29,3
DA:33,3
DA:34,3
DA:36,3
DA:37,3
DA:41,3
DA:57,3
DA:63,3
DA:80,1
DA:81,0
DA:83,0
DA:85,1
DA:86,0
DA:88,0
DA:108,1
DA:110,1
DA:111,0
DA:113,0
DA:117,1
DA:119,0
DA:122,0
DA:137,1
DA:158,1
DA:171,1
LF:27
LH:19
BRDA:51,0,0,3
BRDA:51,0,1,3
BRDA:64,1,0,0
BRDA:64,1,1,3
BRDA:108,2,0,1
BRDA:108,2,1,0
BRDA:117,3,0,1
BRDA:117,3,1,0
BRDA:164,4,0,1
BRDA:164,4,1,0
BRDA:165,5,0,1
BRDA:165,5,1,0
BRDA:166,6,0,1
BRDA:166,6,1,0
BRF:14
BRH:8
end_of_record
TN:
SF:pages/contact-us/contact-employment-insurance.js
FN:17,ContactEmploymentInsurance
FN:27,(anonymous_1)
FN:29,(anonymous_2)
FN:33,(anonymous_3)
FN:36,(anonymous_4)
FN:57,(anonymous_5)
FN:63,(anonymous_6)
FN:76,getServerSideProps
FN:77,(anonymous_8)
FN:82,(anonymous_9)
FN:108,(anonymous_10)
FN:117,(anonymous_11)
FN:120,(anonymous_12)
FNF:13
FNH:7
FNDA:3,ContactEmploymentInsurance
FNDA:0,(anonymous_1)
FNDA:3,(anonymous_2)
FNDA:3,(anonymous_3)
FNDA:3,(anonymous_4)
FNDA:3,(anonymous_5)
FNDA:3,(anonymous_6)
FNDA:1,getServerSideProps
FNDA:0,(anonymous_8)
FNDA:0,(anonymous_9)
FNDA:0,(anonymous_10)
FNDA:0,(anonymous_11)
FNDA:0,(anonymous_12)
DA:21,3
DA:27,3
DA:28,3
DA:29,3
DA:33,3
DA:34,3
DA:36,3
DA:37,3
DA:41,3
DA:58,3
DA:64,3
DA:77,1
DA:78,0
DA:80,0
DA:82,1
DA:83,0
DA:85,0
DA:105,1
DA:107,1
DA:109,0
DA:111,0
DA:116,1
DA:118,0
DA:121,0
DA:136,1
DA:157,1
DA:170,1
LF:27
LH:19
BRDA:51,0,0,3
BRDA:51,0,1,3
BRDA:65,1,0,0
BRDA:65,1,1,3
BRDA:105,2,0,1
BRDA:105,2,1,0
BRDA:116,3,0,1
BRDA:116,3,1,0
BRDA:163,4,0,1
BRDA:163,4,1,0
BRDA:164,5,0,1
BRDA:164,5,1,0
BRDA:165,6,0,1
BRDA:165,6,1,0
BRF:14
BRH:8
end_of_record
TN:
SF:pages/contact-us/contact-old-age-security.js
FN:17,ContactOldAgeSecurity
FN:22,(anonymous_1)
FN:24,(anonymous_2)
FN:28,(anonymous_3)
FN:31,(anonymous_4)
FN:51,(anonymous_5)
FN:57,(anonymous_6)
FN:70,getServerSideProps
FN:71,(anonymous_8)
FN:76,(anonymous_9)
FN:101,(anonymous_10)
FN:109,(anonymous_11)
FN:112,(anonymous_12)
FNF:13
FNH:7
FNDA:3,ContactOldAgeSecurity
FNDA:0,(anonymous_1)
FNDA:3,(anonymous_2)
FNDA:3,(anonymous_3)
FNDA:3,(anonymous_4)
FNDA:3,(anonymous_5)
FNDA:3,(anonymous_6)
FNDA:1,getServerSideProps
FNDA:0,(anonymous_8)
FNDA:0,(anonymous_9)
FNDA:0,(anonymous_10)
FNDA:0,(anonymous_11)
FNDA:0,(anonymous_12)
DA:22,3
DA:23,3
DA:24,3
DA:28,3
DA:29,3
DA:31,3
DA:32,3
DA:36,3
DA:52,3
DA:58,3
DA:71,1
DA:72,0
DA:74,0
DA:76,1
DA:77,0
DA:79,0
DA:99,1
DA:101,1
DA:102,0
DA:104,0
DA:108,1
DA:110,0
DA:113,0
DA:128,1
DA:150,1
DA:163,1
LF:26
LH:18
BRDA:46,0,0,3
BRDA:46,0,1,3
BRDA:59,1,0,0
BRDA:59,1,1,3
BRDA:99,2,0,1
BRDA:99,2,1,0
BRDA:108,3,0,1
BRDA:108,3,1,0
BRDA:156,4,0,1
BRDA:156,4,1,0
BRDA:157,5,0,1
BRDA:157,5,1,0
BRDA:158,6,0,1
BRDA:158,6,1,0
BRF:14
BRH:8
end_of_record
