TN:
SF:components/BackToButton.js
FN:4,BackToButton
FNF:1
FNH:1
FNDA:4,BackToButton
DA:5,4
DA:21,2
LF:2
LH:2
BRF:0
BRH:0
end_of_record
TN:
SF:components/BenefitTasks.js
FN:6,BenefitTasks
FN:25,(anonymous_1)
FN:39,(anonymous_2)
FNF:3
FNH:0
FNDA:0,BenefitTasks
FNDA:0,(anonymous_1)
FNDA:0,(anonymous_2)
DA:7,0
DA:16,0
DA:26,0
DA:41,0
DA:45,0
DA:46,0
DA:75,1
LF:7
LH:1
BRDA:35,0,0,0
BRDA:35,0,1,0
BRDA:41,1,0,0
BRDA:41,1,1,0
BRDA:42,2,0,0
BRDA:42,2,1,0
BRDA:53,3,0,0
BRDA:53,3,1,0
BRF:8
BRH:0
end_of_record
TN:
SF:components/Card.js
FN:5,Card
FN:17,(anonymous_1)
FNF:2
FNH:1
FNDA:2,Card
FNDA:0,(anonymous_1)
DA:6,2
DA:8,2
DA:18,0
DA:19,0
DA:35,1
LF:5
LH:3
BRDA:26,0,0,2
BRDA:26,0,1,0
BRF:2
BRH:1
end_of_record
TN:
SF:components/DateModified.js
FN:6,DateModified
FNF:1
FNH:1
FNDA:2,DateModified
DA:7,2
DA:15,1
DA:20,1
LF:3
LH:3
BRF:0
BRH:0
end_of_record
TN:
SF:components/ExitBetaModal.js
FN:6,ExitBetaModal
FNF:1
FNH:1
FNDA:2,ExitBetaModal
DA:7,2
DA:56,6
LF:2
LH:2
BRF:0
BRH:0
end_of_record
TN:
SF:components/Layout.js
FN:15,Layout
FN:21,(anonymous_1)
FN:57,(anonymous_2)
FN:84,noRefCheck
FN:85,noRefCheck
FNF:5
FNH:2
FNDA:4,Layout
FNDA:4,(anonymous_1)
FNDA:0,(anonymous_2)
FNDA:0,noRefCheck
FNDA:0,noRefCheck
DA:16,4
DA:17,4
DA:19,4
DA:21,4
DA:22,4
DA:25,4
DA:58,0
DA:111,2
DA:115,2
LF:9
LH:8
BRDA:16,0,0,4
BRDA:16,0,1,0
BRDA:17,1,0,3
BRDA:17,1,1,1
BRDA:28,2,0,4
BRDA:28,2,1,0
BRDA:47,3,0,0
BRDA:47,3,1,4
BRDA:64,4,0,3
BRDA:64,4,1,1
BRDA:69,5,0,3
BRDA:69,5,1,1
BRDA:74,6,0,3
BRDA:74,6,1,1
BRDA:90,7,0,0
BRDA:90,7,1,4
BRF:16
BRH:12
end_of_record
TN:
SF:components/MetaData.js
FN:4,MetaData
FNF:1
FNH:1
FNDA:6,MetaData
DA:5,6
DA:7,6
LF:2
LH:2
BRDA:5,0,0,5
BRDA:5,0,1,1
BRF:2
BRH:2
end_of_record
TN:
SF:components/MostReqTasks.js
FN:6,MostReqTasks
FN:16,(anonymous_1)
FN:21,(anonymous_2)
FNF:3
FNH:0
FNDA:0,MostReqTasks
FNDA:0,(anonymous_1)
FNDA:0,(anonymous_2)
DA:7,0
DA:17,0
DA:22,0
DA:23,0
DA:24,0
DA:53,1
LF:6
LH:1
BRDA:22,0,0,0
BRDA:22,0,1,0
BRDA:31,1,0,0
BRDA:31,1,1,0
BRF:4
BRH:0
end_of_record
TN:
SF:components/PageLink.js
FN:5,PageLink
FNF:1
FNH:1
FNDA:4,PageLink
DA:6,4
DA:7,4
DA:9,4
DA:42,2
LF:4
LH:4
BRF:0
BRH:0
end_of_record
TN:
SF:components/PhaseBanner.js
FN:13,PhaseBanner
FN:19,openModal
FN:23,closeModal
FN:58,(anonymous_3)
FNF:4
FNH:1
FNDA:3,PhaseBanner
FNDA:0,openModal
FNDA:0,closeModal
FNDA:0,(anonymous_3)
DA:14,3
DA:20,0
DA:24,0
DA:27,2
DA:59,0
DA:60,0
DA:86,3
LF:7
LH:3
BRF:0
BRH:0
end_of_record
TN:
SF:components/ProfileTasks.js
FN:6,ProfileTasks
FN:13,(anonymous_1)
FN:23,(anonymous_2)
FNF:3
FNH:2
FNDA:2,ProfileTasks
FNDA:2,(anonymous_1)
FNDA:0,(anonymous_2)
DA:7,2
DA:14,2
DA:24,0
DA:25,0
DA:26,0
DA:55,2
LF:6
LH:3
BRDA:24,0,0,0
BRDA:24,0,1,0
BRDA:32,1,0,1
BRDA:32,1,1,1
BRF:4
BRH:2
end_of_record
TN:
SF:components/ViewMoreLessButton.js
FN:5,ViewMoreLessButton
FNF:1
FNH:1
FNDA:5,ViewMoreLessButton
DA:6,5
DA:36,2
LF:2
LH:2
BRDA:16,0,0,5
BRDA:16,0,1,3
BRDA:19,1,0,1
BRDA:19,1,1,4
BRF:4
BRH:4
end_of_record
TN:
SF:components/contact/ContactProvince.js
FN:4,(anonymous_0)
FN:13,(anonymous_1)
FNF:2
FNH:1
FNDA:1,(anonymous_0)
FNDA:0,(anonymous_1)
DA:4,1
DA:5,1
DA:14,0
LF:3
LH:2
BRF:0
BRH:0
end_of_record
TN:
SF:components/contact/ContactProvinceRow.js
FN:5,(anonymous_0)
FN:9,(anonymous_1)
FN:17,(anonymous_2)
FNF:3
FNH:0
FNDA:0,(anonymous_0)
FNDA:0,(anonymous_1)
FNDA:0,(anonymous_2)
DA:5,1
DA:6,0
DA:9,1
DA:10,0
DA:18,0
LF:5
LH:2
BRDA:6,0,0,0
BRDA:6,0,1,0
BRDA:10,1,0,0
BRDA:10,1,1,0
BRDA:19,2,0,0
BRDA:19,2,1,0
BRDA:20,3,0,0
BRDA:20,3,1,0
BRF:8
BRH:0
end_of_record
TN:
SF:components/contact/ContactSection.js
FN:4,ContactSection
FN:23,(anonymous_1)
FNF:2
FNH:1
FNDA:7,ContactSection
FNDA:0,(anonymous_1)
DA:5,7
DA:24,0
LF:2
LH:1
BRF:0
BRH:0
end_of_record
TN:
SF:components/contact/ContactSectionRow.js
FN:7,ContactSectionRow
FNF:1
FNH:1
FNDA:1,ContactSectionRow
DA:8,1
DA:10,1
LF:2
LH:2
BRDA:10,0,0,0
BRDA:10,0,1,1
BRDA:10,1,0,1
BRDA:10,1,1,0
BRDA:13,2,0,0
BRDA:13,2,1,0
BRDA:19,3,0,0
BRDA:19,3,1,0
BRDA:22,4,0,0
BRDA:22,4,1,0
BRF:10
BRH:2
end_of_record
TN:
SF:components/sessionModals/CountDown.js
FN:7,(anonymous_0)
FN:17,(anonymous_1)
FN:20,(anonymous_2)
FN:32,(anonymous_3)
FN:33,(anonymous_4)
FN:35,(anonymous_5)
FNF:6
FNH:1
FNDA:1,(anonymous_0)
FNDA:0,(anonymous_1)
FNDA:0,(anonymous_2)
FNDA:0,(anonymous_3)
FNDA:0,(anonymous_4)
FNDA:0,(anonymous_5)
DA:7,1
DA:8,1
DA:15,1
DA:17,1
DA:18,0
DA:20,0
DA:21,0
DA:32,1
DA:33,0
DA:35,0
DA:38,1
LF:11
LH:6
BRDA:76,0,0,1
BRDA:76,0,1,0
BRF:2
BRH:1
end_of_record
TN:
SF:components/sessionModals/SignedOut.js
FN:7,(anonymous_0)
FNF:1
FNH:1
FNDA:1,(anonymous_0)
DA:7,1
DA:8,1
LF:2
LH:2
BRF:0
BRH:0
end_of_record
TN:
SF:pages/404.js
FN:3,Custom404
FN:57,getStaticProps
FNF:2
FNH:2
FNDA:1,Custom404
FNDA:1,getStaticProps
DA:4,1
DA:59,1
DA:74,1
LF:3
LH:3
BRF:0
BRH:0
end_of_record
TN:
SF:pages/_app.js
FN:7,MyApp
FNF:1
FNH:1
FNDA:1,MyApp
DA:5,1
DA:12,0
LF:2
LH:1
BRF:0
BRH:0
end_of_record
TN:
SF:pages/_error.js
FN:3,CustomError
FNF:1
FNH:1
FNDA:2,CustomError
DA:4,2
LF:1
LH:1
BRDA:9,0,0,1
BRDA:9,0,1,1
BRDA:37,1,0,1
BRDA:37,1,1,1
BRF:4
BRH:4
end_of_record
TN:
SF:pages/contact-canada-pension-plan.js
FN:15,ContactCanadaPensionPlan
FN:38,(anonymous_1)
FN:43,(anonymous_2)
FN:60,getStaticProps
FN:61,(anonymous_4)
FN:66,(anonymous_5)
FN:91,(anonymous_6)
FN:99,(anonymous_7)
FN:102,(anonymous_8)
FNF:9
FNH:4
FNDA:3,ContactCanadaPensionPlan
FNDA:3,(anonymous_1)
FNDA:3,(anonymous_2)
FNDA:1,getStaticProps
FNDA:0,(anonymous_4)
FNDA:0,(anonymous_5)
FNDA:0,(anonymous_6)
FNDA:0,(anonymous_7)
FNDA:0,(anonymous_8)
DA:19,3
DA:24,3
DA:39,3
DA:44,3
DA:61,1
DA:62,0
DA:64,0
DA:66,1
DA:67,0
DA:69,0
DA:89,1
DA:91,1
DA:92,0
DA:94,0
DA:98,1
DA:100,0
DA:103,0
DA:118,1
DA:133,1
DA:146,1
LF:20
LH:12
BRDA:34,0,0,3
BRDA:34,0,1,3
BRDA:45,1,0,0
BRDA:45,1,1,3
BRDA:89,2,0,1
BRDA:89,2,1,0
BRDA:98,3,0,1
BRDA:98,3,1,0
BRDA:139,4,0,1
BRDA:139,4,1,0
BRDA:140,5,0,1
BRDA:140,5,1,0
BRDA:141,6,0,1
BRDA:141,6,1,0
BRF:14
BRH:8
end_of_record
TN:
SF:pages/contact-employment-insurance.js
FN:15,ContactEmploymentInsurance
FN:39,(anonymous_1)
FN:44,(anonymous_2)
FN:57,getStaticProps
FN:58,(anonymous_4)
FN:63,(anonymous_5)
FN:89,(anonymous_6)
FN:98,(anonymous_7)
FN:101,(anonymous_8)
FNF:9
FNH:4
FNDA:3,ContactEmploymentInsurance
FNDA:3,(anonymous_1)
FNDA:3,(anonymous_2)
FNDA:1,getStaticProps
FNDA:0,(anonymous_4)
FNDA:0,(anonymous_5)
FNDA:0,(anonymous_6)
FNDA:0,(anonymous_7)
FNDA:0,(anonymous_8)
DA:19,3
DA:24,3
DA:40,3
DA:45,3
DA:58,1
DA:59,0
DA:61,0
DA:63,1
DA:64,0
DA:66,0
DA:86,1
DA:88,1
DA:90,0
DA:92,0
DA:97,1
DA:99,0
DA:102,0
DA:117,1
DA:132,1
DA:145,1
LF:20
LH:12
BRDA:34,0,0,3
BRDA:34,0,1,3
BRDA:46,1,0,0
BRDA:46,1,1,3
BRDA:86,2,0,1
BRDA:86,2,1,0
BRDA:97,3,0,1
BRDA:97,3,1,0
BRDA:138,4,0,1
BRDA:138,4,1,0
BRDA:139,5,0,1
BRDA:139,5,1,0
BRDA:140,6,0,1
BRDA:140,6,1,0
BRF:14
BRH:8
end_of_record
TN:
SF:pages/contact-old-age-security.js
FN:15,ContactOldAgeSecurity
FN:28,(anonymous_1)
FN:33,(anonymous_2)
FN:46,getStaticProps
FN:47,(anonymous_4)
FN:52,(anonymous_5)
FN:77,(anonymous_6)
FN:85,(anonymous_7)
FN:88,(anonymous_8)
FNF:9
FNH:0
FNDA:0,ContactOldAgeSecurity
FNDA:0,(anonymous_1)
FNDA:0,(anonymous_2)
FNDA:0,getStaticProps
FNDA:0,(anonymous_4)
FNDA:0,(anonymous_5)
FNDA:0,(anonymous_6)
FNDA:0,(anonymous_7)
FNDA:0,(anonymous_8)
DA:19,0
DA:29,0
DA:34,0
DA:47,0
DA:48,0
DA:50,0
DA:52,0
DA:53,0
DA:55,0
DA:75,0
DA:77,0
DA:78,0
DA:80,0
DA:84,0
DA:86,0
DA:89,0
DA:104,0
DA:119,0
DA:132,0
LF:19
LH:0
BRDA:35,0,0,0
BRDA:35,0,1,0
BRDA:75,1,0,0
BRDA:75,1,1,0
BRDA:84,2,0,0
BRDA:84,2,1,0
BRDA:125,3,0,0
BRDA:125,3,1,0
BRDA:126,4,0,0
BRDA:126,4,1,0
BRDA:127,5,0,0
BRDA:127,5,1,0
BRF:12
BRH:0
end_of_record
TN:
SF:pages/contact-us.js
FN:12,ContactLanding
FN:21,(anonymous_1)
FN:39,getStaticProps
FN:40,(anonymous_3)
FN:45,(anonymous_4)
FN:50,(anonymous_5)
FNF:6
FNH:0
FNDA:0,ContactLanding
FNDA:0,(anonymous_1)
FNDA:0,getStaticProps
FNDA:0,(anonymous_3)
FNDA:0,(anonymous_4)
FNDA:0,(anonymous_5)
DA:13,0
DA:15,0
DA:22,0
DA:40,0
DA:41,0
DA:43,0
DA:45,0
DA:46,0
DA:48,0
DA:50,0
DA:51,0
DA:53,0
DA:70,0
DA:72,0
DA:80,0
DA:95,0
DA:108,0
LF:17
LH:0
BRDA:13,0,0,0
BRDA:13,0,1,0
BRDA:70,1,0,0
BRDA:70,1,1,0
BRDA:99,2,0,0
BRDA:99,2,1,0
BRDA:102,3,0,0
BRDA:102,3,1,0
BRDA:103,4,0,0
BRDA:103,4,1,0
BRF:10
BRH:0
end_of_record
TN:
SF:pages/index.js
FN:4,Index
FN:81,PageLayout
FN:85,getStaticProps
FNF:3
FNH:3
FNDA:2,Index
FNDA:1,PageLayout
FNDA:1,getStaticProps
DA:5,2
DA:81,2
DA:82,1
DA:87,1
DA:102,1
LF:5
LH:5
BRF:0
BRH:0
end_of_record
TN:
SF:pages/modaldemo.js
FN:20,DeleteMe
FN:25,content
FN:29,closeModal
FN:39,(anonymous_3)
FN:43,(anonymous_4)
FN:44,(anonymous_5)
FN:56,(anonymous_6)
FN:60,(anonymous_7)
FN:79,getStaticProps
FN:80,(anonymous_9)
FN:85,(anonymous_10)
FN:90,(anonymous_11)
FNF:12
FNH:0
FNDA:0,DeleteMe
FNDA:0,content
FNDA:0,closeModal
FNDA:0,(anonymous_3)
FNDA:0,(anonymous_4)
FNDA:0,(anonymous_5)
FNDA:0,(anonymous_6)
FNDA:0,(anonymous_7)
FNDA:0,getStaticProps
FNDA:0,(anonymous_9)
FNDA:0,(anonymous_10)
FNDA:0,(anonymous_11)
DA:21,0
DA:23,0
DA:26,0
DA:30,0
DA:33,0
DA:40,0
DA:43,0
DA:44,0
DA:57,0
DA:60,0
DA:80,0
DA:81,0
DA:83,0
DA:85,0
DA:86,0
DA:88,0
DA:90,0
DA:91,0
DA:93,0
DA:110,0
DA:112,0
DA:120,0
DA:135,0
DA:148,0
LF:24
LH:0
BRDA:21,0,0,0
BRDA:21,0,1,0
BRDA:69,1,0,0
BRDA:69,1,1,0
BRDA:110,2,0,0
BRDA:110,2,1,0
BRDA:139,3,0,0
BRDA:139,3,1,0
BRDA:142,4,0,0
BRDA:142,4,1,0
BRDA:143,5,0,0
BRDA:143,5,1,0
BRF:12
BRH:0
end_of_record
TN:
SF:pages/my-dashboard.js
FN:17,MyDashboard
FN:26,openModal
FN:30,closeModal
FN:37,(anonymous_3)
FN:59,(anonymous_4)
FN:95,getServerSideProps
FN:96,(anonymous_6)
FN:101,(anonymous_7)
FN:106,(anonymous_8)
FN:117,(anonymous_9)
FNF:10
FNH:3
FNDA:2,MyDashboard
FNDA:0,openModal
FNDA:0,closeModal
FNDA:2,(anonymous_3)
FNDA:0,(anonymous_4)
FNDA:1,getServerSideProps
FNDA:0,(anonymous_6)
FNDA:0,(anonymous_7)
FNDA:0,(anonymous_8)
FNDA:0,(anonymous_9)
DA:21,2
DA:27,0
DA:31,0
DA:34,2
DA:38,2
DA:39,2
DA:40,2
DA:60,0
DA:96,1
DA:97,0
DA:98,0
DA:99,0
DA:101,1
DA:102,0
DA:104,0
DA:106,1
DA:107,0
DA:109,0
DA:116,1
DA:118,0
DA:120,0
DA:128,1
DA:143,1
DA:156,1
LF:24
LH:12
BRDA:147,0,0,1
BRDA:147,0,1,0
BRDA:149,1,0,1
BRDA:149,1,1,0
BRDA:150,2,0,1
BRDA:150,2,1,0
BRDA:151,3,0,1
BRDA:151,3,1,0
BRF:8
BRH:4
end_of_record
TN:
SF:pages/profile.js
FN:17,Profile
FN:26,openModal
FN:30,closeModal
FN:37,(anonymous_3)
FN:94,getStaticProps
FN:95,(anonymous_5)
FN:100,(anonymous_6)
FN:105,(anonymous_7)
FN:116,(anonymous_8)
FNF:9
FNH:2
FNDA:2,Profile
FNDA:0,openModal
FNDA:0,closeModal
FNDA:2,(anonymous_3)
FNDA:0,getStaticProps
FNDA:0,(anonymous_5)
FNDA:0,(anonymous_6)
FNDA:0,(anonymous_7)
FNDA:0,(anonymous_8)
DA:21,2
DA:27,0
DA:31,0
DA:34,2
DA:38,2
DA:39,2
DA:40,2
DA:95,0
DA:96,0
DA:98,0
DA:100,0
DA:101,0
DA:103,0
DA:105,0
DA:106,0
DA:108,0
DA:115,0
DA:117,0
DA:119,0
DA:126,0
DA:128,0
DA:136,0
DA:151,0
DA:165,1
LF:24
LH:6
BRDA:126,0,0,0
BRDA:126,0,1,0
BRDA:155,1,0,0
BRDA:155,1,1,0
BRDA:158,2,0,0
BRDA:158,2,1,0
BRDA:159,3,0,0
BRDA:159,3,1,0
BRDA:160,4,0,0
BRDA:160,4,1,0
BRF:10
BRH:0
end_of_record
TN:
SF:pages/security-settings.js
FN:12,SecuritySettings
FN:53,getStaticProps
FN:54,(anonymous_2)
FN:59,(anonymous_3)
FN:64,(anonymous_4)
FNF:5
FNH:0
FNDA:0,SecuritySettings
FNDA:0,getStaticProps
FNDA:0,(anonymous_2)
FNDA:0,(anonymous_3)
FNDA:0,(anonymous_4)
DA:13,0
DA:15,0
DA:54,0
DA:55,0
DA:57,0
DA:59,0
DA:60,0
DA:62,0
DA:64,0
DA:65,0
DA:67,0
DA:85,0
DA:87,0
DA:95,0
DA:110,0
DA:123,0
LF:16
LH:0
BRDA:13,0,0,0
BRDA:13,0,1,0
BRDA:85,1,0,0
BRDA:85,1,1,0
BRDA:114,2,0,0
BRDA:114,2,1,0
BRDA:117,3,0,0
BRDA:117,3,1,0
BRDA:118,4,0,0
BRDA:118,4,1,0
BRF:10
BRH:0
end_of_record
TN:
SF:pages/api/metrics.js
FNF:0
FNH:0
LF:0
LH:0
BRF:0
BRH:0
end_of_record
TN:
SF:pages/beta/documents.js
FN:5,Docs
FN:39,PageLayout
FN:43,getStaticProps
FNF:3
FNH:0
FNDA:0,Docs
FNDA:0,PageLayout
FNDA:0,getStaticProps
DA:6,0
DA:8,0
DA:39,0
DA:40,0
DA:45,0
DA:60,0
LF:6
LH:0
BRDA:6,0,0,0
BRDA:6,0,1,0
BRDA:15,1,0,0
BRDA:15,1,1,0
BRDA:23,2,0,0
BRDA:23,2,1,0
BRF:6
BRH:0
end_of_record
TN:
SF:pages/beta/msca-homepage.js
FN:12,MscaHomepage
FN:48,(anonymous_1)
FN:84,PageLayout
FN:88,getServerSideProps
FNF:4
FNH:0
FNDA:0,MscaHomepage
FNDA:0,(anonymous_1)
FNDA:0,PageLayout
FNDA:0,getServerSideProps
DA:13,0
DA:15,0
DA:49,0
DA:84,0
DA:85,0
DA:90,0
DA:105,0
LF:7
LH:0
BRDA:13,0,0,0
BRDA:13,0,1,0
BRDA:50,1,0,0
BRDA:50,1,1,0
BRDA:60,2,0,0
BRDA:60,2,1,0
BRDA:68,3,0,0
BRDA:68,3,1,0
BRF:8
BRH:0
end_of_record
TN:
SF:pages/beta/updates.js
FN:5,Updates
FN:39,PageLayout
FN:43,getStaticProps
FNF:3
FNH:0
FNDA:0,Updates
FNDA:0,PageLayout
FNDA:0,getStaticProps
DA:6,0
DA:8,0
DA:39,0
DA:40,0
DA:45,0
DA:60,0
LF:6
LH:0
BRDA:6,0,0,0
BRDA:6,0,1,0
BRDA:15,1,0,0
BRDA:15,1,1,0
BRDA:23,2,0,0
BRDA:23,2,1,0
BRF:6
BRH:0
end_of_record
