TN:
SF:components/BackToButton.tsx
FN:11,(anonymous_2)
FNF:1
FNH:1
FNDA:2,(anonymous_2)
DA:1,1
DA:11,1
DA:34,2
LF:3
LH:3
BRDA:15,0,0,0
BRDA:16,1,0,0
BRF:2
BRH:0
end_of_record
TN:
SF:components/BenefitTasks.tsx
FN:26,(anonymous_2)
FN:56,(anonymous_3)
FNF:2
FNH:2
FNDA:2,(anonymous_2)
FNDA:2,(anonymous_3)
DA:1,2
DA:2,2
DA:3,2
DA:26,2
DA:33,2
DA:57,2
DA:105,2
LF:7
LH:7
BRDA:30,0,0,0
BRDA:31,1,0,0
BRDA:66,2,0,0
BRDA:66,2,1,2
BRDA:67,3,0,0
BRDA:67,3,1,0
BRDA:75,4,0,0
BRDA:75,4,1,2
BRDA:78,5,0,0
BRDA:78,5,1,2
BRDA:88,6,0,0
BRDA:88,6,1,2
BRF:12
BRH:4
end_of_record
TN:
SF:components/Breadcrumb.tsx
FN:17,(anonymous_2)
FN:31,(anonymous_3)
FNF:2
FNH:2
FNDA:6,(anonymous_2)
FNDA:21,(anonymous_3)
DA:1,3
DA:2,3
DA:3,3
DA:17,3
DA:32,21
DA:59,6
LF:6
LH:6
BRDA:20,0,0,0
BRDA:26,1,0,2
BRDA:26,1,1,4
BRDA:30,2,0,6
BRDA:30,2,1,0
BRDA:34,3,0,21
BRF:6
BRH:4
end_of_record
TN:
SF:components/Button.tsx
FN:42,(anonymous_2)
FN:51,(anonymous_3)
FNF:2
FNH:1
FNDA:25,(anonymous_2)
FNDA:0,(anonymous_3)
DA:2,7
DA:28,7
DA:42,7
DA:58,25
DA:138,27
LF:5
LH:5
BRDA:43,0,0,0
BRDA:44,1,0,1
BRDA:45,2,0,3
BRDA:47,3,0,25
BRDA:49,4,0,6
BRDA:51,5,0,22
BRDA:56,6,0,9
BRDA:58,7,0,25
BRDA:58,7,1,0
BRDA:61,8,0,8
BRDA:63,9,0,0
BRDA:63,9,1,8
BRDA:73,10,0,0
BRDA:73,10,1,8
BRDA:73,11,0,8
BRDA:73,11,1,0
BRDA:86,12,0,0
BRDA:86,12,1,8
BRDA:86,13,0,8
BRDA:86,13,1,0
BRDA:102,14,0,0
BRDA:102,14,1,17
BRDA:103,15,0,3
BRDA:103,15,1,14
BRDA:105,16,0,0
BRDA:105,16,1,14
BRDA:113,17,0,0
BRDA:113,17,1,17
BRDA:113,18,0,17
BRDA:113,18,1,0
BRDA:124,19,0,0
BRDA:124,19,1,17
BRDA:124,20,0,17
BRDA:124,20,1,0
BRF:34
BRH:21
end_of_record
TN:
SF:components/Card.tsx
FN:25,(anonymous_2)
FN:47,(anonymous_3)
FN:65,(anonymous_4)
FN:77,(anonymous_5)
FN:95,(anonymous_6)
FN:109,(anonymous_7)
FNF:6
FNH:4
FNDA:2,(anonymous_2)
FNDA:1,(anonymous_3)
FNDA:2,(anonymous_4)
FNDA:2,(anonymous_5)
FNDA:0,(anonymous_6)
FNDA:0,(anonymous_7)
DA:1,1
DA:2,1
DA:3,1
DA:5,1
DA:25,1
DA:42,2
DA:44,2
DA:47,1
DA:49,2
DA:65,2
DA:66,2
DA:68,2
DA:69,2
DA:71,2
DA:77,2
DA:78,2
DA:79,2
DA:96,0
DA:97,0
DA:110,0
DA:111,0
DA:135,2
LF:22
LH:18
BRDA:26,0,0,2
BRDA:66,1,0,2
BRDA:68,2,0,2
BRDA:71,3,0,1
BRDA:71,3,1,1
BRDA:78,4,0,2
BRDA:107,5,0,2
BRDA:119,6,0,0
BRDA:119,6,1,0
BRF:9
BRH:7
end_of_record
TN:
SF:components/Collapse.tsx
FN:11,(anonymous_1)
FNF:1
FNH:1
FNDA:4,(anonymous_1)
DA:2,2
DA:11,2
DA:17,4
DA:44,4
LF:4
LH:4
BRDA:12,0,0,2
BRF:1
BRH:1
end_of_record
TN:
SF:components/ContextualAlert.tsx
FN:20,(anonymous_2)
FNF:1
FNH:1
FNDA:2,(anonymous_2)
DA:2,2
DA:3,2
DA:4,2
DA:5,2
DA:6,2
DA:7,2
DA:20,2
DA:31,2
DA:40,2
DA:48,2
DA:113,2
LF:11
LH:11
BRDA:31,0,0,0
BRDA:31,0,1,2
BRDA:33,1,0,0
BRDA:33,1,1,2
BRDA:35,2,0,2
BRDA:35,2,1,0
BRDA:40,3,0,0
BRDA:40,3,1,2
BRDA:42,4,0,0
BRDA:42,4,1,2
BRDA:44,5,0,2
BRDA:44,5,1,0
BRDA:48,6,0,0
BRDA:48,6,1,2
BRF:14
BRH:7
end_of_record
TN:
SF:components/Date.tsx
FN:7,(anonymous_1)
FNF:1
FNH:1
FNDA:2,(anonymous_1)
DA:7,1
DA:8,2
DA:27,2
LF:3
LH:3
BRDA:7,0,0,0
BRDA:8,1,0,2
BRDA:8,1,1,0
BRDA:18,2,0,0
BRF:4
BRH:1
end_of_record
TN:
SF:components/ErrorBoundary.tsx
FN:18,(anonymous_2)
FN:23,(anonymous_3)
FN:31,(anonymous_4)
FNF:3
FNH:0
FNDA:0,(anonymous_2)
FNDA:0,(anonymous_3)
FNDA:0,(anonymous_4)
DA:1,0
DA:2,0
DA:3,0
DA:14,0
DA:20,0
DA:25,0
DA:26,0
DA:27,0
DA:28,0
DA:32,0
DA:45,0
DA:49,0
LF:12
LH:0
BRDA:32,0,0,0
BRF:1
BRH:0
end_of_record
TN:
SF:components/ErrorPage.tsx
FN:14,(anonymous_2)
FN:53,(anonymous_3)
FNF:2
FNH:2
FNDA:7,(anonymous_2)
FNDA:7,(anonymous_3)
DA:1,8
DA:2,8
DA:3,8
DA:4,8
DA:14,8
DA:21,7
DA:22,7
DA:23,7
DA:24,0
DA:27,7
DA:33,7
DA:40,7
DA:46,7
DA:54,7
DA:119,8
LF:15
LH:14
BRDA:17,0,0,0
BRDA:18,1,0,3
BRDA:19,2,0,3
BRDA:22,3,0,5
BRDA:22,3,1,2
BRDA:22,4,0,2
BRDA:22,4,1,0
BRDA:23,5,0,0
BRDA:27,6,0,3
BRDA:27,6,1,4
BRDA:29,7,0,3
BRDA:29,7,1,1
BRDA:33,8,0,3
BRDA:33,8,1,4
BRDA:35,9,0,3
BRDA:35,9,1,1
BRDA:40,10,0,3
BRDA:40,10,1,4
BRDA:42,11,0,3
BRDA:42,11,1,1
BRDA:46,12,0,3
BRDA:46,12,1,4
BRDA:48,13,0,3
BRDA:48,13,1,1
BRDA:58,14,0,5
BRDA:58,14,1,2
BRDA:61,15,0,5
BRDA:61,15,1,2
BRDA:71,16,0,3
BRDA:71,16,1,4
BRDA:76,17,0,3
BRDA:76,17,1,4
BRDA:78,18,0,1
BRDA:78,18,1,3
BRDA:86,19,0,0
BRDA:86,19,1,7
BRDA:92,20,0,0
BRDA:92,20,1,7
BRDA:96,21,0,0
BRDA:96,21,1,7
BRDA:98,22,0,0
BRDA:98,22,1,7
BRDA:100,23,0,3
BRDA:100,23,1,4
BRF:44
BRH:37
end_of_record
TN:
SF:components/Footer.tsx
FN:26,(anonymous_2)
FN:36,(anonymous_3)
FN:94,(anonymous_4)
FNF:3
FNH:2
FNDA:2,(anonymous_2)
FNDA:0,(anonymous_3)
FNDA:3,(anonymous_4)
DA:1,2
DA:2,2
DA:3,2
DA:4,2
DA:5,2
DA:6,2
DA:7,2
DA:26,2
DA:42,2
DA:95,3
DA:151,2
LF:11
LH:11
BRDA:27,0,0,0
BRDA:28,1,0,0
BRDA:30,2,0,2
BRDA:31,3,0,0
BRDA:32,4,0,1
BRDA:42,5,0,2
BRDA:42,5,1,0
BRDA:70,6,0,0
BRDA:70,6,1,2
BRDA:74,7,0,0
BRDA:99,8,0,2
BRDA:99,8,1,1
BRDA:130,9,0,0
BRDA:130,9,1,2
BRDA:135,10,0,0
BRDA:135,10,1,2
BRF:16
BRH:8
end_of_record
TN:
SF:components/Header.tsx
FN:54,(anonymous_2)
FN:59,(anonymous_3)
FN:64,(anonymous_4)
FN:72,(anonymous_5)
FN:80,(anonymous_6)
FN:88,(anonymous_7)
FNF:6
FNH:1
FNDA:2,(anonymous_2)
FNDA:0,(anonymous_3)
FNDA:0,(anonymous_4)
FNDA:0,(anonymous_5)
FNDA:0,(anonymous_6)
FNDA:0,(anonymous_7)
DA:1,2
DA:2,2
DA:3,2
DA:4,2
DA:5,2
DA:6,2
DA:7,2
DA:54,2
DA:185,2
LF:9
LH:9
BRDA:55,0,0,0
BRDA:56,1,0,0
BRDA:58,2,0,0
BRDA:97,3,0,0
BRDA:98,4,0,0
BRDA:122,5,0,2
BRDA:122,5,1,0
BRDA:126,6,0,2
BRDA:126,6,1,0
BRDA:128,7,0,2
BRDA:128,7,1,0
BRDA:135,8,0,2
BRDA:135,8,1,0
BRDA:138,9,0,2
BRDA:138,9,1,0
BRDA:149,10,0,2
BRDA:149,10,1,0
BRF:17
BRH:6
end_of_record
TN:
SF:components/Heading.tsx
FN:10,(anonymous_1)
FNF:1
FNH:1
FNDA:20,(anonymous_1)
DA:10,10
DA:43,22
LF:2
LH:2
BRDA:15,0,0,0
BRDA:28,1,0,20
BRDA:28,1,1,2
BRF:3
BRH:2
end_of_record
TN:
SF:components/IdleTimeout.tsx
FN:19,(anonymous_2)
FN:34,(anonymous_3)
FN:38,(anonymous_4)
FN:45,(anonymous_5)
FN:50,(anonymous_6)
FN:56,(anonymous_7)
FNF:6
FNH:4
FNDA:2,(anonymous_2)
FNDA:0,(anonymous_3)
FNDA:0,(anonymous_4)
FNDA:1,(anonymous_5)
FNDA:1,(anonymous_6)
FNDA:1,(anonymous_7)
DA:1,2
DA:2,2
DA:3,2
DA:4,2
DA:5,2
DA:6,2
DA:7,2
DA:8,2
DA:9,2
DA:10,2
DA:19,2
DA:25,2
DA:26,2
DA:27,2
DA:31,2
DA:32,2
DA:34,2
DA:35,0
DA:38,2
DA:39,0
DA:40,0
DA:43,2
DA:45,1
DA:50,2
DA:51,1
DA:52,1
DA:53,1
DA:56,2
DA:57,1
DA:141,2
LF:30
LH:27
BRDA:23,0,0,0
BRDA:31,1,0,2
BRDA:31,1,1,0
BRDA:46,2,0,2
BRDA:46,2,1,0
BRDA:47,3,0,2
BRDA:47,3,1,0
BRF:7
BRH:3
end_of_record
TN:
SF:components/Language.tsx
FN:15,(anonymous_2)
FNF:1
FNH:1
FNDA:7,(anonymous_2)
DA:1,3
DA:15,3
DA:66,7
LF:3
LH:3
BRDA:16,0,0,0
BRDA:18,1,0,0
BRDA:23,2,0,3
BRDA:29,3,0,3
BRDA:34,4,0,3
BRDA:34,4,1,3
BRDA:35,5,0,2
BRDA:35,5,1,1
BRDA:36,6,0,3
BRDA:36,6,1,3
BRDA:36,7,0,2
BRDA:36,7,1,1
BRDA:39,8,0,2
BRDA:39,8,1,1
BRDA:43,9,0,2
BRDA:43,9,1,1
BRDA:51,10,0,4
BRDA:51,10,1,4
BRDA:52,11,0,2
BRDA:52,11,1,2
BRDA:53,12,0,4
BRDA:53,12,1,4
BRDA:56,13,0,2
BRDA:56,13,1,2
BRDA:60,14,0,2
BRDA:60,14,1,2
BRF:26
BRH:24
end_of_record
TN:
SF:components/Layout.tsx
FN:25,Layout
FN:40,(anonymous_3)
FN:45,(anonymous_4)
FN:50,(anonymous_5)
FN:55,(anonymous_6)
FN:64,(anonymous_7)
FN:149,noRefCheck
FN:150,noRefCheck
FNF:8
FNH:0
FNDA:0,Layout
FNDA:0,(anonymous_3)
FNDA:0,(anonymous_4)
FNDA:0,(anonymous_5)
FNDA:0,(anonymous_6)
FNDA:0,(anonymous_7)
FNDA:0,noRefCheck
FNDA:0,noRefCheck
DA:1,1
DA:2,1
DA:3,1
DA:4,1
DA:5,1
DA:6,1
DA:7,1
DA:8,1
DA:9,1
DA:10,1
DA:11,1
DA:12,1
DA:25,0
DA:34,0
DA:35,0
DA:36,0
DA:37,0
DA:39,0
DA:40,0
DA:44,0
DA:45,0
DA:49,0
DA:50,0
DA:55,0
DA:56,0
DA:57,0
DA:59,0
DA:60,0
DA:61,0
DA:64,0
DA:65,0
DA:66,0
LF:32
LH:12
BRDA:26,0,0,0
BRDA:27,1,0,0
BRDA:28,2,0,0
BRDA:34,3,0,0
BRDA:34,3,1,0
BRDA:37,4,0,0
BRDA:37,4,1,0
BRDA:59,5,0,0
BRDA:111,6,0,0
BRDA:111,6,1,0
BRDA:118,7,0,0
BRDA:118,7,1,0
BRDA:125,8,0,0
BRDA:125,8,1,0
BRDA:135,9,0,0
BRDA:135,9,1,0
BRDA:146,10,0,0
BRDA:146,10,1,0
BRDA:162,11,0,0
BRDA:162,11,1,0
BRDA:170,12,0,0
BRDA:170,12,1,0
BRF:22
BRH:0
end_of_record
TN:
SF:components/LoadingSpinner.tsx
FN:5,(anonymous_1)
FN:24,(anonymous_2)
FNF:2
FNH:2
FNDA:32,(anonymous_1)
FNDA:4,(anonymous_2)
DA:5,3
DA:24,3
DA:47,4
LF:3
LH:3
BRF:0
BRH:0
end_of_record
TN:
SF:components/MaterialIcon.tsx
FN:30,getIcon
FNF:1
FNH:0
FNDA:0,getIcon
DA:1,1
DA:6,1
DA:30,0
DA:31,0
DA:32,0
DA:34,0
LF:6
LH:2
BRDA:31,0,0,0
BRDA:31,1,0,0
BRDA:31,1,1,0
BRF:3
BRH:0
end_of_record
TN:
SF:components/Menu.tsx
FN:23,(anonymous_2)
FN:32,(anonymous_3)
FN:35,handleClick
FN:44,(anonymous_5)
FN:47,(anonymous_6)
FN:49,handleEsc
FN:55,(anonymous_8)
FN:104,(anonymous_10)
FN:104,(anonymous_11)
FN:153,(anonymous_12)
FN:163,(anonymous_13)
FN:163,(anonymous_14)
FNF:12
FNH:8
FNDA:7,(anonymous_2)
FNDA:7,(anonymous_3)
FNDA:0,handleClick
FNDA:2,(anonymous_5)
FNDA:7,(anonymous_6)
FNDA:0,handleEsc
FNDA:2,(anonymous_8)
FNDA:2,(anonymous_10)
FNDA:2,(anonymous_11)
FNDA:10,(anonymous_12)
FNDA:0,(anonymous_13)
FNDA:0,(anonymous_14)
DA:1,3
DA:2,3
DA:3,3
DA:4,3
DA:5,3
DA:23,3
DA:29,7
DA:30,7
DA:32,7
DA:34,7
DA:36,0
DA:40,0
DA:43,2
DA:44,2
DA:47,7
DA:48,7
DA:50,0
DA:51,0
DA:54,2
DA:55,2
DA:104,2
DA:154,10
DA:163,0
DA:205,5
LF:24
LH:19
BRDA:25,0,0,7
BRDA:34,1,0,5
BRDA:36,2,0,0
BRDA:37,3,0,0
BRDA:37,3,1,0
BRDA:48,4,0,5
BRDA:50,5,0,0
BRDA:76,6,0,0
BRDA:76,6,1,14
BRDA:86,7,0,0
BRDA:86,7,1,7
BRDA:124,8,0,0
BRDA:124,8,1,7
BRDA:133,9,0,5
BRDA:147,10,0,7
BRDA:158,11,0,2
BRDA:158,11,1,8
BRDA:161,12,0,2
BRDA:161,12,1,8
BRDA:169,13,0,10
BRF:20
BRH:13
end_of_record
TN:
SF:components/MessageList.tsx
FN:12,(anonymous_2)
FN:40,(anonymous_3)
FNF:2
FNH:0
FNDA:0,(anonymous_2)
FNDA:0,(anonymous_3)
DA:2,0
DA:3,0
DA:4,0
DA:5,0
DA:12,0
DA:13,0
DA:15,0
DA:16,0
DA:20,0
DA:41,0
DA:43,0
DA:44,0
DA:46,0
DA:47,0
DA:49,0
DA:51,0
DA:52,0
DA:53,0
DA:54,0
DA:58,0
DA:88,0
LF:21
LH:0
BRDA:13,0,0,0
BRDA:13,0,1,0
BRDA:28,1,0,0
BRDA:44,2,0,0
BRDA:44,2,1,0
BRDA:47,3,0,0
BRDA:47,3,1,0
BRDA:49,4,0,0
BRDA:49,4,1,0
BRF:9
BRH:0
end_of_record
TN:
SF:components/MetaData.tsx
FN:23,(anonymous_4)
FN:67,getStaticProps
FNF:2
FNH:1
FNDA:3,(anonymous_4)
FNDA:0,getStaticProps
DA:1,4
DA:23,4
DA:24,3
DA:67,0
DA:68,0
DA:73,4
LF:6
LH:4
BRDA:24,0,0,3
BRDA:24,0,1,0
BRDA:56,1,0,3
BRDA:56,1,1,0
BRF:4
BRH:2
end_of_record
TN:
SF:components/MostReqTasks.tsx
FN:26,(anonymous_2)
FN:59,(anonymous_3)
FN:112,(anonymous_4)
FNF:3
FNH:0
FNDA:0,(anonymous_2)
FNDA:0,(anonymous_3)
FNDA:0,(anonymous_4)
DA:1,1
DA:2,1
DA:3,1
DA:26,1
DA:43,0
DA:60,0
DA:113,0
DA:165,4
LF:8
LH:5
BRDA:27,0,0,0
BRDA:29,1,0,0
BRDA:40,2,0,0
BRDA:55,3,0,0
BRDA:69,4,0,0
BRDA:69,4,1,0
BRDA:70,5,0,0
BRDA:70,5,1,0
BRDA:78,6,0,0
BRDA:78,6,1,0
BRDA:83,7,0,0
BRDA:83,7,1,0
BRDA:93,8,0,0
BRDA:93,8,1,0
BRDA:122,9,0,0
BRDA:122,9,1,0
BRDA:123,10,0,0
BRDA:123,10,1,0
BRDA:131,11,0,0
BRDA:131,11,1,0
BRDA:136,12,0,0
BRDA:136,12,1,0
BRDA:146,13,0,0
BRDA:146,13,1,0
BRF:24
BRH:0
end_of_record
TN:
SF:components/NotificationBox.tsx
FN:8,(anonymous_1)
FNF:1
FNH:0
FNDA:0,(anonymous_1)
DA:8,0
DA:15,0
DA:30,0
LF:3
LH:0
BRDA:15,0,0,0
BRDA:15,0,1,0
BRF:2
BRH:0
end_of_record
TN:
SF:components/PageLink.tsx
FN:16,(anonymous_2)
FNF:1
FNH:1
FNDA:2,(anonymous_2)
DA:1,1
DA:2,1
DA:16,1
DA:28,2
DA:63,2
LF:5
LH:5
BRDA:20,0,0,0
BRDA:22,1,0,0
BRDA:25,2,0,0
BRF:3
BRH:0
end_of_record
TN:
SF:components/PaginatedMessages.tsx
FN:17,(anonymous_5)
FN:26,(anonymous_6)
FN:42,(anonymous_7)
FN:92,(anonymous_8)
FNF:4
FNH:0
FNDA:0,(anonymous_5)
FNDA:0,(anonymous_6)
FNDA:0,(anonymous_7)
FNDA:0,(anonymous_8)
DA:1,0
DA:3,0
DA:4,0
DA:5,0
DA:6,0
DA:17,0
DA:23,0
DA:26,0
DA:27,0
DA:30,0
DA:31,0
DA:34,0
DA:35,0
DA:37,0
DA:38,0
DA:39,0
DA:42,0
DA:43,0
DA:45,0
DA:48,0
DA:51,0
DA:52,0
DA:55,0
DA:61,0
DA:67,0
DA:70,0
DA:74,0
DA:75,0
DA:78,0
DA:80,0
DA:81,0
DA:85,0
DA:87,0
DA:88,0
DA:89,0
DA:90,0
DA:92,0
DA:93,0
DA:94,0
DA:95,0
DA:114,0
LF:41
LH:0
BRDA:23,0,0,0
BRDA:23,0,1,0
BRDA:30,1,0,0
BRDA:30,1,1,0
BRDA:30,2,0,0
BRDA:30,2,1,0
BRDA:51,3,0,0
BRDA:75,4,0,0
BRDA:75,4,1,0
BRDA:78,5,0,0
BRDA:78,5,1,0
BRDA:85,6,0,0
BRDA:85,6,1,0
BRF:13
BRH:0
end_of_record
TN:
SF:components/ProfileCard.tsx
FN:16,(anonymous_2)
FNF:1
FNH:0
FNDA:0,(anonymous_2)
DA:1,1
DA:2,1
DA:3,1
DA:4,1
DA:16,1
DA:49,1
LF:6
LH:6
BRF:0
BRH:0
end_of_record
TN:
SF:components/ProfileList.tsx
FN:9,(anonymous_2)
FN:19,(anonymous_3)
FNF:2
FNH:1
FNDA:4,(anonymous_2)
FNDA:0,(anonymous_3)
DA:1,1
DA:9,1
DA:20,0
DA:37,4
LF:4
LH:3
BRF:0
BRH:0
end_of_record
TN:
SF:components/ProfileTasks.tsx
FN:19,(anonymous_2)
FN:47,(anonymous_3)
FNF:2
FNH:2
FNDA:3,(anonymous_2)
FNDA:4,(anonymous_3)
DA:1,2
DA:19,2
DA:48,4
DA:73,3
LF:4
LH:4
BRDA:22,0,0,2
BRDA:31,1,0,3
BRF:2
BRH:2
end_of_record
TN:
SF:components/TableContents.tsx
FN:14,(anonymous_2)
FN:23,(anonymous_3)
FNF:2
FNH:2
FNDA:1,(anonymous_2)
FNDA:2,(anonymous_3)
DA:1,1
DA:14,1
DA:15,1
DA:24,2
DA:49,1
LF:5
LH:5
BRDA:15,0,0,0
BRDA:15,0,1,1
BRDA:20,1,0,1
BRDA:20,1,1,0
BRF:4
BRH:2
end_of_record
TN:
SF:components/TextDivision.tsx
FN:11,(anonymous_2)
FN:19,(anonymous_3)
FN:29,(anonymous_4)
FNF:3
FNH:0
FNDA:0,(anonymous_2)
FNDA:0,(anonymous_3)
FNDA:0,(anonymous_4)
DA:2,0
DA:11,0
DA:18,0
DA:20,0
DA:30,0
DA:45,0
DA:59,0
LF:7
LH:0
BRDA:13,0,0,0
BRDA:14,1,0,0
BRDA:18,2,0,0
BRDA:18,2,1,0
BRDA:45,3,0,0
BRDA:45,3,1,0
BRDA:47,4,0,0
BRDA:47,4,1,0
BRDA:49,5,0,0
BRDA:49,5,1,0
BRDA:51,6,0,0
BRDA:51,6,1,0
BRF:12
BRH:0
end_of_record
TN:
SF:components/TextPartition.tsx
FN:13,(anonymous_2)
FNF:1
FNH:0
FNDA:0,(anonymous_2)
DA:1,0
DA:13,0
DA:22,0
DA:25,0
DA:46,0
LF:5
LH:0
BRDA:17,0,0,0
BRDA:25,1,0,0
BRDA:25,1,1,0
BRDA:26,2,0,0
BRDA:26,2,1,0
BRDA:31,3,0,0
BRDA:31,3,1,0
BRDA:31,4,0,0
BRDA:31,4,1,0
BRDA:34,5,0,0
BRDA:34,5,1,0
BRF:11
BRH:0
end_of_record
TN:
SF:components/TextSection.tsx
FN:12,(anonymous_2)
FN:20,(anonymous_3)
FNF:2
FNH:0
FNDA:0,(anonymous_2)
FNDA:0,(anonymous_3)
DA:2,0
DA:3,0
DA:12,0
DA:21,0
DA:60,0
LF:5
LH:0
BRDA:35,0,0,0
BRDA:34,1,0,0
BRDA:34,1,1,0
BRDA:48,2,0,0
BRDA:48,2,1,0
BRF:5
BRH:0
end_of_record
TN:
SF:components/TopNav.tsx
FN:9,(anonymous_1)
FNF:1
FNH:1
FNDA:5,(anonymous_1)
DA:9,5
LF:1
LH:1
BRDA:10,0,0,0
BRDA:11,1,0,0
BRDA:12,2,0,0
BRDA:13,3,0,0
BRDA:14,4,0,0
BRDA:22,5,0,3
BRDA:22,5,1,2
BRDA:31,6,0,2
BRDA:31,6,1,3
BRDA:41,7,0,2
BRDA:41,7,1,3
BRDA:47,8,0,0
BRDA:47,8,1,5
BRDA:54,9,0,0
BRDA:54,9,1,0
BRF:15
BRH:7
end_of_record
TN:
SF:components/ViewMoreLessButton.tsx
FN:21,(anonymous_1)
FNF:1
FNH:1
FNDA:5,(anonymous_1)
DA:1,2
DA:5,2
DA:21,2
DA:67,5
LF:4
LH:4
BRDA:25,0,0,0
BRDA:30,1,0,3
BRDA:31,2,0,5
BRDA:32,3,0,5
BRDA:47,4,0,2
BRDA:47,4,1,3
BRDA:51,5,0,1
BRF:7
BRH:6
end_of_record
TN:
SF:components/contact/ContactProvince.tsx
FN:14,(anonymous_2)
FN:30,(anonymous_3)
FN:33,(anonymous_4)
FNF:3
FNH:2
FNDA:2,(anonymous_2)
FNDA:0,(anonymous_3)
FNDA:2,(anonymous_4)
DA:1,1
DA:5,1
DA:14,2
DA:31,0
DA:34,2
LF:5
LH:4
BRDA:17,0,0,0
BRF:1
BRH:0
end_of_record
TN:
SF:components/contact/ContactProvinceRow.tsx
FN:22,(anonymous_2)
FN:26,(anonymous_3)
FN:39,(anonymous_4)
FNF:3
FNH:3
FNDA:20,(anonymous_2)
FNDA:2,(anonymous_3)
FNDA:2,(anonymous_4)
DA:1,1
DA:2,1
DA:22,1
DA:23,20
DA:26,2
DA:31,2
DA:40,2
LF:7
LH:7
BRDA:23,0,0,20
BRDA:23,0,1,0
BRDA:29,1,0,0
BRDA:32,2,0,2
BRDA:32,2,1,2
BRF:5
BRH:3
end_of_record
TN:
SF:components/contact/ContactSection.tsx
FN:29,(anonymous_2)
FN:53,(anonymous_3)
FNF:2
FNH:1
FNDA:2,(anonymous_2)
FNDA:0,(anonymous_3)
DA:1,1
DA:2,1
DA:3,1
DA:29,2
DA:55,0
DA:57,0
LF:6
LH:4
BRDA:33,0,0,0
BRDA:55,1,0,0
BRDA:55,1,1,0
BRF:3
BRH:0
end_of_record
TN:
SF:components/contact/ContactSectionRow.tsx
FN:25,(anonymous_2)
FN:59,(anonymous_3)
FNF:2
FNH:2
FNDA:2,(anonymous_2)
FNDA:2,(anonymous_3)
DA:1,2
DA:2,2
DA:3,2
DA:4,2
DA:25,2
DA:36,2
DA:37,2
DA:60,2
LF:8
LH:8
BRDA:33,0,0,0
BRDA:34,1,0,0
BRDA:36,2,0,0
BRDA:36,2,1,2
BRDA:49,3,0,2
BRDA:49,3,1,0
BRDA:56,4,0,2
BRDA:56,4,1,0
BRDA:63,5,0,2
BRDA:70,6,0,0
BRDA:70,6,1,2
BRDA:70,7,0,2
BRDA:70,7,1,2
BRDA:71,8,0,0
BRDA:71,8,1,0
BRDA:77,9,0,0
BRDA:77,9,1,2
BRDA:77,10,0,2
BRDA:77,10,1,2
BRDA:82,11,0,0
BRDA:82,11,1,2
BRDA:82,12,0,2
BRDA:82,12,1,2
BRDA:98,13,0,0
BRDA:105,14,0,0
BRF:25
BRH:13
end_of_record
TN:
SF:pages/404.tsx
FN:28,(anonymous_4)
FN:47,(anonymous_5)
FNF:2
FNH:1
FNDA:2,(anonymous_4)
FNDA:0,(anonymous_5)
DA:1,1
DA:2,1
DA:28,1
DA:47,1
DA:49,0
DA:50,0
DA:52,0
DA:54,0
DA:75,0
DA:89,2
LF:10
LH:5
BRDA:35,0,0,0
BRDA:35,0,1,2
BRDA:38,1,0,0
BRDA:38,1,1,2
BRDA:52,2,0,0
BRDA:52,2,1,0
BRDA:78,3,0,0
BRDA:78,3,1,0
BRDA:81,4,0,0
BRDA:81,4,1,0
BRF:10
BRH:2
end_of_record
TN:
SF:pages/500.tsx
FN:28,(anonymous_4)
FN:47,(anonymous_5)
FNF:2
FNH:1
FNDA:2,(anonymous_4)
FNDA:0,(anonymous_5)
DA:1,1
DA:2,1
DA:28,1
DA:47,1
DA:49,0
DA:50,0
DA:52,0
DA:54,0
DA:74,0
DA:88,2
LF:10
LH:5
BRDA:35,0,0,0
BRDA:35,0,1,2
BRDA:38,1,0,0
BRDA:38,1,1,2
BRDA:52,2,0,0
BRDA:52,2,1,0
BRDA:77,3,0,0
BRDA:77,3,1,0
BRDA:80,4,0,0
BRDA:80,4,1,0
BRF:10
BRH:2
end_of_record
TN:
SF:pages/_app.tsx
FN:27,aaPushEvent
FN:40,MyApp
FN:48,(anonymous_4)
FNF:3
FNH:0
FNDA:0,aaPushEvent
FNDA:0,MyApp
FNDA:0,(anonymous_4)
DA:1,0
DA:2,0
DA:3,0
DA:4,0
DA:5,0
DA:6,0
DA:7,0
DA:8,0
DA:9,0
DA:12,0
DA:25,0
DA:28,0
DA:29,0
DA:36,0
DA:40,0
DA:48,0
DA:49,0
DA:51,0
DA:52,0
DA:53,0
DA:65,0
DA:66,0
LF:22
LH:0
BRDA:28,0,0,0
BRDA:28,0,1,0
BRDA:51,1,0,0
BRF:3
BRH:0
end_of_record
TN:
SF:pages/_document.tsx
FN:4,Document
FNF:1
FNH:0
FNDA:0,Document
DA:1,0
DA:2,0
DA:4,0
LF:3
LH:0
BRDA:16,0,0,0
BRF:1
BRH:0
end_of_record
TN:
SF:pages/decision-reviews.tsx
FN:47,DecisionReviews
FN:141,getServerSideProps
FN:190,(anonymous_6)
FN:197,(anonymous_7)
FN:208,(anonymous_8)
FN:211,(anonymous_9)
FNF:6
FNH:1
FNDA:2,DecisionReviews
FNDA:0,getServerSideProps
FNDA:0,(anonymous_6)
FNDA:0,(anonymous_7)
FNDA:0,(anonymous_8)
FNDA:0,(anonymous_9)
DA:1,1
DA:2,1
DA:6,1
DA:7,1
DA:14,1
DA:15,1
DA:16,1
DA:20,1
DA:21,1
DA:22,1
DA:23,1
DA:47,2
DA:49,2
DA:54,2
DA:141,0
DA:150,0
DA:152,0
DA:153,0
DA:155,0
DA:158,0
DA:159,0
DA:163,0
DA:165,0
DA:166,0
DA:167,0
DA:168,0
DA:169,0
DA:170,0
DA:175,0
DA:176,0
DA:186,0
DA:187,0
DA:189,0
DA:191,0
DA:192,0
DA:196,0
DA:198,0
DA:199,0
DA:207,0
DA:209,0
DA:212,0
DA:215,0
DA:236,0
DA:270,1
LF:44
LH:15
BRDA:49,0,0,2
BRDA:49,0,1,2
BRDA:49,0,2,2
BRDA:49,0,3,2
BRDA:49,0,4,2
BRDA:54,1,0,0
BRDA:57,2,0,0
BRDA:57,2,1,0
BRDA:61,3,0,0
BRDA:61,3,1,0
BRDA:152,4,0,0
BRDA:152,5,0,0
BRDA:152,5,1,0
BRDA:158,6,0,0
BRDA:158,7,0,0
BRDA:158,7,1,0
BRDA:163,8,0,0
BRDA:166,9,0,0
BRDA:166,9,1,0
BRDA:169,10,0,0
BRDA:171,11,0,0
BRDA:171,11,1,0
BRDA:207,12,0,0
BRDA:207,12,1,0
BRDA:241,13,0,0
BRDA:241,13,1,0
BRDA:243,14,0,0
BRDA:243,14,1,0
BRDA:249,15,0,0
BRDA:249,15,1,0
BRDA:253,16,0,0
BRDA:253,16,1,0
BRDA:255,17,0,0
BRDA:255,17,1,0
BRDA:257,18,0,0
BRDA:257,18,1,0
BRDA:261,19,0,0
BRDA:261,19,1,0
BRDA:263,20,0,0
BRDA:263,20,1,0
BRF:40
BRH:5
end_of_record
TN:
SF:pages/inbox-notification-preferences-success.tsx
FN:59,InboxSuccess
FN:90,(anonymous_5)
FN:134,getServerSideProps
FN:183,(anonymous_7)
FN:190,(anonymous_8)
FN:206,(anonymous_9)
FN:211,(anonymous_10)
FNF:7
FNH:0
FNDA:0,InboxSuccess
FNDA:0,(anonymous_5)
FNDA:0,getServerSideProps
FNDA:0,(anonymous_7)
FNDA:0,(anonymous_8)
FNDA:0,(anonymous_9)
FNDA:0,(anonymous_10)
DA:2,0
DA:3,0
DA:4,0
DA:5,0
DA:6,0
DA:10,0
DA:15,0
DA:22,0
DA:23,0
DA:24,0
DA:25,0
DA:26,0
DA:59,0
DA:61,0
DA:66,0
DA:91,0
DA:92,0
DA:134,0
DA:143,0
DA:145,0
DA:146,0
DA:148,0
DA:151,0
DA:152,0
DA:156,0
DA:158,0
DA:159,0
DA:160,0
DA:161,0
DA:162,0
DA:163,0
DA:168,0
DA:169,0
DA:179,0
DA:180,0
DA:182,0
DA:184,0
DA:185,0
DA:189,0
DA:191,0
DA:192,0
DA:202,0
DA:207,0
DA:212,0
DA:217,0
DA:240,0
DA:274,0
LF:47
LH:0
BRDA:61,0,0,0
BRDA:61,0,1,0
BRDA:61,0,2,0
BRDA:61,0,3,0
BRDA:61,0,4,0
BRDA:66,1,0,0
BRDA:69,2,0,0
BRDA:69,2,1,0
BRDA:73,3,0,0
BRDA:73,3,1,0
BRDA:76,4,0,0
BRDA:76,4,1,0
BRDA:107,5,0,0
BRDA:107,5,1,0
BRDA:108,6,0,0
BRDA:108,6,1,0
BRDA:112,7,0,0
BRDA:112,7,1,0
BRDA:118,8,0,0
BRDA:118,8,1,0
BRDA:119,9,0,0
BRDA:119,9,1,0
BRDA:123,10,0,0
BRDA:123,10,1,0
BRDA:145,11,0,0
BRDA:145,12,0,0
BRDA:145,12,1,0
BRDA:151,13,0,0
BRDA:151,14,0,0
BRDA:151,14,1,0
BRDA:156,15,0,0
BRDA:159,16,0,0
BRDA:159,16,1,0
BRDA:162,17,0,0
BRDA:164,18,0,0
BRDA:164,18,1,0
BRDA:202,19,0,0
BRDA:202,19,1,0
BRDA:204,20,0,0
BRDA:204,20,1,0
BRDA:245,21,0,0
BRDA:245,21,1,0
BRDA:247,22,0,0
BRDA:247,22,1,0
BRDA:253,23,0,0
BRDA:253,23,1,0
BRDA:257,24,0,0
BRDA:257,24,1,0
BRDA:259,25,0,0
BRDA:259,25,1,0
BRDA:261,26,0,0
BRDA:261,26,1,0
BRDA:265,27,0,0
BRDA:265,27,1,0
BRDA:267,28,0,0
BRDA:267,28,1,0
BRF:56
BRH:0
end_of_record
TN:
SF:pages/inbox-notification-preferences.tsx
FN:63,InboxNotePref
FN:94,(anonymous_5)
FN:99,handleSubmit
FN:220,getServerSideProps
FN:269,(anonymous_8)
FN:276,(anonymous_9)
FN:292,(anonymous_10)
FN:297,(anonymous_11)
FN:365,isDev
FN:369,defaultToPaperless
FNF:10
FNH:0
FNDA:0,InboxNotePref
FNDA:0,(anonymous_5)
FNDA:0,handleSubmit
FNDA:0,getServerSideProps
FNDA:0,(anonymous_8)
FNDA:0,(anonymous_9)
FNDA:0,(anonymous_10)
FNDA:0,(anonymous_11)
FNDA:0,isDev
FNDA:0,defaultToPaperless
DA:2,0
DA:3,0
DA:4,0
DA:8,0
DA:15,0
DA:16,0
DA:17,0
DA:18,0
DA:22,0
DA:23,0
DA:24,0
DA:25,0
DA:27,0
DA:63,0
DA:64,0
DA:65,0
DA:67,0
DA:69,0
DA:74,0
DA:92,0
DA:94,0
DA:95,0
DA:96,0
DA:100,0
DA:101,0
DA:102,0
DA:104,0
DA:108,0
DA:111,0
DA:112,0
DA:114,0
DA:220,0
DA:229,0
DA:231,0
DA:232,0
DA:234,0
DA:237,0
DA:238,0
DA:242,0
DA:244,0
DA:245,0
DA:246,0
DA:247,0
DA:248,0
DA:249,0
DA:254,0
DA:255,0
DA:265,0
DA:266,0
DA:268,0
DA:270,0
DA:271,0
DA:275,0
DA:277,0
DA:278,0
DA:288,0
DA:293,0
DA:298,0
DA:303,0
DA:324,0
DA:325,0
DA:326,0
DA:328,0
DA:364,0
DA:366,0
DA:370,0
DA:371,0
DA:373,0
DA:374,0
LF:69
LH:0
BRDA:69,0,0,0
BRDA:69,0,1,0
BRDA:69,0,2,0
BRDA:69,0,3,0
BRDA:69,0,4,0
BRDA:74,1,0,0
BRDA:77,2,0,0
BRDA:77,2,1,0
BRDA:81,3,0,0
BRDA:81,3,1,0
BRDA:84,4,0,0
BRDA:84,4,1,0
BRDA:102,5,0,0
BRDA:102,5,1,0
BRDA:105,6,0,0
BRDA:105,6,1,0
BRDA:111,7,0,0
BRDA:111,7,1,0
BRDA:112,8,0,0
BRDA:112,8,1,0
BRDA:114,9,0,0
BRDA:114,9,1,0
BRDA:126,10,0,0
BRDA:126,10,1,0
BRDA:127,11,0,0
BRDA:127,11,1,0
BRDA:128,12,0,0
BRDA:128,12,1,0
BRDA:136,13,0,0
BRDA:136,13,1,0
BRDA:137,14,0,0
BRDA:137,14,1,0
BRDA:138,15,0,0
BRDA:138,15,1,0
BRDA:150,16,0,0
BRDA:150,16,1,0
BRDA:169,17,0,0
BRDA:169,17,1,0
BRDA:173,18,0,0
BRDA:173,18,1,0
BRDA:174,19,0,0
BRDA:174,19,1,0
BRDA:175,20,0,0
BRDA:175,20,1,0
BRDA:194,21,0,0
BRDA:194,21,1,0
BRDA:198,22,0,0
BRDA:198,22,1,0
BRDA:199,23,0,0
BRDA:199,23,1,0
BRDA:200,24,0,0
BRDA:200,24,1,0
BRDA:209,25,0,0
BRDA:209,25,1,0
BRDA:231,26,0,0
BRDA:231,27,0,0
BRDA:231,27,1,0
BRDA:237,28,0,0
BRDA:237,29,0,0
BRDA:237,29,1,0
BRDA:242,30,0,0
BRDA:245,31,0,0
BRDA:245,31,1,0
BRDA:248,32,0,0
BRDA:250,33,0,0
BRDA:250,33,1,0
BRDA:288,34,0,0
BRDA:288,34,1,0
BRDA:290,35,0,0
BRDA:290,35,1,0
BRDA:325,36,0,0
BRDA:325,36,1,0
BRDA:334,37,0,0
BRDA:334,37,1,0
BRDA:336,38,0,0
BRDA:336,38,1,0
BRDA:342,39,0,0
BRDA:342,39,1,0
BRDA:346,40,0,0
BRDA:346,40,1,0
BRDA:348,41,0,0
BRDA:348,41,1,0
BRDA:350,42,0,0
BRDA:350,42,1,0
BRDA:354,43,0,0
BRDA:354,43,1,0
BRDA:356,44,0,0
BRDA:356,44,1,0
BRDA:370,45,0,0
BRDA:375,46,0,0
BRDA:375,46,1,0
BRF:91
BRH:0
end_of_record
TN:
SF:pages/inbox-now-available.tsx
FN:52,InboxNoteNowAvailable
FN:111,getServerSideProps
FN:160,(anonymous_6)
FN:167,(anonymous_7)
FN:183,(anonymous_8)
FN:188,(anonymous_9)
FNF:6
FNH:0
FNDA:0,InboxNoteNowAvailable
FNDA:0,getServerSideProps
FNDA:0,(anonymous_6)
FNDA:0,(anonymous_7)
FNDA:0,(anonymous_8)
FNDA:0,(anonymous_9)
DA:2,0
DA:6,0
DA:13,0
DA:14,0
DA:15,0
DA:19,0
DA:20,0
DA:21,0
DA:22,0
DA:24,0
DA:52,0
DA:54,0
DA:59,0
DA:77,0
DA:111,0
DA:120,0
DA:122,0
DA:123,0
DA:125,0
DA:128,0
DA:129,0
DA:133,0
DA:135,0
DA:136,0
DA:137,0
DA:138,0
DA:139,0
DA:140,0
DA:145,0
DA:146,0
DA:156,0
DA:157,0
DA:159,0
DA:161,0
DA:162,0
DA:166,0
DA:168,0
DA:169,0
DA:179,0
DA:184,0
DA:189,0
DA:194,0
DA:217,0
LF:43
LH:0
BRDA:54,0,0,0
BRDA:54,0,1,0
BRDA:54,0,2,0
BRDA:54,0,3,0
BRDA:54,0,4,0
BRDA:59,1,0,0
BRDA:62,2,0,0
BRDA:62,2,1,0
BRDA:66,3,0,0
BRDA:66,3,1,0
BRDA:69,4,0,0
BRDA:69,4,1,0
BRDA:88,5,0,0
BRDA:88,5,1,0
BRDA:89,6,0,0
BRDA:89,6,1,0
BRDA:90,7,0,0
BRDA:90,7,1,0
BRDA:97,8,0,0
BRDA:97,8,1,0
BRDA:101,9,0,0
BRDA:101,9,1,0
BRDA:122,10,0,0
BRDA:122,11,0,0
BRDA:122,11,1,0
BRDA:128,12,0,0
BRDA:128,13,0,0
BRDA:128,13,1,0
BRDA:133,14,0,0
BRDA:136,15,0,0
BRDA:136,15,1,0
BRDA:139,16,0,0
BRDA:141,17,0,0
BRDA:141,17,1,0
BRDA:179,18,0,0
BRDA:179,18,1,0
BRDA:181,19,0,0
BRDA:181,19,1,0
BRDA:222,20,0,0
BRDA:222,20,1,0
BRDA:224,21,0,0
BRDA:224,21,1,0
BRDA:230,22,0,0
BRDA:230,22,1,0
BRDA:234,23,0,0
BRDA:234,23,1,0
BRDA:236,24,0,0
BRDA:236,24,1,0
BRDA:238,25,0,0
BRDA:238,25,1,0
BRDA:242,26,0,0
BRDA:242,26,1,0
BRDA:244,27,0,0
BRDA:244,27,1,0
BRF:54
BRH:0
end_of_record
TN:
SF:pages/inbox.tsx
FN:59,Messages
FN:103,getServerSideProps
FN:154,(anonymous_6)
FN:160,(anonymous_7)
FN:173,(anonymous_8)
FN:178,(anonymous_9)
FN:246,(anonymous_10)
FN:250,(anonymous_11)
FNF:8
FNH:0
FNDA:0,Messages
FNDA:0,getServerSideProps
FNDA:0,(anonymous_6)
FNDA:0,(anonymous_7)
FNDA:0,(anonymous_8)
FNDA:0,(anonymous_9)
FNDA:0,(anonymous_10)
FNDA:0,(anonymous_11)
DA:1,0
DA:2,0
DA:4,0
DA:5,0
DA:7,0
DA:8,0
DA:9,0
DA:13,0
DA:18,0
DA:20,0
DA:21,0
DA:22,0
DA:29,0
DA:59,0
DA:60,0
DA:103,0
DA:112,0
DA:113,0
DA:115,0
DA:116,0
DA:118,0
DA:121,0
DA:122,0
DA:126,0
DA:128,0
DA:129,0
DA:130,0
DA:131,0
DA:132,0
DA:133,0
DA:138,0
DA:139,0
DA:148,0
DA:149,0
DA:152,0
DA:154,0
DA:155,0
DA:156,0
DA:159,0
DA:161,0
DA:162,0
DA:169,0
DA:174,0
DA:179,0
DA:184,0
DA:205,0
DA:246,0
DA:247,0
DA:251,0
DA:259,0
LF:50
LH:0
BRDA:73,0,0,0
BRDA:73,0,1,0
BRDA:74,1,0,0
BRDA:74,1,1,0
BRDA:75,2,0,0
BRDA:75,2,1,0
BRDA:87,3,0,0
BRDA:87,3,1,0
BRDA:93,4,0,0
BRDA:93,4,1,0
BRDA:94,5,0,0
BRDA:94,5,1,0
BRDA:95,6,0,0
BRDA:95,6,1,0
BRDA:115,7,0,0
BRDA:115,8,0,0
BRDA:115,8,1,0
BRDA:121,9,0,0
BRDA:121,10,0,0
BRDA:121,10,1,0
BRDA:126,11,0,0
BRDA:129,12,0,0
BRDA:129,12,1,0
BRDA:132,13,0,0
BRDA:134,14,0,0
BRDA:134,14,1,0
BRDA:148,15,0,0
BRDA:148,15,1,0
BRDA:149,16,0,0
BRDA:149,16,1,0
BRDA:169,17,0,0
BRDA:169,17,1,0
BRDA:171,18,0,0
BRDA:171,18,1,0
BRDA:210,19,0,0
BRDA:210,19,1,0
BRDA:212,20,0,0
BRDA:212,20,1,0
BRDA:218,21,0,0
BRDA:218,21,1,0
BRDA:222,22,0,0
BRDA:222,22,1,0
BRDA:224,23,0,0
BRDA:224,23,1,0
BRDA:226,24,0,0
BRDA:226,24,1,0
BRDA:230,25,0,0
BRDA:230,25,1,0
BRDA:232,26,0,0
BRDA:232,26,1,0
BRF:50
BRH:0
end_of_record
TN:
SF:pages/index.tsx
FN:24,(anonymous_4)
FN:99,PageLayout
FN:103,(anonymous_6)
FNF:3
FNH:1
FNDA:1,(anonymous_4)
FNDA:0,PageLayout
FNDA:0,(anonymous_6)
DA:1,1
DA:2,1
DA:3,1
DA:24,1
DA:99,1
DA:103,1
DA:105,0
DA:126,0
DA:133,1
LF:9
LH:7
BRF:0
BRH:0
end_of_record
TN:
SF:pages/maintenance.tsx
FN:27,(anonymous_4)
FN:68,(anonymous_5)
FNF:2
FNH:1
FNDA:2,(anonymous_4)
FNDA:0,(anonymous_5)
DA:1,1
DA:2,1
DA:3,1
DA:4,1
DA:27,1
DA:28,2
DA:68,1
DA:72,0
DA:94,0
DA:103,2
LF:10
LH:8
BRDA:28,0,0,1
BRDA:28,0,1,1
BRDA:54,1,0,1
BRDA:54,1,1,1
BRF:4
BRH:4
end_of_record
TN:
SF:pages/my-dashboard.tsx
FN:71,MyDashboard
FN:105,(anonymous_5)
FN:122,(anonymous_6)
FN:149,(anonymous_7)
FN:170,getServerSideProps
FN:219,(anonymous_9)
FN:226,(anonymous_10)
FNF:7
FNH:3
FNDA:4,MyDashboard
FNDA:4,(anonymous_5)
FNDA:4,(anonymous_6)
FNDA:0,(anonymous_7)
FNDA:0,getServerSideProps
FNDA:0,(anonymous_9)
FNDA:0,(anonymous_10)
DA:1,1
DA:2,1
DA:3,1
DA:4,1
DA:8,1
DA:12,1
DA:13,1
DA:20,1
DA:21,1
DA:22,1
DA:23,1
DA:24,1
DA:25,1
DA:26,1
DA:71,4
DA:80,4
DA:106,4
DA:107,4
DA:123,4
DA:124,4
DA:125,4
DA:150,0
DA:170,0
DA:179,0
DA:181,0
DA:182,0
DA:184,0
DA:187,0
DA:188,0
DA:192,0
DA:194,0
DA:195,0
DA:196,0
DA:197,0
DA:198,0
DA:199,0
DA:204,0
DA:205,0
DA:215,0
DA:216,0
DA:218,0
DA:220,0
DA:221,0
DA:225,0
DA:227,0
DA:228,0
DA:232,0
DA:233,0
DA:240,0
DA:261,0
DA:294,1
LF:51
LH:22
BRDA:80,0,0,0
BRDA:87,1,0,0
BRDA:87,1,1,0
BRDA:90,2,0,0
BRDA:90,2,1,0
BRDA:116,3,0,1
BRDA:116,3,1,3
BRDA:181,4,0,0
BRDA:181,5,0,0
BRDA:181,5,1,0
BRDA:187,6,0,0
BRDA:187,7,0,0
BRDA:187,7,1,0
BRDA:192,8,0,0
BRDA:195,9,0,0
BRDA:195,9,1,0
BRDA:198,10,0,0
BRDA:200,11,0,0
BRDA:200,11,1,0
BRDA:232,12,0,0
BRDA:266,13,0,0
BRDA:266,13,1,0
BRDA:268,14,0,0
BRDA:268,14,1,0
BRDA:273,15,0,0
BRDA:273,15,1,0
BRDA:277,16,0,0
BRDA:277,16,1,0
BRDA:279,17,0,0
BRDA:279,17,1,0
BRDA:281,18,0,0
BRDA:281,18,1,0
BRDA:285,19,0,0
BRDA:285,19,1,0
BRDA:287,20,0,0
BRDA:287,20,1,0
BRF:36
BRH:2
end_of_record
TN:
SF:pages/personal-information-by-benefit.tsx
FN:61,PersonalInfoByBenefit
FN:97,(anonymous_5)
FN:115,getServerSideProps
FN:163,(anonymous_7)
FN:169,(anonymous_8)
FN:185,(anonymous_9)
FN:190,(anonymous_10)
FNF:7
FNH:2
FNDA:2,PersonalInfoByBenefit
FNDA:2,(anonymous_5)
FNDA:0,getServerSideProps
FNDA:0,(anonymous_7)
FNDA:0,(anonymous_8)
FNDA:0,(anonymous_9)
FNDA:0,(anonymous_10)
DA:2,1
DA:3,1
DA:4,1
DA:5,1
DA:6,1
DA:7,1
DA:11,1
DA:15,1
DA:16,1
DA:23,1
DA:24,1
DA:25,1
DA:61,2
DA:65,2
DA:70,2
DA:98,2
DA:115,0
DA:124,0
DA:126,0
DA:127,0
DA:129,0
DA:132,0
DA:133,0
DA:137,0
DA:139,0
DA:140,0
DA:141,0
DA:142,0
DA:143,0
DA:144,0
DA:149,0
DA:150,0
DA:160,0
DA:161,0
DA:163,0
DA:164,0
DA:165,0
DA:168,0
DA:170,0
DA:171,0
DA:181,0
DA:186,0
DA:191,0
DA:196,0
DA:217,0
DA:251,1
LF:46
LH:17
BRDA:65,0,0,2
BRDA:65,0,1,2
BRDA:65,0,2,2
BRDA:65,0,3,2
BRDA:65,0,4,2
BRDA:70,1,0,0
BRDA:73,2,0,0
BRDA:73,2,1,0
BRDA:77,3,0,0
BRDA:77,3,1,0
BRDA:80,4,0,0
BRDA:80,4,1,0
BRDA:126,5,0,0
BRDA:126,6,0,0
BRDA:126,6,1,0
BRDA:132,7,0,0
BRDA:132,8,0,0
BRDA:132,8,1,0
BRDA:137,9,0,0
BRDA:140,10,0,0
BRDA:140,10,1,0
BRDA:143,11,0,0
BRDA:145,12,0,0
BRDA:145,12,1,0
BRDA:181,13,0,0
BRDA:181,13,1,0
BRDA:183,14,0,0
BRDA:183,14,1,0
BRDA:222,15,0,0
BRDA:222,15,1,0
BRDA:224,16,0,0
BRDA:224,16,1,0
BRDA:230,17,0,0
BRDA:230,17,1,0
BRDA:232,18,0,0
BRDA:232,18,1,0
BRDA:234,19,0,0
BRDA:234,19,1,0
BRDA:236,20,0,0
BRDA:236,20,1,0
BRDA:238,21,0,0
BRDA:238,21,1,0
BRDA:242,22,0,0
BRDA:242,22,1,0
BRDA:244,23,0,0
BRDA:244,23,1,0
BRF:46
BRH:5
end_of_record
TN:
SF:pages/profile-and-preferences.tsx
FN:52,Profile
FN:100,getServerSideProps
FN:149,(anonymous_6)
FN:156,(anonymous_7)
FN:172,(anonymous_8)
FN:177,(anonymous_9)
FNF:6
FNH:1
FNDA:2,Profile
FNDA:0,getServerSideProps
FNDA:0,(anonymous_6)
FNDA:0,(anonymous_7)
FNDA:0,(anonymous_8)
FNDA:0,(anonymous_9)
DA:2,1
DA:3,1
DA:4,1
DA:5,1
DA:6,1
DA:7,1
DA:11,1
DA:16,1
DA:23,1
DA:24,1
DA:25,1
DA:52,2
DA:54,2
DA:59,2
DA:100,0
DA:109,0
DA:111,0
DA:112,0
DA:114,0
DA:117,0
DA:118,0
DA:122,0
DA:124,0
DA:125,0
DA:126,0
DA:127,0
DA:128,0
DA:129,0
DA:134,0
DA:135,0
DA:145,0
DA:146,0
DA:148,0
DA:150,0
DA:151,0
DA:155,0
DA:157,0
DA:158,0
DA:168,0
DA:173,0
DA:178,0
DA:183,0
DA:204,0
DA:238,1
LF:44
LH:15
BRDA:54,0,0,2
BRDA:54,0,1,2
BRDA:54,0,2,2
BRDA:54,0,3,2
BRDA:54,0,4,2
BRDA:59,1,0,0
BRDA:62,2,0,0
BRDA:62,2,1,0
BRDA:66,3,0,0
BRDA:66,3,1,0
BRDA:69,4,0,0
BRDA:69,4,1,0
BRDA:86,5,0,2
BRDA:86,5,1,2
BRDA:87,6,0,2
BRDA:87,6,1,2
BRDA:91,7,0,2
BRDA:91,7,1,2
BRDA:92,8,0,2
BRDA:92,8,1,2
BRDA:111,9,0,0
BRDA:111,10,0,0
BRDA:111,10,1,0
BRDA:117,11,0,0
BRDA:117,12,0,0
BRDA:117,12,1,0
BRDA:122,13,0,0
BRDA:125,14,0,0
BRDA:125,14,1,0
BRDA:128,15,0,0
BRDA:130,16,0,0
BRDA:130,16,1,0
BRDA:168,17,0,0
BRDA:168,17,1,0
BRDA:170,18,0,0
BRDA:170,18,1,0
BRDA:209,19,0,0
BRDA:209,19,1,0
BRDA:211,20,0,0
BRDA:211,20,1,0
BRDA:217,21,0,0
BRDA:217,21,1,0
BRDA:221,22,0,0
BRDA:221,22,1,0
BRDA:223,23,0,0
BRDA:223,23,1,0
BRDA:225,24,0,0
BRDA:225,24,1,0
BRDA:229,25,0,0
BRDA:229,25,1,0
BRDA:231,26,0,0
BRDA:231,26,1,0
BRF:52
BRH:13
end_of_record
TN:
SF:pages/security-settings.tsx
FN:43,SecuritySettings
FN:91,getServerSideProps
FN:140,(anonymous_6)
FN:147,(anonymous_7)
FN:159,(anonymous_8)
FN:162,(anonymous_9)
FNF:6
FNH:1
FNDA:3,SecuritySettings
FNDA:0,getServerSideProps
FNDA:0,(anonymous_6)
FNDA:0,(anonymous_7)
FNDA:0,(anonymous_8)
FNDA:0,(anonymous_9)
DA:1,1
DA:2,1
DA:6,1
DA:10,1
DA:11,1
DA:18,1
DA:19,1
DA:20,1
DA:21,1
DA:22,1
DA:43,3
DA:45,3
DA:50,3
DA:91,0
DA:100,0
DA:102,0
DA:103,0
DA:105,0
DA:108,0
DA:109,0
DA:113,0
DA:115,0
DA:116,0
DA:117,0
DA:118,0
DA:119,0
DA:120,0
DA:125,0
DA:126,0
DA:136,0
DA:137,0
DA:139,0
DA:141,0
DA:142,0
DA:146,0
DA:148,0
DA:149,0
DA:158,0
DA:160,0
DA:163,0
DA:167,0
DA:188,0
DA:222,1
LF:43
LH:14
BRDA:45,0,0,3
BRDA:45,0,1,3
BRDA:45,0,2,3
BRDA:45,0,3,3
BRDA:45,0,4,3
BRDA:50,1,0,0
BRDA:53,2,0,0
BRDA:53,2,1,0
BRDA:57,3,0,0
BRDA:57,3,1,0
BRDA:60,4,0,0
BRDA:60,4,1,0
BRDA:102,5,0,0
BRDA:102,6,0,0
BRDA:102,6,1,0
BRDA:108,7,0,0
BRDA:108,8,0,0
BRDA:108,8,1,0
BRDA:113,9,0,0
BRDA:116,10,0,0
BRDA:116,10,1,0
BRDA:119,11,0,0
BRDA:121,12,0,0
BRDA:121,12,1,0
BRDA:158,13,0,0
BRDA:158,13,1,0
BRDA:193,14,0,0
BRDA:193,14,1,0
BRDA:195,15,0,0
BRDA:195,15,1,0
BRDA:201,16,0,0
BRDA:201,16,1,0
BRDA:205,17,0,0
BRDA:205,17,1,0
BRDA:207,18,0,0
BRDA:207,18,1,0
BRDA:209,19,0,0
BRDA:209,19,1,0
BRDA:213,20,0,0
BRDA:213,20,1,0
BRDA:215,21,0,0
BRDA:215,21,1,0
BRF:42
BRH:5
end_of_record
TN:
SF:pages/api/download.ts
FN:15,handler
FN:33,(anonymous_2)
FN:63,(anonymous_3)
FN:67,(anonymous_4)
FNF:4
FNH:0
FNDA:0,handler
FNDA:0,(anonymous_2)
FNDA:0,(anonymous_3)
FNDA:0,(anonymous_4)
DA:1,0
DA:2,0
DA:4,0
DA:6,0
DA:7,0
DA:11,0
DA:13,0
DA:15,0
DA:19,0
DA:21,0
DA:23,0
DA:24,0
DA:27,0
DA:32,0
DA:33,0
DA:35,0
DA:36,0
DA:39,0
DA:40,0
DA:45,0
DA:47,0
DA:49,0
DA:51,0
DA:52,0
DA:53,0
DA:55,0
DA:56,0
DA:58,0
DA:59,0
DA:63,0
DA:64,0
DA:68,0
LF:32
LH:0
BRDA:19,0,0,0
BRDA:19,0,1,0
BRDA:23,1,0,0
BRDA:23,1,1,0
BRDA:24,2,0,0
BRDA:24,2,1,0
BRDA:32,3,0,0
BRDA:35,4,0,0
BRF:8
BRH:0
end_of_record
TN:
SF:pages/api/http-client.ts
FN:91,getHttpClient
FN:96,(anonymous_4)
FN:98,(anonymous_5)
FN:120,(anonymous_6)
FN:129,(anonymous_7)
FN:130,(anonymous_8)
FN:162,(anonymous_9)
FN:173,(anonymous_10)
FN:190,(anonymous_11)
FNF:9
FNH:0
FNDA:0,getHttpClient
FNDA:0,(anonymous_4)
FNDA:0,(anonymous_5)
FNDA:0,(anonymous_6)
FNDA:0,(anonymous_7)
FNDA:0,(anonymous_8)
FNDA:0,(anonymous_9)
FNDA:0,(anonymous_10)
FNDA:0,(anonymous_11)
DA:1,0
DA:3,0
DA:5,0
DA:91,0
DA:92,0
DA:95,0
DA:102,0
DA:107,0
DA:114,0
DA:116,0
DA:118,0
DA:119,0
DA:121,0
DA:129,0
DA:131,0
DA:141,0
DA:146,0
DA:149,0
DA:168,0
DA:169,0
DA:170,0
DA:173,0
DA:174,0
DA:177,0
DA:178,0
DA:182,0
DA:185,0
DA:186,0
DA:190,0
DA:191,0
DA:193,0
DA:194,0
DA:198,0
LF:33
LH:0
BRDA:100,0,0,0
BRDA:111,1,0,0
BRDA:112,2,0,0
BRDA:113,3,0,0
BRDA:114,4,0,0
BRDA:114,4,1,0
BRDA:173,5,0,0
BRDA:177,6,0,0
BRDA:185,7,0,0
BRDA:191,8,0,0
BRDA:191,8,1,0
BRDA:193,9,0,0
BRF:12
BRH:0
end_of_record
TN:
SF:pages/api/livez.ts
FN:11,handler
FNF:1
FNH:0
FNDA:0,handler
DA:11,0
DA:15,0
LF:2
LH:0
BRF:0
BRH:0
end_of_record
TN:
SF:pages/api/message.service.ts
FN:34,getMessageService
FN:44,(anonymous_4)
FN:53,(anonymous_5)
FN:57,(anonymous_6)
FN:72,(anonymous_7)
FNF:5
FNH:0
FNDA:0,getMessageService
FNDA:0,(anonymous_4)
FNDA:0,(anonymous_5)
FNDA:0,(anonymous_6)
FNDA:0,(anonymous_7)
DA:8,0
DA:9,0
DA:10,0
DA:12,0
DA:34,0
DA:35,0
DA:36,0
DA:37,0
DA:40,0
DA:48,0
DA:49,0
DA:50,0
DA:54,0
DA:61,0
DA:63,0
DA:67,0
DA:69,0
DA:76,0
DA:78,0
DA:82,0
DA:84,0
DA:85,0
LF:22
LH:0
BRF:0
BRH:0
end_of_record
TN:
SF:pages/api/metrics.ts
FN:8,handler
FNF:1
FNH:0
FNDA:0,handler
DA:2,0
DA:8,0
DA:9,0
DA:10,0
LF:4
LH:0
BRF:0
BRH:0
end_of_record
TN:
SF:pages/api/readyz.ts
FN:11,handler
FNF:1
FNH:0
FNDA:0,handler
DA:11,0
DA:15,0
LF:2
LH:0
BRF:0
BRH:0
end_of_record
TN:
SF:pages/api/refresh-msca.ts
FN:22,handler
FNF:1
FNH:0
FNDA:0,handler
DA:12,0
DA:13,0
DA:14,0
DA:15,0
DA:16,0
DA:19,0
DA:20,0
DA:22,0
DA:26,0
DA:27,0
DA:29,0
DA:31,0
DA:33,0
DA:35,0
DA:36,0
DA:39,0
DA:40,0
DA:41,0
DA:43,0
DA:46,0
DA:47,0
DA:51,0
DA:52,0
LF:23
LH:0
BRDA:31,0,0,0
BRDA:31,0,1,0
BRDA:33,1,0,0
BRDA:33,1,1,0
BRDA:36,2,0,0
BRDA:36,2,1,0
BRDA:39,3,0,0
BRDA:39,3,1,0
BRDA:40,4,0,0
BRDA:40,4,1,0
BRF:10
BRH:0
end_of_record
TN:
SF:pages/api/submit-inbox-pref.ts
FN:9,handler
FNF:1
FNH:0
FNDA:0,handler
DA:2,0
DA:3,0
DA:4,0
DA:5,0
DA:7,0
DA:9,0
DA:13,0
DA:14,0
DA:15,0
DA:16,0
DA:17,0
DA:18,0
DA:20,0
DA:21,0
DA:22,0
DA:24,0
DA:27,0
DA:29,0
DA:30,0
LF:19
LH:0
BRDA:15,0,0,0
BRDA:15,0,1,0
BRDA:16,1,0,0
BRDA:16,1,1,0
BRDA:17,2,0,0
BRDA:17,2,1,0
BRDA:18,3,0,0
BRDA:18,3,1,0
BRDA:24,4,0,0
BRDA:24,4,1,0
BRF:10
BRH:0
end_of_record
TN:
SF:pages/api/welcome.ts
FN:7,welcome
FN:31,getResUrl
FN:37,getDashboardUrl
FNF:3
FNH:0
FNDA:0,welcome
FNDA:0,getResUrl
FNDA:0,getDashboardUrl
DA:2,0
DA:3,0
DA:4,0
DA:7,0
DA:11,0
DA:12,0
DA:13,0
DA:15,0
DA:16,0
DA:18,0
DA:19,0
DA:20,0
DA:21,0
DA:22,0
DA:25,0
DA:27,0
DA:32,0
DA:38,0
LF:18
LH:0
BRDA:13,0,0,0
BRDA:13,0,1,0
BRDA:15,1,0,0
BRDA:15,1,1,0
BRDA:16,2,0,0
BRDA:16,2,1,0
BRDA:22,3,0,0
BRDA:22,3,1,0
BRDA:32,4,0,0
BRDA:32,4,1,0
BRDA:38,5,0,0
BRDA:38,5,1,0
BRF:12
BRH:0
end_of_record
TN:
SF:pages/api/auth/[...nextauth].ts
FN:20,decryptJwe
FN:70,(anonymous_8)
FN:86,(anonymous_9)
FN:87,(anonymous_10)
FN:94,(anonymous_11)
FN:95,(anonymous_12)
FN:101,(anonymous_13)
FN:131,(anonymous_14)
FN:132,(anonymous_15)
FN:144,(anonymous_16)
FN:145,(anonymous_17)
FN:163,(anonymous_18)
FN:170,(anonymous_19)
FN:178,(anonymous_20)
FN:184,(anonymous_21)
FN:188,(anonymous_22)
FN:191,(anonymous_23)
FNF:17
FNH:0
FNDA:0,decryptJwe
FNDA:0,(anonymous_8)
FNDA:0,(anonymous_9)
FNDA:0,(anonymous_10)
FNDA:0,(anonymous_11)
FNDA:0,(anonymous_12)
FNDA:0,(anonymous_13)
FNDA:0,(anonymous_14)
FNDA:0,(anonymous_15)
FNDA:0,(anonymous_16)
FNDA:0,(anonymous_17)
FNDA:0,(anonymous_18)
FNDA:0,(anonymous_19)
FNDA:0,(anonymous_20)
FNDA:0,(anonymous_21)
FNDA:0,(anonymous_22)
FNDA:0,(anonymous_23)
DA:2,7
DA:4,7
DA:5,7
DA:6,7
DA:7,7
DA:8,7
DA:11,7
DA:12,7
DA:17,7
DA:18,7
DA:21,0
DA:22,0
DA:25,0
DA:30,7
DA:38,7
DA:73,0
DA:86,0
DA:87,0
DA:94,0
DA:95,0
DA:96,0
DA:102,0
DA:105,0
DA:106,0
DA:107,0
DA:108,0
DA:112,0
DA:116,0
DA:131,0
DA:132,0
DA:135,0
DA:144,0
DA:145,0
DA:146,0
DA:164,0
DA:172,0
DA:174,0
DA:176,0
DA:180,0
DA:185,0
DA:186,0
DA:189,0
DA:192,0
DA:193,0
DA:200,7
LF:45
LH:13
BRDA:17,0,0,7
BRDA:17,0,1,7
BRDA:30,1,0,7
BRDA:30,1,1,0
BRDA:67,2,0,7
BRDA:67,2,1,7
BRDA:73,3,0,0
BRDA:73,3,1,0
BRDA:73,4,0,0
BRDA:73,4,1,0
BRDA:106,5,0,0
BRDA:106,5,1,0
BRDA:106,6,0,0
BRDA:106,6,1,0
BRDA:108,7,0,0
BRDA:109,8,0,0
BRDA:109,8,1,0
BRDA:172,9,0,0
BRDA:172,9,1,0
BRDA:174,10,0,0
BRF:20
BRH:5
end_of_record
TN:
SF:pages/auth/login.js
FN:15,Login
FN:19,(anonymous_5)
FN:24,(anonymous_6)
FN:55,PageLayout
FN:59,getServerSideProps
FNF:5
FNH:2
FNDA:1,Login
FNDA:1,(anonymous_5)
FNDA:0,(anonymous_6)
FNDA:0,PageLayout
FNDA:0,getServerSideProps
DA:1,1
DA:2,1
DA:3,1
DA:4,1
DA:5,1
DA:6,1
DA:7,1
DA:13,1
DA:15,1
DA:16,1
DA:19,1
DA:20,1
DA:21,0
DA:23,0
DA:24,0
DA:25,0
DA:29,0
DA:31,0
DA:55,1
DA:59,0
DA:61,0
DA:63,0
DA:64,0
DA:67,0
DA:68,0
DA:72,0
DA:73,0
DA:84,0
DA:105,0
LF:29
LH:13
BRDA:20,0,0,1
BRDA:21,1,0,0
BRDA:23,2,0,0
BRDA:25,3,0,0
BRDA:25,3,1,0
BRDA:33,4,0,0
BRDA:33,4,1,0
BRDA:61,5,0,0
BRDA:61,5,1,0
BRDA:67,6,0,0
BRDA:67,7,0,0
BRDA:67,7,1,0
BRDA:72,8,0,0
BRDA:76,9,0,0
BRDA:76,9,1,0
BRDA:109,10,0,0
BRDA:109,10,1,0
BRF:17
BRH:1
end_of_record
TN:
SF:pages/auth/logout.js
FN:10,Logout
FN:12,(anonymous_5)
FN:13,(anonymous_6)
FN:35,PageLayout
FN:39,getServerSideProps
FN:47,(anonymous_9)
FNF:6
FNH:3
FNDA:1,Logout
FNDA:1,(anonymous_5)
FNDA:1,(anonymous_6)
FNDA:0,PageLayout
FNDA:0,getServerSideProps
FNDA:0,(anonymous_9)
DA:1,1
DA:2,1
DA:3,1
DA:4,1
DA:5,1
DA:6,1
DA:7,1
DA:8,1
DA:10,1
DA:12,1
DA:13,1
DA:14,1
DA:15,0
DA:17,1
DA:35,1
DA:39,0
DA:40,0
DA:43,0
DA:44,0
DA:46,0
DA:48,0
DA:49,0
DA:50,0
DA:55,0
DA:76,0
LF:25
LH:14
BRDA:46,0,0,0
BRDA:46,0,1,0
BRDA:80,1,0,0
BRDA:80,1,1,0
BRF:4
BRH:0
end_of_record
TN:
SF:pages/contact-us/[id].tsx
FN:43,(anonymous_4)
FN:90,(anonymous_5)
FN:156,(anonymous_6)
FN:159,(anonymous_7)
FNF:4
FNH:0
FNDA:0,(anonymous_4)
FNDA:0,(anonymous_5)
FNDA:0,(anonymous_6)
FNDA:0,(anonymous_7)
DA:1,0
DA:2,0
DA:3,0
DA:5,0
DA:6,0
DA:7,0
DA:11,0
DA:18,0
DA:19,0
DA:20,0
DA:43,0
DA:90,0
DA:91,0
DA:93,0
DA:94,0
DA:96,0
DA:99,0
DA:100,0
DA:104,0
DA:106,0
DA:107,0
DA:108,0
DA:109,0
DA:110,0
DA:111,0
DA:116,0
DA:117,0
DA:126,0
DA:127,0
DA:128,0
DA:130,0
DA:133,0
DA:134,0
DA:137,0
DA:150,0
DA:155,0
DA:157,0
DA:160,0
DA:164,0
DA:185,0
DA:210,0
LF:41
LH:0
BRDA:93,0,0,0
BRDA:93,1,0,0
BRDA:93,1,1,0
BRDA:99,2,0,0
BRDA:99,3,0,0
BRDA:99,3,1,0
BRDA:104,4,0,0
BRDA:107,5,0,0
BRDA:107,5,1,0
BRDA:110,6,0,0
BRDA:112,7,0,0
BRDA:112,7,1,0
BRDA:127,8,0,0
BRDA:127,9,0,0
BRDA:127,9,1,0
BRDA:133,10,0,0
BRDA:150,11,0,0
BRDA:150,11,1,0
BRDA:155,12,0,0
BRDA:155,12,1,0
BRDA:187,13,0,0
BRDA:187,13,1,0
BRDA:190,14,0,0
BRDA:190,14,1,0
BRDA:195,15,0,0
BRDA:195,15,1,0
BRDA:198,16,0,0
BRDA:198,16,1,0
BRDA:202,17,0,0
BRDA:202,17,1,0
BRF:30
BRH:0
end_of_record
TN:
SF:pages/contact-us/index.tsx
FN:46,(anonymous_4)
FN:63,(anonymous_5)
FN:120,(anonymous_6)
FN:169,(anonymous_7)
FN:172,(anonymous_8)
FNF:5
FNH:0
FNDA:0,(anonymous_4)
FNDA:0,(anonymous_5)
FNDA:0,(anonymous_6)
FNDA:0,(anonymous_7)
FNDA:0,(anonymous_8)
DA:1,0
DA:2,0
DA:3,0
DA:7,0
DA:14,0
DA:15,0
DA:16,0
DA:19,0
DA:20,0
DA:46,0
DA:47,0
DA:64,0
DA:120,0
DA:121,0
DA:123,0
DA:124,0
DA:126,0
DA:129,0
DA:130,0
DA:134,0
DA:136,0
DA:137,0
DA:138,0
DA:139,0
DA:140,0
DA:141,0
DA:146,0
DA:147,0
DA:156,0
DA:157,0
DA:165,0
DA:168,0
DA:170,0
DA:173,0
DA:177,0
DA:198,0
DA:223,0
LF:37
LH:0
BRDA:58,0,0,0
BRDA:58,0,1,0
BRDA:72,1,0,0
BRDA:72,1,1,0
BRDA:75,2,0,0
BRDA:75,2,1,0
BRDA:82,3,0,0
BRDA:82,3,1,0
BRDA:82,4,0,0
BRDA:82,4,1,0
BRDA:87,5,0,0
BRDA:87,5,1,0
BRDA:87,6,0,0
BRDA:87,6,1,0
BRDA:94,7,0,0
BRDA:94,7,1,0
BRDA:94,8,0,0
BRDA:94,8,1,0
BRDA:103,9,0,0
BRDA:103,9,1,0
BRDA:103,10,0,0
BRDA:103,10,1,0
BRDA:105,11,0,0
BRDA:105,11,1,0
BRDA:123,12,0,0
BRDA:123,13,0,0
BRDA:123,13,1,0
BRDA:129,14,0,0
BRDA:129,15,0,0
BRDA:129,15,1,0
BRDA:134,16,0,0
BRDA:137,17,0,0
BRDA:137,17,1,0
BRDA:140,18,0,0
BRDA:142,19,0,0
BRDA:142,19,1,0
BRDA:165,20,0,0
BRDA:165,20,1,0
BRDA:168,21,0,0
BRDA:168,21,1,0
BRDA:168,22,0,0
BRDA:168,22,1,0
BRDA:200,23,0,0
BRDA:200,23,1,0
BRDA:203,24,0,0
BRDA:203,24,1,0
BRDA:211,25,0,0
BRDA:211,25,1,0
BRDA:215,26,0,0
BRDA:215,26,1,0
BRF:50
BRH:0
end_of_record
