{"total": {"lines":{"total":390,"covered":138,"skipped":0,"pct":35.38},"statements":{"total":403,"covered":140,"skipped":0,"pct":34.73},"functions":{"total":161,"covered":48,"skipped":0,"pct":29.81},"branches":{"total":250,"covered":60,"skipped":0,"pct":24},"branchesTrue":{"total":0,"covered":0,"skipped":0,"pct":100}}
,"/home/runner/work/secure-client-hub/secure-client-hub/components/BackToButton.js": {"lines":{"total":2,"covered":2,"skipped":0,"pct":100},"functions":{"total":1,"covered":1,"skipped":0,"pct":100},"statements":{"total":2,"covered":2,"skipped":0,"pct":100},"branches":{"total":0,"covered":0,"skipped":0,"pct":100}}
,"/home/runner/work/secure-client-hub/secure-client-hub/components/BenefitTasks.js": {"lines":{"total":7,"covered":1,"skipped":0,"pct":14.28},"functions":{"total":3,"covered":0,"skipped":0,"pct":0},"statements":{"total":7,"covered":1,"skipped":0,"pct":14.28},"branches":{"total":8,"covered":0,"skipped":0,"pct":0}}
,"/home/runner/work/secure-client-hub/secure-client-hub/components/Card.js": {"lines":{"total":5,"covered":3,"skipped":0,"pct":60},"functions":{"total":2,"covered":1,"skipped":0,"pct":50},"statements":{"total":5,"covered":3,"skipped":0,"pct":60},"branches":{"total":2,"covered":1,"skipped":0,"pct":50}}
,"/home/runner/work/secure-client-hub/secure-client-hub/components/DateModified.js": {"lines":{"total":3,"covered":3,"skipped":0,"pct":100},"functions":{"total":1,"covered":1,"skipped":0,"pct":100},"statements":{"total":3,"covered":3,"skipped":0,"pct":100},"branches":{"total":0,"covered":0,"skipped":0,"pct":100}}
,"/home/runner/work/secure-client-hub/secure-client-hub/components/ExitBeta.js": {"lines":{"total":2,"covered":2,"skipped":0,"pct":100},"functions":{"total":1,"covered":1,"skipped":0,"pct":100},"statements":{"total":2,"covered":2,"skipped":0,"pct":100},"branches":{"total":0,"covered":0,"skipped":0,"pct":100}}
,"/home/runner/work/secure-client-hub/secure-client-hub/components/Layout.js": {"lines":{"total":14,"covered":10,"skipped":0,"pct":71.42},"functions":{"total":7,"covered":1,"skipped":0,"pct":14.28},"statements":{"total":14,"covered":10,"skipped":0,"pct":71.42},"branches":{"total":42,"covered":11,"skipped":0,"pct":26.19}}
,"/home/runner/work/secure-client-hub/secure-client-hub/components/MetaData.js": {"lines":{"total":2,"covered":2,"skipped":0,"pct":100},"functions":{"total":1,"covered":1,"skipped":0,"pct":100},"statements":{"total":2,"covered":2,"skipped":0,"pct":100},"branches":{"total":4,"covered":2,"skipped":0,"pct":50}}
,"/home/runner/work/secure-client-hub/secure-client-hub/components/MostReqTasks.js": {"lines":{"total":6,"covered":1,"skipped":0,"pct":16.66},"functions":{"total":3,"covered":0,"skipped":0,"pct":0},"statements":{"total":6,"covered":1,"skipped":0,"pct":16.66},"branches":{"total":4,"covered":0,"skipped":0,"pct":0}}
,"/home/runner/work/secure-client-hub/secure-client-hub/components/MultiModal.js": {"lines":{"total":27,"covered":17,"skipped":0,"pct":62.96},"functions":{"total":7,"covered":4,"skipped":0,"pct":57.14},"statements":{"total":27,"covered":17,"skipped":0,"pct":62.96},"branches":{"total":8,"covered":5,"skipped":0,"pct":62.5}}
,"/home/runner/work/secure-client-hub/secure-client-hub/components/PageLink.js": {"lines":{"total":4,"covered":4,"skipped":0,"pct":100},"functions":{"total":1,"covered":1,"skipped":0,"pct":100},"statements":{"total":4,"covered":4,"skipped":0,"pct":100},"branches":{"total":0,"covered":0,"skipped":0,"pct":100}}
,"/home/runner/work/secure-client-hub/secure-client-hub/components/PhaseBanner.js": {"lines":{"total":4,"covered":2,"skipped":0,"pct":50},"functions":{"total":2,"covered":1,"skipped":0,"pct":50},"statements":{"total":4,"covered":2,"skipped":0,"pct":50},"branches":{"total":8,"covered":4,"skipped":0,"pct":50}}
,"/home/runner/work/secure-client-hub/secure-client-hub/components/ProfileTasks.js": {"lines":{"total":6,"covered":3,"skipped":0,"pct":50},"functions":{"total":3,"covered":2,"skipped":0,"pct":66.66},"statements":{"total":6,"covered":3,"skipped":0,"pct":50},"branches":{"total":4,"covered":2,"skipped":0,"pct":50}}
,"/home/runner/work/secure-client-hub/secure-client-hub/components/ViewMoreLessButton.js": {"lines":{"total":2,"covered":2,"skipped":0,"pct":100},"functions":{"total":1,"covered":1,"skipped":0,"pct":100},"statements":{"total":2,"covered":2,"skipped":0,"pct":100},"branches":{"total":4,"covered":4,"skipped":0,"pct":100}}
,"/home/runner/work/secure-client-hub/secure-client-hub/components/contact/ContactProvince.js": {"lines":{"total":4,"covered":2,"skipped":0,"pct":50},"functions":{"total":3,"covered":1,"skipped":0,"pct":33.33},"statements":{"total":4,"covered":2,"skipped":0,"pct":50},"branches":{"total":0,"covered":0,"skipped":0,"pct":100}}
,"/home/runner/work/secure-client-hub/secure-client-hub/components/contact/ContactProvinceRow.js": {"lines":{"total":5,"covered":2,"skipped":0,"pct":40},"functions":{"total":3,"covered":0,"skipped":0,"pct":0},"statements":{"total":5,"covered":2,"skipped":0,"pct":40},"branches":{"total":6,"covered":0,"skipped":0,"pct":0}}
,"/home/runner/work/secure-client-hub/secure-client-hub/components/contact/ContactSection.js": {"lines":{"total":2,"covered":1,"skipped":0,"pct":50},"functions":{"total":2,"covered":1,"skipped":0,"pct":50},"statements":{"total":2,"covered":1,"skipped":0,"pct":50},"branches":{"total":0,"covered":0,"skipped":0,"pct":100}}
,"/home/runner/work/secure-client-hub/secure-client-hub/components/contact/ContactSectionRow.js": {"lines":{"total":6,"covered":3,"skipped":0,"pct":50},"functions":{"total":3,"covered":1,"skipped":0,"pct":33.33},"statements":{"total":6,"covered":3,"skipped":0,"pct":50},"branches":{"total":12,"covered":2,"skipped":0,"pct":16.66}}
,"/home/runner/work/secure-client-hub/secure-client-hub/components/sessionModals/CountDown.js": {"lines":{"total":2,"covered":2,"skipped":0,"pct":100},"functions":{"total":1,"covered":1,"skipped":0,"pct":100},"statements":{"total":2,"covered":2,"skipped":0,"pct":100},"branches":{"total":4,"covered":3,"skipped":0,"pct":75}}
,"/home/runner/work/secure-client-hub/secure-client-hub/components/sessionModals/SessionTimeout.js": {"lines":{"total":17,"covered":0,"skipped":0,"pct":0},"functions":{"total":6,"covered":0,"skipped":0,"pct":0},"statements":{"total":17,"covered":0,"skipped":0,"pct":0},"branches":{"total":2,"covered":0,"skipped":0,"pct":0}}
,"/home/runner/work/secure-client-hub/secure-client-hub/components/skeletons/ContactIntro.js": {"lines":{"total":2,"covered":0,"skipped":0,"pct":0},"functions":{"total":1,"covered":0,"skipped":0,"pct":0},"statements":{"total":2,"covered":0,"skipped":0,"pct":0},"branches":{"total":0,"covered":0,"skipped":0,"pct":100}}
,"/home/runner/work/secure-client-hub/secure-client-hub/components/skeletons/ContactRows.js": {"lines":{"total":5,"covered":0,"skipped":0,"pct":0},"functions":{"total":1,"covered":0,"skipped":0,"pct":0},"statements":{"total":6,"covered":0,"skipped":0,"pct":0},"branches":{"total":0,"covered":0,"skipped":0,"pct":100}}
,"/home/runner/work/secure-client-hub/secure-client-hub/components/skeletons/Dashboard.js": {"lines":{"total":5,"covered":5,"skipped":0,"pct":100},"functions":{"total":1,"covered":1,"skipped":0,"pct":100},"statements":{"total":6,"covered":6,"skipped":0,"pct":100},"branches":{"total":0,"covered":0,"skipped":0,"pct":100}}
,"/home/runner/work/secure-client-hub/secure-client-hub/components/skeletons/LinkList.js": {"lines":{"total":5,"covered":0,"skipped":0,"pct":0},"functions":{"total":1,"covered":0,"skipped":0,"pct":0},"statements":{"total":6,"covered":0,"skipped":0,"pct":0},"branches":{"total":0,"covered":0,"skipped":0,"pct":100}}
,"/home/runner/work/secure-client-hub/secure-client-hub/components/skeletons/ProvinceRows.js": {"lines":{"total":5,"covered":0,"skipped":0,"pct":0},"functions":{"total":1,"covered":0,"skipped":0,"pct":0},"statements":{"total":6,"covered":0,"skipped":0,"pct":0},"branches":{"total":0,"covered":0,"skipped":0,"pct":100}}
,"/home/runner/work/secure-client-hub/secure-client-hub/components/skeletons/SettingsBlocks.js": {"lines":{"total":2,"covered":0,"skipped":0,"pct":0},"functions":{"total":1,"covered":0,"skipped":0,"pct":0},"statements":{"total":2,"covered":0,"skipped":0,"pct":0},"branches":{"total":0,"covered":0,"skipped":0,"pct":100}}
,"/home/runner/work/secure-client-hub/secure-client-hub/pages/_app.js": {"lines":{"total":3,"covered":1,"skipped":0,"pct":33.33},"functions":{"total":1,"covered":1,"skipped":0,"pct":100},"statements":{"total":3,"covered":1,"skipped":0,"pct":33.33},"branches":{"total":0,"covered":0,"skipped":0,"pct":100}}
,"/home/runner/work/secure-client-hub/secure-client-hub/pages/_document.js": {"lines":{"total":1,"covered":0,"skipped":0,"pct":0},"functions":{"total":1,"covered":0,"skipped":0,"pct":0},"statements":{"total":1,"covered":0,"skipped":0,"pct":0},"branches":{"total":0,"covered":0,"skipped":0,"pct":100}}
,"/home/runner/work/secure-client-hub/secure-client-hub/pages/_error.js": {"lines":{"total":1,"covered":1,"skipped":0,"pct":100},"functions":{"total":1,"covered":1,"skipped":0,"pct":100},"statements":{"total":1,"covered":1,"skipped":0,"pct":100},"branches":{"total":2,"covered":1,"skipped":0,"pct":50}}
,"/home/runner/work/secure-client-hub/secure-client-hub/pages/index.js": {"lines":{"total":11,"covered":7,"skipped":0,"pct":63.63},"functions":{"total":5,"covered":3,"skipped":0,"pct":60},"statements":{"total":11,"covered":7,"skipped":0,"pct":63.63},"branches":{"total":0,"covered":0,"skipped":0,"pct":100}}
,"/home/runner/work/secure-client-hub/secure-client-hub/pages/my-dashboard.js": {"lines":{"total":32,"covered":20,"skipped":0,"pct":62.5},"functions":{"total":13,"covered":6,"skipped":0,"pct":46.15},"statements":{"total":34,"covered":20,"skipped":0,"pct":58.82},"branches":{"total":18,"covered":10,"skipped":0,"pct":55.55}}
,"/home/runner/work/secure-client-hub/secure-client-hub/pages/privacy-notice-terms-conditions.js": {"lines":{"total":25,"covered":0,"skipped":0,"pct":0},"functions":{"total":9,"covered":0,"skipped":0,"pct":0},"statements":{"total":25,"covered":0,"skipped":0,"pct":0},"branches":{"total":18,"covered":0,"skipped":0,"pct":0}}
,"/home/runner/work/secure-client-hub/secure-client-hub/pages/profile.js": {"lines":{"total":31,"covered":10,"skipped":0,"pct":32.25},"functions":{"total":14,"covered":5,"skipped":0,"pct":35.71},"statements":{"total":32,"covered":10,"skipped":0,"pct":31.25},"branches":{"total":16,"covered":0,"skipped":0,"pct":0}}
,"/home/runner/work/secure-client-hub/secure-client-hub/pages/security-settings.js": {"lines":{"total":31,"covered":0,"skipped":0,"pct":0},"functions":{"total":13,"covered":0,"skipped":0,"pct":0},"statements":{"total":32,"covered":0,"skipped":0,"pct":0},"branches":{"total":20,"covered":0,"skipped":0,"pct":0}}
,"/home/runner/work/secure-client-hub/secure-client-hub/pages/api/metrics.js": {"lines":{"total":0,"covered":0,"skipped":0,"pct":100},"functions":{"total":0,"covered":0,"skipped":0,"pct":100},"statements":{"total":0,"covered":0,"skipped":0,"pct":100},"branches":{"total":0,"covered":0,"skipped":0,"pct":100}}
,"/home/runner/work/secure-client-hub/secure-client-hub/pages/api/refresh-msca.js": {"lines":{"total":8,"covered":0,"skipped":0,"pct":0},"functions":{"total":1,"covered":0,"skipped":0,"pct":0},"statements":{"total":8,"covered":0,"skipped":0,"pct":0},"branches":{"total":6,"covered":0,"skipped":0,"pct":0}}
,"/home/runner/work/secure-client-hub/secure-client-hub/pages/api/auth/[...nextauth].js": {"lines":{"total":10,"covered":0,"skipped":0,"pct":0},"functions":{"total":6,"covered":0,"skipped":0,"pct":0},"statements":{"total":12,"covered":0,"skipped":0,"pct":0},"branches":{"total":4,"covered":0,"skipped":0,"pct":0}}
,"/home/runner/work/secure-client-hub/secure-client-hub/pages/auth/login.js": {"lines":{"total":14,"covered":5,"skipped":0,"pct":35.71},"functions":{"total":5,"covered":2,"skipped":0,"pct":40},"statements":{"total":15,"covered":6,"skipped":0,"pct":40},"branches":{"total":10,"covered":1,"skipped":0,"pct":10}}
,"/home/runner/work/secure-client-hub/secure-client-hub/pages/auth/logout.js": {"lines":{"total":13,"covered":6,"skipped":0,"pct":46.15},"functions":{"total":6,"covered":3,"skipped":0,"pct":50},"statements":{"total":13,"covered":6,"skipped":0,"pct":46.15},"branches":{"total":4,"covered":0,"skipped":0,"pct":0}}
,"/home/runner/work/secure-client-hub/secure-client-hub/pages/contact-us/[id].js": {"lines":{"total":34,"covered":21,"skipped":0,"pct":61.76},"functions":{"total":15,"covered":7,"skipped":0,"pct":46.66},"statements":{"total":35,"covered":21,"skipped":0,"pct":60},"branches":{"total":24,"covered":14,"skipped":0,"pct":58.33}}
,"/home/runner/work/secure-client-hub/secure-client-hub/pages/contact-us/index.js": {"lines":{"total":32,"covered":0,"skipped":0,"pct":0},"functions":{"total":14,"covered":0,"skipped":0,"pct":0},"statements":{"total":33,"covered":0,"skipped":0,"pct":0},"branches":{"total":20,"covered":0,"skipped":0,"pct":0}}
}
