TN:
SF:components/BackToButton.js
FN:4,BackToButton
FNF:1
FNH:1
FNDA:2,BackToButton
DA:5,2
DA:21,1
LF:2
LH:2
BRF:0
BRH:0
end_of_record
TN:
SF:components/BenefitTasks.js
FN:7,BenefitTasks
FN:14,(anonymous_1)
FNF:2
FNH:0
FNDA:0,BenefitTasks
FNDA:0,(anonymous_1)
DA:8,0
DA:15,0
DA:43,1
LF:3
LH:1
BRDA:21,0,0,0
BRDA:21,0,1,0
BRF:2
BRH:0
end_of_record
TN:
SF:components/Card.js
FN:5,Card
FN:17,(anonymous_1)
FNF:2
FNH:1
FNDA:2,Card
FNDA:0,(anonymous_1)
DA:6,2
DA:8,2
DA:18,0
DA:19,0
DA:32,1
LF:5
LH:3
BRDA:27,0,0,2
BRDA:27,0,1,0
BRF:2
BRH:1
end_of_record
TN:
SF:components/DateModified.js
FN:6,DateModified
FNF:1
FNH:1
FNDA:2,DateModified
DA:7,2
DA:15,1
DA:20,1
LF:3
LH:3
BRF:0
BRH:0
end_of_record
TN:
SF:components/Layout.js
FN:12,Layout
FN:40,(anonymous_1)
FN:50,noRefCheck
FN:51,noRefCheck
FNF:4
FNH:1
FNDA:4,Layout
FNDA:0,(anonymous_1)
FNDA:0,noRefCheck
FNDA:0,noRefCheck
DA:13,4
DA:14,4
DA:16,4
DA:18,4
DA:41,0
DA:77,2
DA:81,2
LF:7
LH:6
BRDA:13,0,0,4
BRDA:13,0,1,4
BRDA:14,1,0,3
BRDA:14,1,1,1
BRDA:27,2,0,0
BRDA:27,2,1,4
BRDA:39,3,0,3
BRDA:39,3,1,1
BRDA:43,4,0,3
BRDA:43,4,1,1
BRDA:45,5,0,3
BRDA:45,5,1,1
BRDA:56,6,0,0
BRDA:56,6,1,4
BRF:14
BRH:12
end_of_record
TN:
SF:components/MetaData.js
FN:4,MetaData
FNF:1
FNH:1
FNDA:6,MetaData
DA:5,6
DA:7,6
LF:2
LH:2
BRDA:5,0,0,5
BRDA:5,0,1,1
BRF:2
BRH:2
end_of_record
TN:
SF:components/MostReqTasks.js
FN:6,MostReqTasks
FN:16,(anonymous_1)
FNF:2
FNH:0
FNDA:0,MostReqTasks
FNDA:0,(anonymous_1)
DA:7,0
DA:17,0
DA:48,1
LF:3
LH:1
BRDA:26,0,0,0
BRDA:26,0,1,0
BRF:2
BRH:0
end_of_record
TN:
SF:components/PageLink.js
FN:5,PageLink
FNF:1
FNH:1
FNDA:2,PageLink
DA:6,2
DA:7,2
DA:9,2
DA:42,1
LF:4
LH:4
BRF:0
BRH:0
end_of_record
TN:
SF:components/ViewMoreLessButton.js
FN:5,ViewMoreLessButton
FNF:1
FNH:1
FNDA:5,ViewMoreLessButton
DA:6,5
DA:33,2
LF:2
LH:2
BRDA:13,0,0,5
BRDA:13,0,1,3
BRDA:16,1,0,1
BRDA:16,1,1,4
BRF:4
BRH:4
end_of_record
TN:
SF:pages/404.js
FN:3,Custom404
FN:57,getStaticProps
FNF:2
FNH:2
FNDA:1,Custom404
FNDA:1,getStaticProps
DA:4,1
DA:59,1
DA:74,1
LF:3
LH:3
BRF:0
BRH:0
end_of_record
TN:
SF:pages/_app.js
FN:4,MyApp
FNF:1
FNH:1
FNDA:1,MyApp
LF:0
LH:0
BRF:0
BRH:0
end_of_record
TN:
SF:pages/_error.js
FN:3,CustomError
FNF:1
FNH:1
FNDA:2,CustomError
DA:4,2
LF:1
LH:1
BRDA:9,0,0,1
BRDA:9,0,1,1
BRDA:37,1,0,1
BRDA:37,1,1,1
BRF:4
BRH:4
end_of_record
TN:
SF:pages/index.js
FN:4,Index
FN:81,PageLayout
FN:85,getStaticProps
FNF:3
FNH:3
FNDA:2,Index
FNDA:1,PageLayout
FNDA:1,getStaticProps
DA:5,2
DA:81,2
DA:82,1
DA:89,1
DA:104,1
LF:5
LH:5
BRF:0
BRH:0
end_of_record
TN:
SF:pages/my-dashboard.js
FN:11,MyDashboard
FN:19,(anonymous_1)
FN:40,(anonymous_2)
FN:58,getServerSideProps
FN:59,(anonymous_4)
FNF:5
FNH:3
FNDA:2,MyDashboard
FNDA:2,(anonymous_1)
FNDA:0,(anonymous_2)
FNDA:1,getServerSideProps
FNDA:0,(anonymous_4)
DA:15,2
DA:20,2
DA:21,2
DA:22,2
DA:23,0
DA:25,2
DA:41,0
DA:59,1
DA:60,0
DA:61,0
DA:62,0
DA:69,1
DA:84,1
DA:94,1
LF:14
LH:9
BRDA:22,0,0,0
BRDA:22,0,1,2
BRDA:88,1,0,1
BRDA:88,1,1,0
BRF:4
BRH:2
end_of_record
TN:
SF:pages/profile.js
FN:11,Profile
FN:18,(anonymous_1)
FN:29,(anonymous_2)
FN:58,getStaticProps
FN:59,(anonymous_4)
FNF:5
FNH:0
FNDA:0,Profile
FNDA:0,(anonymous_1)
FNDA:0,(anonymous_2)
FNDA:0,getStaticProps
FNDA:0,(anonymous_4)
DA:15,0
DA:19,0
DA:20,0
DA:30,0
DA:59,0
DA:60,0
DA:62,0
DA:68,0
DA:70,0
DA:78,0
DA:93,0
DA:104,0
LF:12
LH:0
BRDA:68,0,0,0
BRDA:68,0,1,0
BRDA:97,1,0,0
BRDA:97,1,1,0
BRF:4
BRH:0
end_of_record
TN:
SF:pages/security-settings.js
FN:9,SecuritySettings
FN:46,getStaticProps
FN:47,(anonymous_2)
FNF:3
FNH:0
FNDA:0,SecuritySettings
FNDA:0,getStaticProps
FNDA:0,(anonymous_2)
DA:10,0
DA:12,0
DA:47,0
DA:48,0
DA:50,0
DA:56,0
DA:58,0
DA:66,0
DA:81,0
DA:92,0
LF:10
LH:0
BRDA:10,0,0,0
BRDA:10,0,1,0
BRDA:56,1,0,0
BRDA:56,1,1,0
BRDA:85,2,0,0
BRDA:85,2,1,0
BRF:6
BRH:0
end_of_record
TN:
SF:pages/api/metrics.js
FNF:0
FNH:0
LF:0
LH:0
BRF:0
BRH:0
end_of_record
