TN:
SF:components/BackToButton.js
FN:4,BackToButton
FNF:1
FNH:1
FNDA:3,BackToButton
DA:5,3
DA:22,2
LF:2
LH:2
BRF:0
BRH:0
end_of_record
TN:
SF:components/BenefitTasks.js
FN:6,BenefitTasks
FN:26,(anonymous_1)
FN:40,(anonymous_2)
FNF:3
FNH:0
FNDA:0,BenefitTasks
FNDA:0,(anonymous_1)
FNDA:0,(anonymous_2)
DA:7,0
DA:17,0
DA:27,0
DA:42,0
DA:46,0
DA:47,0
DA:77,1
LF:7
LH:1
BRDA:36,0,0,0
BRDA:36,0,1,0
BRDA:42,1,0,0
BRDA:42,1,1,0
BRDA:43,2,0,0
BRDA:43,2,1,0
BRDA:55,3,0,0
BRDA:55,3,1,0
BRF:8
BRH:0
end_of_record
TN:
SF:components/Card.js
FN:5,Card
FN:17,(anonymous_1)
FNF:2
FNH:1
FNDA:2,Card
FNDA:0,(anonymous_1)
DA:6,2
DA:8,2
DA:18,0
DA:19,0
DA:37,1
LF:5
LH:3
BRDA:28,0,0,2
BRDA:28,0,1,0
BRF:2
BRH:1
end_of_record
TN:
SF:components/DateModified.js
FN:6,DateModified
FNF:1
FNH:1
FNDA:2,DateModified
DA:7,2
DA:15,1
DA:20,1
LF:3
LH:3
BRF:0
BRH:0
end_of_record
TN:
SF:components/ExitBeta.js
FN:6,ExitBeta
FNF:1
FNH:1
FNDA:3,ExitBeta
DA:7,3
DA:57,5
LF:2
LH:2
BRF:0
BRH:0
end_of_record
TN:
SF:components/Layout.js
FN:17,Layout
FN:24,(anonymous_1)
FN:75,(anonymous_2)
FN:115,noRefCheck
FN:116,noRefCheck
FNF:5
FNH:2
FNDA:5,Layout
FNDA:3,(anonymous_1)
FNDA:0,(anonymous_2)
FNDA:0,noRefCheck
FNDA:0,noRefCheck
DA:18,5
DA:19,3
DA:20,3
DA:22,3
DA:24,3
DA:25,3
DA:28,3
DA:76,0
DA:158,2
DA:195,2
LF:10
LH:9
BRDA:18,0,0,5
BRDA:18,0,1,0
BRDA:19,1,0,3
BRDA:19,1,1,0
BRDA:22,2,0,3
BRDA:22,2,1,0
BRDA:31,3,0,3
BRDA:31,3,1,0
BRDA:35,4,0,0
BRDA:35,4,1,0
BRDA:36,5,0,0
BRDA:36,5,1,0
BRDA:37,6,0,0
BRDA:37,6,1,0
BRDA:38,7,0,0
BRDA:38,7,1,0
BRDA:39,8,0,0
BRDA:39,8,1,0
BRDA:40,9,0,0
BRDA:40,9,1,0
BRDA:42,10,0,0
BRDA:42,10,1,0
BRDA:45,11,0,0
BRDA:45,11,1,0
BRDA:46,12,0,0
BRDA:46,12,1,0
BRDA:48,13,0,0
BRDA:48,13,1,0
BRDA:61,14,0,3
BRDA:61,14,1,0
BRDA:83,15,0,3
BRDA:83,15,1,0
BRDA:92,16,0,3
BRDA:92,16,1,0
BRDA:99,17,0,3
BRDA:99,17,1,0
BRDA:120,18,0,0
BRDA:120,18,1,3
BRDA:131,19,0,0
BRDA:131,19,1,3
BRF:40
BRH:10
end_of_record
TN:
SF:components/MetaData.js
FN:4,MetaData
FNF:1
FNH:1
FNDA:5,MetaData
DA:5,5
DA:7,5
LF:2
LH:2
BRDA:5,0,0,5
BRDA:5,0,1,0
BRDA:20,1,0,5
BRDA:20,1,1,0
BRF:4
BRH:2
end_of_record
TN:
SF:components/MostReqTasks.js
FN:6,MostReqTasks
FN:16,(anonymous_1)
FN:21,(anonymous_2)
FNF:3
FNH:0
FNDA:0,MostReqTasks
FNDA:0,(anonymous_1)
FNDA:0,(anonymous_2)
DA:7,0
DA:17,0
DA:22,0
DA:23,0
DA:24,0
DA:54,1
LF:6
LH:1
BRDA:22,0,0,0
BRDA:22,0,1,0
BRDA:32,1,0,0
BRDA:32,1,1,0
BRF:4
BRH:0
end_of_record
TN:
SF:components/MultiModal.js
FN:7,MultiModal
FN:14,openModal
FN:23,closeModal
FN:51,(anonymous_3)
FNF:4
FNH:1
FNDA:4,MultiModal
FNDA:0,openModal
FNDA:0,closeModal
FNDA:0,(anonymous_3)
DA:8,4
DA:15,0
DA:24,0
DA:33,3
DA:46,3
DA:51,0
DA:66,2
LF:7
LH:4
BRF:0
BRH:0
end_of_record
TN:
SF:components/PageLink.js
FN:5,PageLink
FNF:1
FNH:1
FNDA:3,PageLink
DA:6,3
DA:7,3
DA:9,3
DA:44,2
LF:4
LH:4
BRF:0
BRH:0
end_of_record
TN:
SF:components/PhaseBanner.js
FN:13,PhaseBanner
FN:19,openModal
FN:23,closeModal
FN:66,(anonymous_3)
FNF:4
FNH:1
FNDA:3,PhaseBanner
FNDA:0,openModal
FNDA:0,closeModal
FNDA:0,(anonymous_3)
DA:14,3
DA:20,0
DA:24,0
DA:27,2
DA:67,0
DA:68,0
DA:95,3
LF:7
LH:3
BRDA:39,0,0,2
BRDA:39,0,1,0
BRDA:45,1,0,0
BRDA:45,1,1,2
BRDA:47,2,0,0
BRDA:47,2,1,2
BRDA:52,3,0,2
BRDA:52,3,1,0
BRF:8
BRH:4
end_of_record
TN:
SF:components/ProfileTasks.js
FN:6,ProfileTasks
FN:14,(anonymous_1)
FN:21,(anonymous_2)
FNF:3
FNH:2
FNDA:4,ProfileTasks
FNDA:3,(anonymous_1)
FNDA:0,(anonymous_2)
DA:7,4
DA:15,3
DA:22,0
DA:23,0
DA:24,0
DA:54,2
LF:6
LH:3
BRDA:22,0,0,0
BRDA:22,0,1,0
BRDA:31,1,0,1
BRDA:31,1,1,2
BRF:4
BRH:2
end_of_record
TN:
SF:components/ViewMoreLessButton.js
FN:5,ViewMoreLessButton
FNF:1
FNH:1
FNDA:5,ViewMoreLessButton
DA:6,5
DA:38,2
LF:2
LH:2
BRDA:16,0,0,5
BRDA:16,0,1,3
BRDA:19,1,0,1
BRDA:19,1,1,4
BRF:4
BRH:4
end_of_record
TN:
SF:components/contact/ContactProvince.js
FN:4,(anonymous_0)
FN:13,(anonymous_1)
FN:16,(anonymous_2)
FNF:3
FNH:1
FNDA:1,(anonymous_0)
FNDA:0,(anonymous_1)
FNDA:0,(anonymous_2)
DA:4,1
DA:5,1
DA:14,0
DA:17,0
LF:4
LH:2
BRF:0
BRH:0
end_of_record
TN:
SF:components/contact/ContactProvinceRow.js
FN:5,(anonymous_0)
FN:9,(anonymous_1)
FN:17,(anonymous_2)
FNF:3
FNH:0
FNDA:0,(anonymous_0)
FNDA:0,(anonymous_1)
FNDA:0,(anonymous_2)
DA:5,1
DA:6,0
DA:9,1
DA:10,0
DA:18,0
LF:5
LH:2
BRDA:6,0,0,0
BRDA:6,0,1,0
BRDA:10,1,0,0
BRDA:10,1,1,0
BRDA:22,2,0,0
BRDA:22,2,1,0
BRF:6
BRH:0
end_of_record
TN:
SF:components/contact/ContactSection.js
FN:4,ContactSection
FN:23,(anonymous_1)
FNF:2
FNH:1
FNDA:11,ContactSection
FNDA:0,(anonymous_1)
DA:5,11
DA:24,0
LF:2
LH:1
BRF:0
BRH:0
end_of_record
TN:
SF:components/contact/ContactSectionRow.js
FN:8,ContactSectionRow
FN:20,routeToPage
FN:38,(anonymous_2)
FNF:3
FNH:1
FNDA:2,ContactSectionRow
FNDA:0,routeToPage
FNDA:0,(anonymous_2)
DA:18,2
DA:19,2
DA:21,0
DA:22,0
DA:24,2
DA:39,0
LF:6
LH:3
BRDA:24,0,0,0
BRDA:24,0,1,2
BRDA:24,1,0,2
BRDA:24,1,1,0
BRDA:28,2,0,0
BRDA:28,2,1,0
BRDA:35,3,0,0
BRDA:35,3,1,0
BRDA:39,4,0,0
BRDA:39,4,1,0
BRDA:52,5,0,0
BRDA:52,5,1,0
BRF:12
BRH:2
end_of_record
TN:
SF:components/sessionModals/CountDown.js
FN:7,(anonymous_0)
FNF:1
FNH:1
FNDA:1,(anonymous_0)
DA:7,3
DA:8,1
LF:2
LH:2
BRDA:44,0,0,0
BRDA:44,0,1,1
BRDA:44,1,0,1
BRDA:44,1,1,1
BRF:4
BRH:3
end_of_record
TN:
SF:components/sessionModals/SessionTimeout.js
FN:7,(anonymous_0)
FN:13,(anonymous_1)
FN:23,(anonymous_2)
FN:28,(anonymous_3)
FN:47,(anonymous_4)
FN:49,(anonymous_5)
FNF:6
FNH:4
FNDA:3,(anonymous_0)
FNDA:0,(anonymous_1)
FNDA:0,(anonymous_2)
FNDA:1,(anonymous_3)
FNDA:3,(anonymous_4)
FNDA:3,(anonymous_5)
DA:7,2
DA:13,3
DA:14,0
DA:17,3
DA:23,3
DA:24,0
DA:25,0
DA:28,3
DA:29,1
DA:30,1
DA:31,1
DA:32,0
DA:47,3
DA:48,3
DA:49,3
DA:50,3
DA:54,3
LF:17
LH:13
BRDA:31,0,0,0
BRDA:31,0,1,1
BRF:2
BRH:1
end_of_record
TN:
SF:components/skeletons/ContactIntro.js
FN:1,(anonymous_0)
FNF:1
FNH:0
FNDA:0,(anonymous_0)
DA:1,0
DA:2,0
LF:2
LH:0
BRF:0
BRH:0
end_of_record
TN:
SF:components/skeletons/ContactRows.js
FN:1,(anonymous_0)
FNF:1
FNH:0
FNDA:0,(anonymous_0)
DA:1,0
DA:2,0
DA:3,0
DA:4,0
DA:30,0
LF:5
LH:0
BRF:0
BRH:0
end_of_record
TN:
SF:components/skeletons/Dashboard.js
FN:1,(anonymous_0)
FNF:1
FNH:1
FNDA:1,(anonymous_0)
DA:1,1
DA:2,1
DA:3,1
DA:4,1
DA:32,1
LF:5
LH:5
BRF:0
BRH:0
end_of_record
TN:
SF:components/skeletons/LinkList.js
FN:1,(anonymous_0)
FNF:1
FNH:0
FNDA:0,(anonymous_0)
DA:1,0
DA:2,0
DA:3,0
DA:4,0
DA:19,0
LF:5
LH:0
BRF:0
BRH:0
end_of_record
TN:
SF:components/skeletons/ProvinceRows.js
FN:1,(anonymous_0)
FNF:1
FNH:0
FNDA:0,(anonymous_0)
DA:1,0
DA:2,0
DA:3,0
DA:4,0
DA:15,0
LF:5
LH:0
BRF:0
BRH:0
end_of_record
TN:
SF:components/skeletons/SettingsBlocks.js
FN:1,(anonymous_0)
FNF:1
FNH:0
FNDA:0,(anonymous_0)
DA:1,0
DA:2,0
LF:2
LH:0
BRF:0
BRH:0
end_of_record
TN:
SF:pages/_app.js
FN:7,MyApp
FNF:1
FNH:1
FNDA:1,MyApp
DA:5,1
DA:13,0
LF:2
LH:1
BRF:0
BRH:0
end_of_record
TN:
SF:pages/_document.js
FN:3,Document
FNF:1
FNH:0
FNDA:0,Document
DA:4,0
LF:1
LH:0
BRF:0
BRH:0
end_of_record
TN:
SF:pages/_error.js
FN:6,CustomError
FNF:1
FNH:1
FNDA:4,CustomError
DA:7,4
LF:1
LH:1
BRDA:13,0,0,0
BRDA:13,0,1,4
BRF:2
BRH:1
end_of_record
TN:
SF:pages/contact-us.js
FN:15,ContactLanding
FN:19,(anonymous_1)
FN:21,(anonymous_2)
FN:25,(anonymous_3)
FN:28,(anonymous_4)
FN:38,(anonymous_5)
FN:59,getServerSideProps
FN:60,(anonymous_7)
FN:65,(anonymous_8)
FN:70,(anonymous_9)
FN:81,(anonymous_10)
FN:88,(anonymous_11)
FN:113,(anonymous_12)
FN:116,(anonymous_13)
FNF:14
FNH:0
FNDA:0,ContactLanding
FNDA:0,(anonymous_1)
FNDA:0,(anonymous_2)
FNDA:0,(anonymous_3)
FNDA:0,(anonymous_4)
FNDA:0,(anonymous_5)
FNDA:0,getServerSideProps
FNDA:0,(anonymous_7)
FNDA:0,(anonymous_8)
FNDA:0,(anonymous_9)
FNDA:0,(anonymous_10)
FNDA:0,(anonymous_11)
FNDA:0,(anonymous_12)
FNDA:0,(anonymous_13)
DA:16,0
DA:19,0
DA:20,0
DA:21,0
DA:25,0
DA:26,0
DA:28,0
DA:29,0
DA:33,0
DA:39,0
DA:60,0
DA:61,0
DA:63,0
DA:65,0
DA:66,0
DA:68,0
DA:70,0
DA:71,0
DA:73,0
DA:80,0
DA:82,0
DA:84,0
DA:88,0
DA:89,0
DA:91,0
DA:109,0
DA:112,0
DA:114,0
DA:117,0
DA:121,0
DA:142,0
DA:165,0
LF:32
LH:0
BRDA:16,0,0,0
BRDA:16,0,1,0
BRDA:109,1,0,0
BRDA:109,1,1,0
BRDA:112,2,0,0
BRDA:112,2,1,0
BRDA:146,3,0,0
BRDA:146,3,1,0
BRDA:149,4,0,0
BRDA:149,4,1,0
BRDA:150,5,0,0
BRDA:150,5,1,0
BRDA:151,6,0,0
BRDA:151,6,1,0
BRDA:152,7,0,0
BRDA:152,7,1,0
BRDA:154,8,0,0
BRDA:154,8,1,0
BRDA:158,9,0,0
BRDA:158,9,1,0
BRF:20
BRH:0
end_of_record
TN:
SF:pages/index.js
FN:7,Index
FN:85,PageLayout
FN:89,getServerSideProps
FN:90,(anonymous_3)
FN:95,(anonymous_4)
FNF:5
FNH:3
FNDA:2,Index
FNDA:1,PageLayout
FNDA:1,getServerSideProps
FNDA:0,(anonymous_3)
FNDA:0,(anonymous_4)
DA:8,2
DA:85,2
DA:86,1
DA:90,1
DA:91,0
DA:93,0
DA:95,1
DA:96,0
DA:98,0
DA:102,1
DA:123,1
LF:11
LH:7
BRF:0
BRH:0
end_of_record
TN:
SF:pages/my-dashboard.js
FN:20,MyDashboard
FN:25,(anonymous_1)
FN:27,(anonymous_2)
FN:31,(anonymous_3)
FN:34,(anonymous_4)
FN:43,(anonymous_5)
FN:60,(anonymous_6)
FN:69,(anonymous_7)
FN:76,(anonymous_8)
FN:90,getServerSideProps
FN:93,(anonymous_10)
FN:98,(anonymous_11)
FN:103,(anonymous_12)
FN:114,(anonymous_13)
FN:121,(anonymous_14)
FNF:15
FNH:6
FNDA:2,MyDashboard
FNDA:0,(anonymous_1)
FNDA:2,(anonymous_2)
FNDA:2,(anonymous_3)
FNDA:2,(anonymous_4)
FNDA:2,(anonymous_5)
FNDA:0,(anonymous_6)
FNDA:0,(anonymous_7)
FNDA:0,(anonymous_8)
FNDA:1,getServerSideProps
FNDA:0,(anonymous_10)
FNDA:0,(anonymous_11)
FNDA:0,(anonymous_12)
FNDA:0,(anonymous_13)
FNDA:0,(anonymous_14)
DA:25,2
DA:26,2
DA:27,2
DA:31,2
DA:32,2
DA:34,2
DA:35,2
DA:39,2
DA:44,2
DA:45,2
DA:46,2
DA:60,0
DA:70,0
DA:76,0
DA:91,1
DA:93,1
DA:94,0
DA:95,0
DA:96,0
DA:98,1
DA:99,0
DA:101,0
DA:103,1
DA:104,0
DA:106,0
DA:113,1
DA:115,0
DA:117,0
DA:121,1
DA:122,0
DA:124,0
DA:132,1
DA:153,1
DA:175,1
LF:34
LH:20
BRDA:91,0,0,0
BRDA:91,0,1,1
BRDA:91,1,0,1
BRDA:91,1,1,0
BRDA:157,2,0,1
BRDA:157,2,1,0
BRDA:159,3,0,1
BRDA:159,3,1,0
BRDA:160,4,0,1
BRDA:160,4,1,0
BRDA:161,5,0,1
BRDA:161,5,1,0
BRDA:162,6,0,1
BRDA:162,6,1,1
BRDA:164,7,0,1
BRDA:164,7,1,0
BRDA:168,8,0,1
BRDA:168,8,1,0
BRF:18
BRH:10
end_of_record
TN:
SF:pages/privacy-notice-terms-conditions.js
FN:18,PrivacyCondition
FN:76,getServerSideProps
FN:77,(anonymous_2)
FN:82,(anonymous_3)
FN:87,(anonymous_4)
FN:98,(anonymous_5)
FN:105,(anonymous_6)
FN:130,(anonymous_7)
FN:133,(anonymous_8)
FNF:9
FNH:0
FNDA:0,PrivacyCondition
FNDA:0,getServerSideProps
FNDA:0,(anonymous_2)
FNDA:0,(anonymous_3)
FNDA:0,(anonymous_4)
FNDA:0,(anonymous_5)
FNDA:0,(anonymous_6)
FNDA:0,(anonymous_7)
FNDA:0,(anonymous_8)
DA:19,0
DA:21,0
DA:77,0
DA:78,0
DA:80,0
DA:82,0
DA:83,0
DA:85,0
DA:87,0
DA:88,0
DA:90,0
DA:97,0
DA:99,0
DA:101,0
DA:105,0
DA:106,0
DA:108,0
DA:129,0
DA:131,0
DA:134,0
DA:137,0
DA:158,0
DA:181,0
LF:23
LH:0
BRDA:19,0,0,0
BRDA:19,0,1,0
BRDA:129,1,0,0
BRDA:129,1,1,0
BRDA:162,2,0,0
BRDA:162,2,1,0
BRDA:165,3,0,0
BRDA:165,3,1,0
BRDA:166,4,0,0
BRDA:166,4,1,0
BRDA:167,5,0,0
BRDA:167,5,1,0
BRDA:170,6,0,0
BRDA:170,6,1,0
BRDA:174,7,0,0
BRDA:174,7,1,0
BRF:16
BRH:0
end_of_record
TN:
SF:pages/profile.js
FN:20,Profile
FN:29,openModal
FN:33,closeModal
FN:38,(anonymous_3)
FN:40,(anonymous_4)
FN:44,(anonymous_5)
FN:47,(anonymous_6)
FN:56,(anonymous_7)
FN:104,getServerSideProps
FN:105,(anonymous_9)
FN:110,(anonymous_10)
FN:115,(anonymous_11)
FN:126,(anonymous_12)
FN:133,(anonymous_13)
FN:146,(anonymous_14)
FN:149,(anonymous_15)
FNF:16
FNH:5
FNDA:2,Profile
FNDA:0,openModal
FNDA:0,closeModal
FNDA:0,(anonymous_3)
FNDA:1,(anonymous_4)
FNDA:1,(anonymous_5)
FNDA:1,(anonymous_6)
FNDA:1,(anonymous_7)
FNDA:0,getServerSideProps
FNDA:0,(anonymous_9)
FNDA:0,(anonymous_10)
FNDA:0,(anonymous_11)
FNDA:0,(anonymous_12)
FNDA:0,(anonymous_13)
FNDA:0,(anonymous_14)
FNDA:0,(anonymous_15)
DA:24,1
DA:30,0
DA:34,0
DA:38,1
DA:39,1
DA:40,1
DA:44,1
DA:45,1
DA:47,1
DA:48,1
DA:52,1
DA:57,1
DA:105,0
DA:106,0
DA:108,0
DA:110,0
DA:111,0
DA:113,0
DA:115,0
DA:116,0
DA:118,0
DA:125,0
DA:127,0
DA:129,0
DA:133,0
DA:134,0
DA:136,0
DA:142,0
DA:145,0
DA:147,0
DA:150,0
DA:154,0
DA:175,0
DA:198,1
LF:34
LH:11
BRDA:142,0,0,0
BRDA:142,0,1,0
BRDA:145,1,0,0
BRDA:145,1,1,0
BRDA:179,2,0,0
BRDA:179,2,1,0
BRDA:182,3,0,0
BRDA:182,3,1,0
BRDA:183,4,0,0
BRDA:183,4,1,0
BRDA:184,5,0,0
BRDA:184,5,1,0
BRDA:185,6,0,0
BRDA:185,6,1,0
BRDA:187,7,0,0
BRDA:187,7,1,0
BRDA:191,8,0,0
BRDA:191,8,1,0
BRF:18
BRH:0
end_of_record
TN:
SF:pages/security-settings.js
FN:15,SecuritySettings
FN:19,(anonymous_1)
FN:21,(anonymous_2)
FN:25,(anonymous_3)
FN:28,(anonymous_4)
FN:72,getServerSideProps
FN:73,(anonymous_6)
FN:78,(anonymous_7)
FN:83,(anonymous_8)
FN:94,(anonymous_9)
FN:101,(anonymous_10)
FN:126,(anonymous_11)
FN:129,(anonymous_12)
FNF:13
FNH:0
FNDA:0,SecuritySettings
FNDA:0,(anonymous_1)
FNDA:0,(anonymous_2)
FNDA:0,(anonymous_3)
FNDA:0,(anonymous_4)
FNDA:0,getServerSideProps
FNDA:0,(anonymous_6)
FNDA:0,(anonymous_7)
FNDA:0,(anonymous_8)
FNDA:0,(anonymous_9)
FNDA:0,(anonymous_10)
FNDA:0,(anonymous_11)
FNDA:0,(anonymous_12)
DA:16,0
DA:19,0
DA:20,0
DA:21,0
DA:25,0
DA:26,0
DA:28,0
DA:29,0
DA:33,0
DA:73,0
DA:74,0
DA:76,0
DA:78,0
DA:79,0
DA:81,0
DA:83,0
DA:84,0
DA:86,0
DA:93,0
DA:95,0
DA:97,0
DA:101,0
DA:102,0
DA:104,0
DA:122,0
DA:125,0
DA:127,0
DA:130,0
DA:134,0
DA:155,0
DA:178,0
LF:31
LH:0
BRDA:16,0,0,0
BRDA:16,0,1,0
BRDA:122,1,0,0
BRDA:122,1,1,0
BRDA:125,2,0,0
BRDA:125,2,1,0
BRDA:159,3,0,0
BRDA:159,3,1,0
BRDA:162,4,0,0
BRDA:162,4,1,0
BRDA:163,5,0,0
BRDA:163,5,1,0
BRDA:164,6,0,0
BRDA:164,6,1,0
BRDA:165,7,0,0
BRDA:165,7,1,0
BRDA:167,8,0,0
BRDA:167,8,1,0
BRDA:171,9,0,0
BRDA:171,9,1,0
BRF:20
BRH:0
end_of_record
TN:
SF:pages/api/metrics.js
FNF:0
FNH:0
LF:0
LH:0
BRF:0
BRH:0
end_of_record
TN:
SF:pages/api/refresh-msca.js
FN:8,handler
FNF:1
FNH:0
FNDA:0,handler
DA:9,0
DA:11,0
DA:13,0
DA:14,0
DA:15,0
DA:17,0
DA:21,0
DA:23,0
LF:8
LH:0
BRDA:9,0,0,0
BRDA:9,0,1,0
BRDA:11,1,0,0
BRDA:11,1,1,0
BRDA:14,2,0,0
BRDA:14,2,1,0
BRF:6
BRH:0
end_of_record
TN:
SF:pages/api/auth/[...nextauth].js
FN:35,(anonymous_0)
FN:47,(anonymous_1)
FN:50,(anonymous_2)
FN:60,(anonymous_3)
FN:64,(anonymous_4)
FN:67,(anonymous_5)
FNF:6
FNH:0
FNDA:0,(anonymous_0)
FNDA:0,(anonymous_1)
FNDA:0,(anonymous_2)
FNDA:0,(anonymous_3)
FNDA:0,(anonymous_4)
FNDA:0,(anonymous_5)
DA:36,0
DA:48,0
DA:52,0
DA:54,0
DA:56,0
DA:61,0
DA:62,0
DA:65,0
DA:68,0
DA:69,0
LF:10
LH:0
BRDA:52,0,0,0
BRDA:52,0,1,0
BRDA:54,1,0,0
BRDA:54,1,1,0
BRF:4
BRH:0
end_of_record
TN:
SF:pages/auth/login.js
FN:13,(anonymous_0)
FN:17,(anonymous_1)
FN:32,PageLayout
FNF:3
FNH:2
FNDA:1,(anonymous_0)
FNDA:1,(anonymous_1)
FNDA:0,PageLayout
DA:6,1
DA:13,1
DA:14,1
DA:17,1
DA:18,1
DA:19,0
DA:20,0
DA:25,1
DA:32,1
DA:33,0
LF:10
LH:7
BRDA:18,0,0,1
BRDA:18,0,1,0
BRDA:19,1,0,0
BRDA:19,1,1,0
BRF:4
BRH:1
end_of_record
TN:
SF:pages/auth/logout.js
FN:5,Logout
FN:7,(anonymous_1)
FN:18,PageLayout
FN:22,getServerSideProps
FN:24,(anonymous_4)
FNF:5
FNH:2
FNDA:1,Logout
FNDA:1,(anonymous_1)
FNDA:0,PageLayout
FNDA:0,getServerSideProps
FNDA:0,(anonymous_4)
DA:7,1
DA:8,1
DA:11,1
DA:18,1
DA:19,0
DA:23,0
DA:25,0
DA:26,0
DA:27,0
DA:31,0
LF:10
LH:4
BRDA:23,0,0,0
BRDA:23,0,1,0
BRF:2
BRH:0
end_of_record
TN:
SF:pages/contact-us/contact-canada-pension-plan.js
FN:18,ContactCanadaPensionPlan
FN:28,(anonymous_1)
FN:30,(anonymous_2)
FN:34,(anonymous_3)
FN:37,(anonymous_4)
FN:57,(anonymous_5)
FN:63,(anonymous_6)
FN:80,getServerSideProps
FN:81,(anonymous_8)
FN:86,(anonymous_9)
FN:97,(anonymous_10)
FN:104,(anonymous_11)
FN:129,(anonymous_12)
FN:137,(anonymous_13)
FN:140,(anonymous_14)
FNF:15
FNH:7
FNDA:3,ContactCanadaPensionPlan
FNDA:0,(anonymous_1)
FNDA:3,(anonymous_2)
FNDA:3,(anonymous_3)
FNDA:3,(anonymous_4)
FNDA:3,(anonymous_5)
FNDA:3,(anonymous_6)
FNDA:1,getServerSideProps
FNDA:0,(anonymous_8)
FNDA:0,(anonymous_9)
FNDA:0,(anonymous_10)
FNDA:0,(anonymous_11)
FNDA:0,(anonymous_12)
FNDA:0,(anonymous_13)
FNDA:0,(anonymous_14)
DA:22,3
DA:28,3
DA:29,3
DA:30,3
DA:34,3
DA:35,3
DA:37,3
DA:38,3
DA:42,3
DA:58,3
DA:64,3
DA:81,1
DA:82,0
DA:84,0
DA:86,1
DA:87,0
DA:89,0
DA:96,1
DA:98,0
DA:100,0
DA:104,1
DA:105,0
DA:107,0
DA:127,1
DA:129,1
DA:130,0
DA:132,0
DA:136,1
DA:138,0
DA:141,0
DA:156,1
DA:177,1
DA:200,1
LF:33
LH:21
BRDA:52,0,0,3
BRDA:52,0,1,3
BRDA:65,1,0,0
BRDA:65,1,1,3
BRDA:127,2,0,1
BRDA:127,2,1,0
BRDA:136,3,0,1
BRDA:136,3,1,0
BRDA:183,4,0,1
BRDA:183,4,1,0
BRDA:184,5,0,1
BRDA:184,5,1,0
BRDA:185,6,0,1
BRDA:185,6,1,0
BRDA:186,7,0,1
BRDA:186,7,1,0
BRDA:187,8,0,1
BRDA:187,8,1,1
BRDA:189,9,0,1
BRDA:189,9,1,0
BRDA:193,10,0,1
BRDA:193,10,1,0
BRF:22
BRH:13
end_of_record
TN:
SF:pages/contact-us/contact-employment-insurance.js
FN:18,ContactEmploymentInsurance
FN:28,(anonymous_1)
FN:30,(anonymous_2)
FN:34,(anonymous_3)
FN:37,(anonymous_4)
FN:58,(anonymous_5)
FN:64,(anonymous_6)
FN:77,getServerSideProps
FN:78,(anonymous_8)
FN:83,(anonymous_9)
FN:109,(anonymous_10)
FN:121,(anonymous_11)
FN:128,(anonymous_12)
FN:135,(anonymous_13)
FN:138,(anonymous_14)
FNF:15
FNH:7
FNDA:3,ContactEmploymentInsurance
FNDA:0,(anonymous_1)
FNDA:3,(anonymous_2)
FNDA:3,(anonymous_3)
FNDA:3,(anonymous_4)
FNDA:3,(anonymous_5)
FNDA:3,(anonymous_6)
FNDA:1,getServerSideProps
FNDA:0,(anonymous_8)
FNDA:0,(anonymous_9)
FNDA:0,(anonymous_10)
FNDA:0,(anonymous_11)
FNDA:0,(anonymous_12)
FNDA:0,(anonymous_13)
FNDA:0,(anonymous_14)
DA:22,3
DA:28,3
DA:29,3
DA:30,3
DA:34,3
DA:35,3
DA:37,3
DA:38,3
DA:42,3
DA:59,3
DA:65,3
DA:78,1
DA:79,0
DA:81,0
DA:83,1
DA:84,0
DA:86,0
DA:106,1
DA:108,1
DA:110,0
DA:112,0
DA:120,1
DA:122,0
DA:124,0
DA:128,1
DA:129,0
DA:131,0
DA:134,1
DA:136,0
DA:139,0
DA:154,1
DA:175,1
DA:198,1
LF:33
LH:21
BRDA:52,0,0,3
BRDA:52,0,1,3
BRDA:66,1,0,0
BRDA:66,1,1,3
BRDA:106,2,0,1
BRDA:106,2,1,0
BRDA:134,3,0,1
BRDA:134,3,1,0
BRDA:181,4,0,1
BRDA:181,4,1,0
BRDA:182,5,0,1
BRDA:182,5,1,0
BRDA:183,6,0,1
BRDA:183,6,1,0
BRDA:184,7,0,1
BRDA:184,7,1,0
BRDA:185,8,0,1
BRDA:185,8,1,1
BRDA:187,9,0,1
BRDA:187,9,1,0
BRDA:191,10,0,1
BRDA:191,10,1,0
BRF:22
BRH:13
end_of_record
TN:
SF:pages/contact-us/contact-old-age-security.js
FN:19,ContactOldAgeSecurity
FN:24,(anonymous_1)
FN:26,(anonymous_2)
FN:30,(anonymous_3)
FN:33,(anonymous_4)
FN:58,(anonymous_5)
FN:64,(anonymous_6)
FN:77,getServerSideProps
FN:78,(anonymous_8)
FN:83,(anonymous_9)
FN:108,(anonymous_10)
FN:119,(anonymous_11)
FN:126,(anonymous_12)
FN:134,(anonymous_13)
FN:137,(anonymous_14)
FNF:15
FNH:7
FNDA:3,ContactOldAgeSecurity
FNDA:0,(anonymous_1)
FNDA:3,(anonymous_2)
FNDA:3,(anonymous_3)
FNDA:3,(anonymous_4)
FNDA:3,(anonymous_5)
FNDA:3,(anonymous_6)
FNDA:1,getServerSideProps
FNDA:0,(anonymous_8)
FNDA:0,(anonymous_9)
FNDA:0,(anonymous_10)
FNDA:0,(anonymous_11)
FNDA:0,(anonymous_12)
FNDA:0,(anonymous_13)
FNDA:0,(anonymous_14)
DA:24,3
DA:25,3
DA:26,3
DA:30,3
DA:31,3
DA:33,3
DA:34,3
DA:38,3
DA:59,3
DA:65,3
DA:78,1
DA:79,0
DA:81,0
DA:83,1
DA:84,0
DA:86,0
DA:106,1
DA:108,1
DA:109,0
DA:111,0
DA:118,1
DA:120,0
DA:122,0
DA:126,1
DA:127,0
DA:129,0
DA:133,1
DA:135,0
DA:138,0
DA:153,1
DA:175,1
DA:198,1
LF:32
LH:20
BRDA:48,0,0,3
BRDA:48,0,1,3
BRDA:66,1,0,0
BRDA:66,1,1,3
BRDA:106,2,0,1
BRDA:106,2,1,0
BRDA:133,3,0,1
BRDA:133,3,1,0
BRDA:181,4,0,1
BRDA:181,4,1,0
BRDA:182,5,0,1
BRDA:182,5,1,0
BRDA:183,6,0,1
BRDA:183,6,1,0
BRDA:184,7,0,1
BRDA:184,7,1,0
BRDA:185,8,0,1
BRDA:185,8,1,1
BRDA:187,9,0,1
BRDA:187,9,1,0
BRDA:191,10,0,1
BRDA:191,10,1,0
BRF:22
BRH:13
end_of_record
