TN:
SF:components/BackToButton.js
FN:4,BackToButton
FNF:1
FNH:1
FNDA:4,BackToButton
DA:5,4
DA:22,3
LF:2
LH:2
BRF:0
BRH:0
end_of_record
TN:
SF:components/BenefitTasks.js
FN:6,BenefitTasks
FN:26,(anonymous_1)
FN:40,(anonymous_2)
FNF:3
FNH:0
FNDA:0,BenefitTasks
FNDA:0,(anonymous_1)
FNDA:0,(anonymous_2)
DA:7,0
DA:17,0
DA:27,0
DA:42,0
DA:46,0
DA:47,0
DA:77,1
LF:7
LH:1
BRDA:36,0,0,0
BRDA:36,0,1,0
BRDA:42,1,0,0
BRDA:42,1,1,0
BRDA:43,2,0,0
BRDA:43,2,1,0
BRDA:55,3,0,0
BRDA:55,3,1,0
BRF:8
BRH:0
end_of_record
TN:
SF:components/Card.js
FN:5,Card
FN:17,(anonymous_1)
FNF:2
FNH:1
FNDA:2,Card
FNDA:0,(anonymous_1)
DA:6,2
DA:8,2
DA:18,0
DA:19,0
DA:38,1
LF:5
LH:3
BRDA:29,0,0,2
BRDA:29,0,1,0
BRF:2
BRH:1
end_of_record
TN:
SF:components/DateModified.js
FN:6,DateModified
FNF:1
FNH:1
FNDA:2,DateModified
DA:7,2
DA:15,1
DA:20,1
LF:3
LH:3
BRF:0
BRH:0
end_of_record
TN:
SF:components/ExitBeta.js
FN:6,ExitBeta
FNF:1
FNH:1
FNDA:3,ExitBeta
DA:7,3
DA:56,3
LF:2
LH:2
BRF:0
BRH:0
end_of_record
TN:
SF:components/Layout.js
FN:15,Layout
FN:27,(anonymous_1)
FN:28,(anonymous_2)
FN:37,(anonymous_3)
FN:38,(anonymous_4)
FN:143,noRefCheck
FN:144,noRefCheck
FNF:7
FNH:1
FNDA:5,Layout
FNDA:0,(anonymous_1)
FNDA:0,(anonymous_2)
FNDA:0,(anonymous_3)
FNDA:0,(anonymous_4)
FNDA:0,noRefCheck
FNDA:0,noRefCheck
DA:16,5
DA:17,3
DA:18,3
DA:20,3
DA:22,3
DA:27,3
DA:28,0
DA:29,0
DA:37,3
DA:38,0
DA:39,0
DA:47,3
DA:198,2
DA:235,2
LF:14
LH:10
BRDA:16,0,0,5
BRDA:16,0,1,0
BRDA:17,1,0,3
BRDA:17,1,1,0
BRDA:20,2,0,3
BRDA:20,2,1,0
BRDA:50,3,0,3
BRDA:50,3,1,0
BRDA:54,4,0,0
BRDA:54,4,1,0
BRDA:55,5,0,0
BRDA:55,5,1,0
BRDA:56,6,0,0
BRDA:56,6,1,0
BRDA:57,7,0,0
BRDA:57,7,1,0
BRDA:58,8,0,0
BRDA:58,8,1,0
BRDA:59,9,0,0
BRDA:59,9,1,0
BRDA:60,10,0,0
BRDA:60,10,1,0
BRDA:62,11,0,0
BRDA:62,11,1,0
BRDA:63,12,0,0
BRDA:63,12,1,0
BRDA:65,13,0,0
BRDA:65,13,1,0
BRDA:79,14,0,3
BRDA:79,14,1,0
BRDA:99,15,0,3
BRDA:99,15,1,0
BRDA:109,16,0,3
BRDA:109,16,1,0
BRDA:117,17,0,3
BRDA:117,17,1,0
BRDA:128,18,0,3
BRDA:128,18,1,0
BRDA:148,19,0,0
BRDA:148,19,1,3
BRDA:171,20,0,0
BRDA:171,20,1,3
BRF:42
BRH:11
end_of_record
TN:
SF:components/MetaData.js
FN:4,MetaData
FNF:1
FNH:1
FNDA:7,MetaData
DA:5,7
DA:7,7
LF:2
LH:2
BRDA:5,0,0,7
BRDA:5,0,1,0
BRDA:36,1,0,7
BRDA:36,1,1,0
BRF:4
BRH:2
end_of_record
TN:
SF:components/MostReqTasks.js
FN:6,MostReqTasks
FN:16,(anonymous_1)
FN:21,(anonymous_2)
FNF:3
FNH:0
FNDA:0,MostReqTasks
FNDA:0,(anonymous_1)
FNDA:0,(anonymous_2)
DA:7,0
DA:17,0
DA:22,0
DA:23,0
DA:24,0
DA:54,1
LF:6
LH:1
BRDA:22,0,0,0
BRDA:22,0,1,0
BRDA:32,1,0,0
BRDA:32,1,1,0
BRF:4
BRH:0
end_of_record
TN:
SF:components/MultiModal.js
FN:10,MultiModal
FN:26,(anonymous_1)
FN:30,(anonymous_2)
FN:36,(anonymous_3)
FN:44,(anonymous_4)
FN:49,(anonymous_5)
FN:55,(anonymous_6)
FN:57,(anonymous_7)
FNF:8
FNH:3
FNDA:3,MultiModal
FNDA:0,(anonymous_1)
FNDA:0,(anonymous_2)
FNDA:0,(anonymous_3)
FNDA:0,(anonymous_4)
FNDA:0,(anonymous_5)
FNDA:3,(anonymous_6)
FNDA:3,(anonymous_7)
DA:20,3
DA:22,3
DA:23,3
DA:26,3
DA:27,0
DA:30,3
DA:31,0
DA:34,3
DA:37,0
DA:38,0
DA:44,3
DA:45,0
DA:46,0
DA:49,3
DA:50,0
DA:51,0
DA:52,0
DA:55,3
DA:56,3
DA:57,3
DA:58,3
DA:62,3
DA:65,0
DA:78,0
DA:79,0
DA:81,0
DA:94,0
DA:95,0
DA:97,0
DA:109,0
DA:110,0
DA:113,3
DA:116,3
DA:133,2
LF:34
LH:16
BRDA:40,0,0,3
BRDA:40,0,1,3
BRDA:41,1,0,3
BRDA:41,1,1,3
BRDA:62,2,0,0
BRDA:62,2,1,0
BRDA:62,2,2,0
BRDA:62,2,3,3
BRF:8
BRH:5
end_of_record
TN:
SF:components/PageLink.js
FN:5,PageLink
FNF:1
FNH:1
FNDA:3,PageLink
DA:6,3
DA:7,3
DA:9,3
DA:45,2
LF:4
LH:4
BRF:0
BRH:0
end_of_record
TN:
SF:components/PhaseBanner.js
FN:11,PhaseBanner
FN:50,(anonymous_1)
FNF:2
FNH:1
FNDA:4,PhaseBanner
FNDA:0,(anonymous_1)
DA:12,4
DA:51,0
DA:52,0
DA:60,3
LF:4
LH:2
BRDA:23,0,0,4
BRDA:23,0,1,0
BRDA:29,1,0,0
BRDA:29,1,1,2
BRDA:31,2,0,0
BRDA:31,2,1,2
BRDA:36,3,0,2
BRDA:36,3,1,0
BRF:8
BRH:4
end_of_record
TN:
SF:components/ProfileTasks.js
FN:6,ProfileTasks
FN:15,(anonymous_1)
FN:22,(anonymous_2)
FNF:3
FNH:2
FNDA:4,ProfileTasks
FNDA:3,(anonymous_1)
FNDA:0,(anonymous_2)
DA:7,4
DA:16,3
DA:23,0
DA:24,0
DA:25,0
DA:55,2
LF:6
LH:3
BRDA:23,0,0,0
BRDA:23,0,1,0
BRDA:32,1,0,1
BRDA:32,1,1,2
BRF:4
BRH:2
end_of_record
TN:
SF:components/ViewMoreLessButton.js
FN:5,ViewMoreLessButton
FNF:1
FNH:1
FNDA:5,ViewMoreLessButton
DA:6,5
DA:39,2
LF:2
LH:2
BRDA:16,0,0,5
BRDA:16,0,1,3
BRDA:20,1,0,1
BRDA:20,1,1,4
BRF:4
BRH:4
end_of_record
TN:
SF:components/contact/ContactProvince.js
FN:4,(anonymous_0)
FN:13,(anonymous_1)
FN:16,(anonymous_2)
FNF:3
FNH:1
FNDA:1,(anonymous_0)
FNDA:0,(anonymous_1)
FNDA:0,(anonymous_2)
DA:4,1
DA:5,1
DA:14,0
DA:17,0
LF:4
LH:2
BRF:0
BRH:0
end_of_record
TN:
SF:components/contact/ContactProvinceRow.js
FN:5,(anonymous_0)
FN:9,(anonymous_1)
FN:17,(anonymous_2)
FNF:3
FNH:0
FNDA:0,(anonymous_0)
FNDA:0,(anonymous_1)
FNDA:0,(anonymous_2)
DA:5,1
DA:6,0
DA:9,1
DA:10,0
DA:18,0
LF:5
LH:2
BRDA:6,0,0,0
BRDA:6,0,1,0
BRDA:10,1,0,0
BRDA:10,1,1,0
BRDA:22,2,0,0
BRDA:22,2,1,0
BRF:6
BRH:0
end_of_record
TN:
SF:components/contact/ContactSection.js
FN:4,ContactSection
FN:23,(anonymous_1)
FNF:2
FNH:1
FNDA:5,ContactSection
FNDA:0,(anonymous_1)
DA:5,5
DA:24,0
LF:2
LH:1
BRF:0
BRH:0
end_of_record
TN:
SF:components/contact/ContactSectionRow.js
FN:8,ContactSectionRow
FN:20,routeToPage
FN:38,(anonymous_2)
FNF:3
FNH:1
FNDA:2,ContactSectionRow
FNDA:0,routeToPage
FNDA:0,(anonymous_2)
DA:18,2
DA:19,2
DA:21,0
DA:22,0
DA:24,2
DA:39,0
LF:6
LH:3
BRDA:24,0,0,0
BRDA:24,0,1,2
BRDA:24,1,0,2
BRDA:24,1,1,0
BRDA:28,2,0,0
BRDA:28,2,1,0
BRDA:35,3,0,0
BRDA:35,3,1,0
BRDA:39,4,0,0
BRDA:39,4,1,0
BRDA:52,5,0,0
BRDA:52,5,1,0
BRF:12
BRH:2
end_of_record
TN:
SF:components/sessionModals/CountDown.js
FN:6,(anonymous_0)
FNF:1
FNH:1
FNDA:2,(anonymous_0)
DA:6,3
DA:7,2
LF:2
LH:2
BRDA:43,0,0,0
BRDA:43,0,1,1
BRDA:43,1,0,1
BRDA:43,1,1,1
BRF:4
BRH:3
end_of_record
TN:
SF:components/skeletons/ContactIntro.js
FN:1,(anonymous_0)
FNF:1
FNH:0
FNDA:0,(anonymous_0)
DA:1,0
DA:2,0
LF:2
LH:0
BRF:0
BRH:0
end_of_record
TN:
SF:components/skeletons/ContactRows.js
FN:1,(anonymous_0)
FNF:1
FNH:0
FNDA:0,(anonymous_0)
DA:1,0
DA:2,0
DA:3,0
DA:4,0
DA:30,0
LF:5
LH:0
BRF:0
BRH:0
end_of_record
TN:
SF:components/skeletons/Dashboard.js
FN:1,(anonymous_0)
FNF:1
FNH:1
FNDA:1,(anonymous_0)
DA:1,1
DA:2,1
DA:3,1
DA:4,1
DA:32,1
LF:5
LH:5
BRF:0
BRH:0
end_of_record
TN:
SF:components/skeletons/LinkList.js
FN:1,(anonymous_0)
FNF:1
FNH:0
FNDA:0,(anonymous_0)
DA:1,0
DA:2,0
DA:3,0
DA:4,0
DA:19,0
LF:5
LH:0
BRF:0
BRH:0
end_of_record
TN:
SF:components/skeletons/ProvinceRows.js
FN:1,(anonymous_0)
FNF:1
FNH:0
FNDA:0,(anonymous_0)
DA:1,0
DA:2,0
DA:3,0
DA:4,0
DA:15,0
LF:5
LH:0
BRF:0
BRH:0
end_of_record
TN:
SF:components/skeletons/SettingsBlocks.js
FN:1,(anonymous_0)
FNF:1
FNH:0
FNDA:0,(anonymous_0)
DA:1,0
DA:2,0
LF:2
LH:0
BRF:0
BRH:0
end_of_record
TN:
SF:pages/_app.js
FN:8,MyApp
FNF:1
FNH:1
FNDA:1,MyApp
DA:6,1
DA:14,0
DA:15,0
LF:3
LH:1
BRF:0
BRH:0
end_of_record
TN:
SF:pages/_document.js
FN:3,Document
FNF:1
FNH:0
FNDA:0,Document
DA:4,0
LF:1
LH:0
BRF:0
BRH:0
end_of_record
TN:
SF:pages/_error.js
FN:6,CustomError
FNF:1
FNH:1
FNDA:4,CustomError
DA:7,4
LF:1
LH:1
BRDA:13,0,0,0
BRDA:13,0,1,4
BRF:2
BRH:1
end_of_record
TN:
SF:pages/index.js
FN:7,Index
FN:85,PageLayout
FN:89,getServerSideProps
FN:90,(anonymous_3)
FN:95,(anonymous_4)
FNF:5
FNH:3
FNDA:2,Index
FNDA:1,PageLayout
FNDA:1,getServerSideProps
FNDA:0,(anonymous_3)
FNDA:0,(anonymous_4)
DA:8,2
DA:85,2
DA:86,1
DA:90,1
DA:91,0
DA:93,0
DA:95,1
DA:96,0
DA:98,0
DA:102,1
DA:123,1
LF:11
LH:7
BRF:0
BRH:0
end_of_record
TN:
SF:pages/my-dashboard.js
FN:20,MyDashboard
FN:25,(anonymous_1)
FN:27,(anonymous_2)
FN:31,(anonymous_3)
FN:34,(anonymous_4)
FN:43,(anonymous_5)
FN:69,(anonymous_6)
FN:90,getServerSideProps
FN:93,(anonymous_8)
FN:98,(anonymous_9)
FN:103,(anonymous_10)
FN:114,(anonymous_11)
FN:121,(anonymous_12)
FNF:13
FNH:6
FNDA:2,MyDashboard
FNDA:0,(anonymous_1)
FNDA:2,(anonymous_2)
FNDA:2,(anonymous_3)
FNDA:2,(anonymous_4)
FNDA:2,(anonymous_5)
FNDA:0,(anonymous_6)
FNDA:1,getServerSideProps
FNDA:0,(anonymous_8)
FNDA:0,(anonymous_9)
FNDA:0,(anonymous_10)
FNDA:0,(anonymous_11)
FNDA:0,(anonymous_12)
DA:25,2
DA:26,2
DA:27,2
DA:31,2
DA:32,2
DA:34,2
DA:35,2
DA:39,2
DA:44,2
DA:45,2
DA:46,2
DA:70,0
DA:91,1
DA:93,1
DA:94,0
DA:95,0
DA:96,0
DA:98,1
DA:99,0
DA:101,0
DA:103,1
DA:104,0
DA:106,0
DA:113,1
DA:115,0
DA:117,0
DA:121,1
DA:122,0
DA:124,0
DA:132,1
DA:153,1
DA:175,1
LF:32
LH:20
BRDA:91,0,0,0
BRDA:91,0,1,1
BRDA:91,1,0,1
BRDA:91,1,1,0
BRDA:157,2,0,1
BRDA:157,2,1,0
BRDA:159,3,0,1
BRDA:159,3,1,0
BRDA:160,4,0,1
BRDA:160,4,1,0
BRDA:161,5,0,1
BRDA:161,5,1,0
BRDA:162,6,0,1
BRDA:162,6,1,1
BRDA:164,7,0,1
BRDA:164,7,1,0
BRDA:168,8,0,1
BRDA:168,8,1,0
BRF:18
BRH:10
end_of_record
TN:
SF:pages/privacy-notice-terms-conditions.js
FN:18,PrivacyCondition
FN:121,getServerSideProps
FN:122,(anonymous_2)
FN:127,(anonymous_3)
FN:132,(anonymous_4)
FN:143,(anonymous_5)
FN:150,(anonymous_6)
FN:175,(anonymous_7)
FN:178,(anonymous_8)
FNF:9
FNH:2
FNDA:1,PrivacyCondition
FNDA:1,getServerSideProps
FNDA:0,(anonymous_2)
FNDA:0,(anonymous_3)
FNDA:0,(anonymous_4)
FNDA:0,(anonymous_5)
FNDA:0,(anonymous_6)
FNDA:0,(anonymous_7)
FNDA:0,(anonymous_8)
DA:19,1
DA:21,1
DA:22,1
DA:28,1
DA:122,1
DA:123,0
DA:125,0
DA:127,1
DA:128,0
DA:130,0
DA:132,1
DA:133,0
DA:135,0
DA:142,1
DA:144,0
DA:146,0
DA:150,1
DA:151,0
DA:153,0
DA:174,1
DA:176,0
DA:179,0
DA:182,1
DA:203,1
DA:226,1
LF:25
LH:13
BRDA:19,0,0,1
BRDA:19,0,1,0
BRDA:23,1,0,1
BRDA:23,1,1,0
BRDA:174,2,0,1
BRDA:174,2,1,0
BRDA:207,3,0,1
BRDA:207,3,1,0
BRDA:210,4,0,1
BRDA:210,4,1,0
BRDA:211,5,0,1
BRDA:211,5,1,0
BRDA:212,6,0,1
BRDA:212,6,1,0
BRDA:215,7,0,1
BRDA:215,7,1,0
BRDA:219,8,0,1
BRDA:219,8,1,0
BRF:18
BRH:9
end_of_record
TN:
SF:pages/profile.js
FN:18,Profile
FN:23,(anonymous_1)
FN:25,(anonymous_2)
FN:29,(anonymous_3)
FN:32,(anonymous_4)
FN:41,(anonymous_5)
FN:73,getServerSideProps
FN:74,(anonymous_7)
FN:79,(anonymous_8)
FN:84,(anonymous_9)
FN:95,(anonymous_10)
FN:102,(anonymous_11)
FN:115,(anonymous_12)
FN:118,(anonymous_13)
FNF:14
FNH:5
FNDA:2,Profile
FNDA:0,(anonymous_1)
FNDA:1,(anonymous_2)
FNDA:1,(anonymous_3)
FNDA:1,(anonymous_4)
FNDA:1,(anonymous_5)
FNDA:0,getServerSideProps
FNDA:0,(anonymous_7)
FNDA:0,(anonymous_8)
FNDA:0,(anonymous_9)
FNDA:0,(anonymous_10)
FNDA:0,(anonymous_11)
FNDA:0,(anonymous_12)
FNDA:0,(anonymous_13)
DA:23,1
DA:24,1
DA:25,1
DA:29,1
DA:30,1
DA:32,1
DA:33,1
DA:37,1
DA:42,1
DA:74,0
DA:75,0
DA:77,0
DA:79,0
DA:80,0
DA:82,0
DA:84,0
DA:85,0
DA:87,0
DA:94,0
DA:96,0
DA:98,0
DA:102,0
DA:103,0
DA:105,0
DA:111,0
DA:114,0
DA:116,0
DA:119,0
DA:123,0
DA:144,0
DA:167,1
LF:31
LH:10
BRDA:111,0,0,0
BRDA:111,0,1,0
BRDA:114,1,0,0
BRDA:114,1,1,0
BRDA:148,2,0,0
BRDA:148,2,1,0
BRDA:151,3,0,0
BRDA:151,3,1,0
BRDA:152,4,0,0
BRDA:152,4,1,0
BRDA:153,5,0,0
BRDA:153,5,1,0
BRDA:156,6,0,0
BRDA:156,6,1,0
BRDA:160,7,0,0
BRDA:160,7,1,0
BRF:16
BRH:0
end_of_record
TN:
SF:pages/security-settings.js
FN:15,SecuritySettings
FN:19,(anonymous_1)
FN:21,(anonymous_2)
FN:25,(anonymous_3)
FN:28,(anonymous_4)
FN:73,getServerSideProps
FN:74,(anonymous_6)
FN:79,(anonymous_7)
FN:84,(anonymous_8)
FN:95,(anonymous_9)
FN:102,(anonymous_10)
FN:127,(anonymous_11)
FN:130,(anonymous_12)
FNF:13
FNH:0
FNDA:0,SecuritySettings
FNDA:0,(anonymous_1)
FNDA:0,(anonymous_2)
FNDA:0,(anonymous_3)
FNDA:0,(anonymous_4)
FNDA:0,getServerSideProps
FNDA:0,(anonymous_6)
FNDA:0,(anonymous_7)
FNDA:0,(anonymous_8)
FNDA:0,(anonymous_9)
FNDA:0,(anonymous_10)
FNDA:0,(anonymous_11)
FNDA:0,(anonymous_12)
DA:16,0
DA:19,0
DA:20,0
DA:21,0
DA:25,0
DA:26,0
DA:28,0
DA:29,0
DA:32,0
DA:74,0
DA:75,0
DA:77,0
DA:79,0
DA:80,0
DA:82,0
DA:84,0
DA:85,0
DA:87,0
DA:94,0
DA:96,0
DA:98,0
DA:102,0
DA:103,0
DA:105,0
DA:123,0
DA:126,0
DA:128,0
DA:131,0
DA:135,0
DA:156,0
DA:179,0
LF:31
LH:0
BRDA:16,0,0,0
BRDA:16,0,1,0
BRDA:123,1,0,0
BRDA:123,1,1,0
BRDA:126,2,0,0
BRDA:126,2,1,0
BRDA:160,3,0,0
BRDA:160,3,1,0
BRDA:163,4,0,0
BRDA:163,4,1,0
BRDA:164,5,0,0
BRDA:164,5,1,0
BRDA:165,6,0,0
BRDA:165,6,1,0
BRDA:166,7,0,0
BRDA:166,7,1,0
BRDA:168,8,0,0
BRDA:168,8,1,0
BRDA:172,9,0,0
BRDA:172,9,1,0
BRF:20
BRH:0
end_of_record
TN:
SF:pages/api/metrics.js
FNF:0
FNH:0
LF:0
LH:0
BRF:0
BRH:0
end_of_record
TN:
SF:pages/api/refresh-msca.js
FN:8,handler
FNF:1
FNH:0
FNDA:0,handler
DA:9,0
DA:11,0
DA:13,0
DA:14,0
DA:15,0
DA:17,0
DA:21,0
DA:23,0
LF:8
LH:0
BRDA:9,0,0,0
BRDA:9,0,1,0
BRDA:11,1,0,0
BRDA:11,1,1,0
BRDA:14,2,0,0
BRDA:14,2,1,0
BRF:6
BRH:0
end_of_record
TN:
SF:pages/api/auth/[...nextauth].js
FN:35,(anonymous_0)
FN:47,(anonymous_1)
FN:50,(anonymous_2)
FN:60,(anonymous_3)
FN:64,(anonymous_4)
FN:67,(anonymous_5)
FNF:6
FNH:0
FNDA:0,(anonymous_0)
FNDA:0,(anonymous_1)
FNDA:0,(anonymous_2)
FNDA:0,(anonymous_3)
FNDA:0,(anonymous_4)
FNDA:0,(anonymous_5)
DA:36,0
DA:48,0
DA:52,0
DA:54,0
DA:56,0
DA:61,0
DA:62,0
DA:65,0
DA:68,0
DA:69,0
LF:10
LH:0
BRDA:52,0,0,0
BRDA:52,0,1,0
BRDA:54,1,0,0
BRDA:54,1,1,0
BRF:4
BRH:0
end_of_record
TN:
SF:pages/auth/login.js
FN:8,Login
FN:12,(anonymous_1)
FN:17,(anonymous_2)
FN:43,PageLayout
FN:47,getServerSideProps
FNF:5
FNH:2
FNDA:1,Login
FNDA:1,(anonymous_1)
FNDA:0,(anonymous_2)
FNDA:0,PageLayout
FNDA:0,getServerSideProps
DA:9,1
DA:12,1
DA:13,1
DA:14,0
DA:16,0
DA:17,0
DA:18,0
DA:20,0
DA:22,0
DA:28,1
DA:43,1
DA:44,0
DA:49,0
DA:52,0
DA:73,0
LF:15
LH:5
BRDA:13,0,0,1
BRDA:13,0,1,0
BRDA:14,1,0,0
BRDA:14,1,1,0
BRDA:16,2,0,0
BRDA:16,2,1,0
BRDA:49,3,0,0
BRDA:49,3,1,0
BRDA:77,4,0,0
BRDA:77,4,1,0
BRF:10
BRH:1
end_of_record
TN:
SF:pages/auth/logout.js
FN:7,Logout
FN:9,(anonymous_1)
FN:10,(anonymous_2)
FN:32,PageLayout
FN:36,getServerSideProps
FN:38,(anonymous_5)
FNF:6
FNH:3
FNDA:1,Logout
FNDA:1,(anonymous_1)
FNDA:1,(anonymous_2)
FNDA:0,PageLayout
FNDA:0,getServerSideProps
FNDA:0,(anonymous_5)
DA:9,1
DA:10,1
DA:11,1
DA:12,0
DA:14,1
DA:17,1
DA:32,1
DA:33,0
DA:37,0
DA:39,0
DA:40,0
DA:41,0
DA:46,0
DA:67,0
LF:14
LH:6
BRDA:37,0,0,0
BRDA:37,0,1,0
BRDA:71,1,0,0
BRDA:71,1,1,0
BRF:4
BRH:0
end_of_record
TN:
SF:pages/contact-us/[id].js
FN:18,ContactUsPage
FN:23,(anonymous_1)
FN:25,(anonymous_2)
FN:29,(anonymous_3)
FN:32,(anonymous_4)
FN:52,(anonymous_5)
FN:58,(anonymous_6)
FN:71,getServerSideProps
FN:72,(anonymous_8)
FN:77,(anonymous_9)
FN:88,(anonymous_10)
FN:95,(anonymous_11)
FN:115,(anonymous_12)
FN:138,(anonymous_13)
FN:141,(anonymous_14)
FNF:15
FNH:7
FNDA:3,ContactUsPage
FNDA:0,(anonymous_1)
FNDA:3,(anonymous_2)
FNDA:3,(anonymous_3)
FNDA:3,(anonymous_4)
FNDA:3,(anonymous_5)
FNDA:3,(anonymous_6)
FNDA:1,getServerSideProps
FNDA:0,(anonymous_8)
FNDA:0,(anonymous_9)
FNDA:0,(anonymous_10)
FNDA:0,(anonymous_11)
FNDA:0,(anonymous_12)
FNDA:0,(anonymous_13)
FNDA:0,(anonymous_14)
DA:23,3
DA:24,3
DA:25,3
DA:29,3
DA:30,3
DA:32,3
DA:33,3
DA:37,3
DA:53,3
DA:59,3
DA:72,1
DA:73,0
DA:75,0
DA:77,1
DA:78,0
DA:80,0
DA:87,1
DA:89,0
DA:91,0
DA:95,1
DA:96,0
DA:98,0
DA:115,1
DA:116,0
DA:118,0
DA:122,1
DA:123,0
DA:132,1
DA:137,1
DA:139,0
DA:142,0
DA:146,1
DA:167,1
DA:190,1
LF:34
LH:21
BRDA:47,0,0,3
BRDA:47,0,1,3
BRDA:60,1,0,0
BRDA:60,1,1,3
BRDA:122,2,0,0
BRDA:122,2,1,1
BRDA:132,3,0,1
BRDA:132,3,1,0
BRDA:137,4,0,1
BRDA:137,4,1,0
BRDA:173,5,0,1
BRDA:173,5,1,0
BRDA:174,6,0,1
BRDA:174,6,1,0
BRDA:175,7,0,1
BRDA:175,7,1,0
BRDA:176,8,0,1
BRDA:176,8,1,0
BRDA:177,9,0,1
BRDA:177,9,1,1
BRDA:179,10,0,1
BRDA:179,10,1,0
BRDA:183,11,0,1
BRDA:183,11,1,0
BRF:24
BRH:14
end_of_record
TN:
SF:pages/contact-us/index.js
FN:15,ContactLanding
FN:19,(anonymous_1)
FN:21,(anonymous_2)
FN:25,(anonymous_3)
FN:28,(anonymous_4)
FN:38,(anonymous_5)
FN:59,getServerSideProps
FN:60,(anonymous_7)
FN:65,(anonymous_8)
FN:70,(anonymous_9)
FN:81,(anonymous_10)
FN:88,(anonymous_11)
FN:113,(anonymous_12)
FN:116,(anonymous_13)
FNF:14
FNH:0
FNDA:0,ContactLanding
FNDA:0,(anonymous_1)
FNDA:0,(anonymous_2)
FNDA:0,(anonymous_3)
FNDA:0,(anonymous_4)
FNDA:0,(anonymous_5)
FNDA:0,getServerSideProps
FNDA:0,(anonymous_7)
FNDA:0,(anonymous_8)
FNDA:0,(anonymous_9)
FNDA:0,(anonymous_10)
FNDA:0,(anonymous_11)
FNDA:0,(anonymous_12)
FNDA:0,(anonymous_13)
DA:16,0
DA:19,0
DA:20,0
DA:21,0
DA:25,0
DA:26,0
DA:28,0
DA:29,0
DA:33,0
DA:39,0
DA:60,0
DA:61,0
DA:63,0
DA:65,0
DA:66,0
DA:68,0
DA:70,0
DA:71,0
DA:73,0
DA:80,0
DA:82,0
DA:84,0
DA:88,0
DA:89,0
DA:91,0
DA:109,0
DA:112,0
DA:114,0
DA:117,0
DA:121,0
DA:142,0
DA:165,0
LF:32
LH:0
BRDA:16,0,0,0
BRDA:16,0,1,0
BRDA:109,1,0,0
BRDA:109,1,1,0
BRDA:112,2,0,0
BRDA:112,2,1,0
BRDA:146,3,0,0
BRDA:146,3,1,0
BRDA:149,4,0,0
BRDA:149,4,1,0
BRDA:150,5,0,0
BRDA:150,5,1,0
BRDA:151,6,0,0
BRDA:151,6,1,0
BRDA:152,7,0,0
BRDA:152,7,1,0
BRDA:154,8,0,0
BRDA:154,8,1,0
BRDA:158,9,0,0
BRDA:158,9,1,0
BRF:20
BRH:0
end_of_record
