{"/home/runner/work/secure-client-hub/secure-client-hub/components/BackToButton.js": {"path":"/home/runner/work/secure-client-hub/secure-client-hub/components/BackToButton.js","statementMap":{"0":{"start":{"line":5,"column":2},"end":{"line":18,"column":3}},"1":{"start":{"line":21,"column":0},"end":{"line":26,"column":1}}},"fnMap":{"0":{"name":"BackToButton","decl":{"start":{"line":4,"column":24},"end":{"line":4,"column":36}},"loc":{"start":{"line":4,"column":44},"end":{"line":19,"column":1}},"line":4}},"branchMap":{},"s":{"0":2,"1":1},"f":{"0":2},"b":{},"_coverageSchema":"1a1c01bbd47fc00a2c39e90264f33305004495a9","hash":"f3bf0c357d47dfb991ffb3cff9ad13ee8bbb6d82"}
,"/home/runner/work/secure-client-hub/secure-client-hub/components/BenefitTasks.js": {"path":"/home/runner/work/secure-client-hub/secure-client-hub/components/BenefitTasks.js","statementMap":{"0":{"start":{"line":7,"column":31},"end":{"line":14,"column":3}},"1":{"start":{"line":16,"column":2},"end":{"line":72,"column":3}},"2":{"start":{"line":26,"column":10},"end":{"line":68,"column":11}},"3":{"start":{"line":41,"column":20},"end":{"line":47,"column":21}},"4":{"start":{"line":45,"column":22},"end":{"line":45,"column":40}},"5":{"start":{"line":46,"column":22},"end":{"line":46,"column":48}},"6":{"start":{"line":75,"column":0},"end":{"line":90,"column":1}}},"fnMap":{"0":{"name":"BenefitTasks","decl":{"start":{"line":6,"column":24},"end":{"line":6,"column":36}},"loc":{"start":{"line":6,"column":44},"end":{"line":73,"column":1}},"line":6},"1":{"name":"(anonymous_1)","decl":{"start":{"line":25,"column":34},"end":{"line":25,"column":35}},"loc":{"start":{"line":25,"column":51},"end":{"line":69,"column":9}},"line":25},"2":{"name":"(anonymous_2)","decl":{"start":{"line":39,"column":27},"end":{"line":39,"column":28}},"loc":{"start":{"line":39,"column":34},"end":{"line":48,"column":19}},"line":39}},"branchMap":{"0":{"loc":{"start":{"line":35,"column":20},"end":{"line":37,"column":31}},"type":"cond-expr","locations":[{"start":{"line":36,"column":24},"end":{"line":36,"column":32}},{"start":{"line":37,"column":24},"end":{"line":37,"column":31}}],"line":35},"1":{"loc":{"start":{"line":41,"column":20},"end":{"line":47,"column":21}},"type":"if","locations":[{"start":{"line":41,"column":20},"end":{"line":47,"column":21}},{"start":{},"end":{}}],"line":41},"2":{"loc":{"start":{"line":42,"column":22},"end":{"line":43,"column":63}},"type":"binary-expr","locations":[{"start":{"line":42,"column":22},"end":{"line":42,"column":36}},{"start":{"line":43,"column":22},"end":{"line":43,"column":63}}],"line":42},"3":{"loc":{"start":{"line":53,"column":22},"end":{"line":55,"column":49}},"type":"cond-expr","locations":[{"start":{"line":54,"column":26},"end":{"line":54,"column":41}},{"start":{"line":55,"column":26},"end":{"line":55,"column":49}}],"line":53}},"s":{"0":0,"1":0,"2":0,"3":0,"4":0,"5":0,"6":1},"f":{"0":0,"1":0,"2":0},"b":{"0":[0,0],"1":[0,0],"2":[0,0],"3":[0,0]},"_coverageSchema":"1a1c01bbd47fc00a2c39e90264f33305004495a9","hash":"75e7ff34105b58bf5bd7d7712e7b651cb30655a7"}
,"/home/runner/work/secure-client-hub/secure-client-hub/components/Card.js": {"path":"/home/runner/work/secure-client-hub/secure-client-hub/components/Card.js","statementMap":{"0":{"start":{"line":6,"column":30},"end":{"line":6,"column":45}},"1":{"start":{"line":8,"column":2},"end":{"line":32,"column":3}},"2":{"start":{"line":18,"column":31},"end":{"line":18,"column":38}},"3":{"start":{"line":19,"column":10},"end":{"line":19,"column":33}},"4":{"start":{"line":35,"column":0},"end":{"line":45,"column":1}}},"fnMap":{"0":{"name":"Card","decl":{"start":{"line":5,"column":24},"end":{"line":5,"column":28}},"loc":{"start":{"line":5,"column":36},"end":{"line":33,"column":1}},"line":5},"1":{"name":"(anonymous_1)","decl":{"start":{"line":17,"column":17},"end":{"line":17,"column":18}},"loc":{"start":{"line":17,"column":23},"end":{"line":20,"column":9}},"line":17}},"branchMap":{"0":{"loc":{"start":{"line":26,"column":7},"end":{"line":30,"column":7}},"type":"cond-expr","locations":[{"start":{"line":26,"column":17},"end":{"line":26,"column":21}},{"start":{"line":27,"column":8},"end":{"line":29,"column":14}}],"line":26}},"s":{"0":2,"1":2,"2":0,"3":0,"4":1},"f":{"0":2,"1":0},"b":{"0":[2,0]},"_coverageSchema":"1a1c01bbd47fc00a2c39e90264f33305004495a9","hash":"6a9d7fca0e056138984f39b2a85915b4dedf9416"}
,"/home/runner/work/secure-client-hub/secure-client-hub/components/DateModified.js": {"path":"/home/runner/work/secure-client-hub/secure-client-hub/components/DateModified.js","statementMap":{"0":{"start":{"line":7,"column":2},"end":{"line":12,"column":3}},"1":{"start":{"line":15,"column":0},"end":{"line":18,"column":1}},"2":{"start":{"line":20,"column":0},"end":{"line":26,"column":1}}},"fnMap":{"0":{"name":"DateModified","decl":{"start":{"line":6,"column":24},"end":{"line":6,"column":36}},"loc":{"start":{"line":6,"column":44},"end":{"line":13,"column":1}},"line":6}},"branchMap":{},"s":{"0":2,"1":1,"2":1},"f":{"0":2},"b":{},"_coverageSchema":"1a1c01bbd47fc00a2c39e90264f33305004495a9","hash":"2e6c3a308a39b1e90cad6dfca85cf9b83a9dc26d"}
,"/home/runner/work/secure-client-hub/secure-client-hub/components/ExitBetaModal.js": {"path":"/home/runner/work/secure-client-hub/secure-client-hub/components/ExitBetaModal.js","statementMap":{"0":{"start":{"line":7,"column":2},"end":{"line":53,"column":3}},"1":{"start":{"line":56,"column":0},"end":{"line":102,"column":1}}},"fnMap":{"0":{"name":"ExitBetaModal","decl":{"start":{"line":6,"column":24},"end":{"line":6,"column":37}},"loc":{"start":{"line":6,"column":45},"end":{"line":54,"column":1}},"line":6}},"branchMap":{},"s":{"0":2,"1":5},"f":{"0":2},"b":{},"_coverageSchema":"1a1c01bbd47fc00a2c39e90264f33305004495a9","hash":"fbe763702036d0b39d18dae3842e0088158b5470"}
,"/home/runner/work/secure-client-hub/secure-client-hub/components/Layout.js": {"path":"/home/runner/work/secure-client-hub/secure-client-hub/components/Layout.js","statementMap":{"0":{"start":{"line":16,"column":18},"end":{"line":16,"column":37}},"1":{"start":{"line":17,"column":12},"end":{"line":17,"column":43}},"2":{"start":{"line":19,"column":29},"end":{"line":19,"column":31}},"3":{"start":{"line":21,"column":2},"end":{"line":23,"column":8}},"4":{"start":{"line":22,"column":4},"end":{"line":22,"column":38}},"5":{"start":{"line":25,"column":2},"end":{"line":90,"column":3}},"6":{"start":{"line":61,"column":12},"end":{"line":61,"column":49}},"7":{"start":{"line":97,"column":0},"end":{"line":99,"column":1}},"8":{"start":{"line":101,"column":0},"end":{"line":165,"column":1}}},"fnMap":{"0":{"name":"Layout","decl":{"start":{"line":15,"column":24},"end":{"line":15,"column":30}},"loc":{"start":{"line":15,"column":38},"end":{"line":91,"column":1}},"line":15},"1":{"name":"(anonymous_1)","decl":{"start":{"line":21,"column":12},"end":{"line":21,"column":13}},"loc":{"start":{"line":21,"column":18},"end":{"line":23,"column":3}},"line":21},"2":{"name":"(anonymous_2)","decl":{"start":{"line":60,"column":21},"end":{"line":60,"column":22}},"loc":{"start":{"line":60,"column":27},"end":{"line":62,"column":11}},"line":60},"3":{"name":"noRefCheck","decl":{"start":{"line":70,"column":29},"end":{"line":70,"column":39}},"loc":{"start":{"line":70,"column":42},"end":{"line":70,"column":44}},"line":70},"4":{"name":"noRefCheck","decl":{"start":{"line":71,"column":29},"end":{"line":71,"column":39}},"loc":{"start":{"line":71,"column":42},"end":{"line":71,"column":44}},"line":71}},"branchMap":{"0":{"loc":{"start":{"line":16,"column":18},"end":{"line":16,"column":37}},"type":"binary-expr","locations":[{"start":{"line":16,"column":18},"end":{"line":16,"column":31}},{"start":{"line":16,"column":35},"end":{"line":16,"column":37}}],"line":16},"1":{"loc":{"start":{"line":17,"column":12},"end":{"line":17,"column":43}},"type":"cond-expr","locations":[{"start":{"line":17,"column":36},"end":{"line":17,"column":38}},{"start":{"line":17,"column":41},"end":{"line":17,"column":43}}],"line":17},"2":{"loc":{"start":{"line":28,"column":7},"end":{"line":41,"column":7}},"type":"cond-expr","locations":[{"start":{"line":29,"column":8},"end":{"line":29,"column":10}},{"start":{"line":31,"column":8},"end":{"line":40,"column":23}}],"line":28},"3":{"loc":{"start":{"line":47,"column":10},"end":{"line":47,"column":76}},"type":"cond-expr","locations":[{"start":{"line":47,"column":34},"end":{"line":47,"column":55}},{"start":{"line":47,"column":58},"end":{"line":47,"column":76}}],"line":47},"4":{"loc":{"start":{"line":59,"column":28},"end":{"line":59,"column":62}},"type":"cond-expr","locations":[{"start":{"line":59,"column":52},"end":{"line":59,"column":54}},{"start":{"line":59,"column":57},"end":{"line":59,"column":62}}],"line":59},"5":{"loc":{"start":{"line":63,"column":26},"end":{"line":63,"column":60}},"type":"cond-expr","locations":[{"start":{"line":63,"column":50},"end":{"line":63,"column":52}},{"start":{"line":63,"column":55},"end":{"line":63,"column":60}}],"line":63},"6":{"loc":{"start":{"line":65,"column":12},"end":{"line":65,"column":46}},"type":"cond-expr","locations":[{"start":{"line":65,"column":36},"end":{"line":65,"column":38}},{"start":{"line":65,"column":41},"end":{"line":65,"column":46}}],"line":65},"7":{"loc":{"start":{"line":76,"column":9},"end":{"line":80,"column":9}},"type":"cond-expr","locations":[{"start":{"line":77,"column":10},"end":{"line":77,"column":24}},{"start":{"line":79,"column":10},"end":{"line":79,"column":61}}],"line":76}},"s":{"0":4,"1":4,"2":4,"3":4,"4":4,"5":4,"6":0,"7":2,"8":2},"f":{"0":4,"1":4,"2":0,"3":0,"4":0},"b":{"0":[4,0],"1":[3,1],"2":[4,0],"3":[0,4],"4":[3,1],"5":[3,1],"6":[3,1],"7":[0,4]},"_coverageSchema":"1a1c01bbd47fc00a2c39e90264f33305004495a9","hash":"0f4c744d1013a4062306740b58cfc46b84815d20"}
,"/home/runner/work/secure-client-hub/secure-client-hub/components/MetaData.js": {"path":"/home/runner/work/secure-client-hub/secure-client-hub/components/MetaData.js","statementMap":{"0":{"start":{"line":5,"column":12},"end":{"line":5,"column":77}},"1":{"start":{"line":7,"column":2},"end":{"line":19,"column":3}}},"fnMap":{"0":{"name":"MetaData","decl":{"start":{"line":4,"column":24},"end":{"line":4,"column":32}},"loc":{"start":{"line":4,"column":40},"end":{"line":20,"column":1}},"line":4}},"branchMap":{"0":{"loc":{"start":{"line":5,"column":12},"end":{"line":5,"column":77}},"type":"cond-expr","locations":[{"start":{"line":5,"column":38},"end":{"line":5,"column":56}},{"start":{"line":5,"column":59},"end":{"line":5,"column":77}}],"line":5}},"s":{"0":6,"1":6},"f":{"0":6},"b":{"0":[5,1]},"_coverageSchema":"1a1c01bbd47fc00a2c39e90264f33305004495a9","hash":"21cfbc8947187a5326ad7132edbd051d45789f8f"}
,"/home/runner/work/secure-client-hub/secure-client-hub/components/MostReqTasks.js": {"path":"/home/runner/work/secure-client-hub/secure-client-hub/components/MostReqTasks.js","statementMap":{"0":{"start":{"line":7,"column":2},"end":{"line":50,"column":3}},"1":{"start":{"line":17,"column":10},"end":{"line":46,"column":11}},"2":{"start":{"line":22,"column":20},"end":{"line":25,"column":21}},"3":{"start":{"line":23,"column":22},"end":{"line":23,"column":40}},"4":{"start":{"line":24,"column":22},"end":{"line":24,"column":48}},"5":{"start":{"line":53,"column":0},"end":{"line":69,"column":1}}},"fnMap":{"0":{"name":"MostReqTasks","decl":{"start":{"line":6,"column":24},"end":{"line":6,"column":36}},"loc":{"start":{"line":6,"column":44},"end":{"line":51,"column":1}},"line":6},"1":{"name":"(anonymous_1)","decl":{"start":{"line":16,"column":36},"end":{"line":16,"column":37}},"loc":{"start":{"line":16,"column":53},"end":{"line":47,"column":9}},"line":16},"2":{"name":"(anonymous_2)","decl":{"start":{"line":21,"column":27},"end":{"line":21,"column":28}},"loc":{"start":{"line":21,"column":34},"end":{"line":26,"column":19}},"line":21}},"branchMap":{"0":{"loc":{"start":{"line":22,"column":20},"end":{"line":25,"column":21}},"type":"if","locations":[{"start":{"line":22,"column":20},"end":{"line":25,"column":21}},{"start":{},"end":{}}],"line":22},"1":{"loc":{"start":{"line":31,"column":22},"end":{"line":33,"column":49}},"type":"cond-expr","locations":[{"start":{"line":32,"column":26},"end":{"line":32,"column":41}},{"start":{"line":33,"column":26},"end":{"line":33,"column":49}}],"line":31}},"s":{"0":0,"1":0,"2":0,"3":0,"4":0,"5":1},"f":{"0":0,"1":0,"2":0},"b":{"0":[0,0],"1":[0,0]},"_coverageSchema":"1a1c01bbd47fc00a2c39e90264f33305004495a9","hash":"d8590dfa6a14457468f1f488586963622f4d95aa"}
,"/home/runner/work/secure-client-hub/secure-client-hub/components/PageLink.js": {"path":"/home/runner/work/secure-client-hub/secure-client-hub/components/PageLink.js","statementMap":{"0":{"start":{"line":6,"column":19},"end":{"line":6,"column":28}},"1":{"start":{"line":7,"column":15},"end":{"line":7,"column":50}},"2":{"start":{"line":9,"column":2},"end":{"line":39,"column":3}},"3":{"start":{"line":42,"column":0},"end":{"line":56,"column":1}}},"fnMap":{"0":{"name":"PageLink","decl":{"start":{"line":5,"column":24},"end":{"line":5,"column":32}},"loc":{"start":{"line":5,"column":40},"end":{"line":40,"column":1}},"line":5}},"branchMap":{},"s":{"0":2,"1":2,"2":2,"3":1},"f":{"0":2},"b":{},"_coverageSchema":"1a1c01bbd47fc00a2c39e90264f33305004495a9","hash":"a36a92e1225eef5ec06e036aaccdd56cca9f2e32"}
,"/home/runner/work/secure-client-hub/secure-client-hub/components/PhaseBanner.js": {"path":"/home/runner/work/secure-client-hub/secure-client-hub/components/PhaseBanner.js","statementMap":{"0":{"start":{"line":14,"column":52},"end":{"line":17,"column":4}},"1":{"start":{"line":20,"column":4},"end":{"line":20,"column":60}},"2":{"start":{"line":24,"column":4},"end":{"line":24,"column":60}},"3":{"start":{"line":27,"column":2},"end":{"line":83,"column":3}},"4":{"start":{"line":59,"column":12},"end":{"line":59,"column":30}},"5":{"start":{"line":60,"column":12},"end":{"line":60,"column":45}},"6":{"start":{"line":86,"column":0},"end":{"line":131,"column":1}}},"fnMap":{"0":{"name":"PhaseBanner","decl":{"start":{"line":13,"column":24},"end":{"line":13,"column":35}},"loc":{"start":{"line":13,"column":43},"end":{"line":84,"column":1}},"line":13},"1":{"name":"openModal","decl":{"start":{"line":19,"column":11},"end":{"line":19,"column":20}},"loc":{"start":{"line":19,"column":27},"end":{"line":21,"column":3}},"line":19},"2":{"name":"closeModal","decl":{"start":{"line":23,"column":11},"end":{"line":23,"column":21}},"loc":{"start":{"line":23,"column":24},"end":{"line":25,"column":3}},"line":23},"3":{"name":"(anonymous_3)","decl":{"start":{"line":58,"column":19},"end":{"line":58,"column":20}},"loc":{"start":{"line":58,"column":26},"end":{"line":61,"column":11}},"line":58}},"branchMap":{},"s":{"0":3,"1":0,"2":0,"3":2,"4":0,"5":0,"6":3},"f":{"0":3,"1":0,"2":0,"3":0},"b":{},"_coverageSchema":"1a1c01bbd47fc00a2c39e90264f33305004495a9","hash":"f43b804c41d5238ef82cceae2881646300332550"}
,"/home/runner/work/secure-client-hub/secure-client-hub/components/ProfileTasks.js": {"path":"/home/runner/work/secure-client-hub/secure-client-hub/components/ProfileTasks.js","statementMap":{"0":{"start":{"line":7,"column":2},"end":{"line":52,"column":3}},"1":{"start":{"line":14,"column":10},"end":{"line":48,"column":11}},"2":{"start":{"line":24,"column":20},"end":{"line":27,"column":21}},"3":{"start":{"line":25,"column":22},"end":{"line":25,"column":40}},"4":{"start":{"line":26,"column":22},"end":{"line":26,"column":48}},"5":{"start":{"line":55,"column":0},"end":{"line":67,"column":1}}},"fnMap":{"0":{"name":"ProfileTasks","decl":{"start":{"line":6,"column":24},"end":{"line":6,"column":36}},"loc":{"start":{"line":6,"column":44},"end":{"line":53,"column":1}},"line":6},"1":{"name":"(anonymous_1)","decl":{"start":{"line":13,"column":25},"end":{"line":13,"column":26}},"loc":{"start":{"line":13,"column":42},"end":{"line":49,"column":9}},"line":13},"2":{"name":"(anonymous_2)","decl":{"start":{"line":23,"column":27},"end":{"line":23,"column":28}},"loc":{"start":{"line":23,"column":34},"end":{"line":28,"column":19}},"line":23}},"branchMap":{"0":{"loc":{"start":{"line":24,"column":20},"end":{"line":27,"column":21}},"type":"if","locations":[{"start":{"line":24,"column":20},"end":{"line":27,"column":21}},{"start":{},"end":{}}],"line":24},"1":{"loc":{"start":{"line":32,"column":22},"end":{"line":34,"column":49}},"type":"cond-expr","locations":[{"start":{"line":33,"column":26},"end":{"line":33,"column":41}},{"start":{"line":34,"column":26},"end":{"line":34,"column":49}}],"line":32}},"s":{"0":2,"1":2,"2":0,"3":0,"4":0,"5":1},"f":{"0":2,"1":2,"2":0},"b":{"0":[0,0],"1":[1,1]},"_coverageSchema":"1a1c01bbd47fc00a2c39e90264f33305004495a9","hash":"0b7dec0baadad6b3314445cd814f4cbdb0a15776"}
,"/home/runner/work/secure-client-hub/secure-client-hub/components/ViewMoreLessButton.js": {"path":"/home/runner/work/secure-client-hub/secure-client-hub/components/ViewMoreLessButton.js","statementMap":{"0":{"start":{"line":6,"column":2},"end":{"line":33,"column":3}},"1":{"start":{"line":36,"column":0},"end":{"line":45,"column":1}}},"fnMap":{"0":{"name":"ViewMoreLessButton","decl":{"start":{"line":5,"column":24},"end":{"line":5,"column":42}},"loc":{"start":{"line":5,"column":50},"end":{"line":34,"column":1}},"line":5}},"branchMap":{"0":{"loc":{"start":{"line":16,"column":21},"end":{"line":16,"column":52}},"type":"binary-expr","locations":[{"start":{"line":16,"column":21},"end":{"line":16,"column":39}},{"start":{"line":16,"column":43},"end":{"line":16,"column":52}}],"line":16},"1":{"loc":{"start":{"line":19,"column":9},"end":{"line":29,"column":9}},"type":"cond-expr","locations":[{"start":{"line":20,"column":10},"end":{"line":23,"column":12}},{"start":{"line":25,"column":10},"end":{"line":28,"column":12}}],"line":19}},"s":{"0":5,"1":2},"f":{"0":5},"b":{"0":[5,3],"1":[1,4]},"_coverageSchema":"1a1c01bbd47fc00a2c39e90264f33305004495a9","hash":"ba4a0028cc0a49027d8f934c65d70a137fa23ef1"}
,"/home/runner/work/secure-client-hub/secure-client-hub/pages/404.js": {"path":"/home/runner/work/secure-client-hub/secure-client-hub/pages/404.js","statementMap":{"0":{"start":{"line":4,"column":2},"end":{"line":54,"column":3}},"1":{"start":{"line":59,"column":15},"end":{"line":72,"column":3}},"2":{"start":{"line":74,"column":2},"end":{"line":76,"column":3}}},"fnMap":{"0":{"name":"Custom404","decl":{"start":{"line":3,"column":24},"end":{"line":3,"column":33}},"loc":{"start":{"line":3,"column":36},"end":{"line":55,"column":1}},"line":3},"1":{"name":"getStaticProps","decl":{"start":{"line":57,"column":22},"end":{"line":57,"column":36}},"loc":{"start":{"line":57,"column":49},"end":{"line":77,"column":1}},"line":57}},"branchMap":{},"s":{"0":1,"1":1,"2":1},"f":{"0":1,"1":1},"b":{},"_coverageSchema":"1a1c01bbd47fc00a2c39e90264f33305004495a9","hash":"95f3df51fff2500a51fc23076986731c0adf288d"}
,"/home/runner/work/secure-client-hub/secure-client-hub/pages/_app.js": {"path":"/home/runner/work/secure-client-hub/secure-client-hub/pages/_app.js","statementMap":{"0":{"start":{"line":5,"column":0},"end":{"line":5,"column":25}},"1":{"start":{"line":12,"column":18},"end":{"line":12,"column":54}}},"fnMap":{"0":{"name":"MyApp","decl":{"start":{"line":7,"column":24},"end":{"line":7,"column":29}},"loc":{"start":{"line":7,"column":56},"end":{"line":27,"column":1}},"line":7}},"branchMap":{},"s":{"0":1,"1":0},"f":{"0":1},"b":{},"_coverageSchema":"1a1c01bbd47fc00a2c39e90264f33305004495a9","hash":"69c252a07425106da6a1d888af486d71a274ffda"}
,"/home/runner/work/secure-client-hub/secure-client-hub/pages/_error.js": {"path":"/home/runner/work/secure-client-hub/secure-client-hub/pages/_error.js","statementMap":{"0":{"start":{"line":4,"column":2},"end":{"line":62,"column":3}}},"fnMap":{"0":{"name":"CustomError","decl":{"start":{"line":3,"column":9},"end":{"line":3,"column":20}},"loc":{"start":{"line":3,"column":37},"end":{"line":63,"column":1}},"line":3}},"branchMap":{"0":{"loc":{"start":{"line":9,"column":11},"end":{"line":11,"column":43}},"type":"cond-expr","locations":[{"start":{"line":10,"column":14},"end":{"line":10,"column":57}},{"start":{"line":11,"column":14},"end":{"line":11,"column":43}}],"line":9},"1":{"loc":{"start":{"line":37,"column":11},"end":{"line":39,"column":45}},"type":"cond-expr","locations":[{"start":{"line":38,"column":14},"end":{"line":38,"column":36}},{"start":{"line":39,"column":14},"end":{"line":39,"column":45}}],"line":37}},"s":{"0":2},"f":{"0":2},"b":{"0":[1,1],"1":[1,1]},"_coverageSchema":"1a1c01bbd47fc00a2c39e90264f33305004495a9","hash":"25b117ffe105d4c82a350ff85f200b62615c138f"}
,"/home/runner/work/secure-client-hub/secure-client-hub/pages/contact-us.js": {"path":"/home/runner/work/secure-client-hub/secure-client-hub/pages/contact-us.js","statementMap":{"0":{"start":{"line":13,"column":12},"end":{"line":13,"column":43}},"1":{"start":{"line":15,"column":2},"end":{"line":36,"column":3}},"2":{"start":{"line":22,"column":10},"end":{"line":32,"column":11}},"3":{"start":{"line":40,"column":18},"end":{"line":44,"column":4}},"4":{"start":{"line":41,"column":4},"end":{"line":41,"column":23}},"5":{"start":{"line":43,"column":4},"end":{"line":43,"column":15}},"6":{"start":{"line":45,"column":24},"end":{"line":49,"column":4}},"7":{"start":{"line":46,"column":4},"end":{"line":46,"column":23}},"8":{"start":{"line":48,"column":4},"end":{"line":48,"column":15}},"9":{"start":{"line":50,"column":23},"end":{"line":54,"column":4}},"10":{"start":{"line":51,"column":4},"end":{"line":51,"column":23}},"11":{"start":{"line":53,"column":4},"end":{"line":53,"column":15}},"12":{"start":{"line":70,"column":12},"end":{"line":70,"column":37}},"13":{"start":{"line":72,"column":26},"end":{"line":77,"column":3}},"14":{"start":{"line":80,"column":15},"end":{"line":93,"column":3}},"15":{"start":{"line":95,"column":2},"end":{"line":105,"column":3}},"16":{"start":{"line":108,"column":0},"end":{"line":140,"column":1}}},"fnMap":{"0":{"name":"ContactLanding","decl":{"start":{"line":12,"column":24},"end":{"line":12,"column":38}},"loc":{"start":{"line":12,"column":46},"end":{"line":37,"column":1}},"line":12},"1":{"name":"(anonymous_1)","decl":{"start":{"line":21,"column":33},"end":{"line":21,"column":34}},"loc":{"start":{"line":21,"column":43},"end":{"line":33,"column":9}},"line":21},"2":{"name":"getStaticProps","decl":{"start":{"line":39,"column":22},"end":{"line":39,"column":36}},"loc":{"start":{"line":39,"column":54},"end":{"line":106,"column":1}},"line":39},"3":{"name":"(anonymous_3)","decl":{"start":{"line":40,"column":52},"end":{"line":40,"column":53}},"loc":{"start":{"line":40,"column":63},"end":{"line":44,"column":3}},"line":40},"4":{"name":"(anonymous_4)","decl":{"start":{"line":45,"column":59},"end":{"line":45,"column":60}},"loc":{"start":{"line":45,"column":70},"end":{"line":49,"column":3}},"line":45},"5":{"name":"(anonymous_5)","decl":{"start":{"line":50,"column":61},"end":{"line":50,"column":62}},"loc":{"start":{"line":50,"column":72},"end":{"line":54,"column":3}},"line":50}},"branchMap":{"0":{"loc":{"start":{"line":13,"column":12},"end":{"line":13,"column":43}},"type":"cond-expr","locations":[{"start":{"line":13,"column":36},"end":{"line":13,"column":38}},{"start":{"line":13,"column":41},"end":{"line":13,"column":43}}],"line":13},"1":{"loc":{"start":{"line":70,"column":12},"end":{"line":70,"column":37}},"type":"cond-expr","locations":[{"start":{"line":70,"column":30},"end":{"line":70,"column":32}},{"start":{"line":70,"column":35},"end":{"line":70,"column":37}}],"line":70},"2":{"loc":{"start":{"line":99,"column":15},"end":{"line":99,"column":56}},"type":"cond-expr","locations":[{"start":{"line":99,"column":33},"end":{"line":99,"column":43}},{"start":{"line":99,"column":46},"end":{"line":99,"column":56}}],"line":99},"3":{"loc":{"start":{"line":102,"column":21},"end":{"line":102,"column":74}},"type":"cond-expr","locations":[{"start":{"line":102,"column":39},"end":{"line":102,"column":55}},{"start":{"line":102,"column":58},"end":{"line":102,"column":74}}],"line":102},"4":{"loc":{"start":{"line":103,"column":20},"end":{"line":103,"column":71}},"type":"cond-expr","locations":[{"start":{"line":103,"column":38},"end":{"line":103,"column":53}},{"start":{"line":103,"column":56},"end":{"line":103,"column":71}}],"line":103}},"s":{"0":0,"1":0,"2":0,"3":0,"4":0,"5":0,"6":0,"7":0,"8":0,"9":0,"10":0,"11":0,"12":0,"13":0,"14":0,"15":0,"16":0},"f":{"0":0,"1":0,"2":0,"3":0,"4":0,"5":0},"b":{"0":[0,0],"1":[0,0],"2":[0,0],"3":[0,0],"4":[0,0]}}
,"/home/runner/work/secure-client-hub/secure-client-hub/pages/index.js": {"path":"/home/runner/work/secure-client-hub/secure-client-hub/pages/index.js","statementMap":{"0":{"start":{"line":5,"column":2},"end":{"line":78,"column":3}},"1":{"start":{"line":81,"column":0},"end":{"line":83,"column":1}},"2":{"start":{"line":82,"column":2},"end":{"line":82,"column":20}},"3":{"start":{"line":87,"column":15},"end":{"line":100,"column":3}},"4":{"start":{"line":102,"column":2},"end":{"line":104,"column":3}}},"fnMap":{"0":{"name":"Index","decl":{"start":{"line":4,"column":24},"end":{"line":4,"column":29}},"loc":{"start":{"line":4,"column":37},"end":{"line":79,"column":1}},"line":4},"1":{"name":"PageLayout","decl":{"start":{"line":81,"column":27},"end":{"line":81,"column":37}},"loc":{"start":{"line":81,"column":44},"end":{"line":83,"column":1}},"line":81},"2":{"name":"getStaticProps","decl":{"start":{"line":85,"column":22},"end":{"line":85,"column":36}},"loc":{"start":{"line":85,"column":49},"end":{"line":105,"column":1}},"line":85}},"branchMap":{},"s":{"0":2,"1":2,"2":1,"3":1,"4":1},"f":{"0":2,"1":1,"2":1},"b":{},"_coverageSchema":"1a1c01bbd47fc00a2c39e90264f33305004495a9","hash":"a71a32daf92cd94ae97b941f6e8e8b0f68f84bb7"}
,"/home/runner/work/secure-client-hub/secure-client-hub/pages/my-dashboard.js": {"path":"/home/runner/work/secure-client-hub/secure-client-hub/pages/my-dashboard.js","statementMap":{"0":{"start":{"line":21,"column":52},"end":{"line":24,"column":4}},"1":{"start":{"line":27,"column":4},"end":{"line":27,"column":60}},"2":{"start":{"line":31,"column":4},"end":{"line":31,"column":60}},"3":{"start":{"line":34,"column":2},"end":{"line":92,"column":3}},"4":{"start":{"line":38,"column":24},"end":{"line":38,"column":37}},"5":{"start":{"line":39,"column":20},"end":{"line":39,"column":58}},"6":{"start":{"line":40,"column":8},"end":{"line":72,"column":9}},"7":{"start":{"line":60,"column":16},"end":{"line":68,"column":17}},"8":{"start":{"line":96,"column":18},"end":{"line":100,"column":4}},"9":{"start":{"line":97,"column":4},"end":{"line":97,"column":23}},"10":{"start":{"line":98,"column":4},"end":{"line":98,"column":24}},"11":{"start":{"line":99,"column":4},"end":{"line":99,"column":15}},"12":{"start":{"line":101,"column":24},"end":{"line":105,"column":4}},"13":{"start":{"line":102,"column":4},"end":{"line":102,"column":23}},"14":{"start":{"line":104,"column":4},"end":{"line":104,"column":15}},"15":{"start":{"line":106,"column":23},"end":{"line":110,"column":4}},"16":{"start":{"line":107,"column":4},"end":{"line":107,"column":23}},"17":{"start":{"line":109,"column":4},"end":{"line":109,"column":15}},"18":{"start":{"line":127,"column":15},"end":{"line":140,"column":3}},"19":{"start":{"line":142,"column":2},"end":{"line":151,"column":3}},"20":{"start":{"line":154,"column":0},"end":{"line":164,"column":1}}},"fnMap":{"0":{"name":"MyDashboard","decl":{"start":{"line":17,"column":24},"end":{"line":17,"column":35}},"loc":{"start":{"line":17,"column":43},"end":{"line":93,"column":1}},"line":17},"1":{"name":"openModal","decl":{"start":{"line":26,"column":11},"end":{"line":26,"column":20}},"loc":{"start":{"line":26,"column":27},"end":{"line":28,"column":3}},"line":26},"2":{"name":"closeModal","decl":{"start":{"line":30,"column":11},"end":{"line":30,"column":21}},"loc":{"start":{"line":30,"column":24},"end":{"line":32,"column":3}},"line":30},"3":{"name":"(anonymous_3)","decl":{"start":{"line":37,"column":31},"end":{"line":37,"column":32}},"loc":{"start":{"line":37,"column":41},"end":{"line":73,"column":7}},"line":37},"4":{"name":"(anonymous_4)","decl":{"start":{"line":59,"column":25},"end":{"line":59,"column":26}},"loc":{"start":{"line":59,"column":46},"end":{"line":69,"column":15}},"line":59},"5":{"name":"getServerSideProps","decl":{"start":{"line":95,"column":22},"end":{"line":95,"column":40}},"loc":{"start":{"line":95,"column":58},"end":{"line":152,"column":1}},"line":95},"6":{"name":"(anonymous_6)","decl":{"start":{"line":96,"column":54},"end":{"line":96,"column":55}},"loc":{"start":{"line":96,"column":65},"end":{"line":100,"column":3}},"line":96},"7":{"name":"(anonymous_7)","decl":{"start":{"line":101,"column":59},"end":{"line":101,"column":60}},"loc":{"start":{"line":101,"column":70},"end":{"line":105,"column":3}},"line":101},"8":{"name":"(anonymous_8)","decl":{"start":{"line":106,"column":61},"end":{"line":106,"column":62}},"loc":{"start":{"line":106,"column":72},"end":{"line":110,"column":3}},"line":106}},"branchMap":{"0":{"loc":{"start":{"line":146,"column":15},"end":{"line":146,"column":56}},"type":"cond-expr","locations":[{"start":{"line":146,"column":33},"end":{"line":146,"column":43}},{"start":{"line":146,"column":46},"end":{"line":146,"column":56}}],"line":146},"1":{"loc":{"start":{"line":148,"column":21},"end":{"line":148,"column":74}},"type":"cond-expr","locations":[{"start":{"line":148,"column":39},"end":{"line":148,"column":55}},{"start":{"line":148,"column":58},"end":{"line":148,"column":74}}],"line":148},"2":{"loc":{"start":{"line":149,"column":20},"end":{"line":149,"column":71}},"type":"cond-expr","locations":[{"start":{"line":149,"column":38},"end":{"line":149,"column":53}},{"start":{"line":149,"column":56},"end":{"line":149,"column":71}}],"line":149}},"s":{"0":2,"1":0,"2":0,"3":2,"4":2,"5":2,"6":2,"7":0,"8":1,"9":0,"10":0,"11":0,"12":1,"13":0,"14":0,"15":1,"16":0,"17":0,"18":1,"19":1,"20":1},"f":{"0":2,"1":0,"2":0,"3":2,"4":0,"5":1,"6":0,"7":0,"8":0},"b":{"0":[1,0],"1":[1,0],"2":[1,0]},"_coverageSchema":"1a1c01bbd47fc00a2c39e90264f33305004495a9","hash":"fa1d572e3fa57e18f6225113c545b0d160f29b3e"}
,"/home/runner/work/secure-client-hub/secure-client-hub/pages/profile.js": {"path":"/home/runner/work/secure-client-hub/secure-client-hub/pages/profile.js","statementMap":{"0":{"start":{"line":21,"column":52},"end":{"line":24,"column":4}},"1":{"start":{"line":27,"column":4},"end":{"line":27,"column":60}},"2":{"start":{"line":31,"column":4},"end":{"line":31,"column":60}},"3":{"start":{"line":34,"column":2},"end":{"line":91,"column":3}},"4":{"start":{"line":38,"column":35},"end":{"line":38,"column":60}},"5":{"start":{"line":39,"column":22},"end":{"line":39,"column":72}},"6":{"start":{"line":40,"column":8},"end":{"line":60,"column":9}},"7":{"start":{"line":95,"column":18},"end":{"line":99,"column":4}},"8":{"start":{"line":96,"column":4},"end":{"line":96,"column":23}},"9":{"start":{"line":98,"column":4},"end":{"line":98,"column":15}},"10":{"start":{"line":100,"column":24},"end":{"line":104,"column":4}},"11":{"start":{"line":101,"column":4},"end":{"line":101,"column":23}},"12":{"start":{"line":103,"column":4},"end":{"line":103,"column":15}},"13":{"start":{"line":105,"column":23},"end":{"line":109,"column":4}},"14":{"start":{"line":106,"column":4},"end":{"line":106,"column":23}},"15":{"start":{"line":108,"column":4},"end":{"line":108,"column":15}},"16":{"start":{"line":125,"column":12},"end":{"line":125,"column":37}},"17":{"start":{"line":127,"column":26},"end":{"line":132,"column":3}},"18":{"start":{"line":135,"column":15},"end":{"line":148,"column":3}},"19":{"start":{"line":150,"column":2},"end":{"line":160,"column":3}},"20":{"start":{"line":163,"column":0},"end":{"line":173,"column":1}}},"fnMap":{"0":{"name":"Profile","decl":{"start":{"line":17,"column":24},"end":{"line":17,"column":31}},"loc":{"start":{"line":17,"column":39},"end":{"line":92,"column":1}},"line":17},"1":{"name":"openModal","decl":{"start":{"line":26,"column":11},"end":{"line":26,"column":20}},"loc":{"start":{"line":26,"column":27},"end":{"line":28,"column":3}},"line":26},"2":{"name":"closeModal","decl":{"start":{"line":30,"column":11},"end":{"line":30,"column":21}},"loc":{"start":{"line":30,"column":24},"end":{"line":32,"column":3}},"line":30},"3":{"name":"(anonymous_3)","decl":{"start":{"line":37,"column":31},"end":{"line":37,"column":32}},"loc":{"start":{"line":37,"column":41},"end":{"line":61,"column":7}},"line":37},"4":{"name":"getStaticProps","decl":{"start":{"line":94,"column":22},"end":{"line":94,"column":36}},"loc":{"start":{"line":94,"column":54},"end":{"line":161,"column":1}},"line":94},"5":{"name":"(anonymous_5)","decl":{"start":{"line":95,"column":50},"end":{"line":95,"column":51}},"loc":{"start":{"line":95,"column":61},"end":{"line":99,"column":3}},"line":95},"6":{"name":"(anonymous_6)","decl":{"start":{"line":100,"column":59},"end":{"line":100,"column":60}},"loc":{"start":{"line":100,"column":70},"end":{"line":104,"column":3}},"line":100},"7":{"name":"(anonymous_7)","decl":{"start":{"line":105,"column":61},"end":{"line":105,"column":62}},"loc":{"start":{"line":105,"column":72},"end":{"line":109,"column":3}},"line":105}},"branchMap":{"0":{"loc":{"start":{"line":125,"column":12},"end":{"line":125,"column":37}},"type":"cond-expr","locations":[{"start":{"line":125,"column":30},"end":{"line":125,"column":32}},{"start":{"line":125,"column":35},"end":{"line":125,"column":37}}],"line":125},"1":{"loc":{"start":{"line":154,"column":15},"end":{"line":154,"column":56}},"type":"cond-expr","locations":[{"start":{"line":154,"column":33},"end":{"line":154,"column":43}},{"start":{"line":154,"column":46},"end":{"line":154,"column":56}}],"line":154},"2":{"loc":{"start":{"line":157,"column":21},"end":{"line":157,"column":74}},"type":"cond-expr","locations":[{"start":{"line":157,"column":39},"end":{"line":157,"column":55}},{"start":{"line":157,"column":58},"end":{"line":157,"column":74}}],"line":157},"3":{"loc":{"start":{"line":158,"column":20},"end":{"line":158,"column":71}},"type":"cond-expr","locations":[{"start":{"line":158,"column":38},"end":{"line":158,"column":53}},{"start":{"line":158,"column":56},"end":{"line":158,"column":71}}],"line":158}},"s":{"0":0,"1":0,"2":0,"3":0,"4":0,"5":0,"6":0,"7":0,"8":0,"9":0,"10":0,"11":0,"12":0,"13":0,"14":0,"15":0,"16":0,"17":0,"18":0,"19":0,"20":0},"f":{"0":0,"1":0,"2":0,"3":0,"4":0,"5":0,"6":0,"7":0},"b":{"0":[0,0],"1":[0,0],"2":[0,0],"3":[0,0]}}
,"/home/runner/work/secure-client-hub/secure-client-hub/pages/security-settings.js": {"path":"/home/runner/work/secure-client-hub/secure-client-hub/pages/security-settings.js","statementMap":{"0":{"start":{"line":13,"column":12},"end":{"line":13,"column":43}},"1":{"start":{"line":15,"column":2},"end":{"line":50,"column":3}},"2":{"start":{"line":54,"column":18},"end":{"line":58,"column":4}},"3":{"start":{"line":55,"column":4},"end":{"line":55,"column":23}},"4":{"start":{"line":57,"column":4},"end":{"line":57,"column":15}},"5":{"start":{"line":59,"column":24},"end":{"line":63,"column":4}},"6":{"start":{"line":60,"column":4},"end":{"line":60,"column":23}},"7":{"start":{"line":62,"column":4},"end":{"line":62,"column":15}},"8":{"start":{"line":64,"column":23},"end":{"line":68,"column":4}},"9":{"start":{"line":65,"column":4},"end":{"line":65,"column":23}},"10":{"start":{"line":67,"column":4},"end":{"line":67,"column":15}},"11":{"start":{"line":85,"column":12},"end":{"line":85,"column":37}},"12":{"start":{"line":87,"column":26},"end":{"line":92,"column":3}},"13":{"start":{"line":95,"column":15},"end":{"line":108,"column":3}},"14":{"start":{"line":110,"column":2},"end":{"line":120,"column":3}},"15":{"start":{"line":123,"column":0},"end":{"line":155,"column":1}}},"fnMap":{"0":{"name":"SecuritySettings","decl":{"start":{"line":12,"column":24},"end":{"line":12,"column":40}},"loc":{"start":{"line":12,"column":48},"end":{"line":51,"column":1}},"line":12},"1":{"name":"getStaticProps","decl":{"start":{"line":53,"column":22},"end":{"line":53,"column":36}},"loc":{"start":{"line":53,"column":54},"end":{"line":121,"column":1}},"line":53},"2":{"name":"(anonymous_2)","decl":{"start":{"line":54,"column":59},"end":{"line":54,"column":60}},"loc":{"start":{"line":54,"column":70},"end":{"line":58,"column":3}},"line":54},"3":{"name":"(anonymous_3)","decl":{"start":{"line":59,"column":59},"end":{"line":59,"column":60}},"loc":{"start":{"line":59,"column":70},"end":{"line":63,"column":3}},"line":59},"4":{"name":"(anonymous_4)","decl":{"start":{"line":64,"column":61},"end":{"line":64,"column":62}},"loc":{"start":{"line":64,"column":72},"end":{"line":68,"column":3}},"line":64}},"branchMap":{"0":{"loc":{"start":{"line":13,"column":12},"end":{"line":13,"column":43}},"type":"cond-expr","locations":[{"start":{"line":13,"column":36},"end":{"line":13,"column":38}},{"start":{"line":13,"column":41},"end":{"line":13,"column":43}}],"line":13},"1":{"loc":{"start":{"line":85,"column":12},"end":{"line":85,"column":37}},"type":"cond-expr","locations":[{"start":{"line":85,"column":30},"end":{"line":85,"column":32}},{"start":{"line":85,"column":35},"end":{"line":85,"column":37}}],"line":85},"2":{"loc":{"start":{"line":114,"column":15},"end":{"line":114,"column":56}},"type":"cond-expr","locations":[{"start":{"line":114,"column":33},"end":{"line":114,"column":43}},{"start":{"line":114,"column":46},"end":{"line":114,"column":56}}],"line":114},"3":{"loc":{"start":{"line":117,"column":21},"end":{"line":117,"column":74}},"type":"cond-expr","locations":[{"start":{"line":117,"column":39},"end":{"line":117,"column":55}},{"start":{"line":117,"column":58},"end":{"line":117,"column":74}}],"line":117},"4":{"loc":{"start":{"line":118,"column":20},"end":{"line":118,"column":71}},"type":"cond-expr","locations":[{"start":{"line":118,"column":38},"end":{"line":118,"column":53}},{"start":{"line":118,"column":56},"end":{"line":118,"column":71}}],"line":118}},"s":{"0":0,"1":0,"2":0,"3":0,"4":0,"5":0,"6":0,"7":0,"8":0,"9":0,"10":0,"11":0,"12":0,"13":0,"14":0,"15":0},"f":{"0":0,"1":0,"2":0,"3":0,"4":0},"b":{"0":[0,0],"1":[0,0],"2":[0,0],"3":[0,0],"4":[0,0]}}
,"/home/runner/work/secure-client-hub/secure-client-hub/pages/api/metrics.js": {"path":"/home/runner/work/secure-client-hub/secure-client-hub/pages/api/metrics.js","statementMap":{},"fnMap":{},"branchMap":{},"s":{},"f":{},"b":{}}
,"/home/runner/work/secure-client-hub/secure-client-hub/pages/beta/documents.js": {"path":"/home/runner/work/secure-client-hub/secure-client-hub/pages/beta/documents.js","statementMap":{"0":{"start":{"line":6,"column":12},"end":{"line":6,"column":43}},"1":{"start":{"line":8,"column":2},"end":{"line":36,"column":3}},"2":{"start":{"line":39,"column":0},"end":{"line":41,"column":1}},"3":{"start":{"line":40,"column":2},"end":{"line":40,"column":20}},"4":{"start":{"line":45,"column":15},"end":{"line":58,"column":3}},"5":{"start":{"line":60,"column":2},"end":{"line":62,"column":3}}},"fnMap":{"0":{"name":"Index","decl":{"start":{"line":5,"column":24},"end":{"line":5,"column":29}},"loc":{"start":{"line":5,"column":37},"end":{"line":37,"column":1}},"line":5},"1":{"name":"PageLayout","decl":{"start":{"line":39,"column":27},"end":{"line":39,"column":37}},"loc":{"start":{"line":39,"column":44},"end":{"line":41,"column":1}},"line":39},"2":{"name":"getStaticProps","decl":{"start":{"line":43,"column":22},"end":{"line":43,"column":36}},"loc":{"start":{"line":43,"column":49},"end":{"line":63,"column":1}},"line":43}},"branchMap":{"0":{"loc":{"start":{"line":6,"column":12},"end":{"line":6,"column":43}},"type":"cond-expr","locations":[{"start":{"line":6,"column":36},"end":{"line":6,"column":38}},{"start":{"line":6,"column":41},"end":{"line":6,"column":43}}],"line":6},"1":{"loc":{"start":{"line":15,"column":11},"end":{"line":19,"column":11}},"type":"cond-expr","locations":[{"start":{"line":16,"column":12},"end":{"line":16,"column":70}},{"start":{"line":18,"column":12},"end":{"line":18,"column":73}}],"line":15},"2":{"loc":{"start":{"line":23,"column":11},"end":{"line":27,"column":11}},"type":"cond-expr","locations":[{"start":{"line":24,"column":12},"end":{"line":24,"column":63}},{"start":{"line":26,"column":12},"end":{"line":26,"column":66}}],"line":23}},"s":{"0":0,"1":0,"2":0,"3":0,"4":0,"5":0},"f":{"0":0,"1":0,"2":0},"b":{"0":[0,0],"1":[0,0],"2":[0,0]}}
,"/home/runner/work/secure-client-hub/secure-client-hub/pages/beta/updates.js": {"path":"/home/runner/work/secure-client-hub/secure-client-hub/pages/beta/updates.js","statementMap":{"0":{"start":{"line":6,"column":12},"end":{"line":6,"column":43}},"1":{"start":{"line":8,"column":2},"end":{"line":36,"column":3}},"2":{"start":{"line":39,"column":0},"end":{"line":41,"column":1}},"3":{"start":{"line":40,"column":2},"end":{"line":40,"column":20}},"4":{"start":{"line":45,"column":15},"end":{"line":58,"column":3}},"5":{"start":{"line":60,"column":2},"end":{"line":62,"column":3}}},"fnMap":{"0":{"name":"Index","decl":{"start":{"line":5,"column":24},"end":{"line":5,"column":29}},"loc":{"start":{"line":5,"column":37},"end":{"line":37,"column":1}},"line":5},"1":{"name":"PageLayout","decl":{"start":{"line":39,"column":27},"end":{"line":39,"column":37}},"loc":{"start":{"line":39,"column":44},"end":{"line":41,"column":1}},"line":39},"2":{"name":"getStaticProps","decl":{"start":{"line":43,"column":22},"end":{"line":43,"column":36}},"loc":{"start":{"line":43,"column":49},"end":{"line":63,"column":1}},"line":43}},"branchMap":{"0":{"loc":{"start":{"line":6,"column":12},"end":{"line":6,"column":43}},"type":"cond-expr","locations":[{"start":{"line":6,"column":36},"end":{"line":6,"column":38}},{"start":{"line":6,"column":41},"end":{"line":6,"column":43}}],"line":6},"1":{"loc":{"start":{"line":15,"column":11},"end":{"line":19,"column":11}},"type":"cond-expr","locations":[{"start":{"line":16,"column":12},"end":{"line":16,"column":68}},{"start":{"line":18,"column":12},"end":{"line":18,"column":71}}],"line":15},"2":{"loc":{"start":{"line":23,"column":11},"end":{"line":27,"column":11}},"type":"cond-expr","locations":[{"start":{"line":24,"column":12},"end":{"line":24,"column":61}},{"start":{"line":26,"column":12},"end":{"line":26,"column":64}}],"line":23}},"s":{"0":0,"1":0,"2":0,"3":0,"4":0,"5":0},"f":{"0":0,"1":0,"2":0},"b":{"0":[0,0],"1":[0,0],"2":[0,0]}}
}
