TN:
SF:components/BackToButton.js
FN:4,BackToButton
FNF:1
FNH:1
FNDA:9,BackToButton
DA:5,9
DA:21,4
LF:2
LH:2
BRF:0
BRH:0
end_of_record
TN:
SF:components/BenefitTasks.js
FN:6,BenefitTasks
FN:26,(anonymous_1)
FN:35,(anonymous_2)
FNF:3
FNH:2
FNDA:2,BenefitTasks
FNDA:2,(anonymous_1)
FNDA:0,(anonymous_2)
DA:7,2
DA:17,2
DA:27,2
DA:37,0
DA:41,0
DA:42,0
DA:69,2
LF:7
LH:4
BRDA:33,0,0,0
BRDA:33,0,1,2
BRDA:37,1,0,0
BRDA:37,1,1,0
BRDA:38,2,0,0
BRDA:38,2,1,0
BRDA:50,3,0,2
BRDA:50,3,1,0
BRF:8
BRH:2
end_of_record
TN:
SF:components/Breadcrumb.js
FN:9,Breadcrumb
FN:14,(anonymous_1)
FNF:2
FNH:2
FNDA:6,Breadcrumb
FNDA:21,(anonymous_1)
DA:10,6
DA:15,21
DA:40,3
LF:3
LH:3
BRDA:13,0,0,6
BRDA:13,0,1,0
BRDA:17,1,0,21
BRDA:17,1,1,15
BRF:4
BRH:3
end_of_record
TN:
SF:components/Button.js
FN:4,Button
FNF:1
FNH:1
FNDA:8,Button
DA:7,8
DA:9,8
DA:11,8
DA:13,8
DA:15,8
DA:18,8
DA:31,8
DA:106,8
DA:113,8
LF:9
LH:9
BRDA:18,0,0,3
BRDA:18,0,1,5
BRDA:20,1,0,3
BRDA:20,1,1,2
BRDA:22,2,0,2
BRDA:22,2,1,0
BRDA:24,3,0,0
BRDA:24,3,1,0
BRDA:26,4,0,0
BRDA:26,4,1,0
BRDA:31,5,0,8
BRDA:31,5,1,0
BRDA:42,6,0,0
BRDA:42,6,1,8
BRDA:42,7,0,8
BRDA:42,7,1,0
BRDA:55,8,0,0
BRDA:55,8,1,8
BRDA:55,9,0,8
BRDA:55,9,1,0
BRDA:71,10,0,0
BRDA:71,10,1,0
BRDA:80,11,0,0
BRDA:80,11,1,0
BRDA:80,12,0,0
BRDA:80,12,1,0
BRDA:91,13,0,0
BRDA:91,13,1,0
BRDA:91,14,0,0
BRDA:91,14,1,0
BRF:30
BRH:10
end_of_record
TN:
SF:components/Card.js
FN:5,Card
FN:17,(anonymous_1)
FNF:2
FNH:1
FNDA:2,Card
FNDA:0,(anonymous_1)
DA:6,2
DA:8,2
DA:18,0
DA:19,0
DA:38,1
LF:5
LH:3
BRDA:29,0,0,2
BRDA:29,0,1,0
BRF:2
BRH:1
end_of_record
TN:
SF:components/Collapse.js
FN:3,Collapse
FNF:1
FNH:1
FNDA:2,Collapse
DA:4,2
DA:5,2
DA:25,2
DA:29,2
LF:4
LH:4
BRF:0
BRH:0
end_of_record
TN:
SF:components/ContextualAlert.js
FN:8,ContextualAlert
FNF:1
FNH:1
FNDA:4,ContextualAlert
DA:17,4
DA:19,4
DA:27,4
DA:35,4
DA:37,4
DA:66,2
LF:6
LH:6
BRDA:19,0,0,0
BRDA:19,0,1,4
BRDA:21,1,0,0
BRDA:21,1,1,4
BRDA:23,2,0,4
BRDA:23,2,1,0
BRDA:27,3,0,0
BRDA:27,3,1,4
BRDA:29,4,0,0
BRDA:29,4,1,4
BRDA:31,5,0,4
BRDA:31,5,1,0
BRDA:35,6,0,0
BRDA:35,6,1,4
BRF:14
BRH:7
end_of_record
TN:
SF:components/Date.js
FN:3,Date
FNF:1
FNH:1
FNDA:4,Date
DA:4,4
DA:5,4
DA:6,4
DA:20,2
LF:4
LH:4
BRDA:5,0,0,2
BRDA:5,0,1,2
BRDA:10,1,0,2
BRDA:10,1,1,2
BRF:4
BRH:4
end_of_record
TN:
SF:components/ErrorBoundary.js
FN:6,(anonymous_0)
FN:11,(anonymous_1)
FN:15,(anonymous_2)
FN:23,(anonymous_3)
FNF:4
FNH:0
FNDA:0,(anonymous_0)
FNDA:0,(anonymous_1)
FNDA:0,(anonymous_2)
FNDA:0,(anonymous_3)
DA:7,0
DA:8,0
DA:12,0
DA:17,0
DA:18,0
DA:19,0
DA:20,0
DA:24,0
DA:26,0
DA:37,0
LF:10
LH:0
BRDA:24,0,0,0
BRDA:24,0,1,0
BRF:2
BRH:0
end_of_record
TN:
SF:components/ErrorPage.js
FN:7,ErrorPage
FN:41,(anonymous_1)
FNF:2
FNH:2
FNDA:7,ErrorPage
FNDA:7,(anonymous_1)
DA:8,7
DA:9,7
DA:10,7
DA:11,7
DA:12,0
DA:15,7
DA:21,7
DA:28,7
DA:34,7
DA:39,7
DA:42,7
DA:108,5
DA:114,5
LF:13
LH:12
BRDA:10,0,0,5
BRDA:10,0,1,2
BRDA:10,1,0,2
BRDA:10,1,1,0
BRDA:11,2,0,0
BRDA:11,2,1,7
BRDA:15,3,0,3
BRDA:15,3,1,4
BRDA:17,4,0,3
BRDA:17,4,1,1
BRDA:21,5,0,3
BRDA:21,5,1,4
BRDA:23,6,0,3
BRDA:23,6,1,1
BRDA:28,7,0,3
BRDA:28,7,1,4
BRDA:30,8,0,3
BRDA:30,8,1,1
BRDA:34,9,0,3
BRDA:34,9,1,4
BRDA:36,10,0,3
BRDA:36,10,1,1
BRDA:46,11,0,5
BRDA:46,11,1,2
BRDA:49,12,0,5
BRDA:49,12,1,2
BRDA:60,13,0,3
BRDA:60,13,1,4
BRDA:65,14,0,3
BRDA:65,14,1,4
BRDA:67,15,0,1
BRDA:67,15,1,3
BRDA:75,16,0,0
BRDA:75,16,1,7
BRDA:81,17,0,0
BRDA:81,17,1,7
BRDA:85,18,0,0
BRDA:85,18,1,7
BRDA:87,19,0,0
BRDA:87,19,1,7
BRF:40
BRH:34
end_of_record
TN:
SF:components/ExitBeta.js
FN:6,ExitBeta
FNF:1
FNH:1
FNDA:2,ExitBeta
DA:7,2
DA:56,2
LF:2
LH:2
BRF:0
BRH:0
end_of_record
TN:
SF:components/Footer.js
FN:10,Footer
FN:69,(anonymous_1)
FNF:2
FNH:2
FNDA:2,Footer
FNDA:3,(anonymous_1)
DA:11,2
DA:13,2
DA:15,2
DA:70,3
DA:127,2
DA:138,2
LF:6
LH:6
BRDA:13,0,0,2
BRDA:13,0,1,0
BRDA:42,1,0,0
BRDA:42,1,1,2
BRDA:45,2,0,0
BRDA:45,2,1,2
BRDA:74,3,0,2
BRDA:74,3,1,1
BRDA:79,4,0,0
BRDA:79,4,1,3
BRDA:105,5,0,0
BRDA:105,5,1,2
BRDA:110,6,0,0
BRDA:110,6,1,2
BRF:14
BRH:8
end_of_record
TN:
SF:components/Header.js
FN:11,Header
FN:101,(anonymous_1)
FN:102,(anonymous_2)
FN:105,(anonymous_3)
FNF:4
FNH:1
FNDA:2,Header
FNDA:0,(anonymous_1)
FNDA:0,(anonymous_2)
FNDA:0,(anonymous_3)
DA:21,2
DA:23,2
DA:97,2
DA:122,2
LF:4
LH:4
BRDA:38,0,0,2
BRDA:38,0,1,0
BRDA:42,1,0,2
BRDA:42,1,1,0
BRDA:44,2,0,2
BRDA:44,2,1,0
BRDA:58,3,0,2
BRDA:58,3,1,0
BRDA:77,4,0,2
BRDA:77,4,1,2
BRDA:87,5,0,2
BRDA:87,5,1,2
BRF:12
BRH:8
end_of_record
TN:
SF:components/Heading.js
FN:3,Heading
FNF:1
FNH:1
FNDA:20,Heading
DA:4,20
DA:6,20
DA:29,9
LF:3
LH:3
BRDA:14,0,0,20
BRDA:14,0,1,2
BRDA:14,0,2,2
BRF:3
BRH:3
end_of_record
TN:
SF:components/Language.js
FN:4,Language
FNF:1
FNH:1
FNDA:7,Language
DA:5,7
DA:50,3
DA:54,3
LF:3
LH:3
BRDA:7,0,0,3
BRDA:7,0,1,4
BRDA:13,1,0,3
BRDA:13,1,1,3
BRDA:14,2,0,2
BRDA:14,2,1,1
BRDA:16,3,0,2
BRDA:16,3,1,1
BRDA:16,4,0,3
BRDA:16,4,1,3
BRDA:20,5,0,2
BRDA:20,5,1,1
BRDA:24,6,0,2
BRDA:24,6,1,1
BRDA:34,7,0,4
BRDA:34,7,1,4
BRDA:35,8,0,2
BRDA:35,8,1,2
BRDA:36,9,0,4
BRDA:36,9,1,4
BRDA:39,10,0,2
BRDA:39,10,1,2
BRDA:43,11,0,2
BRDA:43,11,1,2
BRF:24
BRH:24
end_of_record
TN:
SF:components/Layout.js
FN:12,Layout
FN:24,(anonymous_1)
FN:25,(anonymous_2)
FN:34,(anonymous_3)
FN:35,(anonymous_4)
FN:143,noRefCheck
FN:144,noRefCheck
FNF:7
FNH:0
FNDA:0,Layout
FNDA:0,(anonymous_1)
FNDA:0,(anonymous_2)
FNDA:0,(anonymous_3)
FNDA:0,(anonymous_4)
FNDA:0,noRefCheck
FNDA:0,noRefCheck
DA:13,0
DA:14,0
DA:15,0
DA:17,0
DA:19,0
DA:24,0
DA:25,0
DA:26,0
DA:34,0
DA:35,0
DA:36,0
DA:44,0
DA:188,1
DA:229,1
LF:14
LH:2
BRDA:13,0,0,0
BRDA:13,0,1,0
BRDA:14,1,0,0
BRDA:14,1,1,0
BRDA:17,2,0,0
BRDA:17,2,1,0
BRDA:53,3,0,0
BRDA:53,3,1,0
BRDA:57,4,0,0
BRDA:57,4,1,0
BRDA:58,5,0,0
BRDA:58,5,1,0
BRDA:59,6,0,0
BRDA:59,6,1,0
BRDA:60,7,0,0
BRDA:60,7,1,0
BRDA:61,8,0,0
BRDA:61,8,1,0
BRDA:62,9,0,0
BRDA:62,9,1,0
BRDA:63,10,0,0
BRDA:63,10,1,0
BRDA:64,11,0,0
BRDA:64,11,1,0
BRDA:65,12,0,0
BRDA:65,12,1,0
BRDA:67,13,0,0
BRDA:67,13,1,0
BRDA:68,14,0,0
BRDA:68,14,1,0
BRDA:70,15,0,0
BRDA:70,15,1,0
BRDA:85,16,0,0
BRDA:85,16,1,0
BRDA:104,17,0,0
BRDA:104,17,1,0
BRDA:113,18,0,0
BRDA:113,18,1,0
BRDA:120,19,0,0
BRDA:120,19,1,0
BRDA:130,20,0,0
BRDA:130,20,1,0
BRDA:162,21,0,0
BRDA:162,21,1,0
BRF:44
BRH:0
end_of_record
TN:
SF:components/LoadingSpinner.js
FN:3,(anonymous_0)
FN:23,LoadingSpinner
FNF:2
FNH:2
FNDA:32,(anonymous_0)
FNDA:4,LoadingSpinner
DA:3,3
DA:4,32
DA:24,4
DA:46,3
LF:4
LH:4
BRF:0
BRH:0
end_of_record
TN:
SF:components/Menu.js
FN:8,Menu
FN:19,(anonymous_1)
FN:22,handleClick
FN:28,(anonymous_3)
FN:31,(anonymous_4)
FN:33,handleEsc
FN:39,(anonymous_6)
FN:58,(anonymous_7)
FN:58,(anonymous_8)
FN:111,(anonymous_9)
FN:121,(anonymous_10)
FN:121,(anonymous_11)
FN:158,(anonymous_12)
FNF:13
FNH:8
FNDA:7,Menu
FNDA:7,(anonymous_1)
FNDA:0,handleClick
FNDA:2,(anonymous_3)
FNDA:7,(anonymous_4)
FNDA:0,handleEsc
FNDA:2,(anonymous_6)
FNDA:2,(anonymous_7)
FNDA:2,(anonymous_8)
FNDA:10,(anonymous_9)
FNDA:0,(anonymous_10)
FNDA:0,(anonymous_11)
FNDA:0,(anonymous_12)
DA:14,7
DA:16,7
DA:17,7
DA:19,7
DA:21,7
DA:23,0
DA:24,0
DA:27,2
DA:28,2
DA:31,7
DA:32,7
DA:34,0
DA:35,0
DA:38,2
DA:39,2
DA:42,7
DA:58,2
DA:112,10
DA:121,0
DA:156,3
DA:178,3
LF:21
LH:16
BRDA:21,0,0,5
BRDA:21,0,1,2
BRDA:23,1,0,0
BRDA:23,1,1,0
BRDA:23,2,0,0
BRDA:23,2,1,0
BRDA:32,3,0,5
BRDA:32,3,1,2
BRDA:34,4,0,0
BRDA:34,4,1,0
BRDA:47,5,0,0
BRDA:47,5,1,7
BRDA:60,6,0,2
BRDA:60,6,1,5
BRDA:81,7,0,0
BRDA:81,7,1,7
BRDA:89,8,0,5
BRDA:89,8,1,2
BRDA:104,9,0,7
BRDA:104,9,1,2
BRDA:110,10,0,2
BRDA:110,10,1,0
BRDA:116,11,0,2
BRDA:116,11,1,8
BRDA:119,12,0,2
BRDA:119,12,1,8
BRDA:127,13,0,10
BRDA:127,13,1,2
BRF:28
BRH:19
end_of_record
TN:
SF:components/MetaData.js
FN:4,MetaData
FNF:1
FNH:1
FNDA:3,MetaData
DA:5,3
DA:7,3
LF:2
LH:2
BRDA:5,0,0,3
BRDA:5,0,1,0
BRDA:36,1,0,3
BRDA:36,1,1,0
BRF:4
BRH:2
end_of_record
TN:
SF:components/MostReqTasks.js
FN:6,MostReqTasks
FN:16,(anonymous_1)
FN:22,(anonymous_2)
FNF:3
FNH:0
FNDA:0,MostReqTasks
FNDA:0,(anonymous_1)
FNDA:0,(anonymous_2)
DA:7,0
DA:17,0
DA:23,0
DA:24,0
DA:25,0
DA:52,1
LF:6
LH:1
BRDA:23,0,0,0
BRDA:23,0,1,0
BRDA:33,1,0,0
BRDA:33,1,1,0
BRF:4
BRH:0
end_of_record
TN:
SF:components/MultiModal.js
FN:10,MultiModal
FN:26,(anonymous_1)
FN:30,(anonymous_2)
FN:36,(anonymous_3)
FN:44,(anonymous_4)
FN:49,(anonymous_5)
FN:55,(anonymous_6)
FN:57,(anonymous_7)
FNF:8
FNH:0
FNDA:0,MultiModal
FNDA:0,(anonymous_1)
FNDA:0,(anonymous_2)
FNDA:0,(anonymous_3)
FNDA:0,(anonymous_4)
FNDA:0,(anonymous_5)
FNDA:0,(anonymous_6)
FNDA:0,(anonymous_7)
DA:20,0
DA:22,0
DA:23,0
DA:26,0
DA:27,0
DA:30,0
DA:31,0
DA:34,0
DA:37,0
DA:38,0
DA:44,0
DA:45,0
DA:46,0
DA:49,0
DA:50,0
DA:51,0
DA:52,0
DA:55,0
DA:56,0
DA:57,0
DA:58,0
DA:62,0
DA:64,0
DA:77,0
DA:78,0
DA:80,0
DA:93,0
DA:94,0
DA:96,0
DA:108,0
DA:109,0
DA:111,0
DA:114,0
DA:131,1
LF:34
LH:1
BRDA:40,0,0,0
BRDA:40,0,1,0
BRDA:41,1,0,0
BRDA:41,1,1,0
BRDA:62,2,0,0
BRDA:62,2,1,0
BRDA:62,2,2,0
BRDA:62,2,3,0
BRF:8
BRH:0
end_of_record
TN:
SF:components/PageLink.js
FN:5,PageLink
FNF:1
FNH:1
FNDA:7,PageLink
DA:6,7
DA:8,7
DA:43,3
LF:3
LH:3
BRF:0
BRH:0
end_of_record
TN:
SF:components/PhaseBanner.js
FN:12,PhaseBanner
FN:89,(anonymous_1)
FNF:2
FNH:1
FNDA:2,PhaseBanner
FNDA:0,(anonymous_1)
DA:13,2
DA:90,0
DA:91,0
DA:101,2
LF:4
LH:2
BRDA:19,0,0,2
BRDA:19,0,1,0
BRDA:26,1,0,0
BRDA:26,1,1,2
BRDA:28,2,0,0
BRDA:28,2,1,2
BRDA:35,3,0,2
BRDA:35,3,1,0
BRF:8
BRH:4
end_of_record
TN:
SF:components/ProfileTasks.js
FN:6,ProfileTasks
FN:15,(anonymous_1)
FN:23,(anonymous_2)
FNF:3
FNH:2
FNDA:3,ProfileTasks
FNDA:4,(anonymous_1)
FNDA:0,(anonymous_2)
DA:7,3
DA:16,4
DA:24,0
DA:25,0
DA:26,0
DA:53,2
LF:6
LH:3
BRDA:24,0,0,0
BRDA:24,0,1,0
BRDA:33,1,0,1
BRDA:33,1,1,3
BRF:4
BRH:2
end_of_record
TN:
SF:components/TableContents.js
FN:4,TableContents
FN:14,(anonymous_1)
FNF:2
FNH:2
FNDA:4,TableContents
FNDA:5,(anonymous_1)
DA:5,4
DA:6,4
DA:7,4
DA:15,5
DA:40,2
LF:5
LH:5
BRDA:5,0,0,0
BRDA:5,0,1,4
BRDA:11,1,0,4
BRDA:11,1,1,0
BRF:4
BRH:2
end_of_record
TN:
SF:components/TopNav.js
FN:5,TopNav
FNF:1
FNH:1
FNDA:5,TopNav
DA:12,5
DA:14,5
DA:61,3
DA:69,3
LF:4
LH:4
BRDA:24,0,0,2
BRDA:24,0,1,3
BRDA:34,1,0,2
BRDA:34,1,1,3
BRDA:40,2,0,0
BRDA:40,2,1,5
BRDA:47,3,0,0
BRDA:47,3,1,0
BRF:8
BRH:5
end_of_record
TN:
SF:components/ViewMoreLessButton.js
FN:8,ViewMoreLessButton
FNF:1
FNH:1
FNDA:5,ViewMoreLessButton
DA:9,5
DA:42,2
LF:2
LH:2
BRDA:19,0,0,5
BRDA:19,0,1,3
BRDA:23,1,0,1
BRDA:23,1,1,4
BRF:4
BRH:4
end_of_record
TN:
SF:components/contact/ContactProvince.js
FN:4,(anonymous_0)
FN:13,(anonymous_1)
FN:16,(anonymous_2)
FNF:3
FNH:1
FNDA:1,(anonymous_0)
FNDA:0,(anonymous_1)
FNDA:0,(anonymous_2)
DA:4,1
DA:5,1
DA:14,0
DA:17,0
LF:4
LH:2
BRF:0
BRH:0
end_of_record
TN:
SF:components/contact/ContactProvinceRow.js
FN:5,(anonymous_0)
FN:9,(anonymous_1)
FN:14,(anonymous_2)
FNF:3
FNH:0
FNDA:0,(anonymous_0)
FNDA:0,(anonymous_1)
FNDA:0,(anonymous_2)
DA:5,1
DA:6,0
DA:9,1
DA:10,0
DA:15,0
LF:5
LH:2
BRDA:6,0,0,0
BRDA:6,0,1,0
BRDA:10,1,0,0
BRDA:10,1,1,0
BRDA:22,2,0,0
BRDA:22,2,1,0
BRF:6
BRH:0
end_of_record
TN:
SF:components/contact/ContactSection.js
FN:4,ContactSection
FN:23,(anonymous_1)
FNF:2
FNH:1
FNDA:5,ContactSection
FNDA:0,(anonymous_1)
DA:5,5
DA:24,0
LF:2
LH:1
BRF:0
BRH:0
end_of_record
TN:
SF:components/contact/ContactSectionRow.js
FN:8,ContactSectionRow
FN:20,routeToPage
FN:38,(anonymous_2)
FNF:3
FNH:1
FNDA:2,ContactSectionRow
FNDA:0,routeToPage
FNDA:0,(anonymous_2)
DA:18,2
DA:19,2
DA:21,0
DA:22,0
DA:24,2
DA:39,0
LF:6
LH:3
BRDA:24,0,0,0
BRDA:24,0,1,2
BRDA:24,1,0,2
BRDA:24,1,1,0
BRDA:28,2,0,0
BRDA:28,2,1,0
BRDA:35,3,0,0
BRDA:35,3,1,0
BRDA:39,4,0,0
BRDA:39,4,1,0
BRDA:53,5,0,0
BRDA:53,5,1,0
BRF:12
BRH:2
end_of_record
TN:
SF:components/sessionModals/CountDown.js
FN:5,(anonymous_0)
FNF:1
FNH:1
FNDA:1,(anonymous_0)
DA:5,2
DA:6,1
LF:2
LH:2
BRDA:42,0,0,0
BRDA:42,0,1,1
BRDA:42,1,0,1
BRDA:42,1,1,1
BRF:4
BRH:3
end_of_record
TN:
SF:pages/404.js
FN:6,Custom404
FNF:1
FNH:1
FNDA:2,Custom404
DA:7,2
LF:1
LH:1
BRDA:9,0,0,2
BRDA:9,0,1,0
BRDA:13,1,0,0
BRDA:13,1,1,2
BRF:4
BRH:2
end_of_record
TN:
SF:pages/500.js
FN:6,Custom500
FNF:1
FNH:1
FNDA:2,Custom500
DA:7,2
LF:1
LH:1
BRDA:9,0,0,2
BRDA:9,0,1,0
BRDA:13,1,0,0
BRDA:13,1,1,2
BRF:4
BRH:2
end_of_record
TN:
SF:pages/_app.js
FN:10,MyApp
FNF:1
FNH:0
FNDA:0,MyApp
DA:8,0
DA:16,0
DA:17,0
LF:3
LH:0
BRF:0
BRH:0
end_of_record
TN:
SF:pages/_document.js
FN:3,Document
FNF:1
FNH:0
FNDA:0,Document
DA:4,0
LF:1
LH:0
BRF:0
BRH:0
end_of_record
TN:
SF:pages/index.js
FN:5,Index
FN:77,PageLayout
FN:81,getServerSideProps
FNF:3
FNH:2
FNDA:1,Index
FNDA:0,PageLayout
FNDA:1,getServerSideProps
DA:6,1
DA:77,1
DA:78,0
DA:83,1
DA:104,1
LF:5
LH:4
BRF:0
BRH:0
end_of_record
TN:
SF:pages/my-dashboard.js
FN:21,MyDashboard
FN:26,(anonymous_1)
FN:28,(anonymous_2)
FN:32,(anonymous_3)
FN:35,(anonymous_4)
FN:63,(anonymous_5)
FN:89,(anonymous_6)
FN:110,getServerSideProps
FN:117,(anonymous_8)
FN:121,(anonymous_9)
FN:125,(anonymous_10)
FN:131,(anonymous_11)
FN:137,(anonymous_12)
FNF:13
FNH:6
FNDA:3,MyDashboard
FNDA:0,(anonymous_1)
FNDA:3,(anonymous_2)
FNDA:3,(anonymous_3)
FNDA:3,(anonymous_4)
FNDA:3,(anonymous_5)
FNDA:0,(anonymous_6)
FNDA:1,getServerSideProps
FNDA:0,(anonymous_8)
FNDA:0,(anonymous_9)
FNDA:0,(anonymous_10)
FNDA:0,(anonymous_11)
FNDA:0,(anonymous_12)
DA:26,3
DA:27,3
DA:28,3
DA:32,3
DA:33,3
DA:35,3
DA:36,3
DA:41,3
DA:46,3
DA:47,0
DA:59,3
DA:64,3
DA:65,3
DA:66,3
DA:90,0
DA:111,1
DA:114,1
DA:115,1
DA:117,1
DA:118,0
DA:119,0
DA:121,1
DA:122,0
DA:123,0
DA:125,1
DA:126,0
DA:127,0
DA:130,1
DA:132,0
DA:133,0
DA:137,1
DA:138,0
DA:139,0
DA:142,1
DA:143,0
DA:150,1
DA:171,1
DA:220,1
LF:38
LH:25
BRDA:41,0,0,3
BRDA:41,0,1,3
BRDA:41,0,2,3
BRDA:41,0,3,3
BRDA:41,0,4,3
BRDA:46,1,0,0
BRDA:46,1,1,3
BRDA:49,2,0,0
BRDA:49,2,1,0
BRDA:53,3,0,0
BRDA:53,3,1,0
BRDA:111,4,0,0
BRDA:111,4,1,1
BRDA:111,5,0,1
BRDA:111,5,1,0
BRDA:142,6,0,0
BRDA:142,6,1,1
BRDA:176,7,0,0
BRDA:176,7,1,1
BRDA:178,8,0,1
BRDA:178,8,1,0
BRDA:183,9,0,0
BRDA:183,9,1,1
BRDA:185,10,0,1
BRDA:185,10,1,0
BRDA:189,11,0,0
BRDA:189,11,1,1
BRDA:191,12,0,1
BRDA:191,12,1,0
BRDA:195,13,0,0
BRDA:195,13,1,1
BRDA:197,14,0,1
BRDA:197,14,1,0
BRDA:201,15,0,0
BRDA:201,15,1,1
BRDA:203,16,0,1
BRDA:203,16,1,1
BRDA:205,17,0,0
BRDA:205,17,1,1
BRDA:207,18,0,1
BRDA:207,18,1,0
BRDA:211,19,0,0
BRDA:211,19,1,1
BRDA:213,20,0,1
BRDA:213,20,1,0
BRF:45
BRH:24
end_of_record
TN:
SF:pages/privacy-notice-terms-conditions.js
FN:20,PrivacyCondition
FN:24,(anonymous_1)
FN:26,(anonymous_2)
FN:30,(anonymous_3)
FN:33,(anonymous_4)
FN:184,getServerSideProps
FN:189,(anonymous_6)
FN:193,(anonymous_7)
FN:197,(anonymous_8)
FN:207,(anonymous_9)
FN:213,(anonymous_10)
FN:237,(anonymous_11)
FN:240,(anonymous_12)
FNF:13
FNH:5
FNDA:2,PrivacyCondition
FNDA:0,(anonymous_1)
FNDA:2,(anonymous_2)
FNDA:2,(anonymous_3)
FNDA:2,(anonymous_4)
FNDA:1,getServerSideProps
FNDA:0,(anonymous_6)
FNDA:0,(anonymous_7)
FNDA:0,(anonymous_8)
FNDA:0,(anonymous_9)
FNDA:0,(anonymous_10)
FNDA:0,(anonymous_11)
FNDA:0,(anonymous_12)
DA:21,2
DA:24,2
DA:25,2
DA:26,2
DA:30,2
DA:31,2
DA:33,2
DA:34,2
DA:39,2
DA:44,2
DA:45,0
DA:60,2
DA:62,2
DA:68,2
DA:186,1
DA:187,1
DA:189,1
DA:190,0
DA:191,0
DA:193,1
DA:194,0
DA:195,0
DA:197,1
DA:198,0
DA:199,0
DA:206,1
DA:208,0
DA:209,0
DA:213,1
DA:214,0
DA:215,0
DA:236,1
DA:238,0
DA:241,0
DA:244,1
DA:265,1
DA:315,1
LF:37
LH:24
BRDA:21,0,0,1
BRDA:21,0,1,1
BRDA:39,1,0,2
BRDA:39,1,1,2
BRDA:39,1,2,2
BRDA:39,1,3,2
BRDA:39,1,4,2
BRDA:44,2,0,0
BRDA:44,2,1,2
BRDA:47,3,0,0
BRDA:47,3,1,0
BRDA:51,4,0,0
BRDA:51,4,1,0
BRDA:63,5,0,1
BRDA:63,5,1,1
BRDA:236,6,0,1
BRDA:236,6,1,0
BRDA:270,7,0,0
BRDA:270,7,1,1
BRDA:272,8,0,1
BRDA:272,8,1,0
BRDA:278,9,0,0
BRDA:278,9,1,1
BRDA:280,10,0,1
BRDA:280,10,1,0
BRDA:284,11,0,0
BRDA:284,11,1,1
BRDA:286,12,0,1
BRDA:286,12,1,0
BRDA:290,13,0,0
BRDA:290,13,1,1
BRDA:292,14,0,1
BRDA:292,14,1,0
BRDA:296,15,0,0
BRDA:296,15,1,1
BRDA:298,16,0,1
BRDA:298,16,1,1
BRDA:300,17,0,0
BRDA:300,17,1,1
BRDA:302,18,0,1
BRDA:302,18,1,0
BRDA:306,19,0,0
BRDA:306,19,1,1
BRDA:308,20,0,1
BRDA:308,20,1,0
BRF:45
BRH:26
end_of_record
TN:
SF:pages/profile.js
FN:18,Profile
FN:23,(anonymous_1)
FN:25,(anonymous_2)
FN:29,(anonymous_3)
FN:32,(anonymous_4)
FN:41,(anonymous_5)
FN:73,getServerSideProps
FN:78,(anonymous_7)
FN:82,(anonymous_8)
FN:86,(anonymous_9)
FN:96,(anonymous_10)
FN:102,(anonymous_11)
FN:114,(anonymous_12)
FN:117,(anonymous_13)
FNF:14
FNH:6
FNDA:2,Profile
FNDA:0,(anonymous_1)
FNDA:2,(anonymous_2)
FNDA:2,(anonymous_3)
FNDA:2,(anonymous_4)
FNDA:2,(anonymous_5)
FNDA:1,getServerSideProps
FNDA:0,(anonymous_7)
FNDA:0,(anonymous_8)
FNDA:0,(anonymous_9)
FNDA:0,(anonymous_10)
FNDA:0,(anonymous_11)
FNDA:0,(anonymous_12)
FNDA:0,(anonymous_13)
DA:23,2
DA:24,2
DA:25,2
DA:29,2
DA:30,2
DA:32,2
DA:33,2
DA:37,2
DA:42,2
DA:75,1
DA:76,1
DA:78,1
DA:79,0
DA:80,0
DA:82,1
DA:83,0
DA:84,0
DA:86,1
DA:87,0
DA:88,0
DA:95,1
DA:97,0
DA:98,0
DA:102,1
DA:103,0
DA:104,0
DA:110,1
DA:113,1
DA:115,0
DA:118,0
DA:122,1
DA:143,1
DA:193,1
LF:33
LH:21
BRDA:110,0,0,1
BRDA:110,0,1,0
BRDA:113,1,0,1
BRDA:113,1,1,0
BRDA:148,2,0,0
BRDA:148,2,1,1
BRDA:150,3,0,1
BRDA:150,3,1,0
BRDA:156,4,0,0
BRDA:156,4,1,1
BRDA:158,5,0,1
BRDA:158,5,1,0
BRDA:162,6,0,0
BRDA:162,6,1,1
BRDA:164,7,0,1
BRDA:164,7,1,0
BRDA:168,8,0,0
BRDA:168,8,1,1
BRDA:170,9,0,1
BRDA:170,9,1,0
BRDA:174,10,0,0
BRDA:174,10,1,1
BRDA:176,11,0,1
BRDA:176,11,1,1
BRDA:178,12,0,0
BRDA:178,12,1,1
BRDA:180,13,0,1
BRDA:180,13,1,0
BRDA:184,14,0,0
BRDA:184,14,1,1
BRDA:186,15,0,1
BRDA:186,15,1,0
BRF:32
BRH:17
end_of_record
TN:
SF:pages/security-settings.js
FN:16,SecuritySettings
FN:20,(anonymous_1)
FN:22,(anonymous_2)
FN:26,(anonymous_3)
FN:29,(anonymous_4)
FN:65,getServerSideProps
FN:70,(anonymous_6)
FN:74,(anonymous_7)
FN:78,(anonymous_8)
FN:84,(anonymous_9)
FN:90,(anonymous_10)
FN:113,(anonymous_11)
FN:116,(anonymous_12)
FNF:13
FNH:5
FNDA:3,SecuritySettings
FNDA:0,(anonymous_1)
FNDA:3,(anonymous_2)
FNDA:3,(anonymous_3)
FNDA:3,(anonymous_4)
FNDA:1,getServerSideProps
FNDA:0,(anonymous_6)
FNDA:0,(anonymous_7)
FNDA:0,(anonymous_8)
FNDA:0,(anonymous_9)
FNDA:0,(anonymous_10)
FNDA:0,(anonymous_11)
FNDA:0,(anonymous_12)
DA:17,3
DA:20,3
DA:21,3
DA:22,3
DA:26,3
DA:27,3
DA:29,3
DA:30,3
DA:33,3
DA:67,1
DA:68,1
DA:70,1
DA:71,0
DA:72,0
DA:74,1
DA:75,0
DA:76,0
DA:78,1
DA:79,0
DA:80,0
DA:83,1
DA:85,0
DA:86,0
DA:90,1
DA:91,0
DA:92,0
DA:109,1
DA:112,1
DA:114,0
DA:117,0
DA:121,1
DA:142,1
DA:192,1
LF:33
LH:21
BRDA:17,0,0,2
BRDA:17,0,1,1
BRDA:109,1,0,1
BRDA:109,1,1,0
BRDA:112,2,0,1
BRDA:112,2,1,0
BRDA:147,3,0,0
BRDA:147,3,1,1
BRDA:149,4,0,1
BRDA:149,4,1,0
BRDA:155,5,0,0
BRDA:155,5,1,1
BRDA:157,6,0,1
BRDA:157,6,1,0
BRDA:161,7,0,0
BRDA:161,7,1,1
BRDA:163,8,0,1
BRDA:163,8,1,0
BRDA:167,9,0,0
BRDA:167,9,1,1
BRDA:169,10,0,1
BRDA:169,10,1,0
BRDA:173,11,0,0
BRDA:173,11,1,1
BRDA:175,12,0,1
BRDA:175,12,1,1
BRDA:177,13,0,0
BRDA:177,13,1,1
BRDA:179,14,0,1
BRDA:179,14,1,0
BRDA:183,15,0,0
BRDA:183,15,1,1
BRDA:185,16,0,1
BRDA:185,16,1,0
BRF:34
BRH:19
end_of_record
TN:
SF:pages/api/metrics.js
FNF:0
FNH:0
LF:0
LH:0
BRF:0
BRH:0
end_of_record
TN:
SF:pages/api/refresh-msca.js
FN:13,handler
FNF:1
FNH:0
FNDA:0,handler
DA:10,0
DA:11,0
DA:14,0
DA:16,0
DA:18,0
DA:19,0
DA:20,0
DA:22,0
DA:23,0
DA:27,0
DA:28,0
DA:32,0
LF:12
LH:0
BRDA:14,0,0,0
BRDA:14,0,1,0
BRDA:16,1,0,0
BRDA:16,1,1,0
BRDA:19,2,0,0
BRDA:19,2,1,0
BRF:6
BRH:0
end_of_record
TN:
SF:pages/api/auth/[...nextauth].js
FN:40,(anonymous_0)
FN:52,(anonymous_1)
FN:55,(anonymous_2)
FN:65,(anonymous_3)
FN:69,(anonymous_4)
FNF:5
FNH:0
FNDA:0,(anonymous_0)
FNDA:0,(anonymous_1)
FNDA:0,(anonymous_2)
FNDA:0,(anonymous_3)
FNDA:0,(anonymous_4)
DA:6,0
DA:7,0
DA:41,0
DA:53,0
DA:57,0
DA:59,0
DA:61,0
DA:66,0
DA:67,0
DA:70,0
LF:10
LH:0
BRDA:57,0,0,0
BRDA:57,0,1,0
BRDA:59,1,0,0
BRDA:59,1,1,0
BRF:4
BRH:0
end_of_record
TN:
SF:pages/auth/login.js
FN:8,Login
FN:12,(anonymous_1)
FN:17,(anonymous_2)
FN:43,PageLayout
FN:47,getServerSideProps
FNF:5
FNH:2
FNDA:1,Login
FNDA:1,(anonymous_1)
FNDA:0,(anonymous_2)
FNDA:0,PageLayout
FNDA:0,getServerSideProps
DA:9,1
DA:12,1
DA:13,1
DA:14,0
DA:16,0
DA:17,0
DA:18,0
DA:20,0
DA:22,0
DA:28,1
DA:43,1
DA:44,0
DA:49,0
DA:52,0
DA:73,0
LF:15
LH:5
BRDA:13,0,0,1
BRDA:13,0,1,0
BRDA:14,1,0,0
BRDA:14,1,1,0
BRDA:16,2,0,0
BRDA:16,2,1,0
BRDA:49,3,0,0
BRDA:49,3,1,0
BRDA:77,4,0,0
BRDA:77,4,1,0
BRF:10
BRH:1
end_of_record
TN:
SF:pages/auth/logout.js
FN:8,Logout
FN:10,(anonymous_1)
FN:11,(anonymous_2)
FN:33,PageLayout
FN:37,getServerSideProps
FN:43,(anonymous_5)
FNF:6
FNH:3
FNDA:1,Logout
FNDA:1,(anonymous_1)
FNDA:1,(anonymous_2)
FNDA:0,PageLayout
FNDA:0,getServerSideProps
FNDA:0,(anonymous_5)
DA:10,1
DA:11,1
DA:12,1
DA:13,0
DA:15,1
DA:18,1
DA:33,1
DA:34,0
DA:39,0
DA:40,0
DA:42,0
DA:44,0
DA:45,0
DA:46,0
DA:51,0
DA:72,0
LF:16
LH:6
BRDA:42,0,0,0
BRDA:42,0,1,0
BRDA:76,1,0,0
BRDA:76,1,1,0
BRF:4
BRH:0
end_of_record
TN:
SF:pages/contact-us/[id].js
FN:19,ContactUsPage
FN:24,(anonymous_1)
FN:26,(anonymous_2)
FN:30,(anonymous_3)
FN:33,(anonymous_4)
FN:53,(anonymous_5)
FN:59,(anonymous_6)
FN:72,getServerSideProps
FN:77,(anonymous_8)
FN:81,(anonymous_9)
FN:91,(anonymous_10)
FN:97,(anonymous_11)
FN:124,(anonymous_12)
FN:146,(anonymous_13)
FN:149,(anonymous_14)
FNF:15
FNH:7
FNDA:3,ContactUsPage
FNDA:0,(anonymous_1)
FNDA:3,(anonymous_2)
FNDA:3,(anonymous_3)
FNDA:3,(anonymous_4)
FNDA:3,(anonymous_5)
FNDA:3,(anonymous_6)
FNDA:1,getServerSideProps
FNDA:0,(anonymous_8)
FNDA:0,(anonymous_9)
FNDA:0,(anonymous_10)
FNDA:0,(anonymous_11)
FNDA:0,(anonymous_12)
FNDA:0,(anonymous_13)
FNDA:0,(anonymous_14)
DA:24,3
DA:25,3
DA:26,3
DA:30,3
DA:31,3
DA:33,3
DA:34,3
DA:38,3
DA:54,3
DA:60,3
DA:74,1
DA:75,1
DA:77,1
DA:78,0
DA:79,0
DA:81,1
DA:82,0
DA:83,0
DA:90,1
DA:92,0
DA:93,0
DA:97,1
DA:98,0
DA:99,0
DA:120,1
DA:121,0
DA:124,1
DA:125,0
DA:126,0
DA:130,1
DA:131,0
DA:140,1
DA:145,1
DA:147,0
DA:150,0
DA:154,1
DA:175,1
DA:225,1
LF:38
LH:24
BRDA:48,0,0,3
BRDA:48,0,1,3
BRDA:61,1,0,0
BRDA:61,1,1,3
BRDA:120,2,0,0
BRDA:120,2,1,1
BRDA:130,3,0,0
BRDA:130,3,1,1
BRDA:140,4,0,1
BRDA:140,4,1,0
BRDA:145,5,0,1
BRDA:145,5,1,0
BRDA:180,6,0,0
BRDA:180,6,1,1
BRDA:182,7,0,1
BRDA:182,7,1,0
BRDA:188,8,0,0
BRDA:188,8,1,1
BRDA:190,9,0,1
BRDA:190,9,1,0
BRDA:194,10,0,0
BRDA:194,10,1,1
BRDA:196,11,0,1
BRDA:196,11,1,0
BRDA:200,12,0,0
BRDA:200,12,1,1
BRDA:202,13,0,1
BRDA:202,13,1,0
BRDA:206,14,0,0
BRDA:206,14,1,1
BRDA:208,15,0,1
BRDA:208,15,1,1
BRDA:210,16,0,0
BRDA:210,16,1,1
BRDA:212,17,0,1
BRDA:212,17,1,0
BRDA:216,18,0,0
BRDA:216,18,1,1
BRDA:218,19,0,1
BRDA:218,19,1,0
BRF:40
BRH:22
end_of_record
TN:
SF:pages/contact-us/index.js
FN:15,ContactLanding
FN:19,(anonymous_1)
FN:21,(anonymous_2)
FN:25,(anonymous_3)
FN:28,(anonymous_4)
FN:38,(anonymous_5)
FN:61,getServerSideProps
FN:66,(anonymous_7)
FN:71,(anonymous_8)
FN:76,(anonymous_9)
FN:87,(anonymous_10)
FN:94,(anonymous_11)
FN:119,(anonymous_12)
FN:122,(anonymous_13)
FNF:14
FNH:0
FNDA:0,ContactLanding
FNDA:0,(anonymous_1)
FNDA:0,(anonymous_2)
FNDA:0,(anonymous_3)
FNDA:0,(anonymous_4)
FNDA:0,(anonymous_5)
FNDA:0,getServerSideProps
FNDA:0,(anonymous_7)
FNDA:0,(anonymous_8)
FNDA:0,(anonymous_9)
FNDA:0,(anonymous_10)
FNDA:0,(anonymous_11)
FNDA:0,(anonymous_12)
FNDA:0,(anonymous_13)
DA:16,0
DA:19,0
DA:20,0
DA:21,0
DA:25,0
DA:26,0
DA:28,0
DA:29,0
DA:33,0
DA:39,0
DA:63,0
DA:64,0
DA:66,0
DA:67,0
DA:69,0
DA:71,0
DA:72,0
DA:74,0
DA:76,0
DA:77,0
DA:79,0
DA:86,0
DA:88,0
DA:90,0
DA:94,0
DA:95,0
DA:97,0
DA:115,0
DA:118,0
DA:120,0
DA:123,0
DA:127,0
DA:148,0
DA:171,0
LF:34
LH:0
BRDA:16,0,0,0
BRDA:16,0,1,0
BRDA:115,1,0,0
BRDA:115,1,1,0
BRDA:118,2,0,0
BRDA:118,2,1,0
BRDA:152,3,0,0
BRDA:152,3,1,0
BRDA:155,4,0,0
BRDA:155,4,1,0
BRDA:156,5,0,0
BRDA:156,5,1,0
BRDA:157,6,0,0
BRDA:157,6,1,0
BRDA:158,7,0,0
BRDA:158,7,1,0
BRDA:160,8,0,0
BRDA:160,8,1,0
BRDA:164,9,0,0
BRDA:164,9,1,0
BRF:20
BRH:0
end_of_record
