TN:
SF:components/BenefitTasks.js
FN:6,BenefitTasks
FN:28,(anonymous_1)
FN:42,(anonymous_2)
FNF:3
FNH:2
FNDA:2,BenefitTasks
FNDA:2,(anonymous_1)
FNDA:0,(anonymous_2)
DA:7,2
DA:19,2
DA:29,2
DA:44,0
DA:48,0
DA:49,0
DA:76,2
LF:7
LH:4
BRDA:35,0,0,0
BRDA:35,0,1,2
BRDA:38,1,0,0
BRDA:38,1,1,2
BRDA:44,2,0,0
BRDA:44,2,1,0
BRDA:45,3,0,0
BRDA:45,3,1,0
BRDA:57,4,0,2
BRDA:57,4,1,0
BRF:10
BRH:3
end_of_record
TN:
SF:components/Breadcrumb.js
FN:9,Breadcrumb
FN:14,(anonymous_1)
FNF:2
FNH:2
FNDA:6,Breadcrumb
FNDA:21,(anonymous_1)
DA:10,6
DA:15,21
DA:40,3
LF:3
LH:3
BRDA:13,0,0,6
BRDA:13,0,1,0
BRDA:17,1,0,21
BRDA:17,1,1,15
BRF:4
BRH:3
end_of_record
TN:
SF:components/Button.js
FN:4,Button
FNF:1
FNH:1
FNDA:15,Button
DA:7,15
DA:9,15
DA:11,15
DA:13,15
DA:15,15
DA:18,15
DA:31,15
DA:108,7
DA:115,7
LF:9
LH:9
BRDA:18,0,0,7
BRDA:18,0,1,8
BRDA:20,1,0,3
BRDA:20,1,1,5
BRDA:22,2,0,2
BRDA:22,2,1,3
BRDA:24,3,0,0
BRDA:24,3,1,3
BRDA:26,4,0,3
BRDA:26,4,1,0
BRDA:31,5,0,15
BRDA:31,5,1,0
BRDA:43,6,0,0
BRDA:43,6,1,15
BRDA:43,7,0,15
BRDA:43,7,1,0
BRDA:56,8,0,0
BRDA:56,8,1,15
BRDA:56,9,0,15
BRDA:56,9,1,0
BRDA:72,10,0,0
BRDA:72,10,1,0
BRDA:82,11,0,0
BRDA:82,11,1,0
BRDA:82,12,0,0
BRDA:82,12,1,0
BRDA:93,13,0,0
BRDA:93,13,1,0
BRDA:93,14,0,0
BRDA:93,14,1,0
BRF:30
BRH:13
end_of_record
TN:
SF:components/Card.js
FN:5,Card
FN:17,(anonymous_1)
FNF:2
FNH:1
FNDA:2,Card
FNDA:0,(anonymous_1)
DA:6,2
DA:8,2
DA:18,0
DA:19,0
DA:38,1
LF:5
LH:3
BRDA:29,0,0,2
BRDA:29,0,1,0
BRF:2
BRH:1
end_of_record
TN:
SF:components/ContextualAlert.js
FN:8,ContextualAlert
FNF:1
FNH:1
FNDA:4,ContextualAlert
DA:17,4
DA:19,4
DA:27,4
DA:35,4
DA:37,4
DA:66,2
LF:6
LH:6
BRDA:19,0,0,0
BRDA:19,0,1,4
BRDA:21,1,0,0
BRDA:21,1,1,4
BRDA:23,2,0,4
BRDA:23,2,1,0
BRDA:27,3,0,0
BRDA:27,3,1,4
BRDA:29,4,0,0
BRDA:29,4,1,4
BRDA:31,5,0,4
BRDA:31,5,1,0
BRDA:35,6,0,0
BRDA:35,6,1,4
BRF:14
BRH:7
end_of_record
TN:
SF:components/ErrorBoundary.js
FN:6,(anonymous_0)
FN:11,(anonymous_1)
FN:15,(anonymous_2)
FN:23,(anonymous_3)
FNF:4
FNH:0
FNDA:0,(anonymous_0)
FNDA:0,(anonymous_1)
FNDA:0,(anonymous_2)
FNDA:0,(anonymous_3)
DA:7,0
DA:8,0
DA:12,0
DA:17,0
DA:18,0
DA:19,0
DA:20,0
DA:24,0
DA:26,0
DA:37,0
LF:10
LH:0
BRDA:24,0,0,0
BRDA:24,0,1,0
BRF:2
BRH:0
end_of_record
TN:
SF:components/ErrorPage.js
FN:7,ErrorPage
FN:41,(anonymous_1)
FNF:2
FNH:2
FNDA:7,ErrorPage
FNDA:7,(anonymous_1)
DA:8,7
DA:9,7
DA:10,7
DA:11,7
DA:12,0
DA:15,7
DA:21,7
DA:28,7
DA:34,7
DA:39,7
DA:42,7
DA:110,9
DA:116,9
LF:13
LH:12
BRDA:10,0,0,5
BRDA:10,0,1,2
BRDA:10,1,0,2
BRDA:10,1,1,0
BRDA:11,2,0,0
BRDA:11,2,1,7
BRDA:15,3,0,3
BRDA:15,3,1,4
BRDA:17,4,0,3
BRDA:17,4,1,1
BRDA:21,5,0,3
BRDA:21,5,1,4
BRDA:23,6,0,3
BRDA:23,6,1,1
BRDA:28,7,0,3
BRDA:28,7,1,4
BRDA:30,8,0,3
BRDA:30,8,1,1
BRDA:34,9,0,3
BRDA:34,9,1,4
BRDA:36,10,0,3
BRDA:36,10,1,1
BRDA:46,11,0,5
BRDA:46,11,1,2
BRDA:49,12,0,5
BRDA:49,12,1,2
BRDA:60,13,0,3
BRDA:60,13,1,4
BRDA:65,14,0,3
BRDA:65,14,1,4
BRDA:67,15,0,1
BRDA:67,15,1,3
BRDA:75,16,0,0
BRDA:75,16,1,7
BRDA:81,17,0,0
BRDA:81,17,1,7
BRDA:85,18,0,0
BRDA:85,18,1,7
BRDA:87,19,0,0
BRDA:87,19,1,7
BRDA:89,20,0,3
BRDA:89,20,1,4
BRF:42
BRH:36
end_of_record
TN:
SF:components/ExitBeta.js
FN:6,ExitBeta
FNF:1
FNH:1
FNDA:2,ExitBeta
DA:7,2
DA:56,2
LF:2
LH:2
BRF:0
BRH:0
end_of_record
TN:
SF:components/Footer.js
FN:10,Footer
FN:69,(anonymous_1)
FNF:2
FNH:2
FNDA:2,Footer
FNDA:3,(anonymous_1)
DA:11,2
DA:13,2
DA:15,2
DA:70,3
DA:127,2
DA:138,2
LF:6
LH:6
BRDA:13,0,0,2
BRDA:13,0,1,0
BRDA:42,1,0,0
BRDA:42,1,1,2
BRDA:45,2,0,0
BRDA:45,2,1,2
BRDA:74,3,0,2
BRDA:74,3,1,1
BRDA:79,4,0,0
BRDA:79,4,1,3
BRDA:105,5,0,0
BRDA:105,5,1,2
BRDA:110,6,0,0
BRDA:110,6,1,2
BRF:14
BRH:8
end_of_record
TN:
SF:components/Header.js
FN:11,Header
FN:101,(anonymous_1)
FN:102,(anonymous_2)
FN:105,(anonymous_3)
FNF:4
FNH:1
FNDA:2,Header
FNDA:0,(anonymous_1)
FNDA:0,(anonymous_2)
FNDA:0,(anonymous_3)
DA:21,2
DA:23,2
DA:97,2
DA:122,2
LF:4
LH:4
BRDA:38,0,0,2
BRDA:38,0,1,0
BRDA:42,1,0,2
BRDA:42,1,1,0
BRDA:44,2,0,2
BRDA:44,2,1,0
BRDA:58,3,0,2
BRDA:58,3,1,0
BRDA:77,4,0,2
BRDA:77,4,1,2
BRDA:87,5,0,2
BRDA:87,5,1,2
BRF:12
BRH:8
end_of_record
TN:
SF:components/Heading.js
FN:3,Heading
FNF:1
FNH:1
FNDA:24,Heading
DA:4,24
DA:6,24
DA:29,11
LF:3
LH:3
BRDA:14,0,0,24
BRDA:14,0,1,2
BRDA:14,0,2,2
BRF:3
BRH:3
end_of_record
TN:
SF:components/Language.js
FN:4,Language
FNF:1
FNH:1
FNDA:7,Language
DA:5,7
DA:50,3
DA:54,3
LF:3
LH:3
BRDA:7,0,0,3
BRDA:7,0,1,4
BRDA:13,1,0,3
BRDA:13,1,1,3
BRDA:14,2,0,2
BRDA:14,2,1,1
BRDA:16,3,0,2
BRDA:16,3,1,1
BRDA:16,4,0,3
BRDA:16,4,1,3
BRDA:20,5,0,2
BRDA:20,5,1,1
BRDA:24,6,0,2
BRDA:24,6,1,1
BRDA:34,7,0,4
BRDA:34,7,1,4
BRDA:35,8,0,2
BRDA:35,8,1,2
BRDA:36,9,0,4
BRDA:36,9,1,4
BRDA:39,10,0,2
BRDA:39,10,1,2
BRDA:43,11,0,2
BRDA:43,11,1,2
BRF:24
BRH:24
end_of_record
TN:
SF:components/Layout.js
FN:12,Layout
FN:24,(anonymous_1)
FN:25,(anonymous_2)
FN:34,(anonymous_3)
FN:35,(anonymous_4)
FN:143,noRefCheck
FN:144,noRefCheck
FNF:7
FNH:0
FNDA:0,Layout
FNDA:0,(anonymous_1)
FNDA:0,(anonymous_2)
FNDA:0,(anonymous_3)
FNDA:0,(anonymous_4)
FNDA:0,noRefCheck
FNDA:0,noRefCheck
DA:13,0
DA:14,0
DA:15,0
DA:17,0
DA:19,0
DA:24,0
DA:25,0
DA:26,0
DA:34,0
DA:35,0
DA:36,0
DA:44,0
DA:188,1
DA:229,1
LF:14
LH:2
BRDA:13,0,0,0
BRDA:13,0,1,0
BRDA:14,1,0,0
BRDA:14,1,1,0
BRDA:17,2,0,0
BRDA:17,2,1,0
BRDA:53,3,0,0
BRDA:53,3,1,0
BRDA:57,4,0,0
BRDA:57,4,1,0
BRDA:58,5,0,0
BRDA:58,5,1,0
BRDA:59,6,0,0
BRDA:59,6,1,0
BRDA:60,7,0,0
BRDA:60,7,1,0
BRDA:61,8,0,0
BRDA:61,8,1,0
BRDA:62,9,0,0
BRDA:62,9,1,0
BRDA:63,10,0,0
BRDA:63,10,1,0
BRDA:64,11,0,0
BRDA:64,11,1,0
BRDA:65,12,0,0
BRDA:65,12,1,0
BRDA:67,13,0,0
BRDA:67,13,1,0
BRDA:68,14,0,0
BRDA:68,14,1,0
BRDA:70,15,0,0
BRDA:70,15,1,0
BRDA:85,16,0,0
BRDA:85,16,1,0
BRDA:104,17,0,0
BRDA:104,17,1,0
BRDA:113,18,0,0
BRDA:113,18,1,0
BRDA:120,19,0,0
BRDA:120,19,1,0
BRDA:130,20,0,0
BRDA:130,20,1,0
BRDA:162,21,0,0
BRDA:162,21,1,0
BRF:44
BRH:0
end_of_record
TN:
SF:components/LoadingSpinner.js
FN:3,(anonymous_0)
FN:23,LoadingSpinner
FNF:2
FNH:2
FNDA:32,(anonymous_0)
FNDA:4,LoadingSpinner
DA:3,3
DA:4,32
DA:24,4
DA:46,3
LF:4
LH:4
BRF:0
BRH:0
end_of_record
TN:
SF:components/Menu.js
FN:8,Menu
FN:19,(anonymous_1)
FN:22,handleClick
FN:28,(anonymous_3)
FN:31,(anonymous_4)
FN:33,handleEsc
FN:39,(anonymous_6)
FN:58,(anonymous_7)
FN:58,(anonymous_8)
FN:111,(anonymous_9)
FN:121,(anonymous_10)
FN:121,(anonymous_11)
FN:158,(anonymous_12)
FNF:13
FNH:8
FNDA:7,Menu
FNDA:7,(anonymous_1)
FNDA:0,handleClick
FNDA:2,(anonymous_3)
FNDA:7,(anonymous_4)
FNDA:0,handleEsc
FNDA:2,(anonymous_6)
FNDA:2,(anonymous_7)
FNDA:2,(anonymous_8)
FNDA:10,(anonymous_9)
FNDA:0,(anonymous_10)
FNDA:0,(anonymous_11)
FNDA:0,(anonymous_12)
DA:14,7
DA:16,7
DA:17,7
DA:19,7
DA:21,7
DA:23,0
DA:24,0
DA:27,2
DA:28,2
DA:31,7
DA:32,7
DA:34,0
DA:35,0
DA:38,2
DA:39,2
DA:42,7
DA:58,2
DA:112,10
DA:121,0
DA:156,3
DA:178,3
LF:21
LH:16
BRDA:21,0,0,5
BRDA:21,0,1,2
BRDA:23,1,0,0
BRDA:23,1,1,0
BRDA:23,2,0,0
BRDA:23,2,1,0
BRDA:32,3,0,5
BRDA:32,3,1,2
BRDA:34,4,0,0
BRDA:34,4,1,0
BRDA:47,5,0,0
BRDA:47,5,1,7
BRDA:81,6,0,0
BRDA:81,6,1,7
BRDA:89,7,0,5
BRDA:89,7,1,2
BRDA:104,8,0,7
BRDA:104,8,1,2
BRDA:110,9,0,2
BRDA:110,9,1,0
BRDA:116,10,0,2
BRDA:116,10,1,8
BRDA:119,11,0,2
BRDA:119,11,1,8
BRDA:127,12,0,10
BRDA:127,12,1,2
BRF:26
BRH:17
end_of_record
TN:
SF:components/MetaData.js
FN:4,MetaData
FNF:1
FNH:1
FNDA:3,MetaData
DA:5,3
DA:7,3
LF:2
LH:2
BRDA:5,0,0,3
BRDA:5,0,1,0
BRDA:36,1,0,3
BRDA:36,1,1,0
BRDA:43,2,0,0
BRDA:43,2,1,3
BRF:6
BRH:3
end_of_record
TN:
SF:components/MostReqTasks.js
FN:6,MostReqTasks
FN:20,(anonymous_1)
FN:34,(anonymous_2)
FNF:3
FNH:0
FNDA:0,MostReqTasks
FNDA:0,(anonymous_1)
FNDA:0,(anonymous_2)
DA:7,0
DA:11,0
DA:21,0
DA:35,0
DA:36,0
DA:37,0
DA:64,1
LF:7
LH:1
BRDA:27,0,0,0
BRDA:27,0,1,0
BRDA:30,1,0,0
BRDA:30,1,1,0
BRDA:35,2,0,0
BRDA:35,2,1,0
BRDA:45,3,0,0
BRDA:45,3,1,0
BRF:8
BRH:0
end_of_record
TN:
SF:components/MultiModal.js
FN:10,MultiModal
FN:26,(anonymous_1)
FN:30,(anonymous_2)
FN:36,(anonymous_3)
FN:44,(anonymous_4)
FN:49,(anonymous_5)
FN:55,(anonymous_6)
FN:57,(anonymous_7)
FNF:8
FNH:0
FNDA:0,MultiModal
FNDA:0,(anonymous_1)
FNDA:0,(anonymous_2)
FNDA:0,(anonymous_3)
FNDA:0,(anonymous_4)
FNDA:0,(anonymous_5)
FNDA:0,(anonymous_6)
FNDA:0,(anonymous_7)
DA:20,0
DA:22,0
DA:23,0
DA:26,0
DA:27,0
DA:30,0
DA:31,0
DA:34,0
DA:37,0
DA:38,0
DA:44,0
DA:45,0
DA:46,0
DA:49,0
DA:50,0
DA:51,0
DA:52,0
DA:55,0
DA:56,0
DA:57,0
DA:58,0
DA:62,0
DA:64,0
DA:77,0
DA:78,0
DA:80,0
DA:93,0
DA:94,0
DA:96,0
DA:108,0
DA:109,0
DA:111,0
DA:114,0
DA:131,1
LF:34
LH:1
BRDA:40,0,0,0
BRDA:40,0,1,0
BRDA:41,1,0,0
BRDA:41,1,1,0
BRDA:62,2,0,0
BRDA:62,2,1,0
BRDA:62,2,2,0
BRDA:62,2,3,0
BRF:8
BRH:0
end_of_record
TN:
SF:components/PageLink.js
FN:5,PageLink
FNF:1
FNH:1
FNDA:7,PageLink
DA:6,7
DA:8,7
DA:43,3
LF:3
LH:3
BRF:0
BRH:0
end_of_record
TN:
SF:components/PhaseBanner.js
FN:12,PhaseBanner
FN:89,(anonymous_1)
FNF:2
FNH:1
FNDA:2,PhaseBanner
FNDA:0,(anonymous_1)
DA:13,2
DA:90,0
DA:91,0
DA:101,2
LF:4
LH:2
BRDA:19,0,0,2
BRDA:19,0,1,0
BRDA:26,1,0,0
BRDA:26,1,1,2
BRDA:28,2,0,0
BRDA:28,2,1,2
BRDA:35,3,0,2
BRDA:35,3,1,0
BRF:8
BRH:4
end_of_record
TN:
SF:components/ProfileTasks.js
FN:6,ProfileTasks
FN:17,(anonymous_1)
FN:25,(anonymous_2)
FNF:3
FNH:2
FNDA:3,ProfileTasks
FNDA:4,(anonymous_1)
FNDA:0,(anonymous_2)
DA:7,3
DA:18,4
DA:26,0
DA:27,0
DA:28,0
DA:55,2
LF:6
LH:3
BRDA:26,0,0,0
BRDA:26,0,1,0
BRDA:35,1,0,1
BRDA:35,1,1,3
BRF:4
BRH:2
end_of_record
TN:
SF:components/TableContents.js
FN:4,TableContents
FN:14,(anonymous_1)
FNF:2
FNH:2
FNDA:4,TableContents
FNDA:5,(anonymous_1)
DA:5,4
DA:6,4
DA:7,4
DA:15,5
DA:40,2
LF:5
LH:5
BRDA:5,0,0,0
BRDA:5,0,1,4
BRDA:11,1,0,4
BRDA:11,1,1,0
BRF:4
BRH:2
end_of_record
TN:
SF:components/TopNav.js
FN:5,TopNav
FNF:1
FNH:1
FNDA:5,TopNav
DA:12,5
DA:14,5
DA:61,3
DA:69,3
LF:4
LH:4
BRDA:24,0,0,2
BRDA:24,0,1,3
BRDA:34,1,0,2
BRDA:34,1,1,3
BRDA:40,2,0,0
BRDA:40,2,1,5
BRDA:47,3,0,0
BRDA:47,3,1,0
BRF:8
BRH:5
end_of_record
TN:
SF:components/ViewMoreLessButton.js
FN:8,ViewMoreLessButton
FNF:1
FNH:1
FNDA:5,ViewMoreLessButton
DA:9,5
DA:42,2
LF:2
LH:2
BRDA:19,0,0,5
BRDA:19,0,1,3
BRDA:23,1,0,1
BRDA:23,1,1,4
BRF:4
BRH:4
end_of_record
TN:
SF:components/contact/ContactProvince.js
FN:4,(anonymous_0)
FN:15,(anonymous_1)
FN:18,(anonymous_2)
FNF:3
FNH:1
FNDA:1,(anonymous_0)
FNDA:0,(anonymous_1)
FNDA:0,(anonymous_2)
DA:4,1
DA:5,1
DA:16,0
DA:19,0
LF:4
LH:2
BRF:0
BRH:0
end_of_record
TN:
SF:components/contact/ContactProvinceRow.js
FN:5,(anonymous_0)
FN:9,(anonymous_1)
FN:14,(anonymous_2)
FNF:3
FNH:0
FNDA:0,(anonymous_0)
FNDA:0,(anonymous_1)
FNDA:0,(anonymous_2)
DA:5,1
DA:6,0
DA:9,1
DA:10,0
DA:15,0
LF:5
LH:2
BRDA:6,0,0,0
BRDA:6,0,1,0
BRDA:10,1,0,0
BRDA:10,1,1,0
BRDA:22,2,0,0
BRDA:22,2,1,0
BRF:6
BRH:0
end_of_record
TN:
SF:components/contact/ContactSection.js
FN:5,ContactSection
FN:24,(anonymous_1)
FNF:2
FNH:1
FNDA:5,ContactSection
FNDA:0,(anonymous_1)
DA:6,5
DA:25,0
LF:2
LH:1
BRF:0
BRH:0
end_of_record
TN:
SF:components/contact/ContactSectionRow.js
FN:6,ContactSectionRow
FN:41,(anonymous_1)
FNF:2
FNH:1
FNDA:2,ContactSectionRow
FNDA:0,(anonymous_1)
DA:7,2
DA:26,2
DA:27,2
DA:42,0
LF:4
LH:3
BRDA:27,0,0,0
BRDA:27,0,1,2
BRDA:27,1,0,2
BRDA:27,1,1,0
BRDA:31,2,0,0
BRDA:31,2,1,0
BRDA:38,3,0,0
BRDA:38,3,1,0
BRDA:42,4,0,0
BRDA:42,4,1,0
BRDA:50,5,0,0
BRDA:50,5,1,0
BRDA:53,6,0,0
BRDA:53,6,1,0
BRDA:72,7,0,0
BRDA:72,7,1,0
BRF:16
BRH:2
end_of_record
TN:
SF:components/sessionModals/CountDown.js
FN:5,(anonymous_0)
FNF:1
FNH:1
FNDA:1,(anonymous_0)
DA:5,2
DA:6,1
LF:2
LH:2
BRDA:42,0,0,0
BRDA:42,0,1,1
BRDA:42,1,0,1
BRDA:42,1,1,1
BRF:4
BRH:3
end_of_record
TN:
SF:pages/404.js
FN:6,Custom404
FNF:1
FNH:1
FNDA:2,Custom404
DA:7,2
LF:1
LH:1
BRDA:9,0,0,2
BRDA:9,0,1,0
BRDA:13,1,0,0
BRDA:13,1,1,2
BRDA:16,2,0,0
BRDA:16,2,1,2
BRF:6
BRH:3
end_of_record
TN:
SF:pages/500.js
FN:6,Custom500
FNF:1
FNH:1
FNDA:2,Custom500
DA:7,2
LF:1
LH:1
BRDA:9,0,0,2
BRDA:9,0,1,0
BRDA:13,1,0,0
BRDA:13,1,1,2
BRDA:16,2,0,0
BRDA:16,2,1,2
BRF:6
BRH:3
end_of_record
TN:
SF:pages/_app.js
FN:10,MyApp
FNF:1
FNH:0
FNDA:0,MyApp
DA:8,0
DA:16,0
DA:17,0
LF:3
LH:0
BRF:0
BRH:0
end_of_record
TN:
SF:pages/_document.js
FN:3,Document
FNF:1
FNH:0
FNDA:0,Document
DA:4,0
LF:1
LH:0
BRF:0
BRH:0
end_of_record
TN:
SF:pages/decision-reviews.js
FN:21,DecisionReviews
FN:28,(anonymous_1)
FN:32,(anonymous_2)
FN:36,(anonymous_3)
FN:43,(anonymous_4)
FN:103,(anonymous_5)
FN:138,(anonymous_6)
FN:151,getServerSideProps
FN:161,(anonymous_8)
FN:165,(anonymous_9)
FN:169,(anonymous_10)
FN:179,(anonymous_11)
FN:185,(anonymous_12)
FN:195,(anonymous_13)
FN:198,(anonymous_14)
FNF:15
FNH:4
FNDA:2,DecisionReviews
FNDA:0,(anonymous_1)
FNDA:2,(anonymous_2)
FNDA:2,(anonymous_3)
FNDA:2,(anonymous_4)
FNDA:0,(anonymous_5)
FNDA:0,(anonymous_6)
FNDA:0,getServerSideProps
FNDA:0,(anonymous_8)
FNDA:0,(anonymous_9)
FNDA:0,(anonymous_10)
FNDA:0,(anonymous_11)
FNDA:0,(anonymous_12)
FNDA:0,(anonymous_13)
FNDA:0,(anonymous_14)
DA:22,2
DA:23,2
DA:24,2
DA:27,2
DA:28,0
DA:31,2
DA:32,2
DA:36,2
DA:37,2
DA:39,2
DA:40,0
DA:43,2
DA:44,2
DA:49,2
DA:54,2
DA:55,0
DA:67,2
DA:104,0
DA:105,0
DA:106,0
DA:139,0
DA:140,0
DA:141,0
DA:152,0
DA:154,0
DA:155,0
DA:158,0
DA:159,0
DA:161,0
DA:162,0
DA:163,0
DA:165,0
DA:166,0
DA:167,0
DA:169,0
DA:170,0
DA:171,0
DA:178,0
DA:180,0
DA:181,0
DA:185,0
DA:186,0
DA:187,0
DA:194,0
DA:196,0
DA:199,0
DA:202,0
DA:223,0
DA:273,1
LF:49
LH:15
BRDA:22,0,0,1
BRDA:22,0,1,1
BRDA:39,1,0,0
BRDA:39,1,1,2
BRDA:49,2,0,2
BRDA:49,2,1,2
BRDA:49,2,2,2
BRDA:49,2,3,2
BRDA:49,2,4,2
BRDA:54,3,0,0
BRDA:54,3,1,2
BRDA:57,4,0,0
BRDA:57,4,1,0
BRDA:61,5,0,0
BRDA:61,5,1,0
BRDA:104,6,0,0
BRDA:104,6,1,0
BRDA:139,7,0,0
BRDA:139,7,1,0
BRDA:154,8,0,0
BRDA:154,8,1,0
BRDA:154,9,0,0
BRDA:154,9,1,0
BRDA:194,10,0,0
BRDA:194,10,1,0
BRDA:228,11,0,0
BRDA:228,11,1,0
BRDA:230,12,0,0
BRDA:230,12,1,0
BRDA:236,13,0,0
BRDA:236,13,1,0
BRDA:238,14,0,0
BRDA:238,14,1,0
BRDA:242,15,0,0
BRDA:242,15,1,0
BRDA:244,16,0,0
BRDA:244,16,1,0
BRDA:248,17,0,0
BRDA:248,17,1,0
BRDA:250,18,0,0
BRDA:250,18,1,0
BRDA:254,19,0,0
BRDA:254,19,1,0
BRDA:256,20,0,0
BRDA:256,20,1,0
BRDA:258,21,0,0
BRDA:258,21,1,0
BRDA:260,22,0,0
BRDA:260,22,1,0
BRDA:264,23,0,0
BRDA:264,23,1,0
BRDA:266,24,0,0
BRDA:266,24,1,0
BRF:53
BRH:9
end_of_record
TN:
SF:pages/index.js
FN:5,Index
FN:80,PageLayout
FN:84,getServerSideProps
FNF:3
FNH:1
FNDA:1,Index
FNDA:0,PageLayout
FNDA:0,getServerSideProps
DA:6,1
DA:80,1
DA:81,0
DA:86,0
DA:107,0
LF:5
LH:2
BRF:0
BRH:0
end_of_record
TN:
SF:pages/maintenance.js
FN:7,Maintenance
FN:48,getServerSideProps
FNF:2
FNH:1
FNDA:2,Maintenance
FNDA:0,getServerSideProps
DA:8,2
DA:9,2
DA:52,0
DA:72,0
DA:82,1
LF:5
LH:3
BRDA:8,0,0,1
BRDA:8,0,1,1
BRDA:34,1,0,1
BRDA:34,1,1,1
BRF:4
BRH:4
end_of_record
TN:
SF:pages/my-dashboard.js
FN:24,MyDashboard
FN:32,(anonymous_1)
FN:36,(anonymous_2)
FN:40,(anonymous_3)
FN:47,(anonymous_4)
FN:83,(anonymous_5)
FN:109,(anonymous_6)
FN:130,getServerSideProps
FN:140,(anonymous_8)
FN:144,(anonymous_9)
FN:148,(anonymous_10)
FN:154,(anonymous_11)
FN:160,(anonymous_12)
FNF:13
FNH:5
FNDA:3,MyDashboard
FNDA:0,(anonymous_1)
FNDA:3,(anonymous_2)
FNDA:3,(anonymous_3)
FNDA:3,(anonymous_4)
FNDA:3,(anonymous_5)
FNDA:0,(anonymous_6)
FNDA:0,getServerSideProps
FNDA:0,(anonymous_8)
FNDA:0,(anonymous_9)
FNDA:0,(anonymous_10)
FNDA:0,(anonymous_11)
FNDA:0,(anonymous_12)
DA:27,3
DA:28,3
DA:31,3
DA:32,0
DA:35,3
DA:36,3
DA:40,3
DA:41,3
DA:43,3
DA:44,0
DA:47,3
DA:48,3
DA:53,3
DA:58,3
DA:59,0
DA:75,3
DA:84,3
DA:85,3
DA:86,3
DA:110,0
DA:131,0
DA:133,0
DA:134,0
DA:137,0
DA:138,0
DA:140,0
DA:141,0
DA:142,0
DA:144,0
DA:145,0
DA:146,0
DA:148,0
DA:149,0
DA:150,0
DA:153,0
DA:155,0
DA:156,0
DA:160,0
DA:161,0
DA:162,0
DA:165,0
DA:166,0
DA:173,0
DA:194,0
DA:243,1
LF:45
LH:17
BRDA:43,0,0,0
BRDA:43,0,1,3
BRDA:53,1,0,3
BRDA:53,1,1,3
BRDA:53,1,2,3
BRDA:53,1,3,3
BRDA:53,1,4,3
BRDA:58,2,0,0
BRDA:58,2,1,3
BRDA:61,3,0,0
BRDA:61,3,1,0
BRDA:65,4,0,0
BRDA:65,4,1,0
BRDA:68,5,0,0
BRDA:68,5,1,0
BRDA:133,6,0,0
BRDA:133,6,1,0
BRDA:133,7,0,0
BRDA:133,7,1,0
BRDA:165,8,0,0
BRDA:165,8,1,0
BRDA:199,9,0,0
BRDA:199,9,1,0
BRDA:201,10,0,0
BRDA:201,10,1,0
BRDA:206,11,0,0
BRDA:206,11,1,0
BRDA:208,12,0,0
BRDA:208,12,1,0
BRDA:212,13,0,0
BRDA:212,13,1,0
BRDA:214,14,0,0
BRDA:214,14,1,0
BRDA:218,15,0,0
BRDA:218,15,1,0
BRDA:220,16,0,0
BRDA:220,16,1,0
BRDA:224,17,0,0
BRDA:224,17,1,0
BRDA:226,18,0,0
BRDA:226,18,1,0
BRDA:228,19,0,0
BRDA:228,19,1,0
BRDA:230,20,0,0
BRDA:230,20,1,0
BRDA:234,21,0,0
BRDA:234,21,1,0
BRDA:236,22,0,0
BRDA:236,22,1,0
BRF:49
BRH:7
end_of_record
TN:
SF:pages/privacy-notice-terms-conditions.js
FN:24,PrivacyCondition
FN:31,(anonymous_1)
FN:35,(anonymous_2)
FN:39,(anonymous_3)
FN:46,(anonymous_4)
FN:204,getServerSideProps
FN:214,(anonymous_6)
FN:218,(anonymous_7)
FN:222,(anonymous_8)
FN:232,(anonymous_9)
FN:238,(anonymous_10)
FN:262,(anonymous_11)
FN:265,(anonymous_12)
FNF:13
FNH:4
FNDA:2,PrivacyCondition
FNDA:0,(anonymous_1)
FNDA:2,(anonymous_2)
FNDA:2,(anonymous_3)
FNDA:2,(anonymous_4)
FNDA:0,getServerSideProps
FNDA:0,(anonymous_6)
FNDA:0,(anonymous_7)
FNDA:0,(anonymous_8)
FNDA:0,(anonymous_9)
FNDA:0,(anonymous_10)
FNDA:0,(anonymous_11)
FNDA:0,(anonymous_12)
DA:25,2
DA:26,2
DA:27,2
DA:30,2
DA:31,0
DA:34,2
DA:35,2
DA:39,2
DA:40,2
DA:42,2
DA:43,0
DA:46,2
DA:47,2
DA:52,2
DA:57,2
DA:58,0
DA:77,2
DA:79,2
DA:85,2
DA:205,0
DA:207,0
DA:208,0
DA:211,0
DA:212,0
DA:214,0
DA:215,0
DA:216,0
DA:218,0
DA:219,0
DA:220,0
DA:222,0
DA:223,0
DA:224,0
DA:231,0
DA:233,0
DA:234,0
DA:238,0
DA:239,0
DA:240,0
DA:261,0
DA:263,0
DA:266,0
DA:269,0
DA:290,0
DA:340,1
LF:45
LH:17
BRDA:25,0,0,1
BRDA:25,0,1,1
BRDA:42,1,0,0
BRDA:42,1,1,2
BRDA:52,2,0,2
BRDA:52,2,1,2
BRDA:52,2,2,2
BRDA:52,2,3,2
BRDA:52,2,4,2
BRDA:57,3,0,0
BRDA:57,3,1,2
BRDA:60,4,0,0
BRDA:60,4,1,0
BRDA:64,5,0,0
BRDA:64,5,1,0
BRDA:69,6,0,0
BRDA:69,6,1,0
BRDA:80,7,0,1
BRDA:80,7,1,1
BRDA:207,8,0,0
BRDA:207,8,1,0
BRDA:207,9,0,0
BRDA:207,9,1,0
BRDA:261,10,0,0
BRDA:261,10,1,0
BRDA:295,11,0,0
BRDA:295,11,1,0
BRDA:297,12,0,0
BRDA:297,12,1,0
BRDA:303,13,0,0
BRDA:303,13,1,0
BRDA:305,14,0,0
BRDA:305,14,1,0
BRDA:309,15,0,0
BRDA:309,15,1,0
BRDA:311,16,0,0
BRDA:311,16,1,0
BRDA:315,17,0,0
BRDA:315,17,1,0
BRDA:317,18,0,0
BRDA:317,18,1,0
BRDA:321,19,0,0
BRDA:321,19,1,0
BRDA:323,20,0,0
BRDA:323,20,1,0
BRDA:325,21,0,0
BRDA:325,21,1,0
BRDA:327,22,0,0
BRDA:327,22,1,0
BRDA:331,23,0,0
BRDA:331,23,1,0
BRDA:333,24,0,0
BRDA:333,24,1,0
BRF:53
BRH:11
end_of_record
TN:
SF:pages/profile.js
FN:23,Profile
FN:31,(anonymous_1)
FN:35,(anonymous_2)
FN:39,(anonymous_3)
FN:46,(anonymous_4)
FN:81,(anonymous_5)
FN:113,getServerSideProps
FN:123,(anonymous_7)
FN:127,(anonymous_8)
FN:131,(anonymous_9)
FN:141,(anonymous_10)
FN:147,(anonymous_11)
FN:159,(anonymous_12)
FN:162,(anonymous_13)
FNF:14
FNH:5
FNDA:2,Profile
FNDA:0,(anonymous_1)
FNDA:2,(anonymous_2)
FNDA:2,(anonymous_3)
FNDA:2,(anonymous_4)
FNDA:2,(anonymous_5)
FNDA:0,getServerSideProps
FNDA:0,(anonymous_7)
FNDA:0,(anonymous_8)
FNDA:0,(anonymous_9)
FNDA:0,(anonymous_10)
FNDA:0,(anonymous_11)
FNDA:0,(anonymous_12)
FNDA:0,(anonymous_13)
DA:26,2
DA:27,2
DA:30,2
DA:31,0
DA:34,2
DA:35,2
DA:39,2
DA:40,2
DA:42,2
DA:43,0
DA:46,2
DA:47,2
DA:52,2
DA:57,2
DA:58,0
DA:77,2
DA:82,2
DA:114,0
DA:116,0
DA:117,0
DA:120,0
DA:121,0
DA:123,0
DA:124,0
DA:125,0
DA:127,0
DA:128,0
DA:129,0
DA:131,0
DA:132,0
DA:133,0
DA:140,0
DA:142,0
DA:143,0
DA:147,0
DA:148,0
DA:149,0
DA:155,0
DA:158,0
DA:160,0
DA:163,0
DA:167,0
DA:188,0
DA:238,1
LF:44
LH:15
BRDA:42,0,0,0
BRDA:42,0,1,2
BRDA:52,1,0,2
BRDA:52,1,1,2
BRDA:52,1,2,2
BRDA:52,1,3,2
BRDA:52,1,4,2
BRDA:57,2,0,0
BRDA:57,2,1,2
BRDA:60,3,0,0
BRDA:60,3,1,0
BRDA:64,4,0,0
BRDA:64,4,1,0
BRDA:69,5,0,0
BRDA:69,5,1,0
BRDA:116,6,0,0
BRDA:116,6,1,0
BRDA:116,7,0,0
BRDA:116,7,1,0
BRDA:155,8,0,0
BRDA:155,8,1,0
BRDA:158,9,0,0
BRDA:158,9,1,0
BRDA:193,10,0,0
BRDA:193,10,1,0
BRDA:195,11,0,0
BRDA:195,11,1,0
BRDA:201,12,0,0
BRDA:201,12,1,0
BRDA:203,13,0,0
BRDA:203,13,1,0
BRDA:207,14,0,0
BRDA:207,14,1,0
BRDA:209,15,0,0
BRDA:209,15,1,0
BRDA:213,16,0,0
BRDA:213,16,1,0
BRDA:215,17,0,0
BRDA:215,17,1,0
BRDA:219,18,0,0
BRDA:219,18,1,0
BRDA:221,19,0,0
BRDA:221,19,1,0
BRDA:223,20,0,0
BRDA:223,20,1,0
BRDA:225,21,0,0
BRDA:225,21,1,0
BRDA:229,22,0,0
BRDA:229,22,1,0
BRDA:231,23,0,0
BRDA:231,23,1,0
BRF:51
BRH:7
end_of_record
TN:
SF:pages/security-settings.js
FN:22,SecuritySettings
FN:29,(anonymous_1)
FN:33,(anonymous_2)
FN:37,(anonymous_3)
FN:44,(anonymous_4)
FN:87,(anonymous_5)
FN:119,getServerSideProps
FN:129,(anonymous_7)
FN:133,(anonymous_8)
FN:137,(anonymous_9)
FN:143,(anonymous_10)
FN:149,(anonymous_11)
FN:172,(anonymous_12)
FN:175,(anonymous_13)
FNF:14
FNH:4
FNDA:3,SecuritySettings
FNDA:0,(anonymous_1)
FNDA:3,(anonymous_2)
FNDA:3,(anonymous_3)
FNDA:3,(anonymous_4)
FNDA:0,(anonymous_5)
FNDA:0,getServerSideProps
FNDA:0,(anonymous_7)
FNDA:0,(anonymous_8)
FNDA:0,(anonymous_9)
FNDA:0,(anonymous_10)
FNDA:0,(anonymous_11)
FNDA:0,(anonymous_12)
FNDA:0,(anonymous_13)
DA:23,3
DA:24,3
DA:25,3
DA:28,3
DA:29,0
DA:32,3
DA:33,3
DA:37,3
DA:38,3
DA:40,3
DA:41,0
DA:44,3
DA:45,3
DA:50,3
DA:55,3
DA:56,0
DA:75,3
DA:88,0
DA:89,0
DA:90,0
DA:120,0
DA:122,0
DA:123,0
DA:126,0
DA:127,0
DA:129,0
DA:130,0
DA:131,0
DA:133,0
DA:134,0
DA:135,0
DA:137,0
DA:138,0
DA:139,0
DA:142,0
DA:144,0
DA:145,0
DA:149,0
DA:150,0
DA:151,0
DA:168,0
DA:171,0
DA:173,0
DA:176,0
DA:180,0
DA:201,0
DA:251,1
LF:47
LH:15
BRDA:23,0,0,2
BRDA:23,0,1,1
BRDA:40,1,0,0
BRDA:40,1,1,3
BRDA:50,2,0,3
BRDA:50,2,1,3
BRDA:50,2,2,3
BRDA:50,2,3,3
BRDA:50,2,4,3
BRDA:55,3,0,0
BRDA:55,3,1,3
BRDA:58,4,0,0
BRDA:58,4,1,0
BRDA:62,5,0,0
BRDA:62,5,1,0
BRDA:67,6,0,0
BRDA:67,6,1,0
BRDA:88,7,0,0
BRDA:88,7,1,0
BRDA:122,8,0,0
BRDA:122,8,1,0
BRDA:122,9,0,0
BRDA:122,9,1,0
BRDA:168,10,0,0
BRDA:168,10,1,0
BRDA:171,11,0,0
BRDA:171,11,1,0
BRDA:206,12,0,0
BRDA:206,12,1,0
BRDA:208,13,0,0
BRDA:208,13,1,0
BRDA:214,14,0,0
BRDA:214,14,1,0
BRDA:216,15,0,0
BRDA:216,15,1,0
BRDA:220,16,0,0
BRDA:220,16,1,0
BRDA:222,17,0,0
BRDA:222,17,1,0
BRDA:226,18,0,0
BRDA:226,18,1,0
BRDA:228,19,0,0
BRDA:228,19,1,0
BRDA:232,20,0,0
BRDA:232,20,1,0
BRDA:234,21,0,0
BRDA:234,21,1,0
BRDA:236,22,0,0
BRDA:236,22,1,0
BRDA:238,23,0,0
BRDA:238,23,1,0
BRDA:242,24,0,0
BRDA:242,24,1,0
BRDA:244,25,0,0
BRDA:244,25,1,0
BRF:55
BRH:9
end_of_record
TN:
SF:pages/api/metrics.js
FNF:0
FNH:0
LF:0
LH:0
BRF:0
BRH:0
end_of_record
TN:
SF:pages/api/refresh-msca.js
FN:19,handler
FNF:1
FNH:0
FNDA:0,handler
DA:13,0
DA:16,0
DA:17,0
DA:20,0
DA:21,0
DA:23,0
DA:25,0
DA:27,0
DA:29,0
DA:30,0
DA:32,0
DA:36,0
DA:37,0
DA:39,0
DA:42,0
DA:43,0
DA:47,0
DA:48,0
LF:18
LH:0
BRDA:25,0,0,0
BRDA:25,0,1,0
BRDA:27,1,0,0
BRDA:27,1,1,0
BRDA:30,2,0,0
BRDA:30,2,1,0
BRDA:36,3,0,0
BRDA:36,3,1,0
BRF:8
BRH:0
end_of_record
TN:
SF:pages/auth/login.js
FN:8,Login
FN:12,(anonymous_1)
FN:17,(anonymous_2)
FN:48,PageLayout
FN:52,getServerSideProps
FNF:5
FNH:2
FNDA:1,Login
FNDA:1,(anonymous_1)
FNDA:0,(anonymous_2)
FNDA:0,PageLayout
FNDA:0,getServerSideProps
DA:9,1
DA:12,1
DA:13,1
DA:14,0
DA:16,0
DA:17,0
DA:18,0
DA:22,0
DA:24,0
DA:33,1
DA:48,1
DA:49,0
DA:54,0
DA:57,0
DA:78,0
LF:15
LH:5
BRDA:13,0,0,1
BRDA:13,0,1,0
BRDA:14,1,0,0
BRDA:14,1,1,0
BRDA:16,2,0,0
BRDA:16,2,1,0
BRDA:18,3,0,0
BRDA:18,3,1,0
BRDA:26,4,0,0
BRDA:26,4,1,0
BRDA:54,5,0,0
BRDA:54,5,1,0
BRDA:82,6,0,0
BRDA:82,6,1,0
BRF:14
BRH:1
end_of_record
TN:
SF:pages/auth/logout.js
FN:10,Logout
FN:12,(anonymous_1)
FN:13,(anonymous_2)
FN:35,PageLayout
FN:39,getServerSideProps
FN:47,(anonymous_5)
FNF:6
FNH:3
FNDA:1,Logout
FNDA:1,(anonymous_1)
FNDA:1,(anonymous_2)
FNDA:0,PageLayout
FNDA:0,getServerSideProps
FNDA:0,(anonymous_5)
DA:12,1
DA:13,1
DA:14,1
DA:15,0
DA:17,1
DA:20,1
DA:35,1
DA:36,0
DA:40,0
DA:43,0
DA:44,0
DA:46,0
DA:48,0
DA:49,0
DA:50,0
DA:55,0
DA:76,0
LF:17
LH:6
BRDA:46,0,0,0
BRDA:46,0,1,0
BRDA:80,1,0,0
BRDA:80,1,1,0
BRF:4
BRH:0
end_of_record
TN:
SF:pages/contact-us/[id].js
FN:24,ContactUsPage
FN:32,(anonymous_1)
FN:36,(anonymous_2)
FN:40,(anonymous_3)
FN:47,(anonymous_4)
FN:93,(anonymous_5)
FN:99,(anonymous_6)
FN:112,getServerSideProps
FN:122,(anonymous_8)
FN:126,(anonymous_9)
FN:136,(anonymous_10)
FN:142,(anonymous_11)
FN:169,(anonymous_12)
FN:191,(anonymous_13)
FN:194,(anonymous_14)
FNF:15
FNH:6
FNDA:3,ContactUsPage
FNDA:0,(anonymous_1)
FNDA:3,(anonymous_2)
FNDA:3,(anonymous_3)
FNDA:3,(anonymous_4)
FNDA:3,(anonymous_5)
FNDA:3,(anonymous_6)
FNDA:0,getServerSideProps
FNDA:0,(anonymous_8)
FNDA:0,(anonymous_9)
FNDA:0,(anonymous_10)
FNDA:0,(anonymous_11)
FNDA:0,(anonymous_12)
FNDA:0,(anonymous_13)
FNDA:0,(anonymous_14)
DA:27,3
DA:28,3
DA:31,3
DA:32,0
DA:35,3
DA:36,3
DA:40,3
DA:41,3
DA:43,3
DA:44,0
DA:47,3
DA:48,3
DA:53,3
DA:58,3
DA:59,0
DA:78,3
DA:94,3
DA:100,3
DA:113,0
DA:115,0
DA:116,0
DA:119,0
DA:120,0
DA:122,0
DA:123,0
DA:124,0
DA:126,0
DA:127,0
DA:128,0
DA:135,0
DA:137,0
DA:138,0
DA:142,0
DA:143,0
DA:144,0
DA:165,0
DA:166,0
DA:169,0
DA:170,0
DA:171,0
DA:175,0
DA:176,0
DA:185,0
DA:190,0
DA:192,0
DA:195,0
DA:199,0
DA:220,0
DA:270,1
LF:49
LH:16
BRDA:43,0,0,0
BRDA:43,0,1,3
BRDA:53,1,0,3
BRDA:53,1,1,3
BRDA:53,1,2,3
BRDA:53,1,3,3
BRDA:53,1,4,3
BRDA:58,2,0,0
BRDA:58,2,1,3
BRDA:61,3,0,0
BRDA:61,3,1,0
BRDA:65,4,0,0
BRDA:65,4,1,0
BRDA:70,5,0,0
BRDA:70,5,1,0
BRDA:88,6,0,3
BRDA:88,6,1,3
BRDA:101,7,0,0
BRDA:101,7,1,3
BRDA:115,8,0,0
BRDA:115,8,1,0
BRDA:115,9,0,0
BRDA:115,9,1,0
BRDA:165,10,0,0
BRDA:165,10,1,0
BRDA:175,11,0,0
BRDA:175,11,1,0
BRDA:185,12,0,0
BRDA:185,12,1,0
BRDA:190,13,0,0
BRDA:190,13,1,0
BRDA:225,14,0,0
BRDA:225,14,1,0
BRDA:227,15,0,0
BRDA:227,15,1,0
BRDA:233,16,0,0
BRDA:233,16,1,0
BRDA:235,17,0,0
BRDA:235,17,1,0
BRDA:239,18,0,0
BRDA:239,18,1,0
BRDA:241,19,0,0
BRDA:241,19,1,0
BRDA:245,20,0,0
BRDA:245,20,1,0
BRDA:247,21,0,0
BRDA:247,21,1,0
BRDA:251,22,0,0
BRDA:251,22,1,0
BRDA:253,23,0,0
BRDA:253,23,1,0
BRDA:255,24,0,0
BRDA:255,24,1,0
BRDA:257,25,0,0
BRDA:257,25,1,0
BRDA:261,26,0,0
BRDA:261,26,1,0
BRDA:263,27,0,0
BRDA:263,27,1,0
BRF:59
BRH:10
end_of_record
TN:
SF:pages/contact-us/index.js
FN:20,ContactLanding
FN:27,(anonymous_1)
FN:31,(anonymous_2)
FN:35,(anonymous_3)
FN:41,(anonymous_4)
FN:79,(anonymous_5)
FN:103,getServerSideProps
FN:113,(anonymous_7)
FN:117,(anonymous_8)
FN:121,(anonymous_9)
FN:131,(anonymous_10)
FN:137,(anonymous_11)
FN:160,(anonymous_12)
FN:163,(anonymous_13)
FNF:14
FNH:0
FNDA:0,ContactLanding
FNDA:0,(anonymous_1)
FNDA:0,(anonymous_2)
FNDA:0,(anonymous_3)
FNDA:0,(anonymous_4)
FNDA:0,(anonymous_5)
FNDA:0,getServerSideProps
FNDA:0,(anonymous_7)
FNDA:0,(anonymous_8)
FNDA:0,(anonymous_9)
FNDA:0,(anonymous_10)
FNDA:0,(anonymous_11)
FNDA:0,(anonymous_12)
FNDA:0,(anonymous_13)
DA:21,0
DA:22,0
DA:23,0
DA:26,0
DA:27,0
DA:30,0
DA:31,0
DA:35,0
DA:36,0
DA:37,0
DA:38,0
DA:41,0
DA:42,0
DA:47,0
DA:52,0
DA:53,0
DA:72,0
DA:80,0
DA:104,0
DA:106,0
DA:107,0
DA:110,0
DA:111,0
DA:113,0
DA:114,0
DA:115,0
DA:117,0
DA:118,0
DA:119,0
DA:121,0
DA:122,0
DA:123,0
DA:130,0
DA:132,0
DA:133,0
DA:137,0
DA:138,0
DA:139,0
DA:156,0
DA:159,0
DA:161,0
DA:164,0
DA:168,0
DA:189,0
DA:239,0
LF:45
LH:0
BRDA:21,0,0,0
BRDA:21,0,1,0
BRDA:37,1,0,0
BRDA:37,1,1,0
BRDA:47,2,0,0
BRDA:47,2,1,0
BRDA:47,2,2,0
BRDA:47,2,3,0
BRDA:47,2,4,0
BRDA:52,3,0,0
BRDA:52,3,1,0
BRDA:55,4,0,0
BRDA:55,4,1,0
BRDA:59,5,0,0
BRDA:59,5,1,0
BRDA:64,6,0,0
BRDA:64,6,1,0
BRDA:106,7,0,0
BRDA:106,7,1,0
BRDA:106,8,0,0
BRDA:106,8,1,0
BRDA:156,9,0,0
BRDA:156,9,1,0
BRDA:159,10,0,0
BRDA:159,10,1,0
BRDA:194,11,0,0
BRDA:194,11,1,0
BRDA:196,12,0,0
BRDA:196,12,1,0
BRDA:202,13,0,0
BRDA:202,13,1,0
BRDA:204,14,0,0
BRDA:204,14,1,0
BRDA:208,15,0,0
BRDA:208,15,1,0
BRDA:210,16,0,0
BRDA:210,16,1,0
BRDA:214,17,0,0
BRDA:214,17,1,0
BRDA:216,18,0,0
BRDA:216,18,1,0
BRDA:220,19,0,0
BRDA:220,19,1,0
BRDA:222,20,0,0
BRDA:222,20,1,0
BRDA:224,21,0,0
BRDA:224,21,1,0
BRDA:226,22,0,0
BRDA:226,22,1,0
BRDA:230,23,0,0
BRDA:230,23,1,0
BRDA:232,24,0,0
BRDA:232,24,1,0
BRF:53
BRH:0
end_of_record
