TN:
SF:components/BackToButton.js
FN:4,BackToButton
FNF:1
FNH:1
FNDA:3,BackToButton
DA:5,3
DA:21,2
LF:2
LH:2
BRF:0
BRH:0
end_of_record
TN:
SF:components/BenefitTasks.js
FN:6,BenefitTasks
FN:26,(anonymous_1)
FN:40,(anonymous_2)
FNF:3
FNH:0
FNDA:0,BenefitTasks
FNDA:0,(anonymous_1)
FNDA:0,(anonymous_2)
DA:7,0
DA:17,0
DA:27,0
DA:42,0
DA:46,0
DA:47,0
DA:76,1
LF:7
LH:1
BRDA:36,0,0,0
BRDA:36,0,1,0
BRDA:42,1,0,0
BRDA:42,1,1,0
BRDA:43,2,0,0
BRDA:43,2,1,0
BRDA:54,3,0,0
BRDA:54,3,1,0
BRF:8
BRH:0
end_of_record
TN:
SF:components/Card.js
FN:5,Card
FN:17,(anonymous_1)
FNF:2
FNH:1
FNDA:2,Card
FNDA:0,(anonymous_1)
DA:6,2
DA:8,2
DA:18,0
DA:19,0
DA:35,1
LF:5
LH:3
BRDA:26,0,0,2
BRDA:26,0,1,0
BRF:2
BRH:1
end_of_record
TN:
SF:components/DateModified.js
FN:6,DateModified
FNF:1
FNH:1
FNDA:2,DateModified
DA:7,2
DA:15,1
DA:20,1
LF:3
LH:3
BRF:0
BRH:0
end_of_record
TN:
SF:components/ExitBetaModal.js
FN:6,ExitBetaModal
FNF:1
FNH:1
FNDA:2,ExitBetaModal
DA:7,2
DA:56,6
LF:2
LH:2
BRF:0
BRH:0
end_of_record
TN:
SF:components/Layout.js
FN:15,Layout
FN:22,(anonymous_1)
FN:64,(anonymous_2)
FN:99,noRefCheck
FN:100,noRefCheck
FNF:5
FNH:2
FNDA:3,Layout
FNDA:3,(anonymous_1)
FNDA:0,(anonymous_2)
FNDA:0,noRefCheck
FNDA:0,noRefCheck
DA:16,3
DA:17,3
DA:18,3
DA:20,3
DA:22,3
DA:23,3
DA:26,3
DA:65,0
DA:140,2
DA:144,2
LF:10
LH:9
BRDA:16,0,0,3
BRDA:16,0,1,0
BRDA:17,1,0,3
BRDA:17,1,1,0
BRDA:20,2,0,3
BRDA:20,2,1,0
BRDA:29,3,0,3
BRDA:29,3,1,0
BRDA:33,4,0,0
BRDA:33,4,1,0
BRDA:34,5,0,0
BRDA:34,5,1,0
BRDA:35,6,0,0
BRDA:35,6,1,0
BRDA:36,7,0,0
BRDA:36,7,1,0
BRDA:37,8,0,0
BRDA:37,8,1,0
BRDA:38,9,0,0
BRDA:38,9,1,0
BRDA:40,10,0,0
BRDA:40,10,1,0
BRDA:43,11,0,0
BRDA:43,11,1,0
BRDA:44,12,0,0
BRDA:44,12,1,0
BRDA:54,13,0,0
BRDA:54,13,1,3
BRDA:72,14,0,3
BRDA:72,14,1,0
BRDA:81,15,0,3
BRDA:81,15,1,0
BRDA:89,16,0,3
BRDA:89,16,1,0
BRDA:104,17,0,0
BRDA:104,17,1,3
BRDA:113,18,0,0
BRDA:113,18,1,3
BRF:38
BRH:10
end_of_record
TN:
SF:components/MetaData.js
FN:4,MetaData
FNF:1
FNH:1
FNDA:5,MetaData
DA:5,5
DA:7,5
LF:2
LH:2
BRDA:5,0,0,5
BRDA:5,0,1,0
BRDA:20,1,0,5
BRDA:20,1,1,0
BRF:4
BRH:2
end_of_record
TN:
SF:components/MostReqTasks.js
FN:6,MostReqTasks
FN:16,(anonymous_1)
FN:21,(anonymous_2)
FNF:3
FNH:0
FNDA:0,MostReqTasks
FNDA:0,(anonymous_1)
FNDA:0,(anonymous_2)
DA:7,0
DA:17,0
DA:22,0
DA:23,0
DA:24,0
DA:53,1
LF:6
LH:1
BRDA:22,0,0,0
BRDA:22,0,1,0
BRDA:31,1,0,0
BRDA:31,1,1,0
BRF:4
BRH:0
end_of_record
TN:
SF:components/PageLink.js
FN:5,PageLink
FNF:1
FNH:1
FNDA:3,PageLink
DA:6,3
DA:7,3
DA:9,3
DA:42,2
LF:4
LH:4
BRF:0
BRH:0
end_of_record
TN:
SF:components/PhaseBanner.js
FN:13,PhaseBanner
FN:19,openModal
FN:23,closeModal
FN:65,(anonymous_3)
FNF:4
FNH:1
FNDA:3,PhaseBanner
FNDA:0,openModal
FNDA:0,closeModal
FNDA:0,(anonymous_3)
DA:14,3
DA:20,0
DA:24,0
DA:27,2
DA:66,0
DA:67,0
DA:93,3
LF:7
LH:3
BRDA:39,0,0,2
BRDA:39,0,1,0
BRDA:45,1,0,0
BRDA:45,1,1,2
BRDA:47,2,0,0
BRDA:47,2,1,2
BRDA:51,3,0,2
BRDA:51,3,1,0
BRF:8
BRH:4
end_of_record
TN:
SF:components/ProfileTasks.js
FN:6,ProfileTasks
FN:14,(anonymous_1)
FN:21,(anonymous_2)
FNF:3
FNH:2
FNDA:4,ProfileTasks
FNDA:3,(anonymous_1)
FNDA:0,(anonymous_2)
DA:7,4
DA:15,3
DA:22,0
DA:23,0
DA:24,0
DA:53,2
LF:6
LH:3
BRDA:22,0,0,0
BRDA:22,0,1,0
BRDA:30,1,0,1
BRDA:30,1,1,2
BRF:4
BRH:2
end_of_record
TN:
SF:components/ViewMoreLessButton.js
FN:5,ViewMoreLessButton
FNF:1
FNH:1
FNDA:5,ViewMoreLessButton
DA:6,5
DA:36,2
LF:2
LH:2
BRDA:16,0,0,5
BRDA:16,0,1,3
BRDA:19,1,0,1
BRDA:19,1,1,4
BRF:4
BRH:4
end_of_record
TN:
SF:components/contact/ContactProvince.js
FN:4,(anonymous_0)
FN:11,(anonymous_1)
FNF:2
FNH:1
FNDA:1,(anonymous_0)
FNDA:0,(anonymous_1)
DA:4,1
DA:5,1
DA:12,0
LF:3
LH:2
BRF:0
BRH:0
end_of_record
TN:
SF:components/contact/ContactProvinceRow.js
FN:5,(anonymous_0)
FN:9,(anonymous_1)
FN:17,(anonymous_2)
FNF:3
FNH:0
FNDA:0,(anonymous_0)
FNDA:0,(anonymous_1)
FNDA:0,(anonymous_2)
DA:5,1
DA:6,0
DA:9,1
DA:10,0
DA:18,0
LF:5
LH:2
BRDA:6,0,0,0
BRDA:6,0,1,0
BRDA:10,1,0,0
BRDA:10,1,1,0
BRDA:22,2,0,0
BRDA:22,2,1,0
BRF:6
BRH:0
end_of_record
TN:
SF:components/contact/ContactSection.js
FN:4,ContactSection
FN:23,(anonymous_1)
FNF:2
FNH:1
FNDA:10,ContactSection
FNDA:0,(anonymous_1)
DA:5,10
DA:24,0
LF:2
LH:1
BRF:0
BRH:0
end_of_record
TN:
SF:components/contact/ContactSectionRow.js
FN:8,ContactSectionRow
FN:20,routeToPage
FNF:2
FNH:1
FNDA:1,ContactSectionRow
FNDA:0,routeToPage
DA:18,1
DA:19,1
DA:21,0
DA:22,0
DA:24,1
LF:5
LH:3
BRDA:24,0,0,0
BRDA:24,0,1,1
BRDA:24,1,0,1
BRDA:24,1,1,0
BRDA:28,2,0,0
BRDA:28,2,1,0
BRDA:35,3,0,0
BRDA:35,3,1,0
BRDA:38,4,0,0
BRDA:38,4,1,0
BRDA:47,5,0,0
BRDA:47,5,1,0
BRF:12
BRH:2
end_of_record
TN:
SF:components/sessionModals/CountDown.js
FN:7,(anonymous_0)
FN:17,(anonymous_1)
FN:20,(anonymous_2)
FN:32,(anonymous_3)
FN:33,(anonymous_4)
FN:35,(anonymous_5)
FNF:6
FNH:3
FNDA:1,(anonymous_0)
FNDA:0,(anonymous_1)
FNDA:0,(anonymous_2)
FNDA:1,(anonymous_3)
FNDA:0,(anonymous_4)
FNDA:1,(anonymous_5)
DA:7,2
DA:8,1
DA:15,1
DA:17,1
DA:18,0
DA:20,0
DA:21,0
DA:32,1
DA:33,1
DA:35,1
DA:38,1
LF:11
LH:8
BRDA:73,0,0,1
BRDA:73,0,1,0
BRF:2
BRH:1
end_of_record
TN:
SF:components/sessionModals/SignedOut.js
FN:7,(anonymous_0)
FNF:1
FNH:1
FNDA:1,(anonymous_0)
DA:7,2
DA:8,1
LF:2
LH:2
BRF:0
BRH:0
end_of_record
TN:
SF:components/skeletons/ContactIntro.js
FN:1,(anonymous_0)
FNF:1
FNH:0
FNDA:0,(anonymous_0)
DA:1,0
DA:2,0
LF:2
LH:0
BRF:0
BRH:0
end_of_record
TN:
SF:components/skeletons/ContactRows.js
FN:1,(anonymous_0)
FNF:1
FNH:0
FNDA:0,(anonymous_0)
DA:1,0
DA:2,0
DA:3,0
DA:4,0
DA:30,0
LF:5
LH:0
BRF:0
BRH:0
end_of_record
TN:
SF:components/skeletons/Dashboard.js
FN:1,(anonymous_0)
FNF:1
FNH:1
FNDA:1,(anonymous_0)
DA:1,1
DA:2,1
DA:3,1
DA:4,1
DA:32,1
LF:5
LH:5
BRF:0
BRH:0
end_of_record
TN:
SF:components/skeletons/LinkList.js
FN:1,(anonymous_0)
FNF:1
FNH:0
FNDA:0,(anonymous_0)
DA:1,0
DA:2,0
DA:3,0
DA:4,0
DA:19,0
LF:5
LH:0
BRF:0
BRH:0
end_of_record
TN:
SF:components/skeletons/ProvinceRows.js
FN:1,(anonymous_0)
FNF:1
FNH:0
FNDA:0,(anonymous_0)
DA:1,0
DA:2,0
DA:3,0
DA:4,0
DA:15,0
LF:5
LH:0
BRF:0
BRH:0
end_of_record
TN:
SF:components/skeletons/SettingsBlocks.js
FN:1,(anonymous_0)
FNF:1
FNH:0
FNDA:0,(anonymous_0)
DA:1,0
DA:2,0
LF:2
LH:0
BRF:0
BRH:0
end_of_record
TN:
SF:pages/_app.js
FN:7,MyApp
FNF:1
FNH:1
FNDA:1,MyApp
DA:5,1
DA:13,0
LF:2
LH:1
BRF:0
BRH:0
end_of_record
TN:
SF:pages/_error.js
FN:5,CustomError
FNF:1
FNH:1
FNDA:2,CustomError
DA:6,2
LF:1
LH:1
BRDA:11,0,0,1
BRDA:11,0,1,1
BRDA:39,1,0,1
BRDA:39,1,1,1
BRF:4
BRH:4
end_of_record
TN:
SF:pages/contact-us.js
FN:10,ContactLanding
FN:19,(anonymous_1)
FN:37,getServerSideProps
FN:38,(anonymous_3)
FN:43,(anonymous_4)
FN:48,(anonymous_5)
FN:72,(anonymous_6)
FN:75,(anonymous_7)
FNF:8
FNH:0
FNDA:0,ContactLanding
FNDA:0,(anonymous_1)
FNDA:0,getServerSideProps
FNDA:0,(anonymous_3)
FNDA:0,(anonymous_4)
FNDA:0,(anonymous_5)
FNDA:0,(anonymous_6)
FNDA:0,(anonymous_7)
DA:11,0
DA:13,0
DA:20,0
DA:38,0
DA:39,0
DA:41,0
DA:43,0
DA:44,0
DA:46,0
DA:48,0
DA:49,0
DA:51,0
DA:68,0
DA:71,0
DA:73,0
DA:76,0
DA:80,0
DA:101,0
DA:114,0
LF:19
LH:0
BRDA:11,0,0,0
BRDA:11,0,1,0
BRDA:68,1,0,0
BRDA:68,1,1,0
BRDA:71,2,0,0
BRDA:71,2,1,0
BRDA:105,3,0,0
BRDA:105,3,1,0
BRDA:108,4,0,0
BRDA:108,4,1,0
BRDA:109,5,0,0
BRDA:109,5,1,0
BRF:12
BRH:0
end_of_record
TN:
SF:pages/index.js
FN:7,Index
FN:85,PageLayout
FN:89,getServerSideProps
FN:90,(anonymous_3)
FN:95,(anonymous_4)
FNF:5
FNH:3
FNDA:2,Index
FNDA:1,PageLayout
FNDA:1,getServerSideProps
FNDA:0,(anonymous_3)
FNDA:0,(anonymous_4)
DA:8,2
DA:85,2
DA:86,1
DA:90,1
DA:91,0
DA:93,0
DA:95,1
DA:96,0
DA:98,0
DA:102,1
DA:123,1
LF:11
LH:7
BRF:0
BRH:0
end_of_record
TN:
SF:pages/my-dashboard.js
FN:23,MyDashboard
FN:40,demoContent
FN:44,closeDemoModal
FN:48,openModal
FN:52,closeModal
FN:56,(anonymous_5)
FN:57,(anonymous_6)
FN:63,(anonymous_7)
FN:70,(anonymous_8)
FN:71,(anonymous_9)
FN:72,(anonymous_10)
FN:85,(anonymous_11)
FN:92,(anonymous_12)
FN:114,(anonymous_13)
FN:159,getServerSideProps
FN:161,(anonymous_15)
FN:166,(anonymous_16)
FN:171,(anonymous_17)
FN:182,(anonymous_18)
FN:189,(anonymous_19)
FNF:20
FNH:5
FNDA:2,MyDashboard
FNDA:0,demoContent
FNDA:0,closeDemoModal
FNDA:0,openModal
FNDA:0,closeModal
FNDA:2,(anonymous_5)
FNDA:0,(anonymous_6)
FNDA:0,(anonymous_7)
FNDA:0,(anonymous_8)
FNDA:0,(anonymous_9)
FNDA:0,(anonymous_10)
FNDA:2,(anonymous_11)
FNDA:2,(anonymous_12)
FNDA:0,(anonymous_13)
FNDA:1,getServerSideProps
FNDA:0,(anonymous_15)
FNDA:0,(anonymous_16)
FNDA:0,(anonymous_17)
FNDA:0,(anonymous_18)
FNDA:0,(anonymous_19)
DA:27,2
DA:31,2
DA:32,2
DA:38,2
DA:41,0
DA:45,0
DA:49,0
DA:53,0
DA:56,2
DA:57,2
DA:58,0
DA:59,0
DA:63,0
DA:70,0
DA:72,0
DA:73,0
DA:75,0
DA:83,0
DA:85,2
DA:88,2
DA:93,2
DA:94,2
DA:95,2
DA:115,0
DA:160,1
DA:161,1
DA:162,0
DA:163,0
DA:164,0
DA:166,1
DA:167,0
DA:169,0
DA:171,1
DA:172,0
DA:174,0
DA:181,1
DA:183,0
DA:185,0
DA:189,1
DA:190,0
DA:192,0
DA:200,1
DA:221,1
DA:242,1
LF:44
LH:20
BRDA:58,0,0,0
BRDA:58,0,1,0
BRDA:58,1,0,0
BRDA:58,1,1,0
BRDA:60,2,0,0
BRDA:60,2,1,0
BRDA:149,3,0,2
BRDA:149,3,1,0
BRDA:160,4,0,0
BRDA:160,4,1,1
BRDA:160,5,0,1
BRDA:160,5,1,0
BRDA:225,6,0,1
BRDA:225,6,1,0
BRDA:227,7,0,1
BRDA:227,7,1,0
BRDA:228,8,0,1
BRDA:228,8,1,0
BRDA:229,9,0,1
BRDA:229,9,1,0
BRDA:231,10,0,1
BRDA:231,10,1,0
BRDA:235,11,0,1
BRDA:235,11,1,0
BRF:24
BRH:9
end_of_record
TN:
SF:pages/profile.js
FN:16,Profile
FN:25,openModal
FN:29,closeModal
FN:36,(anonymous_3)
FN:80,getServerSideProps
FN:81,(anonymous_5)
FN:86,(anonymous_6)
FN:91,(anonymous_7)
FN:102,(anonymous_8)
FN:116,(anonymous_9)
FN:119,(anonymous_10)
FNF:11
FNH:2
FNDA:2,Profile
FNDA:0,openModal
FNDA:0,closeModal
FNDA:1,(anonymous_3)
FNDA:0,getServerSideProps
FNDA:0,(anonymous_5)
FNDA:0,(anonymous_6)
FNDA:0,(anonymous_7)
FNDA:0,(anonymous_8)
FNDA:0,(anonymous_9)
FNDA:0,(anonymous_10)
DA:20,1
DA:26,0
DA:30,0
DA:32,1
DA:37,1
DA:81,0
DA:82,0
DA:84,0
DA:86,0
DA:87,0
DA:89,0
DA:91,0
DA:92,0
DA:94,0
DA:101,0
DA:103,0
DA:105,0
DA:112,0
DA:115,0
DA:117,0
DA:120,0
DA:124,0
DA:145,0
DA:159,1
LF:24
LH:4
BRDA:112,0,0,0
BRDA:112,0,1,0
BRDA:115,1,0,0
BRDA:115,1,1,0
BRDA:149,2,0,0
BRDA:149,2,1,0
BRDA:152,3,0,0
BRDA:152,3,1,0
BRDA:153,4,0,0
BRDA:153,4,1,0
BRDA:154,5,0,0
BRDA:154,5,1,0
BRF:12
BRH:0
end_of_record
TN:
SF:pages/security-settings.js
FN:11,SecuritySettings
FN:52,getServerSideProps
FN:53,(anonymous_2)
FN:58,(anonymous_3)
FN:63,(anonymous_4)
FN:88,(anonymous_5)
FN:91,(anonymous_6)
FNF:7
FNH:0
FNDA:0,SecuritySettings
FNDA:0,getServerSideProps
FNDA:0,(anonymous_2)
FNDA:0,(anonymous_3)
FNDA:0,(anonymous_4)
FNDA:0,(anonymous_5)
FNDA:0,(anonymous_6)
DA:12,0
DA:14,0
DA:53,0
DA:54,0
DA:56,0
DA:58,0
DA:59,0
DA:61,0
DA:63,0
DA:64,0
DA:66,0
DA:84,0
DA:87,0
DA:89,0
DA:92,0
DA:96,0
DA:117,0
DA:130,0
LF:18
LH:0
BRDA:12,0,0,0
BRDA:12,0,1,0
BRDA:84,1,0,0
BRDA:84,1,1,0
BRDA:87,2,0,0
BRDA:87,2,1,0
BRDA:121,3,0,0
BRDA:121,3,1,0
BRDA:124,4,0,0
BRDA:124,4,1,0
BRDA:125,5,0,0
BRDA:125,5,1,0
BRF:12
BRH:0
end_of_record
TN:
SF:pages/signedout.js
FN:12,(anonymous_0)
FN:16,(anonymous_1)
FN:51,PageLayout
FNF:3
FNH:2
FNDA:1,(anonymous_0)
FNDA:1,(anonymous_1)
FNDA:0,PageLayout
DA:5,1
DA:12,1
DA:13,1
DA:16,1
DA:17,1
DA:18,0
DA:19,0
DA:22,1
DA:51,1
DA:52,0
LF:10
LH:7
BRDA:17,0,0,1
BRDA:17,0,1,0
BRDA:18,1,0,0
BRDA:18,1,1,0
BRF:4
BRH:1
end_of_record
TN:
SF:pages/api/metrics.js
FNF:0
FNH:0
LF:0
LH:0
BRF:0
BRH:0
end_of_record
TN:
SF:pages/api/auth/[...nextauth].js
FN:35,(anonymous_0)
FN:48,(anonymous_1)
FN:51,(anonymous_2)
FN:61,(anonymous_3)
FN:65,(anonymous_4)
FN:68,(anonymous_5)
FNF:6
FNH:0
FNDA:0,(anonymous_0)
FNDA:0,(anonymous_1)
FNDA:0,(anonymous_2)
FNDA:0,(anonymous_3)
FNDA:0,(anonymous_4)
FNDA:0,(anonymous_5)
DA:36,0
DA:49,0
DA:53,0
DA:55,0
DA:57,0
DA:62,0
DA:63,0
DA:66,0
DA:69,0
DA:70,0
LF:10
LH:0
BRDA:53,0,0,0
BRDA:53,0,1,0
BRDA:55,1,0,0
BRDA:55,1,1,0
BRF:4
BRH:0
end_of_record
TN:
SF:pages/beta/documents.js
FN:5,Docs
FN:39,PageLayout
FN:43,getStaticProps
FNF:3
FNH:0
FNDA:0,Docs
FNDA:0,PageLayout
FNDA:0,getStaticProps
DA:6,0
DA:8,0
DA:39,0
DA:40,0
DA:45,0
DA:66,0
LF:6
LH:0
BRDA:6,0,0,0
BRDA:6,0,1,0
BRDA:15,1,0,0
BRDA:15,1,1,0
BRDA:23,2,0,0
BRDA:23,2,1,0
BRF:6
BRH:0
end_of_record
TN:
SF:pages/beta/msca-homepage.js
FN:12,MscaHomepage
FN:48,(anonymous_1)
FN:84,PageLayout
FN:88,getServerSideProps
FNF:4
FNH:0
FNDA:0,MscaHomepage
FNDA:0,(anonymous_1)
FNDA:0,PageLayout
FNDA:0,getServerSideProps
DA:13,0
DA:15,0
DA:49,0
DA:84,0
DA:85,0
DA:90,0
DA:111,0
LF:7
LH:0
BRDA:13,0,0,0
BRDA:13,0,1,0
BRDA:50,1,0,0
BRDA:50,1,1,0
BRDA:60,2,0,0
BRDA:60,2,1,0
BRDA:68,3,0,0
BRDA:68,3,1,0
BRF:8
BRH:0
end_of_record
TN:
SF:pages/beta/updates.js
FN:5,Updates
FN:39,PageLayout
FN:43,getStaticProps
FNF:3
FNH:0
FNDA:0,Updates
FNDA:0,PageLayout
FNDA:0,getStaticProps
DA:6,0
DA:8,0
DA:39,0
DA:40,0
DA:45,0
DA:66,0
LF:6
LH:0
BRDA:6,0,0,0
BRDA:6,0,1,0
BRDA:15,1,0,0
BRDA:15,1,1,0
BRDA:23,2,0,0
BRDA:23,2,1,0
BRF:6
BRH:0
end_of_record
TN:
SF:pages/contact-us/contact-canada-pension-plan.js
FN:15,ContactCanadaPensionPlan
FN:39,(anonymous_1)
FN:44,(anonymous_2)
FN:61,getServerSideProps
FN:62,(anonymous_4)
FN:67,(anonymous_5)
FN:92,(anonymous_6)
FN:100,(anonymous_7)
FN:103,(anonymous_8)
FNF:9
FNH:4
FNDA:3,ContactCanadaPensionPlan
FNDA:3,(anonymous_1)
FNDA:3,(anonymous_2)
FNDA:1,getServerSideProps
FNDA:0,(anonymous_4)
FNDA:0,(anonymous_5)
FNDA:0,(anonymous_6)
FNDA:0,(anonymous_7)
FNDA:0,(anonymous_8)
DA:19,3
DA:24,3
DA:40,3
DA:45,3
DA:62,1
DA:63,0
DA:65,0
DA:67,1
DA:68,0
DA:70,0
DA:90,1
DA:92,1
DA:93,0
DA:95,0
DA:99,1
DA:101,0
DA:104,0
DA:119,1
DA:140,1
DA:153,1
LF:20
LH:12
BRDA:34,0,0,3
BRDA:34,0,1,3
BRDA:46,1,0,0
BRDA:46,1,1,3
BRDA:90,2,0,1
BRDA:90,2,1,0
BRDA:99,3,0,1
BRDA:99,3,1,0
BRDA:146,4,0,1
BRDA:146,4,1,0
BRDA:147,5,0,1
BRDA:147,5,1,0
BRDA:148,6,0,1
BRDA:148,6,1,0
BRF:14
BRH:8
end_of_record
TN:
SF:pages/contact-us/contact-employment-insurance.js
FN:15,ContactEmploymentInsurance
FN:40,(anonymous_1)
FN:45,(anonymous_2)
FN:58,getServerSideProps
FN:59,(anonymous_4)
FN:64,(anonymous_5)
FN:90,(anonymous_6)
FN:99,(anonymous_7)
FN:102,(anonymous_8)
FNF:9
FNH:4
FNDA:3,ContactEmploymentInsurance
FNDA:3,(anonymous_1)
FNDA:3,(anonymous_2)
FNDA:1,getServerSideProps
FNDA:0,(anonymous_4)
FNDA:0,(anonymous_5)
FNDA:0,(anonymous_6)
FNDA:0,(anonymous_7)
FNDA:0,(anonymous_8)
DA:19,3
DA:24,3
DA:41,3
DA:46,3
DA:59,1
DA:60,0
DA:62,0
DA:64,1
DA:65,0
DA:67,0
DA:87,1
DA:89,1
DA:91,0
DA:93,0
DA:98,1
DA:100,0
DA:103,0
DA:118,1
DA:139,1
DA:152,1
LF:20
LH:12
BRDA:34,0,0,3
BRDA:34,0,1,3
BRDA:47,1,0,0
BRDA:47,1,1,3
BRDA:87,2,0,1
BRDA:87,2,1,0
BRDA:98,3,0,1
BRDA:98,3,1,0
BRDA:145,4,0,1
BRDA:145,4,1,0
BRDA:146,5,0,1
BRDA:146,5,1,0
BRDA:147,6,0,1
BRDA:147,6,1,0
BRF:14
BRH:8
end_of_record
TN:
SF:pages/contact-us/contact-old-age-security.js
FN:15,ContactOldAgeSecurity
FN:34,(anonymous_1)
FN:39,(anonymous_2)
FN:52,getServerSideProps
FN:53,(anonymous_4)
FN:58,(anonymous_5)
FN:83,(anonymous_6)
FN:91,(anonymous_7)
FN:94,(anonymous_8)
FNF:9
FNH:4
FNDA:3,ContactOldAgeSecurity
FNDA:3,(anonymous_1)
FNDA:3,(anonymous_2)
FNDA:1,getServerSideProps
FNDA:0,(anonymous_4)
FNDA:0,(anonymous_5)
FNDA:0,(anonymous_6)
FNDA:0,(anonymous_7)
FNDA:0,(anonymous_8)
DA:19,3
DA:35,3
DA:40,3
DA:53,1
DA:54,0
DA:56,0
DA:58,1
DA:59,0
DA:61,0
DA:81,1
DA:83,1
DA:84,0
DA:86,0
DA:90,1
DA:92,0
DA:95,0
DA:110,1
DA:132,1
DA:145,1
LF:19
LH:11
BRDA:29,0,0,3
BRDA:29,0,1,3
BRDA:41,1,0,0
BRDA:41,1,1,3
BRDA:81,2,0,1
BRDA:81,2,1,0
BRDA:90,3,0,1
BRDA:90,3,1,0
BRDA:138,4,0,1
BRDA:138,4,1,0
BRDA:139,5,0,1
BRDA:139,5,1,0
BRDA:140,6,0,1
BRDA:140,6,1,0
BRF:14
BRH:8
end_of_record
