{"/home/runner/work/secure-client-hub/secure-client-hub/components/BenefitTasks.js": {"path":"/home/runner/work/secure-client-hub/secure-client-hub/components/BenefitTasks.js","statementMap":{"0":{"start":{"line":8,"column":2},"end":{"line":35,"column":3}},"1":{"start":{"line":15,"column":10},"end":{"line":31,"column":11}},"2":{"start":{"line":38,"column":0},"end":{"line":49,"column":1}}},"fnMap":{"0":{"name":"BenefitTasks","decl":{"start":{"line":7,"column":24},"end":{"line":7,"column":36}},"loc":{"start":{"line":7,"column":44},"end":{"line":36,"column":1}},"line":7},"1":{"name":"(anonymous_1)","decl":{"start":{"line":14,"column":34},"end":{"line":14,"column":35}},"loc":{"start":{"line":14,"column":51},"end":{"line":32,"column":9}},"line":14}},"branchMap":{"0":{"loc":{"start":{"line":21,"column":22},"end":{"line":23,"column":49}},"type":"cond-expr","locations":[{"start":{"line":22,"column":26},"end":{"line":22,"column":41}},{"start":{"line":23,"column":26},"end":{"line":23,"column":49}}],"line":21}},"s":{"0":0,"1":0,"2":1},"f":{"0":0,"1":0},"b":{"0":[0,0]},"_coverageSchema":"1a1c01bbd47fc00a2c39e90264f33305004495a9","hash":"fc1b476b21d4dec21399f94935dd651029915eae"}
,"/home/runner/work/secure-client-hub/secure-client-hub/components/Card.js": {"path":"/home/runner/work/secure-client-hub/secure-client-hub/components/Card.js","statementMap":{"0":{"start":{"line":8,"column":30},"end":{"line":8,"column":45}},"1":{"start":{"line":10,"column":14},"end":{"line":10,"column":30}},"2":{"start":{"line":11,"column":18},"end":{"line":11,"column":37}},"3":{"start":{"line":12,"column":2},"end":{"line":14,"column":3}},"4":{"start":{"line":13,"column":4},"end":{"line":13,"column":62}},"5":{"start":{"line":16,"column":2},"end":{"line":53,"column":3}},"6":{"start":{"line":25,"column":31},"end":{"line":25,"column":38}},"7":{"start":{"line":26,"column":10},"end":{"line":26,"column":33}},"8":{"start":{"line":43,"column":14},"end":{"line":47,"column":15}},"9":{"start":{"line":56,"column":0},"end":{"line":63,"column":1}}},"fnMap":{"0":{"name":"Card","decl":{"start":{"line":7,"column":24},"end":{"line":7,"column":28}},"loc":{"start":{"line":7,"column":36},"end":{"line":54,"column":1}},"line":7},"1":{"name":"(anonymous_1)","decl":{"start":{"line":24,"column":17},"end":{"line":24,"column":18}},"loc":{"start":{"line":24,"column":23},"end":{"line":27,"column":9}},"line":24},"2":{"name":"(anonymous_2)","decl":{"start":{"line":42,"column":23},"end":{"line":42,"column":24}},"loc":{"start":{"line":42,"column":44},"end":{"line":48,"column":13}},"line":42}},"branchMap":{"0":{"loc":{"start":{"line":12,"column":2},"end":{"line":14,"column":3}},"type":"if","locations":[{"start":{"line":12,"column":2},"end":{"line":14,"column":3}},{"start":{},"end":{}}],"line":12},"1":{"loc":{"start":{"line":34,"column":7},"end":{"line":51,"column":7}},"type":"cond-expr","locations":[{"start":{"line":34,"column":17},"end":{"line":34,"column":21}},{"start":{"line":35,"column":8},"end":{"line":50,"column":14}}],"line":34},"2":{"loc":{"start":{"line":36,"column":11},"end":{"line":40,"column":11}},"type":"cond-expr","locations":[{"start":{"line":36,"column":28},"end":{"line":36,"column":32}},{"start":{"line":37,"column":12},"end":{"line":39,"column":18}}],"line":36}},"s":{"0":2,"1":2,"2":2,"3":2,"4":0,"5":2,"6":0,"7":0,"8":0,"9":1},"f":{"0":2,"1":0,"2":0},"b":{"0":[0,2],"1":[2,0],"2":[0,0]},"_coverageSchema":"1a1c01bbd47fc00a2c39e90264f33305004495a9","hash":"59ece50ced02f0acbb083bcb6778a7c082b0981c"}
,"/home/runner/work/secure-client-hub/secure-client-hub/components/DateModified.js": {"path":"/home/runner/work/secure-client-hub/secure-client-hub/components/DateModified.js","statementMap":{"0":{"start":{"line":7,"column":2},"end":{"line":12,"column":3}},"1":{"start":{"line":15,"column":0},"end":{"line":18,"column":1}},"2":{"start":{"line":20,"column":0},"end":{"line":26,"column":1}}},"fnMap":{"0":{"name":"DateModified","decl":{"start":{"line":6,"column":24},"end":{"line":6,"column":36}},"loc":{"start":{"line":6,"column":44},"end":{"line":13,"column":1}},"line":6}},"branchMap":{},"s":{"0":2,"1":1,"2":1},"f":{"0":2},"b":{},"_coverageSchema":"1a1c01bbd47fc00a2c39e90264f33305004495a9","hash":"2e6c3a308a39b1e90cad6dfca85cf9b83a9dc26d"}
,"/home/runner/work/secure-client-hub/secure-client-hub/components/Layout.js": {"path":"/home/runner/work/secure-client-hub/secure-client-hub/components/Layout.js","statementMap":{"0":{"start":{"line":13,"column":18},"end":{"line":13,"column":37}},"1":{"start":{"line":14,"column":12},"end":{"line":14,"column":43}},"2":{"start":{"line":16,"column":29},"end":{"line":16,"column":31}},"3":{"start":{"line":18,"column":2},"end":{"line":68,"column":3}},"4":{"start":{"line":41,"column":12},"end":{"line":41,"column":49}},"5":{"start":{"line":75,"column":0},"end":{"line":77,"column":1}},"6":{"start":{"line":79,"column":0},"end":{"line":115,"column":1}}},"fnMap":{"0":{"name":"Layout","decl":{"start":{"line":12,"column":24},"end":{"line":12,"column":30}},"loc":{"start":{"line":12,"column":38},"end":{"line":69,"column":1}},"line":12},"1":{"name":"(anonymous_1)","decl":{"start":{"line":40,"column":21},"end":{"line":40,"column":22}},"loc":{"start":{"line":40,"column":27},"end":{"line":42,"column":11}},"line":40},"2":{"name":"noRefCheck","decl":{"start":{"line":48,"column":29},"end":{"line":48,"column":39}},"loc":{"start":{"line":48,"column":42},"end":{"line":48,"column":44}},"line":48},"3":{"name":"noRefCheck","decl":{"start":{"line":49,"column":29},"end":{"line":49,"column":39}},"loc":{"start":{"line":49,"column":42},"end":{"line":49,"column":44}},"line":49}},"branchMap":{"0":{"loc":{"start":{"line":13,"column":18},"end":{"line":13,"column":37}},"type":"binary-expr","locations":[{"start":{"line":13,"column":18},"end":{"line":13,"column":31}},{"start":{"line":13,"column":35},"end":{"line":13,"column":37}}],"line":13},"1":{"loc":{"start":{"line":14,"column":12},"end":{"line":14,"column":43}},"type":"cond-expr","locations":[{"start":{"line":14,"column":36},"end":{"line":14,"column":38}},{"start":{"line":14,"column":41},"end":{"line":14,"column":43}}],"line":14},"2":{"loc":{"start":{"line":27,"column":10},"end":{"line":27,"column":76}},"type":"cond-expr","locations":[{"start":{"line":27,"column":34},"end":{"line":27,"column":55}},{"start":{"line":27,"column":58},"end":{"line":27,"column":76}}],"line":27},"3":{"loc":{"start":{"line":39,"column":28},"end":{"line":39,"column":62}},"type":"cond-expr","locations":[{"start":{"line":39,"column":52},"end":{"line":39,"column":54}},{"start":{"line":39,"column":57},"end":{"line":39,"column":62}}],"line":39},"4":{"loc":{"start":{"line":43,"column":26},"end":{"line":43,"column":60}},"type":"cond-expr","locations":[{"start":{"line":43,"column":50},"end":{"line":43,"column":52}},{"start":{"line":43,"column":55},"end":{"line":43,"column":60}}],"line":43},"5":{"loc":{"start":{"line":44,"column":27},"end":{"line":44,"column":61}},"type":"cond-expr","locations":[{"start":{"line":44,"column":51},"end":{"line":44,"column":53}},{"start":{"line":44,"column":56},"end":{"line":44,"column":61}}],"line":44},"6":{"loc":{"start":{"line":54,"column":9},"end":{"line":58,"column":9}},"type":"cond-expr","locations":[{"start":{"line":55,"column":10},"end":{"line":55,"column":24}},{"start":{"line":57,"column":10},"end":{"line":57,"column":61}}],"line":54}},"s":{"0":4,"1":4,"2":4,"3":4,"4":0,"5":2,"6":2},"f":{"0":4,"1":0,"2":0,"3":0},"b":{"0":[4,4],"1":[3,1],"2":[0,4],"3":[3,1],"4":[3,1],"5":[3,1],"6":[0,4]},"_coverageSchema":"1a1c01bbd47fc00a2c39e90264f33305004495a9","hash":"d1488a427c6ed775178c188042a42b412255be34"}
,"/home/runner/work/secure-client-hub/secure-client-hub/components/MetaData.js": {"path":"/home/runner/work/secure-client-hub/secure-client-hub/components/MetaData.js","statementMap":{"0":{"start":{"line":5,"column":12},"end":{"line":5,"column":77}},"1":{"start":{"line":7,"column":2},"end":{"line":19,"column":3}}},"fnMap":{"0":{"name":"MetaData","decl":{"start":{"line":4,"column":24},"end":{"line":4,"column":32}},"loc":{"start":{"line":4,"column":40},"end":{"line":20,"column":1}},"line":4}},"branchMap":{"0":{"loc":{"start":{"line":5,"column":12},"end":{"line":5,"column":77}},"type":"cond-expr","locations":[{"start":{"line":5,"column":38},"end":{"line":5,"column":56}},{"start":{"line":5,"column":59},"end":{"line":5,"column":77}}],"line":5}},"s":{"0":6,"1":6},"f":{"0":6},"b":{"0":[5,1]},"_coverageSchema":"1a1c01bbd47fc00a2c39e90264f33305004495a9","hash":"21cfbc8947187a5326ad7132edbd051d45789f8f"}
,"/home/runner/work/secure-client-hub/secure-client-hub/components/MostReqTasks.js": {"path":"/home/runner/work/secure-client-hub/secure-client-hub/components/MostReqTasks.js","statementMap":{"0":{"start":{"line":7,"column":2},"end":{"line":37,"column":3}},"1":{"start":{"line":14,"column":10},"end":{"line":33,"column":11}},"2":{"start":{"line":40,"column":0},"end":{"line":51,"column":1}}},"fnMap":{"0":{"name":"MostReqTasks","decl":{"start":{"line":6,"column":24},"end":{"line":6,"column":36}},"loc":{"start":{"line":6,"column":44},"end":{"line":38,"column":1}},"line":6},"1":{"name":"(anonymous_1)","decl":{"start":{"line":13,"column":36},"end":{"line":13,"column":37}},"loc":{"start":{"line":13,"column":53},"end":{"line":34,"column":9}},"line":13}},"branchMap":{"0":{"loc":{"start":{"line":23,"column":22},"end":{"line":25,"column":49}},"type":"cond-expr","locations":[{"start":{"line":24,"column":26},"end":{"line":24,"column":41}},{"start":{"line":25,"column":26},"end":{"line":25,"column":49}}],"line":23}},"s":{"0":0,"1":0,"2":1},"f":{"0":0,"1":0},"b":{"0":[0,0]},"_coverageSchema":"1a1c01bbd47fc00a2c39e90264f33305004495a9","hash":"1b8054522b75f5421b243841c6573c0e5422f765"}
,"/home/runner/work/secure-client-hub/secure-client-hub/components/ViewMoreLessButton.js": {"path":"/home/runner/work/secure-client-hub/secure-client-hub/components/ViewMoreLessButton.js","statementMap":{"0":{"start":{"line":6,"column":2},"end":{"line":29,"column":3}},"1":{"start":{"line":32,"column":0},"end":{"line":40,"column":1}}},"fnMap":{"0":{"name":"ViewMoreLessButton","decl":{"start":{"line":5,"column":24},"end":{"line":5,"column":42}},"loc":{"start":{"line":5,"column":50},"end":{"line":30,"column":1}},"line":5}},"branchMap":{"0":{"loc":{"start":{"line":12,"column":21},"end":{"line":12,"column":52}},"type":"binary-expr","locations":[{"start":{"line":12,"column":21},"end":{"line":12,"column":39}},{"start":{"line":12,"column":43},"end":{"line":12,"column":52}}],"line":12},"1":{"loc":{"start":{"line":15,"column":9},"end":{"line":25,"column":9}},"type":"cond-expr","locations":[{"start":{"line":16,"column":10},"end":{"line":19,"column":12}},{"start":{"line":21,"column":10},"end":{"line":24,"column":12}}],"line":15}},"s":{"0":5,"1":2},"f":{"0":5},"b":{"0":[5,3],"1":[1,4]},"_coverageSchema":"1a1c01bbd47fc00a2c39e90264f33305004495a9","hash":"3955c0545ea05dfaeffeaeb4fbbb385b5115a623"}
,"/home/runner/work/secure-client-hub/secure-client-hub/pages/404.js": {"path":"/home/runner/work/secure-client-hub/secure-client-hub/pages/404.js","statementMap":{"0":{"start":{"line":4,"column":2},"end":{"line":54,"column":3}},"1":{"start":{"line":59,"column":15},"end":{"line":72,"column":3}},"2":{"start":{"line":74,"column":2},"end":{"line":76,"column":3}}},"fnMap":{"0":{"name":"Custom404","decl":{"start":{"line":3,"column":24},"end":{"line":3,"column":33}},"loc":{"start":{"line":3,"column":36},"end":{"line":55,"column":1}},"line":3},"1":{"name":"getStaticProps","decl":{"start":{"line":57,"column":22},"end":{"line":57,"column":36}},"loc":{"start":{"line":57,"column":49},"end":{"line":77,"column":1}},"line":57}},"branchMap":{},"s":{"0":1,"1":1,"2":1},"f":{"0":1,"1":1},"b":{},"_coverageSchema":"1a1c01bbd47fc00a2c39e90264f33305004495a9","hash":"95f3df51fff2500a51fc23076986731c0adf288d"}
,"/home/runner/work/secure-client-hub/secure-client-hub/pages/_app.js": {"path":"/home/runner/work/secure-client-hub/secure-client-hub/pages/_app.js","statementMap":{},"fnMap":{"0":{"name":"MyApp","decl":{"start":{"line":4,"column":9},"end":{"line":4,"column":14}},"loc":{"start":{"line":4,"column":41},"end":{"line":21,"column":1}},"line":4}},"branchMap":{},"s":{},"f":{"0":1},"b":{},"_coverageSchema":"1a1c01bbd47fc00a2c39e90264f33305004495a9","hash":"2aa892ee2128ee2e1ee9d5871c4529fe092c1dae"}
,"/home/runner/work/secure-client-hub/secure-client-hub/pages/_error.js": {"path":"/home/runner/work/secure-client-hub/secure-client-hub/pages/_error.js","statementMap":{"0":{"start":{"line":4,"column":2},"end":{"line":62,"column":3}}},"fnMap":{"0":{"name":"CustomError","decl":{"start":{"line":3,"column":9},"end":{"line":3,"column":20}},"loc":{"start":{"line":3,"column":37},"end":{"line":63,"column":1}},"line":3}},"branchMap":{"0":{"loc":{"start":{"line":9,"column":11},"end":{"line":11,"column":43}},"type":"cond-expr","locations":[{"start":{"line":10,"column":14},"end":{"line":10,"column":57}},{"start":{"line":11,"column":14},"end":{"line":11,"column":43}}],"line":9},"1":{"loc":{"start":{"line":37,"column":11},"end":{"line":39,"column":45}},"type":"cond-expr","locations":[{"start":{"line":38,"column":14},"end":{"line":38,"column":36}},{"start":{"line":39,"column":14},"end":{"line":39,"column":45}}],"line":37}},"s":{"0":2},"f":{"0":2},"b":{"0":[1,1],"1":[1,1]},"_coverageSchema":"1a1c01bbd47fc00a2c39e90264f33305004495a9","hash":"25b117ffe105d4c82a350ff85f200b62615c138f"}
,"/home/runner/work/secure-client-hub/secure-client-hub/pages/home.js": {"path":"/home/runner/work/secure-client-hub/secure-client-hub/pages/home.js","statementMap":{"0":{"start":{"line":15,"column":13},"end":{"line":15,"column":44}},"1":{"start":{"line":16,"column":14},"end":{"line":16,"column":46}},"2":{"start":{"line":17,"column":14},"end":{"line":17,"column":46}},"3":{"start":{"line":18,"column":2},"end":{"line":36,"column":3}},"4":{"start":{"line":23,"column":8},"end":{"line":33,"column":9}},"5":{"start":{"line":40,"column":18},"end":{"line":44,"column":4}},"6":{"start":{"line":41,"column":4},"end":{"line":41,"column":23}},"7":{"start":{"line":42,"column":4},"end":{"line":42,"column":24}},"8":{"start":{"line":43,"column":4},"end":{"line":43,"column":15}},"9":{"start":{"line":50,"column":15},"end":{"line":63,"column":3}},"10":{"start":{"line":65,"column":2},"end":{"line":72,"column":3}},"11":{"start":{"line":75,"column":0},"end":{"line":85,"column":1}}},"fnMap":{"0":{"name":"Home","decl":{"start":{"line":11,"column":24},"end":{"line":11,"column":28}},"loc":{"start":{"line":11,"column":36},"end":{"line":37,"column":1}},"line":11},"1":{"name":"(anonymous_1)","decl":{"start":{"line":22,"column":31},"end":{"line":22,"column":32}},"loc":{"start":{"line":22,"column":41},"end":{"line":34,"column":7}},"line":22},"2":{"name":"getServerSideProps","decl":{"start":{"line":39,"column":22},"end":{"line":39,"column":40}},"loc":{"start":{"line":39,"column":58},"end":{"line":73,"column":1}},"line":39},"3":{"name":"(anonymous_3)","decl":{"start":{"line":40,"column":47},"end":{"line":40,"column":48}},"loc":{"start":{"line":40,"column":58},"end":{"line":44,"column":3}},"line":40}},"branchMap":{"0":{"loc":{"start":{"line":69,"column":15},"end":{"line":69,"column":56}},"type":"cond-expr","locations":[{"start":{"line":69,"column":33},"end":{"line":69,"column":43}},{"start":{"line":69,"column":46},"end":{"line":69,"column":56}}],"line":69}},"s":{"0":2,"1":2,"2":2,"3":2,"4":2,"5":1,"6":0,"7":0,"8":0,"9":1,"10":1,"11":1},"f":{"0":2,"1":2,"2":1,"3":0},"b":{"0":[1,0]},"_coverageSchema":"1a1c01bbd47fc00a2c39e90264f33305004495a9","hash":"3a9c656d061497bf36b73998dcba4c7bca6a0e58"}
,"/home/runner/work/secure-client-hub/secure-client-hub/pages/index.js": {"path":"/home/runner/work/secure-client-hub/secure-client-hub/pages/index.js","statementMap":{"0":{"start":{"line":5,"column":2},"end":{"line":78,"column":3}},"1":{"start":{"line":81,"column":0},"end":{"line":83,"column":1}},"2":{"start":{"line":82,"column":2},"end":{"line":82,"column":20}},"3":{"start":{"line":89,"column":15},"end":{"line":102,"column":3}},"4":{"start":{"line":104,"column":2},"end":{"line":106,"column":3}}},"fnMap":{"0":{"name":"Index","decl":{"start":{"line":4,"column":24},"end":{"line":4,"column":29}},"loc":{"start":{"line":4,"column":37},"end":{"line":79,"column":1}},"line":4},"1":{"name":"PageLayout","decl":{"start":{"line":81,"column":27},"end":{"line":81,"column":37}},"loc":{"start":{"line":81,"column":44},"end":{"line":83,"column":1}},"line":81},"2":{"name":"getStaticProps","decl":{"start":{"line":85,"column":22},"end":{"line":85,"column":36}},"loc":{"start":{"line":85,"column":49},"end":{"line":107,"column":1}},"line":85}},"branchMap":{},"s":{"0":2,"1":2,"2":1,"3":1,"4":1},"f":{"0":2,"1":1,"2":1},"b":{},"_coverageSchema":"1a1c01bbd47fc00a2c39e90264f33305004495a9","hash":"e972dee1ff4765a941bc85c31eba88c47046a741"}
,"/home/runner/work/secure-client-hub/secure-client-hub/pages/profile.js": {"path":"/home/runner/work/secure-client-hub/secure-client-hub/pages/profile.js","statementMap":{"0":{"start":{"line":13,"column":13},"end":{"line":13,"column":44}},"1":{"start":{"line":14,"column":14},"end":{"line":14,"column":46}},"2":{"start":{"line":15,"column":14},"end":{"line":15,"column":46}},"3":{"start":{"line":17,"column":2},"end":{"line":48,"column":3}},"4":{"start":{"line":52,"column":18},"end":{"line":52,"column":38}},"5":{"start":{"line":57,"column":12},"end":{"line":57,"column":37}},"6":{"start":{"line":59,"column":26},"end":{"line":64,"column":3}},"7":{"start":{"line":67,"column":15},"end":{"line":80,"column":3}},"8":{"start":{"line":82,"column":2},"end":{"line":84,"column":3}},"9":{"start":{"line":87,"column":0},"end":{"line":97,"column":1}}},"fnMap":{"0":{"name":"Home","decl":{"start":{"line":10,"column":24},"end":{"line":10,"column":28}},"loc":{"start":{"line":10,"column":36},"end":{"line":49,"column":1}},"line":10},"1":{"name":"getStaticProps","decl":{"start":{"line":51,"column":22},"end":{"line":51,"column":36}},"loc":{"start":{"line":51,"column":49},"end":{"line":85,"column":1}},"line":51}},"branchMap":{"0":{"loc":{"start":{"line":57,"column":12},"end":{"line":57,"column":37}},"type":"cond-expr","locations":[{"start":{"line":57,"column":30},"end":{"line":57,"column":32}},{"start":{"line":57,"column":35},"end":{"line":57,"column":37}}],"line":57}},"s":{"0":0,"1":0,"2":0,"3":0,"4":0,"5":0,"6":0,"7":0,"8":0,"9":0},"f":{"0":0,"1":0},"b":{"0":[0,0]}}
,"/home/runner/work/secure-client-hub/secure-client-hub/pages/security.js": {"path":"/home/runner/work/secure-client-hub/secure-client-hub/pages/security.js","statementMap":{"0":{"start":{"line":7,"column":12},"end":{"line":7,"column":43}},"1":{"start":{"line":9,"column":2},"end":{"line":13,"column":3}},"2":{"start":{"line":20,"column":12},"end":{"line":20,"column":37}},"3":{"start":{"line":22,"column":26},"end":{"line":27,"column":3}},"4":{"start":{"line":30,"column":15},"end":{"line":43,"column":3}},"5":{"start":{"line":45,"column":2},"end":{"line":47,"column":3}},"6":{"start":{"line":50,"column":0},"end":{"line":71,"column":1}}},"fnMap":{"0":{"name":"Home","decl":{"start":{"line":6,"column":24},"end":{"line":6,"column":28}},"loc":{"start":{"line":6,"column":36},"end":{"line":14,"column":1}},"line":6},"1":{"name":"getStaticProps","decl":{"start":{"line":16,"column":22},"end":{"line":16,"column":36}},"loc":{"start":{"line":16,"column":49},"end":{"line":48,"column":1}},"line":16}},"branchMap":{"0":{"loc":{"start":{"line":7,"column":12},"end":{"line":7,"column":43}},"type":"cond-expr","locations":[{"start":{"line":7,"column":36},"end":{"line":7,"column":38}},{"start":{"line":7,"column":41},"end":{"line":7,"column":43}}],"line":7},"1":{"loc":{"start":{"line":20,"column":12},"end":{"line":20,"column":37}},"type":"cond-expr","locations":[{"start":{"line":20,"column":30},"end":{"line":20,"column":32}},{"start":{"line":20,"column":35},"end":{"line":20,"column":37}}],"line":20}},"s":{"0":0,"1":0,"2":0,"3":0,"4":0,"5":0,"6":0},"f":{"0":0,"1":0},"b":{"0":[0,0],"1":[0,0]}}
,"/home/runner/work/secure-client-hub/secure-client-hub/pages/serverSideExample.js": {"path":"/home/runner/work/secure-client-hub/secure-client-hub/pages/serverSideExample.js","statementMap":{"0":{"start":{"line":4,"column":26},"end":{"line":4,"column":40}},"1":{"start":{"line":6,"column":2},"end":{"line":12,"column":8}},"2":{"start":{"line":7,"column":4},"end":{"line":11,"column":8}},"3":{"start":{"line":8,"column":21},"end":{"line":8,"column":31}},"4":{"start":{"line":10,"column":8},"end":{"line":10,"column":21}},"5":{"start":{"line":13,"column":2},"end":{"line":57,"column":3}},"6":{"start":{"line":60,"column":15},"end":{"line":73,"column":3}},"7":{"start":{"line":75,"column":2},"end":{"line":83,"column":3}}},"fnMap":{"0":{"name":"ServerSideExample","decl":{"start":{"line":3,"column":24},"end":{"line":3,"column":41}},"loc":{"start":{"line":3,"column":49},"end":{"line":58,"column":1}},"line":3},"1":{"name":"(anonymous_1)","decl":{"start":{"line":6,"column":12},"end":{"line":6,"column":13}},"loc":{"start":{"line":6,"column":18},"end":{"line":12,"column":3}},"line":6},"2":{"name":"(anonymous_2)","decl":{"start":{"line":8,"column":12},"end":{"line":8,"column":13}},"loc":{"start":{"line":8,"column":21},"end":{"line":8,"column":31}},"line":8},"3":{"name":"(anonymous_3)","decl":{"start":{"line":9,"column":12},"end":{"line":9,"column":13}},"loc":{"start":{"line":9,"column":22},"end":{"line":11,"column":7}},"line":9},"4":{"name":"getServerSideProps","decl":{"start":{"line":59,"column":22},"end":{"line":59,"column":40}},"loc":{"start":{"line":59,"column":53},"end":{"line":84,"column":1}},"line":59}},"branchMap":{"0":{"loc":{"start":{"line":22,"column":15},"end":{"line":24,"column":29}},"type":"cond-expr","locations":[{"start":{"line":23,"column":18},"end":{"line":23,"column":53}},{"start":{"line":24,"column":18},"end":{"line":24,"column":29}}],"line":22},"1":{"loc":{"start":{"line":39,"column":15},"end":{"line":39,"column":78}},"type":"cond-expr","locations":[{"start":{"line":39,"column":41},"end":{"line":39,"column":64}},{"start":{"line":39,"column":67},"end":{"line":39,"column":78}}],"line":39},"2":{"loc":{"start":{"line":51,"column":15},"end":{"line":51,"column":46}},"type":"cond-expr","locations":[{"start":{"line":51,"column":22},"end":{"line":51,"column":34}},{"start":{"line":51,"column":37},"end":{"line":51,"column":46}}],"line":51},"3":{"loc":{"start":{"line":80,"column":8},"end":{"line":80,"column":69}},"type":"binary-expr","locations":[{"start":{"line":80,"column":8},"end":{"line":80,"column":43}},{"start":{"line":80,"column":47},"end":{"line":80,"column":69}}],"line":80},"4":{"loc":{"start":{"line":81,"column":18},"end":{"line":81,"column":67}},"type":"binary-expr","locations":[{"start":{"line":81,"column":18},"end":{"line":81,"column":41}},{"start":{"line":81,"column":45},"end":{"line":81,"column":67}}],"line":81}},"s":{"0":0,"1":0,"2":0,"3":0,"4":0,"5":0,"6":0,"7":0},"f":{"0":0,"1":0,"2":0,"3":0,"4":0},"b":{"0":[0,0],"1":[0,0],"2":[0,0],"3":[0,0],"4":[0,0]}}
,"/home/runner/work/secure-client-hub/secure-client-hub/pages/api/envAPIExample.js": {"path":"/home/runner/work/secure-client-hub/secure-client-hub/pages/api/envAPIExample.js","statementMap":{},"fnMap":{},"branchMap":{},"s":{},"f":{},"b":{}}
,"/home/runner/work/secure-client-hub/secure-client-hub/pages/api/metrics.js": {"path":"/home/runner/work/secure-client-hub/secure-client-hub/pages/api/metrics.js","statementMap":{},"fnMap":{},"branchMap":{},"s":{},"f":{},"b":{}}
}
