TN:
SF:components/BackToButton.js
FN:4,BackToButton
FNF:1
FNH:1
FNDA:9,BackToButton
DA:5,9
DA:21,4
LF:2
LH:2
BRF:0
BRH:0
end_of_record
TN:
SF:components/BenefitTasks.js
FN:6,BenefitTasks
FN:28,(anonymous_1)
FN:42,(anonymous_2)
FNF:3
FNH:2
FNDA:2,BenefitTasks
FNDA:2,(anonymous_1)
FNDA:0,(anonymous_2)
DA:7,2
DA:19,2
DA:29,2
DA:44,0
DA:48,0
DA:49,0
DA:76,2
LF:7
LH:4
BRDA:35,0,0,0
BRDA:35,0,1,2
BRDA:38,1,0,0
BRDA:38,1,1,2
BRDA:44,2,0,0
BRDA:44,2,1,0
BRDA:45,3,0,0
BRDA:45,3,1,0
BRDA:57,4,0,2
BRDA:57,4,1,0
BRF:10
BRH:3
end_of_record
TN:
SF:components/Breadcrumb.js
FN:9,Breadcrumb
FN:14,(anonymous_1)
FNF:2
FNH:2
FNDA:6,Breadcrumb
FNDA:21,(anonymous_1)
DA:10,6
DA:15,21
DA:40,3
LF:3
LH:3
BRDA:13,0,0,6
BRDA:13,0,1,0
BRDA:17,1,0,21
BRDA:17,1,1,15
BRF:4
BRH:3
end_of_record
TN:
SF:components/Button.js
FN:4,Button
FNF:1
FNH:1
FNDA:10,Button
DA:7,10
DA:9,10
DA:11,10
DA:13,10
DA:15,10
DA:18,10
DA:31,10
DA:106,6
DA:113,6
LF:9
LH:9
BRDA:18,0,0,5
BRDA:18,0,1,5
BRDA:20,1,0,3
BRDA:20,1,1,2
BRDA:22,2,0,2
BRDA:22,2,1,0
BRDA:24,3,0,0
BRDA:24,3,1,0
BRDA:26,4,0,0
BRDA:26,4,1,0
BRDA:31,5,0,10
BRDA:31,5,1,0
BRDA:42,6,0,0
BRDA:42,6,1,10
BRDA:42,7,0,10
BRDA:42,7,1,0
BRDA:55,8,0,0
BRDA:55,8,1,10
BRDA:55,9,0,10
BRDA:55,9,1,0
BRDA:71,10,0,0
BRDA:71,10,1,0
BRDA:80,11,0,0
BRDA:80,11,1,0
BRDA:80,12,0,0
BRDA:80,12,1,0
BRDA:91,13,0,0
BRDA:91,13,1,0
BRDA:91,14,0,0
BRDA:91,14,1,0
BRF:30
BRH:10
end_of_record
TN:
SF:components/Card.js
FN:5,Card
FN:17,(anonymous_1)
FNF:2
FNH:1
FNDA:2,Card
FNDA:0,(anonymous_1)
DA:6,2
DA:8,2
DA:18,0
DA:19,0
DA:38,1
LF:5
LH:3
BRDA:29,0,0,2
BRDA:29,0,1,0
BRF:2
BRH:1
end_of_record
TN:
SF:components/Collapse.js
FN:3,Collapse
FNF:1
FNH:1
FNDA:2,Collapse
DA:4,2
DA:5,2
DA:25,2
DA:29,2
LF:4
LH:4
BRF:0
BRH:0
end_of_record
TN:
SF:components/ContextualAlert.js
FN:8,ContextualAlert
FNF:1
FNH:1
FNDA:4,ContextualAlert
DA:17,4
DA:19,4
DA:27,4
DA:35,4
DA:37,4
DA:66,2
LF:6
LH:6
BRDA:19,0,0,0
BRDA:19,0,1,4
BRDA:21,1,0,0
BRDA:21,1,1,4
BRDA:23,2,0,4
BRDA:23,2,1,0
BRDA:27,3,0,0
BRDA:27,3,1,4
BRDA:29,4,0,0
BRDA:29,4,1,4
BRDA:31,5,0,4
BRDA:31,5,1,0
BRDA:35,6,0,0
BRDA:35,6,1,4
BRF:14
BRH:7
end_of_record
TN:
SF:components/Date.js
FN:3,Date
FNF:1
FNH:1
FNDA:4,Date
DA:4,4
DA:5,4
DA:6,4
DA:24,2
LF:4
LH:4
BRDA:5,0,0,2
BRDA:5,0,1,2
BRDA:14,1,0,2
BRDA:14,1,1,2
BRF:4
BRH:4
end_of_record
TN:
SF:components/ErrorBoundary.js
FN:6,(anonymous_0)
FN:11,(anonymous_1)
FN:15,(anonymous_2)
FN:23,(anonymous_3)
FNF:4
FNH:0
FNDA:0,(anonymous_0)
FNDA:0,(anonymous_1)
FNDA:0,(anonymous_2)
FNDA:0,(anonymous_3)
DA:7,0
DA:8,0
DA:12,0
DA:17,0
DA:18,0
DA:19,0
DA:20,0
DA:24,0
DA:26,0
DA:37,0
LF:10
LH:0
BRDA:24,0,0,0
BRDA:24,0,1,0
BRF:2
BRH:0
end_of_record
TN:
SF:components/ErrorPage.js
FN:7,ErrorPage
FN:41,(anonymous_1)
FNF:2
FNH:2
FNDA:7,ErrorPage
FNDA:7,(anonymous_1)
DA:8,7
DA:9,7
DA:10,7
DA:11,7
DA:12,0
DA:15,7
DA:21,7
DA:28,7
DA:34,7
DA:39,7
DA:42,7
DA:110,6
DA:116,6
LF:13
LH:12
BRDA:10,0,0,5
BRDA:10,0,1,2
BRDA:10,1,0,2
BRDA:10,1,1,0
BRDA:11,2,0,0
BRDA:11,2,1,7
BRDA:15,3,0,3
BRDA:15,3,1,4
BRDA:17,4,0,3
BRDA:17,4,1,1
BRDA:21,5,0,3
BRDA:21,5,1,4
BRDA:23,6,0,3
BRDA:23,6,1,1
BRDA:28,7,0,3
BRDA:28,7,1,4
BRDA:30,8,0,3
BRDA:30,8,1,1
BRDA:34,9,0,3
BRDA:34,9,1,4
BRDA:36,10,0,3
BRDA:36,10,1,1
BRDA:46,11,0,5
BRDA:46,11,1,2
BRDA:49,12,0,5
BRDA:49,12,1,2
BRDA:60,13,0,3
BRDA:60,13,1,4
BRDA:65,14,0,3
BRDA:65,14,1,4
BRDA:67,15,0,1
BRDA:67,15,1,3
BRDA:75,16,0,0
BRDA:75,16,1,7
BRDA:81,17,0,0
BRDA:81,17,1,7
BRDA:85,18,0,0
BRDA:85,18,1,7
BRDA:87,19,0,0
BRDA:87,19,1,7
BRDA:89,20,0,3
BRDA:89,20,1,4
BRF:42
BRH:36
end_of_record
TN:
SF:components/ExitBeta.js
FN:6,ExitBeta
FNF:1
FNH:1
FNDA:2,ExitBeta
DA:7,2
DA:56,2
LF:2
LH:2
BRF:0
BRH:0
end_of_record
TN:
SF:components/Footer.js
FN:10,Footer
FN:69,(anonymous_1)
FNF:2
FNH:2
FNDA:2,Footer
FNDA:3,(anonymous_1)
DA:11,2
DA:13,2
DA:15,2
DA:70,3
DA:127,2
DA:138,2
LF:6
LH:6
BRDA:13,0,0,2
BRDA:13,0,1,0
BRDA:42,1,0,0
BRDA:42,1,1,2
BRDA:45,2,0,0
BRDA:45,2,1,2
BRDA:74,3,0,2
BRDA:74,3,1,1
BRDA:79,4,0,0
BRDA:79,4,1,3
BRDA:105,5,0,0
BRDA:105,5,1,2
BRDA:110,6,0,0
BRDA:110,6,1,2
BRF:14
BRH:8
end_of_record
TN:
SF:components/Header.js
FN:11,Header
FN:101,(anonymous_1)
FN:102,(anonymous_2)
FN:105,(anonymous_3)
FNF:4
FNH:1
FNDA:2,Header
FNDA:0,(anonymous_1)
FNDA:0,(anonymous_2)
FNDA:0,(anonymous_3)
DA:21,2
DA:23,2
DA:97,2
DA:122,2
LF:4
LH:4
BRDA:38,0,0,2
BRDA:38,0,1,0
BRDA:42,1,0,2
BRDA:42,1,1,0
BRDA:44,2,0,2
BRDA:44,2,1,0
BRDA:58,3,0,2
BRDA:58,3,1,0
BRDA:77,4,0,2
BRDA:77,4,1,2
BRDA:87,5,0,2
BRDA:87,5,1,2
BRF:12
BRH:8
end_of_record
TN:
SF:components/Heading.js
FN:3,Heading
FNF:1
FNH:1
FNDA:22,Heading
DA:4,22
DA:6,22
DA:29,10
LF:3
LH:3
BRDA:14,0,0,22
BRDA:14,0,1,2
BRDA:14,0,2,2
BRF:3
BRH:3
end_of_record
TN:
SF:components/Language.js
FN:4,Language
FNF:1
FNH:1
FNDA:7,Language
DA:5,7
DA:50,3
DA:54,3
LF:3
LH:3
BRDA:7,0,0,3
BRDA:7,0,1,4
BRDA:13,1,0,3
BRDA:13,1,1,3
BRDA:14,2,0,2
BRDA:14,2,1,1
BRDA:16,3,0,2
BRDA:16,3,1,1
BRDA:16,4,0,3
BRDA:16,4,1,3
BRDA:20,5,0,2
BRDA:20,5,1,1
BRDA:24,6,0,2
BRDA:24,6,1,1
BRDA:34,7,0,4
BRDA:34,7,1,4
BRDA:35,8,0,2
BRDA:35,8,1,2
BRDA:36,9,0,4
BRDA:36,9,1,4
BRDA:39,10,0,2
BRDA:39,10,1,2
BRDA:43,11,0,2
BRDA:43,11,1,2
BRF:24
BRH:24
end_of_record
TN:
SF:components/Layout.js
FN:12,Layout
FN:24,(anonymous_1)
FN:25,(anonymous_2)
FN:34,(anonymous_3)
FN:35,(anonymous_4)
FN:143,noRefCheck
FN:144,noRefCheck
FNF:7
FNH:0
FNDA:0,Layout
FNDA:0,(anonymous_1)
FNDA:0,(anonymous_2)
FNDA:0,(anonymous_3)
FNDA:0,(anonymous_4)
FNDA:0,noRefCheck
FNDA:0,noRefCheck
DA:13,0
DA:14,0
DA:15,0
DA:17,0
DA:19,0
DA:24,0
DA:25,0
DA:26,0
DA:34,0
DA:35,0
DA:36,0
DA:44,0
DA:188,1
DA:229,1
LF:14
LH:2
BRDA:13,0,0,0
BRDA:13,0,1,0
BRDA:14,1,0,0
BRDA:14,1,1,0
BRDA:17,2,0,0
BRDA:17,2,1,0
BRDA:53,3,0,0
BRDA:53,3,1,0
BRDA:57,4,0,0
BRDA:57,4,1,0
BRDA:58,5,0,0
BRDA:58,5,1,0
BRDA:59,6,0,0
BRDA:59,6,1,0
BRDA:60,7,0,0
BRDA:60,7,1,0
BRDA:61,8,0,0
BRDA:61,8,1,0
BRDA:62,9,0,0
BRDA:62,9,1,0
BRDA:63,10,0,0
BRDA:63,10,1,0
BRDA:64,11,0,0
BRDA:64,11,1,0
BRDA:65,12,0,0
BRDA:65,12,1,0
BRDA:67,13,0,0
BRDA:67,13,1,0
BRDA:68,14,0,0
BRDA:68,14,1,0
BRDA:70,15,0,0
BRDA:70,15,1,0
BRDA:85,16,0,0
BRDA:85,16,1,0
BRDA:104,17,0,0
BRDA:104,17,1,0
BRDA:113,18,0,0
BRDA:113,18,1,0
BRDA:120,19,0,0
BRDA:120,19,1,0
BRDA:130,20,0,0
BRDA:130,20,1,0
BRDA:162,21,0,0
BRDA:162,21,1,0
BRF:44
BRH:0
end_of_record
TN:
SF:components/LoadingSpinner.js
FN:3,(anonymous_0)
FN:23,LoadingSpinner
FNF:2
FNH:2
FNDA:32,(anonymous_0)
FNDA:4,LoadingSpinner
DA:3,3
DA:4,32
DA:24,4
DA:46,3
LF:4
LH:4
BRF:0
BRH:0
end_of_record
TN:
SF:components/Menu.js
FN:8,Menu
FN:19,(anonymous_1)
FN:22,handleClick
FN:28,(anonymous_3)
FN:31,(anonymous_4)
FN:33,handleEsc
FN:39,(anonymous_6)
FN:58,(anonymous_7)
FN:58,(anonymous_8)
FN:111,(anonymous_9)
FN:121,(anonymous_10)
FN:121,(anonymous_11)
FN:158,(anonymous_12)
FNF:13
FNH:8
FNDA:7,Menu
FNDA:7,(anonymous_1)
FNDA:0,handleClick
FNDA:2,(anonymous_3)
FNDA:7,(anonymous_4)
FNDA:0,handleEsc
FNDA:2,(anonymous_6)
FNDA:2,(anonymous_7)
FNDA:2,(anonymous_8)
FNDA:10,(anonymous_9)
FNDA:0,(anonymous_10)
FNDA:0,(anonymous_11)
FNDA:0,(anonymous_12)
DA:14,7
DA:16,7
DA:17,7
DA:19,7
DA:21,7
DA:23,0
DA:24,0
DA:27,2
DA:28,2
DA:31,7
DA:32,7
DA:34,0
DA:35,0
DA:38,2
DA:39,2
DA:42,7
DA:58,2
DA:112,10
DA:121,0
DA:156,3
DA:178,3
LF:21
LH:16
BRDA:21,0,0,5
BRDA:21,0,1,2
BRDA:23,1,0,0
BRDA:23,1,1,0
BRDA:23,2,0,0
BRDA:23,2,1,0
BRDA:32,3,0,5
BRDA:32,3,1,2
BRDA:34,4,0,0
BRDA:34,4,1,0
BRDA:47,5,0,0
BRDA:47,5,1,7
BRDA:60,6,0,2
BRDA:60,6,1,5
BRDA:81,7,0,0
BRDA:81,7,1,7
BRDA:89,8,0,5
BRDA:89,8,1,2
BRDA:104,9,0,7
BRDA:104,9,1,2
BRDA:110,10,0,2
BRDA:110,10,1,0
BRDA:116,11,0,2
BRDA:116,11,1,8
BRDA:119,12,0,2
BRDA:119,12,1,8
BRDA:127,13,0,10
BRDA:127,13,1,2
BRF:28
BRH:19
end_of_record
TN:
SF:components/MetaData.js
FN:4,MetaData
FNF:1
FNH:1
FNDA:3,MetaData
DA:5,3
DA:7,3
LF:2
LH:2
BRDA:5,0,0,3
BRDA:5,0,1,0
BRDA:36,1,0,3
BRDA:36,1,1,0
BRF:4
BRH:2
end_of_record
TN:
SF:components/MostReqTasks.js
FN:6,MostReqTasks
FN:20,(anonymous_1)
FN:34,(anonymous_2)
FNF:3
FNH:0
FNDA:0,MostReqTasks
FNDA:0,(anonymous_1)
FNDA:0,(anonymous_2)
DA:7,0
DA:11,0
DA:21,0
DA:35,0
DA:36,0
DA:37,0
DA:64,1
LF:7
LH:1
BRDA:27,0,0,0
BRDA:27,0,1,0
BRDA:30,1,0,0
BRDA:30,1,1,0
BRDA:35,2,0,0
BRDA:35,2,1,0
BRDA:45,3,0,0
BRDA:45,3,1,0
BRF:8
BRH:0
end_of_record
TN:
SF:components/MultiModal.js
FN:10,MultiModal
FN:26,(anonymous_1)
FN:30,(anonymous_2)
FN:36,(anonymous_3)
FN:44,(anonymous_4)
FN:49,(anonymous_5)
FN:55,(anonymous_6)
FN:57,(anonymous_7)
FNF:8
FNH:0
FNDA:0,MultiModal
FNDA:0,(anonymous_1)
FNDA:0,(anonymous_2)
FNDA:0,(anonymous_3)
FNDA:0,(anonymous_4)
FNDA:0,(anonymous_5)
FNDA:0,(anonymous_6)
FNDA:0,(anonymous_7)
DA:20,0
DA:22,0
DA:23,0
DA:26,0
DA:27,0
DA:30,0
DA:31,0
DA:34,0
DA:37,0
DA:38,0
DA:44,0
DA:45,0
DA:46,0
DA:49,0
DA:50,0
DA:51,0
DA:52,0
DA:55,0
DA:56,0
DA:57,0
DA:58,0
DA:62,0
DA:64,0
DA:77,0
DA:78,0
DA:80,0
DA:93,0
DA:94,0
DA:96,0
DA:108,0
DA:109,0
DA:111,0
DA:114,0
DA:131,1
LF:34
LH:1
BRDA:40,0,0,0
BRDA:40,0,1,0
BRDA:41,1,0,0
BRDA:41,1,1,0
BRDA:62,2,0,0
BRDA:62,2,1,0
BRDA:62,2,2,0
BRDA:62,2,3,0
BRF:8
BRH:0
end_of_record
TN:
SF:components/PageLink.js
FN:5,PageLink
FNF:1
FNH:1
FNDA:7,PageLink
DA:6,7
DA:8,7
DA:43,3
LF:3
LH:3
BRF:0
BRH:0
end_of_record
TN:
SF:components/PhaseBanner.js
FN:12,PhaseBanner
FN:89,(anonymous_1)
FNF:2
FNH:1
FNDA:2,PhaseBanner
FNDA:0,(anonymous_1)
DA:13,2
DA:90,0
DA:91,0
DA:101,2
LF:4
LH:2
BRDA:19,0,0,2
BRDA:19,0,1,0
BRDA:26,1,0,0
BRDA:26,1,1,2
BRDA:28,2,0,0
BRDA:28,2,1,2
BRDA:35,3,0,2
BRDA:35,3,1,0
BRF:8
BRH:4
end_of_record
TN:
SF:components/ProfileTasks.js
FN:6,ProfileTasks
FN:17,(anonymous_1)
FN:25,(anonymous_2)
FNF:3
FNH:2
FNDA:3,ProfileTasks
FNDA:4,(anonymous_1)
FNDA:0,(anonymous_2)
DA:7,3
DA:18,4
DA:26,0
DA:27,0
DA:28,0
DA:55,2
LF:6
LH:3
BRDA:26,0,0,0
BRDA:26,0,1,0
BRDA:35,1,0,1
BRDA:35,1,1,3
BRF:4
BRH:2
end_of_record
TN:
SF:components/TableContents.js
FN:4,TableContents
FN:14,(anonymous_1)
FNF:2
FNH:2
FNDA:4,TableContents
FNDA:5,(anonymous_1)
DA:5,4
DA:6,4
DA:7,4
DA:15,5
DA:40,2
LF:5
LH:5
BRDA:5,0,0,0
BRDA:5,0,1,4
BRDA:11,1,0,4
BRDA:11,1,1,0
BRF:4
BRH:2
end_of_record
TN:
SF:components/TopNav.js
FN:5,TopNav
FNF:1
FNH:1
FNDA:5,TopNav
DA:12,5
DA:14,5
DA:61,3
DA:69,3
LF:4
LH:4
BRDA:24,0,0,2
BRDA:24,0,1,3
BRDA:34,1,0,2
BRDA:34,1,1,3
BRDA:40,2,0,0
BRDA:40,2,1,5
BRDA:47,3,0,0
BRDA:47,3,1,0
BRF:8
BRH:5
end_of_record
TN:
SF:components/ViewMoreLessButton.js
FN:8,ViewMoreLessButton
FNF:1
FNH:1
FNDA:5,ViewMoreLessButton
DA:9,5
DA:42,2
LF:2
LH:2
BRDA:19,0,0,5
BRDA:19,0,1,3
BRDA:23,1,0,1
BRDA:23,1,1,4
BRF:4
BRH:4
end_of_record
TN:
SF:components/contact/ContactProvince.js
FN:4,(anonymous_0)
FN:15,(anonymous_1)
FN:18,(anonymous_2)
FNF:3
FNH:1
FNDA:1,(anonymous_0)
FNDA:0,(anonymous_1)
FNDA:0,(anonymous_2)
DA:4,1
DA:5,1
DA:16,0
DA:19,0
LF:4
LH:2
BRF:0
BRH:0
end_of_record
TN:
SF:components/contact/ContactProvinceRow.js
FN:5,(anonymous_0)
FN:9,(anonymous_1)
FN:14,(anonymous_2)
FNF:3
FNH:0
FNDA:0,(anonymous_0)
FNDA:0,(anonymous_1)
FNDA:0,(anonymous_2)
DA:5,1
DA:6,0
DA:9,1
DA:10,0
DA:15,0
LF:5
LH:2
BRDA:6,0,0,0
BRDA:6,0,1,0
BRDA:10,1,0,0
BRDA:10,1,1,0
BRDA:22,2,0,0
BRDA:22,2,1,0
BRF:6
BRH:0
end_of_record
TN:
SF:components/contact/ContactSection.js
FN:4,ContactSection
FN:23,(anonymous_1)
FNF:2
FNH:1
FNDA:5,ContactSection
FNDA:0,(anonymous_1)
DA:5,5
DA:24,0
LF:2
LH:1
BRF:0
BRH:0
end_of_record
TN:
SF:components/contact/ContactSectionRow.js
FN:6,ContactSectionRow
FN:41,(anonymous_1)
FNF:2
FNH:1
FNDA:2,ContactSectionRow
FNDA:0,(anonymous_1)
DA:7,2
DA:26,2
DA:27,2
DA:42,0
LF:4
LH:3
BRDA:27,0,0,0
BRDA:27,0,1,2
BRDA:27,1,0,2
BRDA:27,1,1,0
BRDA:31,2,0,0
BRDA:31,2,1,0
BRDA:38,3,0,0
BRDA:38,3,1,0
BRDA:42,4,0,0
BRDA:42,4,1,0
BRDA:50,5,0,0
BRDA:50,5,1,0
BRDA:53,6,0,0
BRDA:53,6,1,0
BRDA:72,7,0,0
BRDA:72,7,1,0
BRF:16
BRH:2
end_of_record
TN:
SF:components/sessionModals/CountDown.js
FN:5,(anonymous_0)
FNF:1
FNH:1
FNDA:1,(anonymous_0)
DA:5,2
DA:6,1
LF:2
LH:2
BRDA:42,0,0,0
BRDA:42,0,1,1
BRDA:42,1,0,1
BRDA:42,1,1,1
BRF:4
BRH:3
end_of_record
TN:
SF:pages/404.js
FN:6,Custom404
FNF:1
FNH:1
FNDA:2,Custom404
DA:7,2
LF:1
LH:1
BRDA:9,0,0,2
BRDA:9,0,1,0
BRDA:13,1,0,0
BRDA:13,1,1,2
BRDA:16,2,0,0
BRDA:16,2,1,2
BRF:6
BRH:3
end_of_record
TN:
SF:pages/500.js
FN:6,Custom500
FNF:1
FNH:1
FNDA:2,Custom500
DA:7,2
LF:1
LH:1
BRDA:9,0,0,2
BRDA:9,0,1,0
BRDA:13,1,0,0
BRDA:13,1,1,2
BRDA:16,2,0,0
BRDA:16,2,1,2
BRF:6
BRH:3
end_of_record
TN:
SF:pages/_app.js
FN:10,MyApp
FNF:1
FNH:0
FNDA:0,MyApp
DA:8,0
DA:16,0
DA:17,0
LF:3
LH:0
BRF:0
BRH:0
end_of_record
TN:
SF:pages/_document.js
FN:3,Document
FNF:1
FNH:0
FNDA:0,Document
DA:4,0
LF:1
LH:0
BRF:0
BRH:0
end_of_record
TN:
SF:pages/decision-reviews.js
FN:19,DecisionReviews
FN:23,(anonymous_1)
FN:25,(anonymous_2)
FN:29,(anonymous_3)
FN:32,(anonymous_4)
FN:93,(anonymous_5)
FN:135,getServerSideProps
FN:142,(anonymous_7)
FN:146,(anonymous_8)
FN:150,(anonymous_9)
FN:160,(anonymous_10)
FN:166,(anonymous_11)
FN:176,(anonymous_12)
FN:179,(anonymous_13)
FNF:14
FNH:5
FNDA:2,DecisionReviews
FNDA:0,(anonymous_1)
FNDA:2,(anonymous_2)
FNDA:2,(anonymous_3)
FNDA:2,(anonymous_4)
FNDA:0,(anonymous_5)
FNDA:1,getServerSideProps
FNDA:0,(anonymous_7)
FNDA:0,(anonymous_8)
FNDA:0,(anonymous_9)
FNDA:0,(anonymous_10)
FNDA:0,(anonymous_11)
FNDA:0,(anonymous_12)
FNDA:0,(anonymous_13)
DA:20,2
DA:23,2
DA:24,2
DA:25,2
DA:29,2
DA:30,2
DA:32,2
DA:33,2
DA:38,2
DA:43,2
DA:44,0
DA:56,2
DA:94,0
DA:95,0
DA:96,0
DA:136,1
DA:139,1
DA:140,1
DA:142,1
DA:143,0
DA:144,0
DA:146,1
DA:147,0
DA:148,0
DA:150,1
DA:151,0
DA:152,0
DA:159,1
DA:161,0
DA:162,0
DA:166,1
DA:167,0
DA:168,0
DA:175,1
DA:177,0
DA:180,0
DA:183,1
DA:204,1
DA:254,1
LF:39
LH:23
BRDA:20,0,0,1
BRDA:20,0,1,1
BRDA:38,1,0,2
BRDA:38,1,1,2
BRDA:38,1,2,2
BRDA:38,1,3,2
BRDA:38,1,4,2
BRDA:43,2,0,0
BRDA:43,2,1,2
BRDA:46,3,0,0
BRDA:46,3,1,0
BRDA:50,4,0,0
BRDA:50,4,1,0
BRDA:94,5,0,0
BRDA:94,5,1,0
BRDA:136,6,0,0
BRDA:136,6,1,1
BRDA:136,7,0,1
BRDA:136,7,1,0
BRDA:175,8,0,1
BRDA:175,8,1,0
BRDA:209,9,0,0
BRDA:209,9,1,1
BRDA:211,10,0,1
BRDA:211,10,1,0
BRDA:217,11,0,0
BRDA:217,11,1,1
BRDA:219,12,0,1
BRDA:219,12,1,0
BRDA:223,13,0,0
BRDA:223,13,1,1
BRDA:225,14,0,1
BRDA:225,14,1,0
BRDA:229,15,0,0
BRDA:229,15,1,1
BRDA:231,16,0,1
BRDA:231,16,1,0
BRDA:235,17,0,0
BRDA:235,17,1,1
BRDA:237,18,0,1
BRDA:237,18,1,1
BRDA:239,19,0,0
BRDA:239,19,1,1
BRDA:241,20,0,1
BRDA:241,20,1,0
BRDA:245,21,0,0
BRDA:245,21,1,1
BRDA:247,22,0,1
BRDA:247,22,1,0
BRF:49
BRH:26
end_of_record
TN:
SF:pages/index.js
FN:5,Index
FN:77,PageLayout
FN:81,getServerSideProps
FNF:3
FNH:2
FNDA:1,Index
FNDA:0,PageLayout
FNDA:1,getServerSideProps
DA:6,1
DA:77,1
DA:78,0
DA:83,1
DA:104,1
LF:5
LH:4
BRF:0
BRH:0
end_of_record
TN:
SF:pages/my-dashboard.js
FN:21,MyDashboard
FN:26,(anonymous_1)
FN:28,(anonymous_2)
FN:32,(anonymous_3)
FN:35,(anonymous_4)
FN:71,(anonymous_5)
FN:97,(anonymous_6)
FN:118,getServerSideProps
FN:125,(anonymous_8)
FN:129,(anonymous_9)
FN:133,(anonymous_10)
FN:139,(anonymous_11)
FN:145,(anonymous_12)
FNF:13
FNH:6
FNDA:3,MyDashboard
FNDA:0,(anonymous_1)
FNDA:3,(anonymous_2)
FNDA:3,(anonymous_3)
FNDA:3,(anonymous_4)
FNDA:3,(anonymous_5)
FNDA:0,(anonymous_6)
FNDA:1,getServerSideProps
FNDA:0,(anonymous_8)
FNDA:0,(anonymous_9)
FNDA:0,(anonymous_10)
FNDA:0,(anonymous_11)
FNDA:0,(anonymous_12)
DA:26,3
DA:27,3
DA:28,3
DA:32,3
DA:33,3
DA:35,3
DA:36,3
DA:41,3
DA:46,3
DA:47,0
DA:63,3
DA:72,3
DA:73,3
DA:74,3
DA:98,0
DA:119,1
DA:122,1
DA:123,1
DA:125,1
DA:126,0
DA:127,0
DA:129,1
DA:130,0
DA:131,0
DA:133,1
DA:134,0
DA:135,0
DA:138,1
DA:140,0
DA:141,0
DA:145,1
DA:146,0
DA:147,0
DA:150,1
DA:151,0
DA:158,1
DA:179,1
DA:228,1
LF:38
LH:25
BRDA:41,0,0,3
BRDA:41,0,1,3
BRDA:41,0,2,3
BRDA:41,0,3,3
BRDA:41,0,4,3
BRDA:46,1,0,0
BRDA:46,1,1,3
BRDA:49,2,0,0
BRDA:49,2,1,0
BRDA:53,3,0,0
BRDA:53,3,1,0
BRDA:56,4,0,0
BRDA:56,4,1,0
BRDA:119,5,0,0
BRDA:119,5,1,1
BRDA:119,6,0,1
BRDA:119,6,1,0
BRDA:150,7,0,0
BRDA:150,7,1,1
BRDA:184,8,0,0
BRDA:184,8,1,1
BRDA:186,9,0,1
BRDA:186,9,1,0
BRDA:191,10,0,0
BRDA:191,10,1,1
BRDA:193,11,0,1
BRDA:193,11,1,0
BRDA:197,12,0,0
BRDA:197,12,1,1
BRDA:199,13,0,1
BRDA:199,13,1,0
BRDA:203,14,0,0
BRDA:203,14,1,1
BRDA:205,15,0,1
BRDA:205,15,1,0
BRDA:209,16,0,0
BRDA:209,16,1,1
BRDA:211,17,0,1
BRDA:211,17,1,1
BRDA:213,18,0,0
BRDA:213,18,1,1
BRDA:215,19,0,1
BRDA:215,19,1,0
BRDA:219,20,0,0
BRDA:219,20,1,1
BRDA:221,21,0,1
BRDA:221,21,1,0
BRF:47
BRH:24
end_of_record
TN:
SF:pages/privacy-notice-terms-conditions.js
FN:21,PrivacyCondition
FN:25,(anonymous_1)
FN:27,(anonymous_2)
FN:31,(anonymous_3)
FN:34,(anonymous_4)
FN:192,getServerSideProps
FN:199,(anonymous_6)
FN:203,(anonymous_7)
FN:207,(anonymous_8)
FN:217,(anonymous_9)
FN:223,(anonymous_10)
FN:247,(anonymous_11)
FN:250,(anonymous_12)
FNF:13
FNH:5
FNDA:2,PrivacyCondition
FNDA:0,(anonymous_1)
FNDA:2,(anonymous_2)
FNDA:2,(anonymous_3)
FNDA:2,(anonymous_4)
FNDA:1,getServerSideProps
FNDA:0,(anonymous_6)
FNDA:0,(anonymous_7)
FNDA:0,(anonymous_8)
FNDA:0,(anonymous_9)
FNDA:0,(anonymous_10)
FNDA:0,(anonymous_11)
FNDA:0,(anonymous_12)
DA:22,2
DA:25,2
DA:26,2
DA:27,2
DA:31,2
DA:32,2
DA:34,2
DA:35,2
DA:40,2
DA:45,2
DA:46,0
DA:65,2
DA:67,2
DA:73,2
DA:193,1
DA:196,1
DA:197,1
DA:199,1
DA:200,0
DA:201,0
DA:203,1
DA:204,0
DA:205,0
DA:207,1
DA:208,0
DA:209,0
DA:216,1
DA:218,0
DA:219,0
DA:223,1
DA:224,0
DA:225,0
DA:246,1
DA:248,0
DA:251,0
DA:254,1
DA:275,1
DA:325,1
LF:38
LH:25
BRDA:22,0,0,1
BRDA:22,0,1,1
BRDA:40,1,0,2
BRDA:40,1,1,2
BRDA:40,1,2,2
BRDA:40,1,3,2
BRDA:40,1,4,2
BRDA:45,2,0,0
BRDA:45,2,1,2
BRDA:48,3,0,0
BRDA:48,3,1,0
BRDA:52,4,0,0
BRDA:52,4,1,0
BRDA:57,5,0,0
BRDA:57,5,1,0
BRDA:68,6,0,1
BRDA:68,6,1,1
BRDA:193,7,0,0
BRDA:193,7,1,1
BRDA:193,8,0,1
BRDA:193,8,1,0
BRDA:246,9,0,1
BRDA:246,9,1,0
BRDA:280,10,0,0
BRDA:280,10,1,1
BRDA:282,11,0,1
BRDA:282,11,1,0
BRDA:288,12,0,0
BRDA:288,12,1,1
BRDA:290,13,0,1
BRDA:290,13,1,0
BRDA:294,14,0,0
BRDA:294,14,1,1
BRDA:296,15,0,1
BRDA:296,15,1,0
BRDA:300,16,0,0
BRDA:300,16,1,1
BRDA:302,17,0,1
BRDA:302,17,1,0
BRDA:306,18,0,0
BRDA:306,18,1,1
BRDA:308,19,0,1
BRDA:308,19,1,1
BRDA:310,20,0,0
BRDA:310,20,1,1
BRDA:312,21,0,1
BRDA:312,21,1,0
BRDA:316,22,0,0
BRDA:316,22,1,1
BRDA:318,23,0,1
BRDA:318,23,1,0
BRF:51
BRH:28
end_of_record
TN:
SF:pages/profile.js
FN:19,Profile
FN:24,(anonymous_1)
FN:26,(anonymous_2)
FN:30,(anonymous_3)
FN:33,(anonymous_4)
FN:42,(anonymous_5)
FN:74,getServerSideProps
FN:81,(anonymous_7)
FN:85,(anonymous_8)
FN:89,(anonymous_9)
FN:99,(anonymous_10)
FN:105,(anonymous_11)
FN:117,(anonymous_12)
FN:120,(anonymous_13)
FNF:14
FNH:6
FNDA:2,Profile
FNDA:0,(anonymous_1)
FNDA:2,(anonymous_2)
FNDA:2,(anonymous_3)
FNDA:2,(anonymous_4)
FNDA:2,(anonymous_5)
FNDA:1,getServerSideProps
FNDA:0,(anonymous_7)
FNDA:0,(anonymous_8)
FNDA:0,(anonymous_9)
FNDA:0,(anonymous_10)
FNDA:0,(anonymous_11)
FNDA:0,(anonymous_12)
FNDA:0,(anonymous_13)
DA:24,2
DA:25,2
DA:26,2
DA:30,2
DA:31,2
DA:33,2
DA:34,2
DA:38,2
DA:43,2
DA:75,1
DA:78,1
DA:79,1
DA:81,1
DA:82,0
DA:83,0
DA:85,1
DA:86,0
DA:87,0
DA:89,1
DA:90,0
DA:91,0
DA:98,1
DA:100,0
DA:101,0
DA:105,1
DA:106,0
DA:107,0
DA:113,1
DA:116,1
DA:118,0
DA:121,0
DA:125,1
DA:146,1
DA:196,1
LF:34
LH:22
BRDA:75,0,0,0
BRDA:75,0,1,1
BRDA:75,1,0,1
BRDA:75,1,1,0
BRDA:113,2,0,1
BRDA:113,2,1,0
BRDA:116,3,0,1
BRDA:116,3,1,0
BRDA:151,4,0,0
BRDA:151,4,1,1
BRDA:153,5,0,1
BRDA:153,5,1,0
BRDA:159,6,0,0
BRDA:159,6,1,1
BRDA:161,7,0,1
BRDA:161,7,1,0
BRDA:165,8,0,0
BRDA:165,8,1,1
BRDA:167,9,0,1
BRDA:167,9,1,0
BRDA:171,10,0,0
BRDA:171,10,1,1
BRDA:173,11,0,1
BRDA:173,11,1,0
BRDA:177,12,0,0
BRDA:177,12,1,1
BRDA:179,13,0,1
BRDA:179,13,1,1
BRDA:181,14,0,0
BRDA:181,14,1,1
BRDA:183,15,0,1
BRDA:183,15,1,0
BRDA:187,16,0,0
BRDA:187,16,1,1
BRDA:189,17,0,1
BRDA:189,17,1,0
BRF:36
BRH:19
end_of_record
TN:
SF:pages/security-settings.js
FN:17,SecuritySettings
FN:21,(anonymous_1)
FN:23,(anonymous_2)
FN:27,(anonymous_3)
FN:30,(anonymous_4)
FN:70,getServerSideProps
FN:77,(anonymous_6)
FN:81,(anonymous_7)
FN:85,(anonymous_8)
FN:91,(anonymous_9)
FN:97,(anonymous_10)
FN:120,(anonymous_11)
FN:123,(anonymous_12)
FNF:13
FNH:5
FNDA:3,SecuritySettings
FNDA:0,(anonymous_1)
FNDA:3,(anonymous_2)
FNDA:3,(anonymous_3)
FNDA:3,(anonymous_4)
FNDA:1,getServerSideProps
FNDA:0,(anonymous_6)
FNDA:0,(anonymous_7)
FNDA:0,(anonymous_8)
FNDA:0,(anonymous_9)
FNDA:0,(anonymous_10)
FNDA:0,(anonymous_11)
FNDA:0,(anonymous_12)
DA:18,3
DA:21,3
DA:22,3
DA:23,3
DA:27,3
DA:28,3
DA:30,3
DA:31,3
DA:34,3
DA:71,1
DA:74,1
DA:75,1
DA:77,1
DA:78,0
DA:79,0
DA:81,1
DA:82,0
DA:83,0
DA:85,1
DA:86,0
DA:87,0
DA:90,1
DA:92,0
DA:93,0
DA:97,1
DA:98,0
DA:99,0
DA:116,1
DA:119,1
DA:121,0
DA:124,0
DA:128,1
DA:149,1
DA:199,1
LF:34
LH:22
BRDA:18,0,0,2
BRDA:18,0,1,1
BRDA:71,1,0,0
BRDA:71,1,1,1
BRDA:71,2,0,1
BRDA:71,2,1,0
BRDA:116,3,0,1
BRDA:116,3,1,0
BRDA:119,4,0,1
BRDA:119,4,1,0
BRDA:154,5,0,0
BRDA:154,5,1,1
BRDA:156,6,0,1
BRDA:156,6,1,0
BRDA:162,7,0,0
BRDA:162,7,1,1
BRDA:164,8,0,1
BRDA:164,8,1,0
BRDA:168,9,0,0
BRDA:168,9,1,1
BRDA:170,10,0,1
BRDA:170,10,1,0
BRDA:174,11,0,0
BRDA:174,11,1,1
BRDA:176,12,0,1
BRDA:176,12,1,0
BRDA:180,13,0,0
BRDA:180,13,1,1
BRDA:182,14,0,1
BRDA:182,14,1,1
BRDA:184,15,0,0
BRDA:184,15,1,1
BRDA:186,16,0,1
BRDA:186,16,1,0
BRDA:190,17,0,0
BRDA:190,17,1,1
BRDA:192,18,0,1
BRDA:192,18,1,0
BRF:38
BRH:21
end_of_record
TN:
SF:pages/api/metrics.js
FNF:0
FNH:0
LF:0
LH:0
BRF:0
BRH:0
end_of_record
TN:
SF:pages/api/refresh-msca.js
FN:13,handler
FNF:1
FNH:0
FNDA:0,handler
DA:10,0
DA:11,0
DA:14,0
DA:16,0
DA:18,0
DA:19,0
DA:20,0
DA:22,0
DA:23,0
DA:27,0
DA:28,0
DA:32,0
LF:12
LH:0
BRDA:14,0,0,0
BRDA:14,0,1,0
BRDA:16,1,0,0
BRDA:16,1,1,0
BRDA:19,2,0,0
BRDA:19,2,1,0
BRF:6
BRH:0
end_of_record
TN:
SF:pages/api/auth/[...nextauth].js
FN:40,(anonymous_0)
FN:52,(anonymous_1)
FN:55,(anonymous_2)
FN:65,(anonymous_3)
FN:69,(anonymous_4)
FNF:5
FNH:0
FNDA:0,(anonymous_0)
FNDA:0,(anonymous_1)
FNDA:0,(anonymous_2)
FNDA:0,(anonymous_3)
FNDA:0,(anonymous_4)
DA:6,0
DA:7,0
DA:41,0
DA:53,0
DA:57,0
DA:59,0
DA:61,0
DA:66,0
DA:67,0
DA:70,0
LF:10
LH:0
BRDA:57,0,0,0
BRDA:57,0,1,0
BRDA:59,1,0,0
BRDA:59,1,1,0
BRF:4
BRH:0
end_of_record
TN:
SF:pages/auth/login.js
FN:8,Login
FN:12,(anonymous_1)
FN:17,(anonymous_2)
FN:43,PageLayout
FN:47,getServerSideProps
FNF:5
FNH:2
FNDA:1,Login
FNDA:1,(anonymous_1)
FNDA:0,(anonymous_2)
FNDA:0,PageLayout
FNDA:0,getServerSideProps
DA:9,1
DA:12,1
DA:13,1
DA:14,0
DA:16,0
DA:17,0
DA:18,0
DA:20,0
DA:22,0
DA:28,1
DA:43,1
DA:44,0
DA:49,0
DA:52,0
DA:73,0
LF:15
LH:5
BRDA:13,0,0,1
BRDA:13,0,1,0
BRDA:14,1,0,0
BRDA:14,1,1,0
BRDA:16,2,0,0
BRDA:16,2,1,0
BRDA:49,3,0,0
BRDA:49,3,1,0
BRDA:77,4,0,0
BRDA:77,4,1,0
BRF:10
BRH:1
end_of_record
TN:
SF:pages/auth/logout.js
FN:8,Logout
FN:10,(anonymous_1)
FN:11,(anonymous_2)
FN:33,PageLayout
FN:37,getServerSideProps
FN:43,(anonymous_5)
FNF:6
FNH:3
FNDA:1,Logout
FNDA:1,(anonymous_1)
FNDA:1,(anonymous_2)
FNDA:0,PageLayout
FNDA:0,getServerSideProps
FNDA:0,(anonymous_5)
DA:10,1
DA:11,1
DA:12,1
DA:13,0
DA:15,1
DA:18,1
DA:33,1
DA:34,0
DA:39,0
DA:40,0
DA:42,0
DA:44,0
DA:45,0
DA:46,0
DA:51,0
DA:72,0
LF:16
LH:6
BRDA:42,0,0,0
BRDA:42,0,1,0
BRDA:76,1,0,0
BRDA:76,1,1,0
BRF:4
BRH:0
end_of_record
TN:
SF:pages/contact-us/[id].js
FN:20,ContactUsPage
FN:25,(anonymous_1)
FN:27,(anonymous_2)
FN:31,(anonymous_3)
FN:34,(anonymous_4)
FN:54,(anonymous_5)
FN:60,(anonymous_6)
FN:73,getServerSideProps
FN:80,(anonymous_8)
FN:84,(anonymous_9)
FN:94,(anonymous_10)
FN:100,(anonymous_11)
FN:127,(anonymous_12)
FN:149,(anonymous_13)
FN:152,(anonymous_14)
FNF:15
FNH:7
FNDA:3,ContactUsPage
FNDA:0,(anonymous_1)
FNDA:3,(anonymous_2)
FNDA:3,(anonymous_3)
FNDA:3,(anonymous_4)
FNDA:3,(anonymous_5)
FNDA:3,(anonymous_6)
FNDA:1,getServerSideProps
FNDA:0,(anonymous_8)
FNDA:0,(anonymous_9)
FNDA:0,(anonymous_10)
FNDA:0,(anonymous_11)
FNDA:0,(anonymous_12)
FNDA:0,(anonymous_13)
FNDA:0,(anonymous_14)
DA:25,3
DA:26,3
DA:27,3
DA:31,3
DA:32,3
DA:34,3
DA:35,3
DA:39,3
DA:55,3
DA:61,3
DA:74,1
DA:77,1
DA:78,1
DA:80,1
DA:81,0
DA:82,0
DA:84,1
DA:85,0
DA:86,0
DA:93,1
DA:95,0
DA:96,0
DA:100,1
DA:101,0
DA:102,0
DA:123,1
DA:124,0
DA:127,1
DA:128,0
DA:129,0
DA:133,1
DA:134,0
DA:143,1
DA:148,1
DA:150,0
DA:153,0
DA:157,1
DA:178,1
DA:228,1
LF:39
LH:25
BRDA:49,0,0,3
BRDA:49,0,1,3
BRDA:62,1,0,0
BRDA:62,1,1,3
BRDA:74,2,0,0
BRDA:74,2,1,1
BRDA:74,3,0,1
BRDA:74,3,1,0
BRDA:123,4,0,0
BRDA:123,4,1,1
BRDA:133,5,0,0
BRDA:133,5,1,1
BRDA:143,6,0,1
BRDA:143,6,1,0
BRDA:148,7,0,1
BRDA:148,7,1,0
BRDA:183,8,0,0
BRDA:183,8,1,1
BRDA:185,9,0,1
BRDA:185,9,1,0
BRDA:191,10,0,0
BRDA:191,10,1,1
BRDA:193,11,0,1
BRDA:193,11,1,0
BRDA:197,12,0,0
BRDA:197,12,1,1
BRDA:199,13,0,1
BRDA:199,13,1,0
BRDA:203,14,0,0
BRDA:203,14,1,1
BRDA:205,15,0,1
BRDA:205,15,1,0
BRDA:209,16,0,0
BRDA:209,16,1,1
BRDA:211,17,0,1
BRDA:211,17,1,1
BRDA:213,18,0,0
BRDA:213,18,1,1
BRDA:215,19,0,1
BRDA:215,19,1,0
BRDA:219,20,0,0
BRDA:219,20,1,1
BRDA:221,21,0,1
BRDA:221,21,1,0
BRF:44
BRH:24
end_of_record
TN:
SF:pages/contact-us/index.js
FN:16,ContactLanding
FN:20,(anonymous_1)
FN:22,(anonymous_2)
FN:26,(anonymous_3)
FN:29,(anonymous_4)
FN:41,(anonymous_5)
FN:64,getServerSideProps
FN:71,(anonymous_7)
FN:75,(anonymous_8)
FN:79,(anonymous_9)
FN:89,(anonymous_10)
FN:95,(anonymous_11)
FN:118,(anonymous_12)
FN:121,(anonymous_13)
FNF:14
FNH:0
FNDA:0,ContactLanding
FNDA:0,(anonymous_1)
FNDA:0,(anonymous_2)
FNDA:0,(anonymous_3)
FNDA:0,(anonymous_4)
FNDA:0,(anonymous_5)
FNDA:0,getServerSideProps
FNDA:0,(anonymous_7)
FNDA:0,(anonymous_8)
FNDA:0,(anonymous_9)
FNDA:0,(anonymous_10)
FNDA:0,(anonymous_11)
FNDA:0,(anonymous_12)
FNDA:0,(anonymous_13)
DA:17,0
DA:20,0
DA:21,0
DA:22,0
DA:26,0
DA:27,0
DA:29,0
DA:30,0
DA:34,0
DA:42,0
DA:65,0
DA:68,0
DA:69,0
DA:71,0
DA:72,0
DA:73,0
DA:75,0
DA:76,0
DA:77,0
DA:79,0
DA:80,0
DA:81,0
DA:88,0
DA:90,0
DA:91,0
DA:95,0
DA:96,0
DA:97,0
DA:114,0
DA:117,0
DA:119,0
DA:122,0
DA:126,0
DA:147,0
DA:197,0
LF:35
LH:0
BRDA:17,0,0,0
BRDA:17,0,1,0
BRDA:65,1,0,0
BRDA:65,1,1,0
BRDA:65,2,0,0
BRDA:65,2,1,0
BRDA:114,3,0,0
BRDA:114,3,1,0
BRDA:117,4,0,0
BRDA:117,4,1,0
BRDA:152,5,0,0
BRDA:152,5,1,0
BRDA:154,6,0,0
BRDA:154,6,1,0
BRDA:160,7,0,0
BRDA:160,7,1,0
BRDA:162,8,0,0
BRDA:162,8,1,0
BRDA:166,9,0,0
BRDA:166,9,1,0
BRDA:168,10,0,0
BRDA:168,10,1,0
BRDA:172,11,0,0
BRDA:172,11,1,0
BRDA:174,12,0,0
BRDA:174,12,1,0
BRDA:178,13,0,0
BRDA:178,13,1,0
BRDA:180,14,0,0
BRDA:180,14,1,0
BRDA:182,15,0,0
BRDA:182,15,1,0
BRDA:184,16,0,0
BRDA:184,16,1,0
BRDA:188,17,0,0
BRDA:188,17,1,0
BRDA:190,18,0,0
BRDA:190,18,1,0
BRF:38
BRH:0
end_of_record
