TN:
SF:components/BackToButton.tsx
FN:11,(anonymous_2)
FNF:1
FNH:1
FNDA:7,(anonymous_2)
DA:1,3
DA:11,3
DA:34,7
LF:3
LH:3
BRDA:15,0,0,0
BRDA:16,1,0,0
BRF:2
BRH:0
end_of_record
TN:
SF:components/BenefitTasks.tsx
FN:26,(anonymous_2)
FN:56,(anonymous_3)
FNF:2
FNH:2
FNDA:2,(anonymous_2)
FNDA:2,(anonymous_3)
DA:1,2
DA:2,2
DA:3,2
DA:26,2
DA:33,2
DA:57,2
DA:105,2
LF:7
LH:7
BRDA:30,0,0,0
BRDA:31,1,0,0
BRDA:66,2,0,0
BRDA:66,2,1,2
BRDA:67,3,0,0
BRDA:67,3,1,0
BRDA:75,4,0,0
BRDA:75,4,1,2
BRDA:78,5,0,0
BRDA:78,5,1,2
BRDA:88,6,0,0
BRDA:88,6,1,2
BRF:12
BRH:4
end_of_record
TN:
SF:components/Breadcrumb.tsx
FN:16,(anonymous_2)
FN:25,(anonymous_3)
FNF:2
FNH:2
FNDA:6,(anonymous_2)
FNDA:21,(anonymous_3)
DA:1,3
DA:2,3
DA:3,3
DA:16,3
DA:26,21
DA:53,6
LF:6
LH:6
BRDA:19,0,0,0
BRDA:24,1,0,6
BRDA:24,1,1,0
BRDA:28,2,0,21
BRF:4
BRH:2
end_of_record
TN:
SF:components/Button.tsx
FN:21,(anonymous_2)
FN:30,(anonymous_3)
FNF:2
FNH:1
FNDA:13,(anonymous_2)
FNDA:0,(anonymous_3)
DA:2,5
DA:21,5
DA:38,13
DA:40,13
DA:42,13
DA:44,13
DA:46,13
DA:49,13
DA:139,15
LF:9
LH:9
BRDA:22,0,0,0
BRDA:23,1,0,1
BRDA:24,2,0,3
BRDA:26,3,0,13
BRDA:28,4,0,8
BRDA:30,5,0,8
BRDA:35,6,0,9
BRDA:49,7,0,6
BRDA:49,7,1,7
BRDA:51,8,0,2
BRDA:51,8,1,5
BRDA:53,9,0,2
BRDA:53,9,1,3
BRDA:55,10,0,0
BRDA:55,10,1,3
BRDA:57,11,0,3
BRDA:57,11,1,0
BRDA:62,12,0,10
BRDA:64,13,0,0
BRDA:64,13,1,10
BRDA:74,14,0,0
BRDA:74,14,1,10
BRDA:74,15,0,10
BRDA:74,15,1,0
BRDA:87,16,0,0
BRDA:87,16,1,10
BRDA:87,17,0,10
BRDA:87,17,1,0
BRDA:103,18,0,0
BRDA:103,18,1,3
BRDA:104,19,0,3
BRDA:104,19,1,0
BRDA:106,20,0,0
BRDA:106,20,1,0
BRDA:114,21,0,0
BRDA:114,21,1,3
BRDA:114,22,0,3
BRDA:114,22,1,0
BRDA:125,23,0,0
BRDA:125,23,1,3
BRDA:125,24,0,3
BRDA:125,24,1,0
BRF:42
BRH:26
end_of_record
TN:
SF:components/Card.tsx
FN:25,(anonymous_2)
FN:47,(anonymous_3)
FN:65,(anonymous_4)
FN:77,(anonymous_5)
FN:95,(anonymous_6)
FN:109,(anonymous_7)
FNF:6
FNH:4
FNDA:2,(anonymous_2)
FNDA:1,(anonymous_3)
FNDA:2,(anonymous_4)
FNDA:2,(anonymous_5)
FNDA:0,(anonymous_6)
FNDA:0,(anonymous_7)
DA:1,1
DA:2,1
DA:3,1
DA:5,1
DA:25,1
DA:42,2
DA:44,2
DA:47,1
DA:49,2
DA:65,2
DA:66,2
DA:68,2
DA:69,2
DA:71,2
DA:77,2
DA:78,2
DA:79,2
DA:96,0
DA:97,0
DA:110,0
DA:111,0
DA:135,2
LF:22
LH:18
BRDA:26,0,0,2
BRDA:66,1,0,2
BRDA:68,2,0,2
BRDA:71,3,0,1
BRDA:71,3,1,1
BRDA:78,4,0,2
BRDA:107,5,0,2
BRDA:119,6,0,0
BRDA:119,6,1,0
BRF:9
BRH:7
end_of_record
TN:
SF:components/Collapse.tsx
FN:11,(anonymous_1)
FNF:1
FNH:1
FNDA:4,(anonymous_1)
DA:2,2
DA:11,2
DA:17,4
DA:44,4
LF:4
LH:4
BRDA:12,0,0,2
BRF:1
BRH:1
end_of_record
TN:
SF:components/ContextualAlert.tsx
FN:20,(anonymous_2)
FNF:1
FNH:1
FNDA:2,(anonymous_2)
DA:2,2
DA:3,2
DA:4,2
DA:5,2
DA:6,2
DA:7,2
DA:20,2
DA:31,2
DA:40,2
DA:48,2
DA:112,2
LF:11
LH:11
BRDA:31,0,0,0
BRDA:31,0,1,2
BRDA:33,1,0,0
BRDA:33,1,1,2
BRDA:35,2,0,2
BRDA:35,2,1,0
BRDA:40,3,0,0
BRDA:40,3,1,2
BRDA:42,4,0,0
BRDA:42,4,1,2
BRDA:44,5,0,2
BRDA:44,5,1,0
BRDA:48,6,0,0
BRDA:48,6,1,2
BRF:14
BRH:7
end_of_record
TN:
SF:components/Date.tsx
FN:7,(anonymous_1)
FNF:1
FNH:1
FNDA:2,(anonymous_1)
DA:7,1
DA:8,2
DA:27,2
LF:3
LH:3
BRDA:7,0,0,0
BRDA:8,1,0,2
BRDA:8,1,1,0
BRDA:18,2,0,0
BRF:4
BRH:1
end_of_record
TN:
SF:components/ErrorBoundary.tsx
FN:18,(anonymous_2)
FN:23,(anonymous_3)
FN:31,(anonymous_4)
FNF:3
FNH:0
FNDA:0,(anonymous_2)
FNDA:0,(anonymous_3)
FNDA:0,(anonymous_4)
DA:1,0
DA:2,0
DA:3,0
DA:14,0
DA:20,0
DA:25,0
DA:26,0
DA:27,0
DA:28,0
DA:32,0
DA:45,0
DA:49,0
LF:12
LH:0
BRDA:32,0,0,0
BRF:1
BRH:0
end_of_record
TN:
SF:components/ErrorPage.tsx
FN:14,(anonymous_2)
FN:53,(anonymous_3)
FNF:2
FNH:2
FNDA:7,(anonymous_2)
FNDA:7,(anonymous_3)
DA:1,7
DA:2,7
DA:3,7
DA:4,7
DA:14,7
DA:21,7
DA:22,7
DA:23,7
DA:24,0
DA:27,7
DA:33,7
DA:40,7
DA:46,7
DA:54,7
DA:119,7
LF:15
LH:14
BRDA:17,0,0,0
BRDA:18,1,0,3
BRDA:19,2,0,3
BRDA:22,3,0,5
BRDA:22,3,1,2
BRDA:22,4,0,2
BRDA:22,4,1,0
BRDA:23,5,0,0
BRDA:27,6,0,3
BRDA:27,6,1,4
BRDA:29,7,0,3
BRDA:29,7,1,1
BRDA:33,8,0,3
BRDA:33,8,1,4
BRDA:35,9,0,3
BRDA:35,9,1,1
BRDA:40,10,0,3
BRDA:40,10,1,4
BRDA:42,11,0,3
BRDA:42,11,1,1
BRDA:46,12,0,3
BRDA:46,12,1,4
BRDA:48,13,0,3
BRDA:48,13,1,1
BRDA:58,14,0,5
BRDA:58,14,1,2
BRDA:61,15,0,5
BRDA:61,15,1,2
BRDA:71,16,0,3
BRDA:71,16,1,4
BRDA:76,17,0,3
BRDA:76,17,1,4
BRDA:78,18,0,1
BRDA:78,18,1,3
BRDA:86,19,0,0
BRDA:86,19,1,7
BRDA:92,20,0,0
BRDA:92,20,1,7
BRDA:96,21,0,0
BRDA:96,21,1,7
BRDA:98,22,0,0
BRDA:98,22,1,7
BRDA:100,23,0,3
BRDA:100,23,1,4
BRF:44
BRH:37
end_of_record
TN:
SF:components/Footer.tsx
FN:26,(anonymous_2)
FN:36,(anonymous_3)
FN:94,(anonymous_4)
FNF:3
FNH:2
FNDA:2,(anonymous_2)
FNDA:0,(anonymous_3)
FNDA:3,(anonymous_4)
DA:1,2
DA:2,2
DA:3,2
DA:4,2
DA:5,2
DA:6,2
DA:7,2
DA:26,2
DA:42,2
DA:95,3
DA:151,2
LF:11
LH:11
BRDA:27,0,0,0
BRDA:28,1,0,0
BRDA:30,2,0,2
BRDA:31,3,0,0
BRDA:32,4,0,1
BRDA:42,5,0,2
BRDA:42,5,1,0
BRDA:70,6,0,0
BRDA:70,6,1,2
BRDA:74,7,0,0
BRDA:99,8,0,2
BRDA:99,8,1,1
BRDA:130,9,0,0
BRDA:130,9,1,2
BRDA:135,10,0,0
BRDA:135,10,1,2
BRF:16
BRH:8
end_of_record
TN:
SF:components/Header.tsx
FN:53,(anonymous_2)
FN:58,(anonymous_3)
FN:63,(anonymous_4)
FN:71,(anonymous_5)
FN:79,(anonymous_6)
FN:87,(anonymous_7)
FNF:6
FNH:1
FNDA:2,(anonymous_2)
FNDA:0,(anonymous_3)
FNDA:0,(anonymous_4)
FNDA:0,(anonymous_5)
FNDA:0,(anonymous_6)
FNDA:0,(anonymous_7)
DA:1,2
DA:2,2
DA:3,2
DA:4,2
DA:5,2
DA:6,2
DA:7,2
DA:53,2
DA:170,2
LF:9
LH:9
BRDA:54,0,0,0
BRDA:55,1,0,0
BRDA:57,2,0,0
BRDA:95,3,0,0
BRDA:96,4,0,0
BRDA:120,5,0,2
BRDA:120,5,1,0
BRDA:124,6,0,2
BRDA:124,6,1,0
BRDA:126,7,0,2
BRDA:126,7,1,0
BRDA:139,8,0,2
BRDA:139,8,1,0
BRF:13
BRH:4
end_of_record
TN:
SF:components/Heading.tsx
FN:10,(anonymous_1)
FNF:1
FNH:1
FNDA:20,(anonymous_1)
DA:10,9
DA:43,21
LF:2
LH:2
BRDA:15,0,0,0
BRDA:28,1,0,20
BRDA:28,1,1,2
BRF:3
BRH:2
end_of_record
TN:
SF:components/IdleTimeout.tsx
FN:19,(anonymous_2)
FN:34,(anonymous_3)
FN:38,(anonymous_4)
FN:45,(anonymous_5)
FN:50,(anonymous_6)
FN:56,(anonymous_7)
FNF:6
FNH:4
FNDA:3,(anonymous_2)
FNDA:0,(anonymous_3)
FNDA:0,(anonymous_4)
FNDA:1,(anonymous_5)
FNDA:1,(anonymous_6)
FNDA:1,(anonymous_7)
DA:1,2
DA:2,2
DA:3,2
DA:4,2
DA:5,2
DA:6,2
DA:7,2
DA:8,2
DA:9,2
DA:10,2
DA:19,2
DA:25,3
DA:26,3
DA:27,3
DA:31,3
DA:32,3
DA:34,3
DA:35,0
DA:38,3
DA:39,0
DA:40,0
DA:43,3
DA:45,1
DA:50,3
DA:51,1
DA:52,1
DA:53,1
DA:56,3
DA:57,1
DA:141,2
LF:30
LH:27
BRDA:23,0,0,0
BRDA:31,1,0,3
BRDA:31,1,1,0
BRDA:46,2,0,3
BRDA:46,2,1,0
BRDA:47,3,0,3
BRDA:47,3,1,0
BRF:7
BRH:3
end_of_record
TN:
SF:components/InfoMessage.tsx
FN:14,(anonymous_1)
FNF:1
FNH:1
FNDA:6,(anonymous_1)
DA:1,2
DA:2,2
DA:14,2
DA:75,6
LF:4
LH:4
BRDA:16,0,0,1
BRDA:19,1,0,1
BRDA:21,2,0,2
BRDA:56,3,0,6
BRDA:56,3,1,0
BRDA:57,4,0,1
BRDA:57,4,1,5
BRF:7
BRH:6
end_of_record
TN:
SF:components/Language.tsx
FN:15,(anonymous_2)
FNF:1
FNH:1
FNDA:7,(anonymous_2)
DA:1,3
DA:15,3
DA:66,7
LF:3
LH:3
BRDA:16,0,0,0
BRDA:18,1,0,0
BRDA:23,2,0,3
BRDA:29,3,0,3
BRDA:34,4,0,3
BRDA:34,4,1,3
BRDA:35,5,0,2
BRDA:35,5,1,1
BRDA:36,6,0,3
BRDA:36,6,1,3
BRDA:36,7,0,2
BRDA:36,7,1,1
BRDA:39,8,0,2
BRDA:39,8,1,1
BRDA:43,9,0,2
BRDA:43,9,1,1
BRDA:51,10,0,4
BRDA:51,10,1,4
BRDA:52,11,0,2
BRDA:52,11,1,2
BRDA:53,12,0,4
BRDA:53,12,1,4
BRDA:56,13,0,2
BRDA:56,13,1,2
BRDA:60,14,0,2
BRDA:60,14,1,2
BRF:26
BRH:24
end_of_record
TN:
SF:components/Layout.tsx
FN:25,Layout
FN:40,(anonymous_3)
FN:45,(anonymous_4)
FN:50,(anonymous_5)
FN:55,(anonymous_6)
FN:64,(anonymous_7)
FN:148,noRefCheck
FN:149,noRefCheck
FNF:8
FNH:0
FNDA:0,Layout
FNDA:0,(anonymous_3)
FNDA:0,(anonymous_4)
FNDA:0,(anonymous_5)
FNDA:0,(anonymous_6)
FNDA:0,(anonymous_7)
FNDA:0,noRefCheck
FNDA:0,noRefCheck
DA:1,1
DA:2,1
DA:3,1
DA:4,1
DA:5,1
DA:6,1
DA:7,1
DA:8,1
DA:9,1
DA:10,1
DA:11,1
DA:12,1
DA:25,0
DA:34,0
DA:35,0
DA:36,0
DA:37,0
DA:39,0
DA:40,0
DA:44,0
DA:45,0
DA:49,0
DA:50,0
DA:55,0
DA:56,0
DA:57,0
DA:59,0
DA:60,0
DA:61,0
DA:64,0
DA:65,0
DA:66,0
LF:32
LH:12
BRDA:26,0,0,0
BRDA:27,1,0,0
BRDA:28,2,0,0
BRDA:34,3,0,0
BRDA:34,3,1,0
BRDA:37,4,0,0
BRDA:37,4,1,0
BRDA:59,5,0,0
BRDA:111,6,0,0
BRDA:111,6,1,0
BRDA:118,7,0,0
BRDA:118,7,1,0
BRDA:125,8,0,0
BRDA:125,8,1,0
BRDA:135,9,0,0
BRDA:135,9,1,0
BRDA:161,10,0,0
BRDA:161,10,1,0
BRDA:169,11,0,0
BRDA:169,11,1,0
BRF:20
BRH:0
end_of_record
TN:
SF:components/LoadingSpinner.tsx
FN:5,(anonymous_1)
FN:24,(anonymous_2)
FNF:2
FNH:2
FNDA:32,(anonymous_1)
FNDA:4,(anonymous_2)
DA:5,3
DA:24,3
DA:47,4
LF:3
LH:3
BRF:0
BRH:0
end_of_record
TN:
SF:components/Menu.tsx
FN:19,(anonymous_2)
FN:27,(anonymous_3)
FN:30,handleClick
FN:39,(anonymous_5)
FN:42,(anonymous_6)
FN:44,handleEsc
FN:50,(anonymous_8)
FN:69,(anonymous_9)
FN:69,(anonymous_10)
FN:118,(anonymous_11)
FN:128,(anonymous_12)
FN:128,(anonymous_13)
FNF:12
FNH:8
FNDA:7,(anonymous_2)
FNDA:7,(anonymous_3)
FNDA:0,handleClick
FNDA:2,(anonymous_5)
FNDA:7,(anonymous_6)
FNDA:0,handleEsc
FNDA:2,(anonymous_8)
FNDA:2,(anonymous_9)
FNDA:2,(anonymous_10)
FNDA:10,(anonymous_11)
FNDA:0,(anonymous_12)
FNDA:0,(anonymous_13)
DA:1,3
DA:2,3
DA:19,3
DA:24,7
DA:25,7
DA:27,7
DA:29,7
DA:31,0
DA:35,0
DA:38,2
DA:39,2
DA:42,7
DA:43,7
DA:45,0
DA:46,0
DA:49,2
DA:50,2
DA:69,2
DA:119,10
DA:128,0
DA:162,5
LF:21
LH:16
BRDA:21,0,0,7
BRDA:29,1,0,5
BRDA:31,2,0,0
BRDA:32,3,0,0
BRDA:32,3,1,0
BRDA:43,4,0,5
BRDA:45,5,0,0
BRDA:58,6,0,0
BRDA:58,6,1,7
BRDA:89,7,0,0
BRDA:89,7,1,7
BRDA:98,8,0,5
BRDA:112,9,0,7
BRDA:123,10,0,2
BRDA:123,10,1,8
BRDA:126,11,0,2
BRDA:126,11,1,8
BRDA:134,12,0,10
BRF:18
BRH:12
end_of_record
TN:
SF:components/MetaData.tsx
FN:23,(anonymous_4)
FN:67,getStaticProps
FNF:2
FNH:1
FNDA:3,(anonymous_4)
FNDA:0,getStaticProps
DA:1,4
DA:23,4
DA:24,3
DA:67,0
DA:68,0
DA:73,4
LF:6
LH:4
BRDA:24,0,0,3
BRDA:24,0,1,0
BRDA:56,1,0,3
BRDA:56,1,1,0
BRF:4
BRH:2
end_of_record
TN:
SF:components/MostReqTasks.tsx
FN:26,(anonymous_2)
FN:59,(anonymous_3)
FN:112,(anonymous_4)
FNF:3
FNH:0
FNDA:0,(anonymous_2)
FNDA:0,(anonymous_3)
FNDA:0,(anonymous_4)
DA:1,1
DA:2,1
DA:3,1
DA:26,1
DA:43,0
DA:60,0
DA:113,0
DA:165,4
LF:8
LH:5
BRDA:27,0,0,0
BRDA:29,1,0,0
BRDA:40,2,0,0
BRDA:55,3,0,0
BRDA:69,4,0,0
BRDA:69,4,1,0
BRDA:70,5,0,0
BRDA:70,5,1,0
BRDA:78,6,0,0
BRDA:78,6,1,0
BRDA:83,7,0,0
BRDA:83,7,1,0
BRDA:93,8,0,0
BRDA:93,8,1,0
BRDA:122,9,0,0
BRDA:122,9,1,0
BRDA:123,10,0,0
BRDA:123,10,1,0
BRDA:131,11,0,0
BRDA:131,11,1,0
BRDA:136,12,0,0
BRDA:136,12,1,0
BRDA:146,13,0,0
BRDA:146,13,1,0
BRF:24
BRH:0
end_of_record
TN:
SF:components/PageLink.tsx
FN:16,(anonymous_2)
FNF:1
FNH:1
FNDA:7,(anonymous_2)
DA:1,3
DA:2,3
DA:16,3
DA:28,7
DA:63,7
LF:5
LH:5
BRDA:20,0,0,0
BRDA:22,1,0,0
BRDA:25,2,0,5
BRF:3
BRH:1
end_of_record
TN:
SF:components/ProfileTasks.tsx
FN:19,(anonymous_2)
FN:47,(anonymous_3)
FNF:2
FNH:2
FNDA:3,(anonymous_2)
FNDA:4,(anonymous_3)
DA:1,2
DA:19,2
DA:48,4
DA:73,3
LF:4
LH:4
BRDA:22,0,0,0
BRDA:31,1,0,3
BRF:2
BRH:1
end_of_record
TN:
SF:components/TableContents.tsx
FN:14,(anonymous_2)
FN:23,(anonymous_3)
FNF:2
FNH:2
FNDA:1,(anonymous_2)
FNDA:2,(anonymous_3)
DA:1,1
DA:14,1
DA:15,1
DA:24,2
DA:49,1
LF:5
LH:5
BRDA:15,0,0,0
BRDA:15,0,1,1
BRDA:20,1,0,1
BRDA:20,1,1,0
BRF:4
BRH:2
end_of_record
TN:
SF:components/TopNav.tsx
FN:9,(anonymous_1)
FNF:1
FNH:1
FNDA:5,(anonymous_1)
DA:9,5
LF:1
LH:1
BRDA:10,0,0,0
BRDA:11,1,0,0
BRDA:12,2,0,0
BRDA:13,3,0,0
BRDA:14,4,0,0
BRDA:26,5,0,2
BRDA:26,5,1,3
BRDA:36,6,0,2
BRDA:36,6,1,3
BRDA:42,7,0,0
BRDA:42,7,1,5
BRDA:49,8,0,0
BRDA:49,8,1,0
BRF:13
BRH:5
end_of_record
TN:
SF:components/ViewMoreLessButton.tsx
FN:21,(anonymous_1)
FNF:1
FNH:1
FNDA:5,(anonymous_1)
DA:1,2
DA:5,2
DA:21,2
DA:67,5
LF:4
LH:4
BRDA:25,0,0,0
BRDA:30,1,0,3
BRDA:31,2,0,5
BRDA:32,3,0,5
BRDA:47,4,0,2
BRDA:47,4,1,3
BRDA:51,5,0,1
BRF:7
BRH:6
end_of_record
TN:
SF:components/contact/ContactProvince.tsx
FN:14,(anonymous_2)
FN:30,(anonymous_3)
FN:33,(anonymous_4)
FNF:3
FNH:2
FNDA:2,(anonymous_2)
FNDA:0,(anonymous_3)
FNDA:2,(anonymous_4)
DA:1,1
DA:5,1
DA:14,2
DA:31,0
DA:34,2
LF:5
LH:4
BRDA:17,0,0,0
BRF:1
BRH:0
end_of_record
TN:
SF:components/contact/ContactProvinceRow.tsx
FN:22,(anonymous_2)
FN:26,(anonymous_3)
FN:39,(anonymous_4)
FNF:3
FNH:3
FNDA:20,(anonymous_2)
FNDA:2,(anonymous_3)
FNDA:2,(anonymous_4)
DA:1,1
DA:2,1
DA:22,1
DA:23,20
DA:26,2
DA:31,2
DA:40,2
LF:7
LH:7
BRDA:23,0,0,20
BRDA:23,0,1,0
BRDA:29,1,0,0
BRDA:32,2,0,2
BRDA:32,2,1,2
BRF:5
BRH:3
end_of_record
TN:
SF:components/contact/ContactSection.tsx
FN:29,(anonymous_2)
FN:53,(anonymous_3)
FNF:2
FNH:1
FNDA:2,(anonymous_2)
FNDA:0,(anonymous_3)
DA:1,1
DA:2,1
DA:3,1
DA:29,2
DA:55,0
DA:57,0
LF:6
LH:4
BRDA:33,0,0,0
BRDA:55,1,0,0
BRDA:55,1,1,0
BRF:3
BRH:0
end_of_record
TN:
SF:components/contact/ContactSectionRow.tsx
FN:25,(anonymous_2)
FN:59,(anonymous_3)
FNF:2
FNH:2
FNDA:2,(anonymous_2)
FNDA:2,(anonymous_3)
DA:1,2
DA:2,2
DA:3,2
DA:4,2
DA:25,2
DA:36,2
DA:37,2
DA:60,2
LF:8
LH:8
BRDA:33,0,0,0
BRDA:34,1,0,0
BRDA:36,2,0,0
BRDA:36,2,1,2
BRDA:49,3,0,2
BRDA:49,3,1,0
BRDA:56,4,0,2
BRDA:56,4,1,0
BRDA:63,5,0,2
BRDA:70,6,0,0
BRDA:70,6,1,2
BRDA:70,7,0,2
BRDA:70,7,1,2
BRDA:71,8,0,0
BRDA:71,8,1,0
BRDA:77,9,0,0
BRDA:77,9,1,2
BRDA:77,10,0,2
BRDA:77,10,1,2
BRDA:82,11,0,0
BRDA:82,11,1,2
BRDA:82,12,0,2
BRDA:82,12,1,2
BRDA:98,13,0,0
BRDA:105,14,0,0
BRF:25
BRH:13
end_of_record
TN:
SF:pages/404.tsx
FN:28,(anonymous_4)
FN:47,(anonymous_5)
FNF:2
FNH:1
FNDA:2,(anonymous_4)
FNDA:0,(anonymous_5)
DA:1,1
DA:2,1
DA:28,1
DA:47,1
DA:49,0
DA:50,0
DA:52,0
DA:54,0
DA:75,0
DA:89,2
LF:10
LH:5
BRDA:35,0,0,0
BRDA:35,0,1,2
BRDA:38,1,0,0
BRDA:38,1,1,2
BRDA:52,2,0,0
BRDA:52,2,1,0
BRDA:78,3,0,0
BRDA:78,3,1,0
BRDA:81,4,0,0
BRDA:81,4,1,0
BRF:10
BRH:2
end_of_record
TN:
SF:pages/500.tsx
FN:28,(anonymous_4)
FN:47,(anonymous_5)
FNF:2
FNH:1
FNDA:2,(anonymous_4)
FNDA:0,(anonymous_5)
DA:1,1
DA:2,1
DA:28,1
DA:47,1
DA:49,0
DA:50,0
DA:52,0
DA:54,0
DA:74,0
DA:88,2
LF:10
LH:5
BRDA:35,0,0,0
BRDA:35,0,1,2
BRDA:38,1,0,0
BRDA:38,1,1,2
BRDA:52,2,0,0
BRDA:52,2,1,0
BRDA:77,3,0,0
BRDA:77,3,1,0
BRDA:80,4,0,0
BRDA:80,4,1,0
BRF:10
BRH:2
end_of_record
TN:
SF:pages/_app.tsx
FN:26,aaPushEvent
FN:39,MyApp
FN:47,(anonymous_4)
FNF:3
FNH:0
FNDA:0,aaPushEvent
FNDA:0,MyApp
FNDA:0,(anonymous_4)
DA:1,0
DA:2,0
DA:3,0
DA:4,0
DA:5,0
DA:6,0
DA:7,0
DA:8,0
DA:11,0
DA:24,0
DA:27,0
DA:28,0
DA:35,0
DA:39,0
DA:47,0
DA:49,0
DA:50,0
DA:51,0
DA:60,0
DA:61,0
LF:20
LH:0
BRDA:27,0,0,0
BRDA:27,0,1,0
BRDA:49,1,0,0
BRF:3
BRH:0
end_of_record
TN:
SF:pages/_document.tsx
FN:4,Document
FNF:1
FNH:0
FNDA:0,Document
DA:1,0
DA:2,0
DA:4,0
LF:3
LH:0
BRDA:16,0,0,0
BRF:1
BRH:0
end_of_record
TN:
SF:pages/decision-reviews.tsx
FN:47,DecisionReviews
FN:141,getServerSideProps
FN:190,(anonymous_6)
FN:197,(anonymous_7)
FN:208,(anonymous_8)
FN:211,(anonymous_9)
FNF:6
FNH:1
FNDA:2,DecisionReviews
FNDA:0,getServerSideProps
FNDA:0,(anonymous_6)
FNDA:0,(anonymous_7)
FNDA:0,(anonymous_8)
FNDA:0,(anonymous_9)
DA:1,1
DA:2,1
DA:6,1
DA:7,1
DA:14,1
DA:15,1
DA:16,1
DA:20,1
DA:21,1
DA:22,1
DA:23,1
DA:47,2
DA:49,2
DA:54,2
DA:141,0
DA:150,0
DA:152,0
DA:153,0
DA:155,0
DA:158,0
DA:159,0
DA:163,0
DA:165,0
DA:166,0
DA:167,0
DA:168,0
DA:169,0
DA:170,0
DA:175,0
DA:176,0
DA:186,0
DA:187,0
DA:189,0
DA:191,0
DA:192,0
DA:196,0
DA:198,0
DA:199,0
DA:207,0
DA:209,0
DA:212,0
DA:215,0
DA:236,0
DA:270,1
LF:44
LH:15
BRDA:49,0,0,2
BRDA:49,0,1,2
BRDA:49,0,2,2
BRDA:49,0,3,2
BRDA:49,0,4,2
BRDA:54,1,0,0
BRDA:57,2,0,0
BRDA:57,2,1,0
BRDA:61,3,0,0
BRDA:61,3,1,0
BRDA:152,4,0,0
BRDA:152,5,0,0
BRDA:152,5,1,0
BRDA:158,6,0,0
BRDA:158,7,0,0
BRDA:158,7,1,0
BRDA:163,8,0,0
BRDA:166,9,0,0
BRDA:166,9,1,0
BRDA:169,10,0,0
BRDA:171,11,0,0
BRDA:171,11,1,0
BRDA:207,12,0,0
BRDA:207,12,1,0
BRDA:241,13,0,0
BRDA:241,13,1,0
BRDA:243,14,0,0
BRDA:243,14,1,0
BRDA:249,15,0,0
BRDA:249,15,1,0
BRDA:253,16,0,0
BRDA:253,16,1,0
BRDA:255,17,0,0
BRDA:255,17,1,0
BRDA:257,18,0,0
BRDA:257,18,1,0
BRDA:261,19,0,0
BRDA:261,19,1,0
BRDA:263,20,0,0
BRDA:263,20,1,0
BRF:40
BRH:5
end_of_record
TN:
SF:pages/index.tsx
FN:24,(anonymous_4)
FN:99,PageLayout
FN:103,(anonymous_6)
FNF:3
FNH:1
FNDA:1,(anonymous_4)
FNDA:0,PageLayout
FNDA:0,(anonymous_6)
DA:1,1
DA:2,1
DA:3,1
DA:24,1
DA:99,1
DA:103,1
DA:105,0
DA:126,0
DA:133,1
LF:9
LH:7
BRF:0
BRH:0
end_of_record
TN:
SF:pages/maintenance.tsx
FN:27,(anonymous_4)
FN:68,(anonymous_5)
FNF:2
FNH:1
FNDA:2,(anonymous_4)
FNDA:0,(anonymous_5)
DA:1,1
DA:2,1
DA:3,1
DA:4,1
DA:27,1
DA:28,2
DA:68,1
DA:72,0
DA:94,0
DA:103,2
LF:10
LH:8
BRDA:28,0,0,1
BRDA:28,0,1,1
BRDA:54,1,0,1
BRDA:54,1,1,1
BRF:4
BRH:4
end_of_record
TN:
SF:pages/my-dashboard.tsx
FN:74,MyDashboard
FN:119,(anonymous_5)
FN:136,(anonymous_6)
FN:163,(anonymous_7)
FN:184,getServerSideProps
FN:233,(anonymous_9)
FN:240,(anonymous_10)
FNF:7
FNH:3
FNDA:4,MyDashboard
FNDA:4,(anonymous_5)
FNDA:4,(anonymous_6)
FNDA:0,(anonymous_7)
FNDA:0,getServerSideProps
FNDA:0,(anonymous_9)
FNDA:0,(anonymous_10)
DA:1,1
DA:2,1
DA:3,1
DA:4,1
DA:5,1
DA:6,1
DA:7,1
DA:11,1
DA:15,1
DA:16,1
DA:23,1
DA:24,1
DA:25,1
DA:26,1
DA:27,1
DA:28,1
DA:29,1
DA:74,4
DA:79,4
DA:84,4
DA:120,4
DA:121,4
DA:137,4
DA:138,4
DA:139,4
DA:164,0
DA:184,0
DA:193,0
DA:195,0
DA:196,0
DA:198,0
DA:201,0
DA:202,0
DA:206,0
DA:208,0
DA:209,0
DA:210,0
DA:211,0
DA:212,0
DA:213,0
DA:218,0
DA:219,0
DA:229,0
DA:230,0
DA:232,0
DA:234,0
DA:235,0
DA:239,0
DA:241,0
DA:242,0
DA:246,0
DA:247,0
DA:254,0
DA:275,0
DA:308,1
LF:55
LH:26
BRDA:79,0,0,4
BRDA:79,0,1,4
BRDA:79,0,2,4
BRDA:79,0,3,4
BRDA:79,0,4,4
BRDA:84,1,0,0
BRDA:91,2,0,0
BRDA:91,2,1,0
BRDA:94,3,0,0
BRDA:94,3,1,0
BRDA:130,4,0,1
BRDA:130,4,1,3
BRDA:195,5,0,0
BRDA:195,6,0,0
BRDA:195,6,1,0
BRDA:201,7,0,0
BRDA:201,8,0,0
BRDA:201,8,1,0
BRDA:206,9,0,0
BRDA:209,10,0,0
BRDA:209,10,1,0
BRDA:212,11,0,0
BRDA:214,12,0,0
BRDA:214,12,1,0
BRDA:246,13,0,0
BRDA:280,14,0,0
BRDA:280,14,1,0
BRDA:282,15,0,0
BRDA:282,15,1,0
BRDA:287,16,0,0
BRDA:287,16,1,0
BRDA:291,17,0,0
BRDA:291,17,1,0
BRDA:293,18,0,0
BRDA:293,18,1,0
BRDA:295,19,0,0
BRDA:295,19,1,0
BRDA:299,20,0,0
BRDA:299,20,1,0
BRDA:301,21,0,0
BRDA:301,21,1,0
BRF:41
BRH:7
end_of_record
TN:
SF:pages/profile.tsx
FN:68,Profile
FN:101,(anonymous_5)
FN:132,getServerSideProps
FN:180,(anonymous_7)
FN:186,(anonymous_8)
FN:199,(anonymous_9)
FN:204,(anonymous_10)
FNF:7
FNH:2
FNDA:2,Profile
FNDA:2,(anonymous_5)
FNDA:0,getServerSideProps
FNDA:0,(anonymous_7)
FNDA:0,(anonymous_8)
FNDA:0,(anonymous_9)
FNDA:0,(anonymous_10)
DA:1,1
DA:2,1
DA:3,1
DA:4,1
DA:5,1
DA:6,1
DA:10,1
DA:11,1
DA:18,1
DA:19,1
DA:20,1
DA:21,1
DA:22,1
DA:23,1
DA:24,1
DA:68,2
DA:73,2
DA:78,2
DA:102,2
DA:132,0
DA:141,0
DA:143,0
DA:144,0
DA:146,0
DA:149,0
DA:150,0
DA:154,0
DA:156,0
DA:157,0
DA:158,0
DA:159,0
DA:160,0
DA:161,0
DA:166,0
DA:167,0
DA:177,0
DA:178,0
DA:180,0
DA:181,0
DA:182,0
DA:185,0
DA:187,0
DA:188,0
DA:195,0
DA:200,0
DA:205,0
DA:210,0
DA:231,0
DA:265,1
LF:49
LH:20
BRDA:73,0,0,2
BRDA:73,0,1,2
BRDA:73,0,2,2
BRDA:73,0,3,2
BRDA:73,0,4,2
BRDA:78,1,0,0
BRDA:81,2,0,0
BRDA:81,2,1,0
BRDA:85,3,0,0
BRDA:85,3,1,0
BRDA:88,4,0,0
BRDA:88,4,1,0
BRDA:143,5,0,0
BRDA:143,6,0,0
BRDA:143,6,1,0
BRDA:149,7,0,0
BRDA:149,8,0,0
BRDA:149,8,1,0
BRDA:154,9,0,0
BRDA:157,10,0,0
BRDA:157,10,1,0
BRDA:160,11,0,0
BRDA:162,12,0,0
BRDA:162,12,1,0
BRDA:195,13,0,0
BRDA:195,13,1,0
BRDA:197,14,0,0
BRDA:197,14,1,0
BRDA:236,15,0,0
BRDA:236,15,1,0
BRDA:238,16,0,0
BRDA:238,16,1,0
BRDA:244,17,0,0
BRDA:244,17,1,0
BRDA:246,18,0,0
BRDA:246,18,1,0
BRDA:248,19,0,0
BRDA:248,19,1,0
BRDA:250,20,0,0
BRDA:250,20,1,0
BRDA:252,21,0,0
BRDA:252,21,1,0
BRDA:256,22,0,0
BRDA:256,22,1,0
BRDA:258,23,0,0
BRDA:258,23,1,0
BRF:46
BRH:5
end_of_record
TN:
SF:pages/security-settings.tsx
FN:47,SecuritySettings
FN:109,getServerSideProps
FN:158,(anonymous_6)
FN:165,(anonymous_7)
FN:177,(anonymous_8)
FN:180,(anonymous_9)
FNF:6
FNH:1
FNDA:3,SecuritySettings
FNDA:0,getServerSideProps
FNDA:0,(anonymous_6)
FNDA:0,(anonymous_7)
FNDA:0,(anonymous_8)
FNDA:0,(anonymous_9)
DA:1,1
DA:2,1
DA:3,1
DA:4,1
DA:5,1
DA:9,1
DA:13,1
DA:14,1
DA:21,1
DA:22,1
DA:23,1
DA:24,1
DA:25,1
DA:47,3
DA:48,3
DA:51,3
DA:56,3
DA:109,0
DA:118,0
DA:120,0
DA:121,0
DA:123,0
DA:126,0
DA:127,0
DA:131,0
DA:133,0
DA:134,0
DA:135,0
DA:136,0
DA:137,0
DA:138,0
DA:143,0
DA:144,0
DA:154,0
DA:155,0
DA:157,0
DA:159,0
DA:160,0
DA:164,0
DA:166,0
DA:167,0
DA:176,0
DA:178,0
DA:181,0
DA:185,0
DA:206,0
DA:240,1
LF:47
LH:18
BRDA:48,0,0,2
BRDA:48,0,1,1
BRDA:51,1,0,3
BRDA:51,1,1,3
BRDA:51,1,2,3
BRDA:51,1,3,3
BRDA:51,1,4,3
BRDA:56,2,0,0
BRDA:59,3,0,0
BRDA:59,3,1,0
BRDA:63,4,0,0
BRDA:63,4,1,0
BRDA:66,5,0,0
BRDA:66,5,1,0
BRDA:120,6,0,0
BRDA:120,7,0,0
BRDA:120,7,1,0
BRDA:126,8,0,0
BRDA:126,9,0,0
BRDA:126,9,1,0
BRDA:131,10,0,0
BRDA:134,11,0,0
BRDA:134,11,1,0
BRDA:137,12,0,0
BRDA:139,13,0,0
BRDA:139,13,1,0
BRDA:176,14,0,0
BRDA:176,14,1,0
BRDA:211,15,0,0
BRDA:211,15,1,0
BRDA:213,16,0,0
BRDA:213,16,1,0
BRDA:219,17,0,0
BRDA:219,17,1,0
BRDA:223,18,0,0
BRDA:223,18,1,0
BRDA:225,19,0,0
BRDA:225,19,1,0
BRDA:227,20,0,0
BRDA:227,20,1,0
BRDA:231,21,0,0
BRDA:231,21,1,0
BRDA:233,22,0,0
BRDA:233,22,1,0
BRF:44
BRH:7
end_of_record
TN:
SF:pages/api/livez.ts
FN:11,handler
FNF:1
FNH:0
FNDA:0,handler
DA:11,0
DA:15,0
LF:2
LH:0
BRF:0
BRH:0
end_of_record
TN:
SF:pages/api/metrics.ts
FN:8,handler
FNF:1
FNH:0
FNDA:0,handler
DA:2,0
DA:8,0
DA:9,0
DA:10,0
LF:4
LH:0
BRF:0
BRH:0
end_of_record
TN:
SF:pages/api/readyz.ts
FN:11,handler
FNF:1
FNH:0
FNDA:0,handler
DA:11,0
DA:15,0
LF:2
LH:0
BRF:0
BRH:0
end_of_record
TN:
SF:pages/api/refresh-msca.ts
FN:22,handler
FNF:1
FNH:0
FNDA:0,handler
DA:12,0
DA:13,0
DA:14,0
DA:15,0
DA:16,0
DA:19,0
DA:20,0
DA:22,0
DA:26,0
DA:27,0
DA:29,0
DA:31,0
DA:33,0
DA:35,0
DA:36,0
DA:39,0
DA:40,0
DA:41,0
DA:43,0
DA:46,0
DA:47,0
DA:51,0
DA:52,0
LF:23
LH:0
BRDA:31,0,0,0
BRDA:31,0,1,0
BRDA:33,1,0,0
BRDA:33,1,1,0
BRDA:36,2,0,0
BRDA:36,2,1,0
BRDA:39,3,0,0
BRDA:39,3,1,0
BRDA:40,4,0,0
BRDA:40,4,1,0
BRF:10
BRH:0
end_of_record
TN:
SF:pages/api/auth/[...nextauth].ts
FN:20,decryptJwe
FN:70,(anonymous_8)
FN:86,(anonymous_9)
FN:87,(anonymous_10)
FN:94,(anonymous_11)
FN:95,(anonymous_12)
FN:101,(anonymous_13)
FN:131,(anonymous_14)
FN:132,(anonymous_15)
FN:144,(anonymous_16)
FN:145,(anonymous_17)
FN:162,(anonymous_18)
FN:165,(anonymous_19)
FN:173,(anonymous_20)
FN:178,(anonymous_21)
FN:182,(anonymous_22)
FN:185,(anonymous_23)
FNF:17
FNH:0
FNDA:0,decryptJwe
FNDA:0,(anonymous_8)
FNDA:0,(anonymous_9)
FNDA:0,(anonymous_10)
FNDA:0,(anonymous_11)
FNDA:0,(anonymous_12)
FNDA:0,(anonymous_13)
FNDA:0,(anonymous_14)
FNDA:0,(anonymous_15)
FNDA:0,(anonymous_16)
FNDA:0,(anonymous_17)
FNDA:0,(anonymous_18)
FNDA:0,(anonymous_19)
FNDA:0,(anonymous_20)
FNDA:0,(anonymous_21)
FNDA:0,(anonymous_22)
FNDA:0,(anonymous_23)
DA:2,6
DA:4,6
DA:5,6
DA:6,6
DA:7,6
DA:8,6
DA:11,6
DA:12,6
DA:17,6
DA:18,6
DA:21,0
DA:22,0
DA:25,0
DA:30,6
DA:38,6
DA:73,0
DA:86,0
DA:87,0
DA:94,0
DA:95,0
DA:96,0
DA:102,0
DA:105,0
DA:106,0
DA:107,0
DA:108,0
DA:112,0
DA:116,0
DA:131,0
DA:132,0
DA:135,0
DA:144,0
DA:145,0
DA:146,0
DA:163,0
DA:167,0
DA:169,0
DA:171,0
DA:174,0
DA:179,0
DA:180,0
DA:183,0
DA:186,0
DA:187,0
DA:194,6
LF:45
LH:13
BRDA:17,0,0,6
BRDA:17,0,1,6
BRDA:30,1,0,6
BRDA:30,1,1,0
BRDA:67,2,0,6
BRDA:67,2,1,6
BRDA:73,3,0,0
BRDA:73,3,1,0
BRDA:73,4,0,0
BRDA:73,4,1,0
BRDA:106,5,0,0
BRDA:106,5,1,0
BRDA:106,6,0,0
BRDA:106,6,1,0
BRDA:108,7,0,0
BRDA:109,8,0,0
BRDA:109,8,1,0
BRDA:167,9,0,0
BRDA:167,9,1,0
BRDA:169,10,0,0
BRF:20
BRH:5
end_of_record
TN:
SF:pages/auth/login.js
FN:15,Login
FN:19,(anonymous_5)
FN:24,(anonymous_6)
FN:55,PageLayout
FN:59,getServerSideProps
FNF:5
FNH:2
FNDA:1,Login
FNDA:1,(anonymous_5)
FNDA:0,(anonymous_6)
FNDA:0,PageLayout
FNDA:0,getServerSideProps
DA:1,1
DA:2,1
DA:3,1
DA:4,1
DA:5,1
DA:6,1
DA:7,1
DA:13,1
DA:15,1
DA:16,1
DA:19,1
DA:20,1
DA:21,0
DA:23,0
DA:24,0
DA:25,0
DA:29,0
DA:31,0
DA:55,1
DA:59,0
DA:61,0
DA:63,0
DA:64,0
DA:67,0
DA:68,0
DA:72,0
DA:73,0
DA:84,0
DA:105,0
LF:29
LH:13
BRDA:20,0,0,1
BRDA:21,1,0,0
BRDA:23,2,0,0
BRDA:25,3,0,0
BRDA:25,3,1,0
BRDA:33,4,0,0
BRDA:33,4,1,0
BRDA:61,5,0,0
BRDA:61,5,1,0
BRDA:67,6,0,0
BRDA:67,7,0,0
BRDA:67,7,1,0
BRDA:72,8,0,0
BRDA:76,9,0,0
BRDA:76,9,1,0
BRDA:109,10,0,0
BRDA:109,10,1,0
BRF:17
BRH:1
end_of_record
TN:
SF:pages/auth/logout.js
FN:10,Logout
FN:12,(anonymous_5)
FN:13,(anonymous_6)
FN:35,PageLayout
FN:39,getServerSideProps
FN:47,(anonymous_9)
FNF:6
FNH:3
FNDA:1,Logout
FNDA:1,(anonymous_5)
FNDA:1,(anonymous_6)
FNDA:0,PageLayout
FNDA:0,getServerSideProps
FNDA:0,(anonymous_9)
DA:1,1
DA:2,1
DA:3,1
DA:4,1
DA:5,1
DA:6,1
DA:7,1
DA:8,1
DA:10,1
DA:12,1
DA:13,1
DA:14,1
DA:15,0
DA:17,1
DA:35,1
DA:39,0
DA:40,0
DA:43,0
DA:44,0
DA:46,0
DA:48,0
DA:49,0
DA:50,0
DA:55,0
DA:76,0
LF:25
LH:14
BRDA:46,0,0,0
BRDA:46,0,1,0
BRDA:80,1,0,0
BRDA:80,1,1,0
BRF:4
BRH:0
end_of_record
TN:
SF:pages/contact-us/[id].tsx
FN:42,(anonymous_4)
FN:89,(anonymous_5)
FN:155,(anonymous_6)
FN:158,(anonymous_7)
FNF:4
FNH:0
FNDA:0,(anonymous_4)
FNDA:0,(anonymous_5)
FNDA:0,(anonymous_6)
FNDA:0,(anonymous_7)
DA:1,0
DA:2,0
DA:3,0
DA:4,0
DA:5,0
DA:6,0
DA:10,0
DA:17,0
DA:18,0
DA:19,0
DA:42,0
DA:89,0
DA:90,0
DA:92,0
DA:93,0
DA:95,0
DA:98,0
DA:99,0
DA:103,0
DA:105,0
DA:106,0
DA:107,0
DA:108,0
DA:109,0
DA:110,0
DA:115,0
DA:116,0
DA:125,0
DA:126,0
DA:127,0
DA:129,0
DA:132,0
DA:133,0
DA:136,0
DA:149,0
DA:154,0
DA:156,0
DA:159,0
DA:163,0
DA:184,0
DA:209,0
LF:41
LH:0
BRDA:92,0,0,0
BRDA:92,1,0,0
BRDA:92,1,1,0
BRDA:98,2,0,0
BRDA:98,3,0,0
BRDA:98,3,1,0
BRDA:103,4,0,0
BRDA:106,5,0,0
BRDA:106,5,1,0
BRDA:109,6,0,0
BRDA:111,7,0,0
BRDA:111,7,1,0
BRDA:126,8,0,0
BRDA:126,9,0,0
BRDA:126,9,1,0
BRDA:132,10,0,0
BRDA:149,11,0,0
BRDA:149,11,1,0
BRDA:154,12,0,0
BRDA:154,12,1,0
BRDA:186,13,0,0
BRDA:186,13,1,0
BRDA:189,14,0,0
BRDA:189,14,1,0
BRDA:194,15,0,0
BRDA:194,15,1,0
BRDA:197,16,0,0
BRDA:197,16,1,0
BRDA:201,17,0,0
BRDA:201,17,1,0
BRF:30
BRH:0
end_of_record
TN:
SF:pages/contact-us/index.tsx
FN:46,(anonymous_4)
FN:61,(anonymous_5)
FN:118,(anonymous_6)
FN:167,(anonymous_7)
FN:170,(anonymous_8)
FNF:5
FNH:0
FNDA:0,(anonymous_4)
FNDA:0,(anonymous_5)
FNDA:0,(anonymous_6)
FNDA:0,(anonymous_7)
FNDA:0,(anonymous_8)
DA:1,0
DA:2,0
DA:3,0
DA:7,0
DA:14,0
DA:15,0
DA:16,0
DA:19,0
DA:20,0
DA:46,0
DA:47,0
DA:62,0
DA:118,0
DA:119,0
DA:121,0
DA:122,0
DA:124,0
DA:127,0
DA:128,0
DA:132,0
DA:134,0
DA:135,0
DA:136,0
DA:137,0
DA:138,0
DA:139,0
DA:144,0
DA:145,0
DA:154,0
DA:155,0
DA:163,0
DA:166,0
DA:168,0
DA:171,0
DA:175,0
DA:196,0
DA:221,0
LF:37
LH:0
BRDA:56,0,0,0
BRDA:56,0,1,0
BRDA:70,1,0,0
BRDA:70,1,1,0
BRDA:73,2,0,0
BRDA:73,2,1,0
BRDA:80,3,0,0
BRDA:80,3,1,0
BRDA:80,4,0,0
BRDA:80,4,1,0
BRDA:85,5,0,0
BRDA:85,5,1,0
BRDA:85,6,0,0
BRDA:85,6,1,0
BRDA:92,7,0,0
BRDA:92,7,1,0
BRDA:92,8,0,0
BRDA:92,8,1,0
BRDA:101,9,0,0
BRDA:101,9,1,0
BRDA:101,10,0,0
BRDA:101,10,1,0
BRDA:103,11,0,0
BRDA:103,11,1,0
BRDA:121,12,0,0
BRDA:121,13,0,0
BRDA:121,13,1,0
BRDA:127,14,0,0
BRDA:127,15,0,0
BRDA:127,15,1,0
BRDA:132,16,0,0
BRDA:135,17,0,0
BRDA:135,17,1,0
BRDA:138,18,0,0
BRDA:140,19,0,0
BRDA:140,19,1,0
BRDA:163,20,0,0
BRDA:163,20,1,0
BRDA:166,21,0,0
BRDA:166,21,1,0
BRDA:166,22,0,0
BRDA:166,22,1,0
BRDA:198,23,0,0
BRDA:198,23,1,0
BRDA:201,24,0,0
BRDA:201,24,1,0
BRDA:209,25,0,0
BRDA:209,25,1,0
BRDA:213,26,0,0
BRDA:213,26,1,0
BRF:50
BRH:0
end_of_record
