<?xml version="1.0" encoding="UTF-8"?>
<coverage generated="1668097108727" clover="3.2.0">
  <project timestamp="1668097108728" name="All files">
    <metrics statements="109" coveredstatements="52" conditionals="62" coveredconditionals="27" methods="49" coveredmethods="22" elements="220" coveredelements="101" complexity="0" loc="109" ncloc="109" packages="3" files="20" classes="20"/>
    <package name="components">
      <metrics statements="50" coveredstatements="33" conditionals="40" coveredconditionals="21" methods="23" coveredmethods="12"/>
      <file name="BackToButton.js" path="/home/runner/work/secure-client-hub/secure-client-hub/components/BackToButton.js">
        <metrics statements="2" coveredstatements="2" conditionals="0" coveredconditionals="0" methods="1" coveredmethods="1"/>
        <line num="5" count="2" type="stmt"/>
        <line num="21" count="1" type="stmt"/>
      </file>
      <file name="BenefitTasks.js" path="/home/runner/work/secure-client-hub/secure-client-hub/components/BenefitTasks.js">
        <metrics statements="7" coveredstatements="1" conditionals="8" coveredconditionals="0" methods="3" coveredmethods="0"/>
        <line num="7" count="0" type="stmt"/>
        <line num="12" count="0" type="stmt"/>
        <line num="22" count="0" type="stmt"/>
        <line num="33" count="0" type="cond" truecount="0" falsecount="2"/>
        <line num="37" count="0" type="stmt"/>
        <line num="38" count="0" type="stmt"/>
        <line num="67" count="1" type="stmt"/>
      </file>
      <file name="Card.js" path="/home/runner/work/secure-client-hub/secure-client-hub/components/Card.js">
        <metrics statements="5" coveredstatements="3" conditionals="2" coveredconditionals="1" methods="2" coveredmethods="1"/>
        <line num="6" count="2" type="stmt"/>
        <line num="8" count="2" type="stmt"/>
        <line num="18" count="0" type="stmt"/>
        <line num="19" count="0" type="stmt"/>
        <line num="31" count="1" type="stmt"/>
      </file>
      <file name="DateModified.js" path="/home/runner/work/secure-client-hub/secure-client-hub/components/DateModified.js">
        <metrics statements="3" coveredstatements="3" conditionals="0" coveredconditionals="0" methods="1" coveredmethods="1"/>
        <line num="7" count="2" type="stmt"/>
        <line num="15" count="1" type="stmt"/>
        <line num="20" count="1" type="stmt"/>
      </file>
      <file name="ExitBetaModal.js" path="/home/runner/work/secure-client-hub/secure-client-hub/components/ExitBetaModal.js">
        <metrics statements="2" coveredstatements="2" conditionals="0" coveredconditionals="0" methods="1" coveredmethods="1"/>
        <line num="8" count="3" type="stmt"/>
        <line num="55" count="2" type="stmt"/>
      </file>
      <file name="Layout.js" path="/home/runner/work/secure-client-hub/secure-client-hub/components/Layout.js">
        <metrics statements="9" coveredstatements="8" conditionals="16" coveredconditionals="12" methods="5" coveredmethods="2"/>
        <line num="16" count="4" type="cond" truecount="1" falsecount="1"/>
        <line num="17" count="4" type="cond" truecount="2" falsecount="0"/>
        <line num="19" count="4" type="stmt"/>
        <line num="21" count="4" type="stmt"/>
        <line num="22" count="4" type="stmt"/>
        <line num="25" count="4" type="stmt"/>
        <line num="60" count="0" type="stmt"/>
        <line num="96" count="2" type="stmt"/>
        <line num="100" count="2" type="stmt"/>
      </file>
      <file name="MetaData.js" path="/home/runner/work/secure-client-hub/secure-client-hub/components/MetaData.js">
        <metrics statements="2" coveredstatements="2" conditionals="2" coveredconditionals="2" methods="1" coveredmethods="1"/>
        <line num="5" count="6" type="cond" truecount="2" falsecount="0"/>
        <line num="7" count="6" type="stmt"/>
      </file>
      <file name="MostReqTasks.js" path="/home/runner/work/secure-client-hub/secure-client-hub/components/MostReqTasks.js">
        <metrics statements="6" coveredstatements="1" conditionals="4" coveredconditionals="0" methods="3" coveredmethods="0"/>
        <line num="7" count="0" type="stmt"/>
        <line num="17" count="0" type="stmt"/>
        <line num="22" count="0" type="cond" truecount="0" falsecount="2"/>
        <line num="23" count="0" type="stmt"/>
        <line num="24" count="0" type="stmt"/>
        <line num="53" count="1" type="stmt"/>
      </file>
      <file name="PageLink.js" path="/home/runner/work/secure-client-hub/secure-client-hub/components/PageLink.js">
        <metrics statements="4" coveredstatements="4" conditionals="0" coveredconditionals="0" methods="1" coveredmethods="1"/>
        <line num="6" count="2" type="stmt"/>
        <line num="7" count="2" type="stmt"/>
        <line num="9" count="2" type="stmt"/>
        <line num="42" count="1" type="stmt"/>
      </file>
      <file name="PhaseBanner.js" path="/home/runner/work/secure-client-hub/secure-client-hub/components/PhaseBanner.js">
        <metrics statements="2" coveredstatements="2" conditionals="0" coveredconditionals="0" methods="1" coveredmethods="1"/>
        <line num="11" count="2" type="stmt"/>
        <line num="46" count="3" type="stmt"/>
      </file>
      <file name="ProfileTasks.js" path="/home/runner/work/secure-client-hub/secure-client-hub/components/ProfileTasks.js">
        <metrics statements="6" coveredstatements="3" conditionals="4" coveredconditionals="2" methods="3" coveredmethods="2"/>
        <line num="7" count="2" type="stmt"/>
        <line num="14" count="2" type="stmt"/>
        <line num="24" count="0" type="cond" truecount="0" falsecount="2"/>
        <line num="25" count="0" type="stmt"/>
        <line num="26" count="0" type="stmt"/>
        <line num="55" count="1" type="stmt"/>
      </file>
      <file name="ViewMoreLessButton.js" path="/home/runner/work/secure-client-hub/secure-client-hub/components/ViewMoreLessButton.js">
        <metrics statements="2" coveredstatements="2" conditionals="4" coveredconditionals="4" methods="1" coveredmethods="1"/>
        <line num="6" count="5" type="stmt"/>
        <line num="36" count="2" type="stmt"/>
      </file>
    </package>
    <package name="pages">
      <metrics statements="59" coveredstatements="19" conditionals="22" coveredconditionals="6" methods="26" coveredmethods="10"/>
      <file name="404.js" path="/home/runner/work/secure-client-hub/secure-client-hub/pages/404.js">
        <metrics statements="3" coveredstatements="3" conditionals="0" coveredconditionals="0" methods="2" coveredmethods="2"/>
        <line num="4" count="1" type="stmt"/>
        <line num="59" count="1" type="stmt"/>
        <line num="74" count="1" type="stmt"/>
      </file>
      <file name="_app.js" path="/home/runner/work/secure-client-hub/secure-client-hub/pages/_app.js">
        <metrics statements="1" coveredstatements="0" conditionals="0" coveredconditionals="0" methods="1" coveredmethods="1"/>
        <line num="9" count="0" type="stmt"/>
      </file>
      <file name="_error.js" path="/home/runner/work/secure-client-hub/secure-client-hub/pages/_error.js">
        <metrics statements="1" coveredstatements="1" conditionals="4" coveredconditionals="4" methods="1" coveredmethods="1"/>
        <line num="4" count="2" type="stmt"/>
      </file>
      <file name="index.js" path="/home/runner/work/secure-client-hub/secure-client-hub/pages/index.js">
        <metrics statements="5" coveredstatements="5" conditionals="0" coveredconditionals="0" methods="3" coveredmethods="3"/>
        <line num="5" count="2" type="stmt"/>
        <line num="81" count="2" type="stmt"/>
        <line num="82" count="1" type="stmt"/>
        <line num="87" count="1" type="stmt"/>
        <line num="102" count="1" type="stmt"/>
      </file>
      <file name="my-dashboard.js" path="/home/runner/work/secure-client-hub/secure-client-hub/pages/my-dashboard.js">
        <metrics statements="18" coveredstatements="10" conditionals="4" coveredconditionals="2" methods="8" coveredmethods="3"/>
        <line num="19" count="2" type="stmt"/>
        <line num="25" count="0" type="stmt"/>
        <line num="29" count="0" type="stmt"/>
        <line num="32" count="2" type="stmt"/>
        <line num="36" count="2" type="stmt"/>
        <line num="37" count="2" type="stmt"/>
        <line num="38" count="2" type="stmt"/>
        <line num="58" count="0" type="stmt"/>
        <line num="89" count="1" type="stmt"/>
        <line num="90" count="0" type="stmt"/>
        <line num="91" count="0" type="stmt"/>
        <line num="92" count="0" type="stmt"/>
        <line num="94" count="1" type="stmt"/>
        <line num="95" count="0" type="stmt"/>
        <line num="97" count="0" type="stmt"/>
        <line num="104" count="1" type="stmt"/>
        <line num="119" count="1" type="stmt"/>
        <line num="130" count="1" type="stmt"/>
      </file>
      <file name="profile.js" path="/home/runner/work/secure-client-hub/secure-client-hub/pages/profile.js">
        <metrics statements="18" coveredstatements="0" conditionals="6" coveredconditionals="0" methods="7" coveredmethods="0"/>
        <line num="19" count="0" type="stmt"/>
        <line num="25" count="0" type="stmt"/>
        <line num="29" count="0" type="stmt"/>
        <line num="32" count="0" type="stmt"/>
        <line num="36" count="0" type="stmt"/>
        <line num="37" count="0" type="stmt"/>
        <line num="38" count="0" type="stmt"/>
        <line num="88" count="0" type="stmt"/>
        <line num="89" count="0" type="stmt"/>
        <line num="91" count="0" type="stmt"/>
        <line num="93" count="0" type="stmt"/>
        <line num="94" count="0" type="stmt"/>
        <line num="96" count="0" type="stmt"/>
        <line num="102" count="0" type="cond" truecount="0" falsecount="2"/>
        <line num="104" count="0" type="stmt"/>
        <line num="112" count="0" type="stmt"/>
        <line num="127" count="0" type="stmt"/>
        <line num="139" count="0" type="stmt"/>
      </file>
      <file name="security-settings.js" path="/home/runner/work/secure-client-hub/secure-client-hub/pages/security-settings.js">
        <metrics statements="13" coveredstatements="0" conditionals="8" coveredconditionals="0" methods="4" coveredmethods="0"/>
        <line num="11" count="0" type="cond" truecount="0" falsecount="2"/>
        <line num="13" count="0" type="stmt"/>
        <line num="52" count="0" type="stmt"/>
        <line num="53" count="0" type="stmt"/>
        <line num="55" count="0" type="stmt"/>
        <line num="57" count="0" type="stmt"/>
        <line num="58" count="0" type="stmt"/>
        <line num="60" count="0" type="stmt"/>
        <line num="66" count="0" type="cond" truecount="0" falsecount="2"/>
        <line num="68" count="0" type="stmt"/>
        <line num="76" count="0" type="stmt"/>
        <line num="91" count="0" type="stmt"/>
        <line num="103" count="0" type="stmt"/>
      </file>
    </package>
    <package name="pages.api">
      <metrics statements="0" coveredstatements="0" conditionals="0" coveredconditionals="0" methods="0" coveredmethods="0"/>
      <file name="metrics.js" path="/home/runner/work/secure-client-hub/secure-client-hub/pages/api/metrics.js">
        <metrics statements="0" coveredstatements="0" conditionals="0" coveredconditionals="0" methods="0" coveredmethods="0"/>
      </file>
    </package>
  </project>
</coverage>
