TN:
SF:components/BackToButton.js
FN:4,BackToButton
FNF:1
FNH:1
FNDA:9,BackToButton
DA:5,9
DA:21,4
LF:2
LH:2
BRF:0
BRH:0
end_of_record
TN:
SF:components/BenefitTasks.js
FN:6,BenefitTasks
FN:26,(anonymous_1)
FN:35,(anonymous_2)
FNF:3
FNH:2
FNDA:3,BenefitTasks
FNDA:2,(anonymous_1)
FNDA:0,(anonymous_2)
DA:7,3
DA:17,3
DA:27,2
DA:37,0
DA:41,0
DA:42,0
DA:69,2
LF:7
LH:4
BRDA:33,0,0,0
BRDA:33,0,1,2
BRDA:37,1,0,0
BRDA:37,1,1,0
BRDA:38,2,0,0
BRDA:38,2,1,0
BRDA:50,3,0,2
BRDA:50,3,1,0
BRF:8
BRH:2
end_of_record
TN:
SF:components/Breadcrumb.js
FN:9,Breadcrumb
FN:14,(anonymous_1)
FNF:2
FNH:2
FNDA:8,Breadcrumb
FNDA:21,(anonymous_1)
DA:10,8
DA:15,21
DA:40,3
LF:3
LH:3
BRDA:13,0,0,6
BRDA:13,0,1,0
BRDA:17,1,0,21
BRDA:17,1,1,15
BRF:4
BRH:3
end_of_record
TN:
SF:components/Button.js
FN:4,Button
FNF:1
FNH:1
FNDA:8,Button
DA:7,8
DA:9,8
DA:11,8
DA:13,8
DA:15,8
DA:18,8
DA:31,8
DA:106,8
DA:113,8
LF:9
LH:9
BRDA:18,0,0,3
BRDA:18,0,1,5
BRDA:20,1,0,3
BRDA:20,1,1,2
BRDA:22,2,0,2
BRDA:22,2,1,0
BRDA:24,3,0,0
BRDA:24,3,1,0
BRDA:26,4,0,0
BRDA:26,4,1,0
BRDA:31,5,0,8
BRDA:31,5,1,0
BRDA:42,6,0,0
BRDA:42,6,1,8
BRDA:42,7,0,8
BRDA:42,7,1,0
BRDA:55,8,0,0
BRDA:55,8,1,8
BRDA:55,9,0,8
BRDA:55,9,1,0
BRDA:71,10,0,0
BRDA:71,10,1,0
BRDA:80,11,0,0
BRDA:80,11,1,0
BRDA:80,12,0,0
BRDA:80,12,1,0
BRDA:91,13,0,0
BRDA:91,13,1,0
BRDA:91,14,0,0
BRDA:91,14,1,0
BRF:30
BRH:10
end_of_record
TN:
SF:components/Card.js
FN:5,Card
FN:17,(anonymous_1)
FNF:2
FNH:1
FNDA:2,Card
FNDA:0,(anonymous_1)
DA:6,2
DA:8,2
DA:18,0
DA:19,0
DA:38,1
LF:5
LH:3
BRDA:29,0,0,2
BRDA:29,0,1,0
BRF:2
BRH:1
end_of_record
TN:
SF:components/Collapse.js
FN:3,Collapse
FNF:1
FNH:1
FNDA:2,Collapse
DA:4,2
DA:5,2
DA:25,2
DA:29,2
LF:4
LH:4
BRF:0
BRH:0
end_of_record
TN:
SF:components/ContextualAlert.js
FN:8,ContextualAlert
FNF:1
FNH:1
FNDA:5,ContextualAlert
DA:17,5
DA:19,4
DA:27,4
DA:35,4
DA:37,4
DA:66,2
LF:6
LH:6
BRDA:19,0,0,0
BRDA:19,0,1,4
BRDA:21,1,0,0
BRDA:21,1,1,4
BRDA:23,2,0,2
BRDA:23,2,1,2
BRDA:27,3,0,0
BRDA:27,3,1,4
BRDA:29,4,0,0
BRDA:29,4,1,4
BRDA:31,5,0,2
BRDA:31,5,1,2
BRDA:35,6,0,0
BRDA:35,6,1,4
BRF:14
BRH:9
end_of_record
TN:
SF:components/Date.js
FN:3,Date
FNF:1
FNH:1
FNDA:4,Date
DA:4,4
DA:5,4
DA:6,4
DA:20,2
LF:4
LH:4
BRDA:5,0,0,2
BRDA:5,0,1,2
BRDA:10,1,0,2
BRDA:10,1,1,2
BRF:4
BRH:4
end_of_record
TN:
SF:components/ExitBeta.js
FN:6,ExitBeta
FNF:1
FNH:1
FNDA:2,ExitBeta
DA:7,2
DA:56,2
LF:2
LH:2
BRF:0
BRH:0
end_of_record
TN:
SF:components/Footer.js
FN:10,Footer
FN:79,(anonymous_1)
FNF:2
FNH:2
FNDA:2,Footer
FNDA:3,(anonymous_1)
DA:20,2
DA:22,2
DA:23,2
DA:25,2
DA:80,3
DA:137,2
DA:148,2
LF:7
LH:7
BRDA:22,0,0,2
BRDA:22,0,1,0
BRDA:23,1,0,2
BRDA:23,1,1,2
BRDA:52,2,0,0
BRDA:52,2,1,2
BRDA:55,3,0,0
BRDA:55,3,1,2
BRDA:84,4,0,2
BRDA:84,4,1,1
BRDA:89,5,0,0
BRDA:89,5,1,3
BRDA:115,6,0,0
BRDA:115,6,1,2
BRDA:120,7,0,0
BRDA:120,7,1,2
BRF:16
BRH:10
end_of_record
TN:
SF:components/Header.js
FN:11,Header
FN:103,(anonymous_1)
FN:104,(anonymous_2)
FN:107,(anonymous_3)
FNF:4
FNH:1
FNDA:3,Header
FNDA:0,(anonymous_1)
FNDA:0,(anonymous_2)
FNDA:0,(anonymous_3)
DA:22,3
DA:24,2
DA:26,2
DA:98,2
DA:124,2
LF:5
LH:5
BRDA:24,0,0,0
BRDA:24,0,1,2
BRDA:43,1,0,2
BRDA:43,1,1,0
BRDA:47,2,0,2
BRDA:47,2,1,0
BRDA:59,3,0,2
BRDA:59,3,1,0
BRDA:78,4,0,2
BRDA:78,4,1,2
BRDA:88,5,0,2
BRDA:88,5,1,2
BRF:12
BRH:8
end_of_record
TN:
SF:components/Heading.js
FN:3,Heading
FNF:1
FNH:1
FNDA:16,Heading
DA:4,16
DA:6,15
DA:29,6
LF:3
LH:3
BRDA:14,0,0,15
BRDA:14,0,1,2
BRDA:14,0,2,2
BRF:3
BRH:3
end_of_record
TN:
SF:components/Language.js
FN:4,Language
FNF:1
FNH:1
FNDA:9,Language
DA:5,9
DA:50,3
DA:54,3
LF:3
LH:3
BRDA:7,0,0,3
BRDA:7,0,1,4
BRDA:13,1,0,3
BRDA:13,1,1,3
BRDA:14,2,0,2
BRDA:14,2,1,1
BRDA:16,3,0,2
BRDA:16,3,1,1
BRDA:16,4,0,3
BRDA:16,4,1,3
BRDA:20,5,0,2
BRDA:20,5,1,1
BRDA:24,6,0,2
BRDA:24,6,1,1
BRDA:34,7,0,4
BRDA:34,7,1,4
BRDA:35,8,0,2
BRDA:35,8,1,2
BRDA:36,9,0,4
BRDA:36,9,1,4
BRDA:39,10,0,2
BRDA:39,10,1,2
BRDA:43,11,0,2
BRDA:43,11,1,2
BRF:24
BRH:24
end_of_record
TN:
SF:components/Layout.js
FN:13,Layout
FN:25,(anonymous_1)
FN:26,(anonymous_2)
FN:35,(anonymous_3)
FN:36,(anonymous_4)
FN:142,noRefCheck
FN:143,noRefCheck
FNF:7
FNH:0
FNDA:0,Layout
FNDA:0,(anonymous_1)
FNDA:0,(anonymous_2)
FNDA:0,(anonymous_3)
FNDA:0,(anonymous_4)
FNDA:0,noRefCheck
FNDA:0,noRefCheck
DA:14,0
DA:15,0
DA:16,0
DA:18,0
DA:20,0
DA:25,0
DA:26,0
DA:27,0
DA:35,0
DA:36,0
DA:37,0
DA:45,0
DA:193,1
DA:230,1
LF:14
LH:2
BRDA:14,0,0,0
BRDA:14,0,1,0
BRDA:15,1,0,0
BRDA:15,1,1,0
BRDA:18,2,0,0
BRDA:18,2,1,0
BRDA:54,3,0,0
BRDA:54,3,1,0
BRDA:58,4,0,0
BRDA:58,4,1,0
BRDA:59,5,0,0
BRDA:59,5,1,0
BRDA:60,6,0,0
BRDA:60,6,1,0
BRDA:61,7,0,0
BRDA:61,7,1,0
BRDA:62,8,0,0
BRDA:62,8,1,0
BRDA:63,9,0,0
BRDA:63,9,1,0
BRDA:64,10,0,0
BRDA:64,10,1,0
BRDA:66,11,0,0
BRDA:66,11,1,0
BRDA:67,12,0,0
BRDA:67,12,1,0
BRDA:69,13,0,0
BRDA:69,13,1,0
BRDA:84,14,0,0
BRDA:84,14,1,0
BRDA:103,15,0,0
BRDA:103,15,1,0
BRDA:112,16,0,0
BRDA:112,16,1,0
BRDA:119,17,0,0
BRDA:119,17,1,0
BRDA:129,18,0,0
BRDA:129,18,1,0
BRDA:147,19,0,0
BRDA:147,19,1,0
BRDA:167,20,0,0
BRDA:167,20,1,0
BRF:42
BRH:0
end_of_record
TN:
SF:components/LoadingSpinner.js
FN:3,(anonymous_0)
FN:23,LoadingSpinner
FNF:2
FNH:2
FNDA:16,(anonymous_0)
FNDA:2,LoadingSpinner
DA:3,2
DA:4,16
DA:24,2
DA:43,2
LF:4
LH:4
BRF:0
BRH:0
end_of_record
TN:
SF:components/Menu.js
FN:8,Menu
FN:19,(anonymous_1)
FN:22,handleClick
FN:28,(anonymous_3)
FN:50,(anonymous_4)
FN:50,(anonymous_5)
FN:103,(anonymous_6)
FN:113,(anonymous_7)
FN:113,(anonymous_8)
FN:150,(anonymous_9)
FNF:10
FNH:6
FNDA:7,Menu
FNDA:7,(anonymous_1)
FNDA:0,handleClick
FNDA:2,(anonymous_3)
FNDA:2,(anonymous_4)
FNDA:2,(anonymous_5)
FNDA:10,(anonymous_6)
FNDA:0,(anonymous_7)
FNDA:0,(anonymous_8)
FNDA:0,(anonymous_9)
DA:14,7
DA:16,7
DA:17,7
DA:19,7
DA:21,7
DA:23,0
DA:24,0
DA:27,2
DA:28,2
DA:31,7
DA:50,2
DA:104,10
DA:113,0
DA:148,3
DA:170,3
LF:15
LH:12
BRDA:21,0,0,5
BRDA:21,0,1,2
BRDA:23,1,0,0
BRDA:23,1,1,0
BRDA:23,2,0,0
BRDA:23,2,1,0
BRDA:39,3,0,0
BRDA:39,3,1,7
BRDA:52,4,0,2
BRDA:52,4,1,5
BRDA:73,5,0,0
BRDA:73,5,1,7
BRDA:81,6,0,5
BRDA:81,6,1,2
BRDA:96,7,0,7
BRDA:96,7,1,2
BRDA:102,8,0,2
BRDA:102,8,1,0
BRDA:108,9,0,2
BRDA:108,9,1,8
BRDA:111,10,0,2
BRDA:111,10,1,8
BRDA:119,11,0,10
BRDA:119,11,1,2
BRF:24
BRH:17
end_of_record
TN:
SF:components/MetaData.js
FN:4,MetaData
FNF:1
FNH:1
FNDA:3,MetaData
DA:5,3
DA:7,3
LF:2
LH:2
BRDA:5,0,0,3
BRDA:5,0,1,0
BRDA:36,1,0,3
BRDA:36,1,1,0
BRF:4
BRH:2
end_of_record
TN:
SF:components/MostReqTasks.js
FN:6,MostReqTasks
FN:16,(anonymous_1)
FN:22,(anonymous_2)
FNF:3
FNH:0
FNDA:0,MostReqTasks
FNDA:0,(anonymous_1)
FNDA:0,(anonymous_2)
DA:7,0
DA:17,0
DA:23,0
DA:24,0
DA:25,0
DA:52,1
LF:6
LH:1
BRDA:23,0,0,0
BRDA:23,0,1,0
BRDA:33,1,0,0
BRDA:33,1,1,0
BRF:4
BRH:0
end_of_record
TN:
SF:components/MultiModal.js
FN:10,MultiModal
FN:26,(anonymous_1)
FN:30,(anonymous_2)
FN:36,(anonymous_3)
FN:44,(anonymous_4)
FN:49,(anonymous_5)
FN:55,(anonymous_6)
FN:57,(anonymous_7)
FNF:8
FNH:0
FNDA:0,MultiModal
FNDA:0,(anonymous_1)
FNDA:0,(anonymous_2)
FNDA:0,(anonymous_3)
FNDA:0,(anonymous_4)
FNDA:0,(anonymous_5)
FNDA:0,(anonymous_6)
FNDA:0,(anonymous_7)
DA:20,0
DA:22,0
DA:23,0
DA:26,0
DA:27,0
DA:30,0
DA:31,0
DA:34,0
DA:37,0
DA:38,0
DA:44,0
DA:45,0
DA:46,0
DA:49,0
DA:50,0
DA:51,0
DA:52,0
DA:55,0
DA:56,0
DA:57,0
DA:58,0
DA:62,0
DA:64,0
DA:77,0
DA:78,0
DA:80,0
DA:93,0
DA:94,0
DA:96,0
DA:108,0
DA:109,0
DA:111,0
DA:114,0
DA:131,1
LF:34
LH:1
BRDA:40,0,0,0
BRDA:40,0,1,0
BRDA:41,1,0,0
BRDA:41,1,1,0
BRDA:62,2,0,0
BRDA:62,2,1,0
BRDA:62,2,2,0
BRDA:62,2,3,0
BRF:8
BRH:0
end_of_record
TN:
SF:components/PageLink.js
FN:5,PageLink
FNF:1
FNH:1
FNDA:7,PageLink
DA:6,7
DA:8,7
DA:43,3
LF:3
LH:3
BRF:0
BRH:0
end_of_record
TN:
SF:components/PhaseBanner.js
FN:11,PhaseBanner
FN:47,(anonymous_1)
FNF:2
FNH:1
FNDA:3,PhaseBanner
FNDA:0,(anonymous_1)
DA:12,3
DA:48,0
DA:49,0
DA:57,2
LF:4
LH:2
BRDA:20,0,0,3
BRDA:20,0,1,0
BRDA:26,1,0,0
BRDA:26,1,1,2
BRDA:28,2,0,0
BRDA:28,2,1,2
BRDA:33,3,0,2
BRDA:33,3,1,0
BRF:8
BRH:4
end_of_record
TN:
SF:components/ProfileTasks.js
FN:6,ProfileTasks
FN:15,(anonymous_1)
FN:23,(anonymous_2)
FNF:3
FNH:2
FNDA:5,ProfileTasks
FNDA:4,(anonymous_1)
FNDA:0,(anonymous_2)
DA:7,5
DA:16,4
DA:24,0
DA:25,0
DA:26,0
DA:53,2
LF:6
LH:3
BRDA:24,0,0,0
BRDA:24,0,1,0
BRDA:33,1,0,1
BRDA:33,1,1,3
BRF:4
BRH:2
end_of_record
TN:
SF:components/TableContents.js
FN:4,TableContents
FN:14,(anonymous_1)
FNF:2
FNH:2
FNDA:3,TableContents
FNDA:3,(anonymous_1)
DA:5,3
DA:6,3
DA:7,3
DA:15,3
DA:40,1
LF:5
LH:5
BRDA:5,0,0,0
BRDA:5,0,1,3
BRDA:11,1,0,3
BRDA:11,1,1,0
BRF:4
BRH:2
end_of_record
TN:
SF:components/TopNav.js
FN:5,TopNav
FNF:1
FNH:1
FNDA:5,TopNav
DA:12,5
DA:14,5
DA:61,3
DA:69,3
LF:4
LH:4
BRDA:24,0,0,2
BRDA:24,0,1,3
BRDA:34,1,0,2
BRDA:34,1,1,3
BRDA:40,2,0,0
BRDA:40,2,1,5
BRDA:47,3,0,0
BRDA:47,3,1,0
BRF:8
BRH:5
end_of_record
TN:
SF:components/ViewMoreLessButton.js
FN:8,ViewMoreLessButton
FNF:1
FNH:1
FNDA:5,ViewMoreLessButton
DA:9,5
DA:42,2
LF:2
LH:2
BRDA:19,0,0,5
BRDA:19,0,1,3
BRDA:23,1,0,1
BRDA:23,1,1,4
BRF:4
BRH:4
end_of_record
TN:
SF:components/contact/ContactProvince.js
FN:4,(anonymous_0)
FN:13,(anonymous_1)
FN:16,(anonymous_2)
FNF:3
FNH:1
FNDA:1,(anonymous_0)
FNDA:0,(anonymous_1)
FNDA:0,(anonymous_2)
DA:4,1
DA:5,1
DA:14,0
DA:17,0
LF:4
LH:2
BRF:0
BRH:0
end_of_record
TN:
SF:components/contact/ContactProvinceRow.js
FN:5,(anonymous_0)
FN:9,(anonymous_1)
FN:14,(anonymous_2)
FNF:3
FNH:0
FNDA:0,(anonymous_0)
FNDA:0,(anonymous_1)
FNDA:0,(anonymous_2)
DA:5,1
DA:6,0
DA:9,1
DA:10,0
DA:15,0
LF:5
LH:2
BRDA:6,0,0,0
BRDA:6,0,1,0
BRDA:10,1,0,0
BRDA:10,1,1,0
BRDA:19,2,0,0
BRDA:19,2,1,0
BRF:6
BRH:0
end_of_record
TN:
SF:components/contact/ContactSection.js
FN:4,ContactSection
FN:23,(anonymous_1)
FNF:2
FNH:1
FNDA:5,ContactSection
FNDA:0,(anonymous_1)
DA:5,5
DA:24,0
LF:2
LH:1
BRF:0
BRH:0
end_of_record
TN:
SF:components/contact/ContactSectionRow.js
FN:8,ContactSectionRow
FN:20,routeToPage
FN:38,(anonymous_2)
FNF:3
FNH:1
FNDA:2,ContactSectionRow
FNDA:0,routeToPage
FNDA:0,(anonymous_2)
DA:18,2
DA:19,2
DA:21,0
DA:22,0
DA:24,2
DA:39,0
LF:6
LH:3
BRDA:24,0,0,0
BRDA:24,0,1,2
BRDA:24,1,0,2
BRDA:24,1,1,0
BRDA:28,2,0,0
BRDA:28,2,1,0
BRDA:35,3,0,0
BRDA:35,3,1,0
BRDA:39,4,0,0
BRDA:39,4,1,0
BRDA:53,5,0,0
BRDA:53,5,1,0
BRF:12
BRH:2
end_of_record
TN:
SF:components/sessionModals/CountDown.js
FN:5,(anonymous_0)
FNF:1
FNH:1
FNDA:1,(anonymous_0)
DA:5,2
DA:6,1
LF:2
LH:2
BRDA:42,0,0,0
BRDA:42,0,1,1
BRDA:42,1,0,1
BRDA:42,1,1,1
BRF:4
BRH:3
end_of_record
TN:
SF:pages/_app.js
FN:9,MyApp
FNF:1
FNH:0
FNDA:0,MyApp
DA:7,0
DA:15,0
DA:16,0
LF:3
LH:0
BRF:0
BRH:0
end_of_record
TN:
SF:pages/_document.js
FN:3,Document
FNF:1
FNH:0
FNDA:0,Document
DA:4,0
LF:1
LH:0
BRF:0
BRH:0
end_of_record
TN:
SF:pages/_error.js
FN:6,CustomError
FNF:1
FNH:1
FNDA:4,CustomError
DA:7,4
LF:1
LH:1
BRDA:13,0,0,0
BRDA:13,0,1,4
BRF:2
BRH:1
end_of_record
TN:
SF:pages/index.js
FN:5,Index
FN:77,PageLayout
FN:81,getServerSideProps
FNF:3
FNH:2
FNDA:1,Index
FNDA:0,PageLayout
FNDA:1,getServerSideProps
DA:6,1
DA:77,1
DA:78,0
DA:83,1
DA:104,1
LF:5
LH:4
BRF:0
BRH:0
end_of_record
TN:
SF:pages/my-dashboard.js
FN:20,MyDashboard
FN:25,(anonymous_1)
FN:27,(anonymous_2)
FN:31,(anonymous_3)
FN:34,(anonymous_4)
FN:43,(anonymous_5)
FN:69,(anonymous_6)
FN:90,getServerSideProps
FN:97,(anonymous_8)
FN:102,(anonymous_9)
FN:107,(anonymous_10)
FN:118,(anonymous_11)
FN:125,(anonymous_12)
FNF:13
FNH:6
FNDA:3,MyDashboard
FNDA:0,(anonymous_1)
FNDA:3,(anonymous_2)
FNDA:3,(anonymous_3)
FNDA:3,(anonymous_4)
FNDA:3,(anonymous_5)
FNDA:0,(anonymous_6)
FNDA:1,getServerSideProps
FNDA:0,(anonymous_8)
FNDA:0,(anonymous_9)
FNDA:0,(anonymous_10)
FNDA:0,(anonymous_11)
FNDA:0,(anonymous_12)
DA:25,3
DA:26,3
DA:27,3
DA:31,3
DA:32,3
DA:34,3
DA:35,3
DA:39,3
DA:44,3
DA:45,3
DA:46,3
DA:70,0
DA:91,1
DA:94,1
DA:95,1
DA:97,1
DA:98,0
DA:99,0
DA:100,0
DA:102,1
DA:103,0
DA:105,0
DA:107,1
DA:108,0
DA:110,0
DA:117,1
DA:119,0
DA:121,0
DA:125,1
DA:126,0
DA:128,0
DA:131,1
DA:132,0
DA:139,1
DA:160,1
DA:182,1
LF:36
LH:23
BRDA:91,0,0,0
BRDA:91,0,1,1
BRDA:91,1,0,1
BRDA:91,1,1,0
BRDA:131,2,0,0
BRDA:131,2,1,1
BRDA:164,3,0,1
BRDA:164,3,1,0
BRDA:166,4,0,1
BRDA:166,4,1,0
BRDA:167,5,0,1
BRDA:167,5,1,0
BRDA:168,6,0,1
BRDA:168,6,1,0
BRDA:169,7,0,1
BRDA:169,7,1,1
BRDA:171,8,0,1
BRDA:171,8,1,0
BRDA:175,9,0,1
BRDA:175,9,1,0
BRF:20
BRH:11
end_of_record
TN:
SF:pages/privacy-notice-terms-conditions.js
FN:16,PrivacyCondition
FN:118,getServerSideProps
FN:123,(anonymous_2)
FN:128,(anonymous_3)
FN:133,(anonymous_4)
FN:144,(anonymous_5)
FN:151,(anonymous_6)
FN:176,(anonymous_7)
FN:179,(anonymous_8)
FNF:9
FNH:2
FNDA:2,PrivacyCondition
FNDA:1,getServerSideProps
FNDA:0,(anonymous_2)
FNDA:0,(anonymous_3)
FNDA:0,(anonymous_4)
FNDA:0,(anonymous_5)
FNDA:0,(anonymous_6)
FNDA:0,(anonymous_7)
FNDA:0,(anonymous_8)
DA:17,2
DA:18,2
DA:19,2
DA:20,2
DA:26,2
DA:120,1
DA:121,1
DA:123,1
DA:124,0
DA:126,0
DA:128,1
DA:129,0
DA:131,0
DA:133,1
DA:134,0
DA:136,0
DA:143,1
DA:145,0
DA:147,0
DA:151,1
DA:152,0
DA:154,0
DA:175,1
DA:177,0
DA:180,0
DA:183,1
DA:204,1
DA:227,1
LF:28
LH:16
BRDA:17,0,0,1
BRDA:17,0,1,1
BRDA:21,1,0,1
BRDA:21,1,1,1
BRDA:175,2,0,1
BRDA:175,2,1,0
BRDA:208,3,0,1
BRDA:208,3,1,0
BRDA:211,4,0,1
BRDA:211,4,1,0
BRDA:212,5,0,1
BRDA:212,5,1,0
BRDA:213,6,0,1
BRDA:213,6,1,0
BRDA:216,7,0,1
BRDA:216,7,1,0
BRDA:220,8,0,1
BRDA:220,8,1,0
BRF:18
BRH:11
end_of_record
TN:
SF:pages/profile.js
FN:18,Profile
FN:23,(anonymous_1)
FN:25,(anonymous_2)
FN:29,(anonymous_3)
FN:32,(anonymous_4)
FN:41,(anonymous_5)
FN:73,getServerSideProps
FN:78,(anonymous_7)
FN:83,(anonymous_8)
FN:88,(anonymous_9)
FN:99,(anonymous_10)
FN:106,(anonymous_11)
FN:119,(anonymous_12)
FN:122,(anonymous_13)
FNF:14
FNH:6
FNDA:3,Profile
FNDA:0,(anonymous_1)
FNDA:2,(anonymous_2)
FNDA:2,(anonymous_3)
FNDA:2,(anonymous_4)
FNDA:2,(anonymous_5)
FNDA:1,getServerSideProps
FNDA:0,(anonymous_7)
FNDA:0,(anonymous_8)
FNDA:0,(anonymous_9)
FNDA:0,(anonymous_10)
FNDA:0,(anonymous_11)
FNDA:0,(anonymous_12)
FNDA:0,(anonymous_13)
DA:23,2
DA:24,2
DA:25,2
DA:29,2
DA:30,2
DA:32,2
DA:33,2
DA:37,2
DA:42,2
DA:75,1
DA:76,1
DA:78,1
DA:79,0
DA:81,0
DA:83,1
DA:84,0
DA:86,0
DA:88,1
DA:89,0
DA:91,0
DA:98,1
DA:100,0
DA:102,0
DA:106,1
DA:107,0
DA:109,0
DA:115,1
DA:118,1
DA:120,0
DA:123,0
DA:127,1
DA:148,1
DA:171,1
LF:33
LH:21
BRDA:115,0,0,1
BRDA:115,0,1,0
BRDA:118,1,0,1
BRDA:118,1,1,0
BRDA:152,2,0,1
BRDA:152,2,1,0
BRDA:155,3,0,1
BRDA:155,3,1,0
BRDA:156,4,0,1
BRDA:156,4,1,0
BRDA:157,5,0,1
BRDA:157,5,1,0
BRDA:160,6,0,1
BRDA:160,6,1,0
BRDA:164,7,0,1
BRDA:164,7,1,0
BRF:16
BRH:8
end_of_record
TN:
SF:pages/security-settings.js
FN:16,SecuritySettings
FN:20,(anonymous_1)
FN:22,(anonymous_2)
FN:26,(anonymous_3)
FN:29,(anonymous_4)
FN:76,getServerSideProps
FN:81,(anonymous_6)
FN:86,(anonymous_7)
FN:91,(anonymous_8)
FN:102,(anonymous_9)
FN:109,(anonymous_10)
FN:134,(anonymous_11)
FN:137,(anonymous_12)
FNF:13
FNH:5
FNDA:3,SecuritySettings
FNDA:0,(anonymous_1)
FNDA:3,(anonymous_2)
FNDA:3,(anonymous_3)
FNDA:3,(anonymous_4)
FNDA:1,getServerSideProps
FNDA:0,(anonymous_6)
FNDA:0,(anonymous_7)
FNDA:0,(anonymous_8)
FNDA:0,(anonymous_9)
FNDA:0,(anonymous_10)
FNDA:0,(anonymous_11)
FNDA:0,(anonymous_12)
DA:17,3
DA:20,3
DA:21,3
DA:22,3
DA:26,3
DA:27,3
DA:29,3
DA:30,3
DA:33,3
DA:78,1
DA:79,1
DA:81,1
DA:82,0
DA:84,0
DA:86,1
DA:87,0
DA:89,0
DA:91,1
DA:92,0
DA:94,0
DA:101,1
DA:103,0
DA:105,0
DA:109,1
DA:110,0
DA:112,0
DA:130,1
DA:133,1
DA:135,0
DA:138,0
DA:142,1
DA:163,1
DA:186,1
LF:33
LH:21
BRDA:17,0,0,2
BRDA:17,0,1,1
BRDA:130,1,0,1
BRDA:130,1,1,0
BRDA:133,2,0,1
BRDA:133,2,1,0
BRDA:167,3,0,1
BRDA:167,3,1,0
BRDA:170,4,0,1
BRDA:170,4,1,0
BRDA:171,5,0,1
BRDA:171,5,1,0
BRDA:172,6,0,1
BRDA:172,6,1,0
BRDA:173,7,0,1
BRDA:173,7,1,1
BRDA:175,8,0,1
BRDA:175,8,1,0
BRDA:179,9,0,1
BRDA:179,9,1,0
BRF:20
BRH:12
end_of_record
TN:
SF:pages/api/metrics.js
FNF:0
FNH:0
LF:0
LH:0
BRF:0
BRH:0
end_of_record
TN:
SF:pages/api/refresh-msca.js
FN:13,handler
FNF:1
FNH:0
FNDA:0,handler
DA:10,0
DA:11,0
DA:14,0
DA:16,0
DA:18,0
DA:19,0
DA:20,0
DA:22,0
DA:23,0
DA:27,0
DA:28,0
DA:32,0
LF:12
LH:0
BRDA:14,0,0,0
BRDA:14,0,1,0
BRDA:16,1,0,0
BRDA:16,1,1,0
BRDA:19,2,0,0
BRDA:19,2,1,0
BRF:6
BRH:0
end_of_record
TN:
SF:pages/api/auth/[...nextauth].js
FN:40,(anonymous_0)
FN:52,(anonymous_1)
FN:55,(anonymous_2)
FN:65,(anonymous_3)
FN:69,(anonymous_4)
FNF:5
FNH:0
FNDA:0,(anonymous_0)
FNDA:0,(anonymous_1)
FNDA:0,(anonymous_2)
FNDA:0,(anonymous_3)
FNDA:0,(anonymous_4)
DA:6,0
DA:7,0
DA:41,0
DA:53,0
DA:57,0
DA:59,0
DA:61,0
DA:66,0
DA:67,0
DA:70,0
LF:10
LH:0
BRDA:57,0,0,0
BRDA:57,0,1,0
BRDA:59,1,0,0
BRDA:59,1,1,0
BRF:4
BRH:0
end_of_record
TN:
SF:pages/auth/login.js
FN:8,Login
FN:12,(anonymous_1)
FN:17,(anonymous_2)
FN:43,PageLayout
FN:47,getServerSideProps
FNF:5
FNH:2
FNDA:1,Login
FNDA:1,(anonymous_1)
FNDA:0,(anonymous_2)
FNDA:0,PageLayout
FNDA:0,getServerSideProps
DA:9,1
DA:12,1
DA:13,1
DA:14,0
DA:16,0
DA:17,0
DA:18,0
DA:20,0
DA:22,0
DA:28,1
DA:43,1
DA:44,0
DA:49,0
DA:52,0
DA:73,0
LF:15
LH:5
BRDA:13,0,0,1
BRDA:13,0,1,0
BRDA:14,1,0,0
BRDA:14,1,1,0
BRDA:16,2,0,0
BRDA:16,2,1,0
BRDA:49,3,0,0
BRDA:49,3,1,0
BRDA:77,4,0,0
BRDA:77,4,1,0
BRF:10
BRH:1
end_of_record
TN:
SF:pages/auth/logout.js
FN:8,Logout
FN:10,(anonymous_1)
FN:11,(anonymous_2)
FN:33,PageLayout
FN:37,getServerSideProps
FN:43,(anonymous_5)
FNF:6
FNH:3
FNDA:1,Logout
FNDA:1,(anonymous_1)
FNDA:1,(anonymous_2)
FNDA:0,PageLayout
FNDA:0,getServerSideProps
FNDA:0,(anonymous_5)
DA:10,1
DA:11,1
DA:12,1
DA:13,0
DA:15,1
DA:18,1
DA:33,1
DA:34,0
DA:39,0
DA:40,0
DA:42,0
DA:44,0
DA:45,0
DA:46,0
DA:51,0
DA:72,0
LF:16
LH:6
BRDA:42,0,0,0
BRDA:42,0,1,0
BRDA:76,1,0,0
BRDA:76,1,1,0
BRF:4
BRH:0
end_of_record
TN:
SF:pages/contact-us/[id].js
FN:19,ContactUsPage
FN:24,(anonymous_1)
FN:26,(anonymous_2)
FN:30,(anonymous_3)
FN:33,(anonymous_4)
FN:53,(anonymous_5)
FN:59,(anonymous_6)
FN:72,getServerSideProps
FN:77,(anonymous_8)
FN:82,(anonymous_9)
FN:93,(anonymous_10)
FN:100,(anonymous_11)
FN:129,(anonymous_12)
FN:152,(anonymous_13)
FN:155,(anonymous_14)
FNF:15
FNH:7
FNDA:3,ContactUsPage
FNDA:0,(anonymous_1)
FNDA:3,(anonymous_2)
FNDA:3,(anonymous_3)
FNDA:3,(anonymous_4)
FNDA:3,(anonymous_5)
FNDA:3,(anonymous_6)
FNDA:1,getServerSideProps
FNDA:0,(anonymous_8)
FNDA:0,(anonymous_9)
FNDA:0,(anonymous_10)
FNDA:0,(anonymous_11)
FNDA:0,(anonymous_12)
FNDA:0,(anonymous_13)
FNDA:0,(anonymous_14)
DA:24,3
DA:25,3
DA:26,3
DA:30,3
DA:31,3
DA:33,3
DA:34,3
DA:38,3
DA:54,3
DA:60,3
DA:74,1
DA:75,1
DA:77,1
DA:78,0
DA:80,0
DA:82,1
DA:83,0
DA:85,0
DA:92,1
DA:94,0
DA:96,0
DA:100,1
DA:101,0
DA:103,0
DA:125,1
DA:126,0
DA:129,1
DA:130,0
DA:132,0
DA:136,1
DA:137,0
DA:146,1
DA:151,1
DA:153,0
DA:156,0
DA:160,1
DA:181,1
DA:204,1
LF:38
LH:24
BRDA:48,0,0,3
BRDA:48,0,1,3
BRDA:61,1,0,0
BRDA:61,1,1,3
BRDA:125,2,0,0
BRDA:125,2,1,1
BRDA:136,3,0,0
BRDA:136,3,1,1
BRDA:146,4,0,1
BRDA:146,4,1,0
BRDA:151,5,0,1
BRDA:151,5,1,0
BRDA:187,6,0,1
BRDA:187,6,1,0
BRDA:188,7,0,1
BRDA:188,7,1,0
BRDA:189,8,0,1
BRDA:189,8,1,0
BRDA:190,9,0,1
BRDA:190,9,1,0
BRDA:191,10,0,1
BRDA:191,10,1,1
BRDA:193,11,0,1
BRDA:193,11,1,0
BRDA:197,12,0,1
BRDA:197,12,1,0
BRF:26
BRH:15
end_of_record
TN:
SF:pages/contact-us/index.js
FN:15,ContactLanding
FN:19,(anonymous_1)
FN:21,(anonymous_2)
FN:25,(anonymous_3)
FN:28,(anonymous_4)
FN:38,(anonymous_5)
FN:61,getServerSideProps
FN:66,(anonymous_7)
FN:71,(anonymous_8)
FN:76,(anonymous_9)
FN:87,(anonymous_10)
FN:94,(anonymous_11)
FN:119,(anonymous_12)
FN:122,(anonymous_13)
FNF:14
FNH:0
FNDA:0,ContactLanding
FNDA:0,(anonymous_1)
FNDA:0,(anonymous_2)
FNDA:0,(anonymous_3)
FNDA:0,(anonymous_4)
FNDA:0,(anonymous_5)
FNDA:0,getServerSideProps
FNDA:0,(anonymous_7)
FNDA:0,(anonymous_8)
FNDA:0,(anonymous_9)
FNDA:0,(anonymous_10)
FNDA:0,(anonymous_11)
FNDA:0,(anonymous_12)
FNDA:0,(anonymous_13)
DA:16,0
DA:19,0
DA:20,0
DA:21,0
DA:25,0
DA:26,0
DA:28,0
DA:29,0
DA:33,0
DA:39,0
DA:63,0
DA:64,0
DA:66,0
DA:67,0
DA:69,0
DA:71,0
DA:72,0
DA:74,0
DA:76,0
DA:77,0
DA:79,0
DA:86,0
DA:88,0
DA:90,0
DA:94,0
DA:95,0
DA:97,0
DA:115,0
DA:118,0
DA:120,0
DA:123,0
DA:127,0
DA:148,0
DA:171,0
LF:34
LH:0
BRDA:16,0,0,0
BRDA:16,0,1,0
BRDA:115,1,0,0
BRDA:115,1,1,0
BRDA:118,2,0,0
BRDA:118,2,1,0
BRDA:152,3,0,0
BRDA:152,3,1,0
BRDA:155,4,0,0
BRDA:155,4,1,0
BRDA:156,5,0,0
BRDA:156,5,1,0
BRDA:157,6,0,0
BRDA:157,6,1,0
BRDA:158,7,0,0
BRDA:158,7,1,0
BRDA:160,8,0,0
BRDA:160,8,1,0
BRDA:164,9,0,0
BRDA:164,9,1,0
BRF:20
BRH:0
end_of_record
