TN:
SF:components/BackToButton.js
FN:4,BackToButton
FNF:1
FNH:1
FNDA:3,BackToButton
DA:5,3
DA:22,2
LF:2
LH:2
BRF:0
BRH:0
end_of_record
TN:
SF:components/BenefitTasks.js
FN:6,BenefitTasks
FN:26,(anonymous_1)
FN:40,(anonymous_2)
FNF:3
FNH:0
FNDA:0,BenefitTasks
FNDA:0,(anonymous_1)
FNDA:0,(anonymous_2)
DA:7,0
DA:17,0
DA:27,0
DA:42,0
DA:46,0
DA:47,0
DA:77,1
LF:7
LH:1
BRDA:36,0,0,0
BRDA:36,0,1,0
BRDA:42,1,0,0
BRDA:42,1,1,0
BRDA:43,2,0,0
BRDA:43,2,1,0
BRDA:55,3,0,0
BRDA:55,3,1,0
BRF:8
BRH:0
end_of_record
TN:
SF:components/Card.js
FN:5,Card
FN:17,(anonymous_1)
FNF:2
FNH:1
FNDA:2,Card
FNDA:0,(anonymous_1)
DA:6,2
DA:8,2
DA:18,0
DA:19,0
DA:35,1
LF:5
LH:3
BRDA:26,0,0,2
BRDA:26,0,1,0
BRF:2
BRH:1
end_of_record
TN:
SF:components/DateModified.js
FN:6,DateModified
FNF:1
FNH:1
FNDA:2,DateModified
DA:7,2
DA:15,1
DA:20,1
LF:3
LH:3
BRF:0
BRH:0
end_of_record
TN:
SF:components/ExitBetaModal.js
FN:6,ExitBetaModal
FNF:1
FNH:1
FNDA:2,ExitBetaModal
DA:7,2
DA:8,2
DA:58,6
LF:3
LH:3
BRF:0
BRH:0
end_of_record
TN:
SF:components/Layout.js
FN:16,Layout
FN:23,(anonymous_1)
FN:71,(anonymous_2)
FN:110,noRefCheck
FN:111,noRefCheck
FNF:5
FNH:2
FNDA:4,Layout
FNDA:3,(anonymous_1)
FNDA:0,(anonymous_2)
FNDA:0,noRefCheck
FNDA:0,noRefCheck
DA:17,4
DA:18,3
DA:19,3
DA:21,3
DA:23,3
DA:24,3
DA:27,3
DA:72,0
DA:151,2
DA:188,2
LF:10
LH:9
BRDA:17,0,0,4
BRDA:17,0,1,0
BRDA:18,1,0,3
BRDA:18,1,1,0
BRDA:21,2,0,3
BRDA:21,2,1,0
BRDA:30,3,0,3
BRDA:30,3,1,0
BRDA:34,4,0,0
BRDA:34,4,1,0
BRDA:35,5,0,0
BRDA:35,5,1,0
BRDA:36,6,0,0
BRDA:36,6,1,0
BRDA:37,7,0,0
BRDA:37,7,1,0
BRDA:38,8,0,0
BRDA:38,8,1,0
BRDA:39,9,0,0
BRDA:39,9,1,0
BRDA:41,10,0,0
BRDA:41,10,1,0
BRDA:44,11,0,0
BRDA:44,11,1,0
BRDA:45,12,0,0
BRDA:45,12,1,0
BRDA:47,13,0,0
BRDA:47,13,1,0
BRDA:60,14,0,3
BRDA:60,14,1,0
BRDA:79,15,0,3
BRDA:79,15,1,0
BRDA:88,16,0,3
BRDA:88,16,1,0
BRDA:95,17,0,3
BRDA:95,17,1,0
BRDA:115,18,0,0
BRDA:115,18,1,3
BRDA:124,19,0,0
BRDA:124,19,1,3
BRF:40
BRH:10
end_of_record
TN:
SF:components/MetaData.js
FN:4,MetaData
FNF:1
FNH:1
FNDA:5,MetaData
DA:5,5
DA:7,5
LF:2
LH:2
BRDA:5,0,0,5
BRDA:5,0,1,0
BRDA:20,1,0,5
BRDA:20,1,1,0
BRF:4
BRH:2
end_of_record
TN:
SF:components/MostReqTasks.js
FN:6,MostReqTasks
FN:16,(anonymous_1)
FN:21,(anonymous_2)
FNF:3
FNH:0
FNDA:0,MostReqTasks
FNDA:0,(anonymous_1)
FNDA:0,(anonymous_2)
DA:7,0
DA:17,0
DA:22,0
DA:23,0
DA:24,0
DA:54,1
LF:6
LH:1
BRDA:22,0,0,0
BRDA:22,0,1,0
BRDA:32,1,0,0
BRDA:32,1,1,0
BRF:4
BRH:0
end_of_record
TN:
SF:components/PageLink.js
FN:5,PageLink
FNF:1
FNH:1
FNDA:3,PageLink
DA:6,3
DA:7,3
DA:9,3
DA:44,2
LF:4
LH:4
BRF:0
BRH:0
end_of_record
TN:
SF:components/PhaseBanner.js
FN:13,PhaseBanner
FN:19,openModal
FN:23,closeModal
FN:66,(anonymous_3)
FNF:4
FNH:1
FNDA:3,PhaseBanner
FNDA:0,openModal
FNDA:0,closeModal
FNDA:0,(anonymous_3)
DA:14,3
DA:20,0
DA:24,0
DA:27,2
DA:67,0
DA:68,0
DA:95,3
LF:7
LH:3
BRDA:39,0,0,2
BRDA:39,0,1,0
BRDA:45,1,0,0
BRDA:45,1,1,2
BRDA:47,2,0,0
BRDA:47,2,1,2
BRDA:52,3,0,2
BRDA:52,3,1,0
BRF:8
BRH:4
end_of_record
TN:
SF:components/ProfileTasks.js
FN:6,ProfileTasks
FN:14,(anonymous_1)
FN:21,(anonymous_2)
FNF:3
FNH:2
FNDA:4,ProfileTasks
FNDA:3,(anonymous_1)
FNDA:0,(anonymous_2)
DA:7,4
DA:15,3
DA:22,0
DA:23,0
DA:24,0
DA:54,2
LF:6
LH:3
BRDA:22,0,0,0
BRDA:22,0,1,0
BRDA:31,1,0,1
BRDA:31,1,1,2
BRF:4
BRH:2
end_of_record
TN:
SF:components/ViewMoreLessButton.js
FN:5,ViewMoreLessButton
FNF:1
FNH:1
FNDA:5,ViewMoreLessButton
DA:6,5
DA:36,2
LF:2
LH:2
BRDA:16,0,0,5
BRDA:16,0,1,3
BRDA:19,1,0,1
BRDA:19,1,1,4
BRF:4
BRH:4
end_of_record
TN:
SF:components/contact/ContactProvince.js
FN:4,(anonymous_0)
FN:11,(anonymous_1)
FNF:2
FNH:1
FNDA:1,(anonymous_0)
FNDA:0,(anonymous_1)
DA:4,1
DA:5,1
DA:12,0
LF:3
LH:2
BRF:0
BRH:0
end_of_record
TN:
SF:components/contact/ContactProvinceRow.js
FN:5,(anonymous_0)
FN:9,(anonymous_1)
FN:17,(anonymous_2)
FNF:3
FNH:0
FNDA:0,(anonymous_0)
FNDA:0,(anonymous_1)
FNDA:0,(anonymous_2)
DA:5,1
DA:6,0
DA:9,1
DA:10,0
DA:18,0
LF:5
LH:2
BRDA:6,0,0,0
BRDA:6,0,1,0
BRDA:10,1,0,0
BRDA:10,1,1,0
BRDA:22,2,0,0
BRDA:22,2,1,0
BRF:6
BRH:0
end_of_record
TN:
SF:components/contact/ContactSection.js
FN:4,ContactSection
FN:23,(anonymous_1)
FNF:2
FNH:1
FNDA:11,ContactSection
FNDA:0,(anonymous_1)
DA:5,11
DA:24,0
LF:2
LH:1
BRF:0
BRH:0
end_of_record
TN:
SF:components/contact/ContactSectionRow.js
FN:8,ContactSectionRow
FN:20,routeToPage
FNF:2
FNH:1
FNDA:2,ContactSectionRow
FNDA:0,routeToPage
DA:18,2
DA:19,2
DA:21,0
DA:22,0
DA:24,2
LF:5
LH:3
BRDA:24,0,0,0
BRDA:24,0,1,2
BRDA:24,1,0,2
BRDA:24,1,1,0
BRDA:28,2,0,0
BRDA:28,2,1,0
BRDA:35,3,0,0
BRDA:35,3,1,0
BRDA:38,4,0,0
BRDA:38,4,1,0
BRDA:47,5,0,0
BRDA:47,5,1,0
BRF:12
BRH:2
end_of_record
TN:
SF:components/sessionModals/CountDown.js
FN:7,(anonymous_0)
FN:17,(anonymous_1)
FN:20,(anonymous_2)
FN:32,(anonymous_3)
FN:33,(anonymous_4)
FN:35,(anonymous_5)
FNF:6
FNH:3
FNDA:1,(anonymous_0)
FNDA:0,(anonymous_1)
FNDA:0,(anonymous_2)
FNDA:1,(anonymous_3)
FNDA:0,(anonymous_4)
FNDA:1,(anonymous_5)
DA:7,2
DA:8,1
DA:15,1
DA:17,1
DA:18,0
DA:20,0
DA:21,0
DA:32,1
DA:33,1
DA:35,1
DA:38,1
LF:11
LH:8
BRDA:74,0,0,1
BRDA:74,0,1,0
BRF:2
BRH:1
end_of_record
TN:
SF:components/sessionModals/SignedOut.js
FN:7,(anonymous_0)
FNF:1
FNH:1
FNDA:1,(anonymous_0)
DA:7,2
DA:8,1
LF:2
LH:2
BRF:0
BRH:0
end_of_record
TN:
SF:components/skeletons/ContactIntro.js
FN:1,(anonymous_0)
FNF:1
FNH:0
FNDA:0,(anonymous_0)
DA:1,0
DA:2,0
LF:2
LH:0
BRF:0
BRH:0
end_of_record
TN:
SF:components/skeletons/ContactRows.js
FN:1,(anonymous_0)
FNF:1
FNH:0
FNDA:0,(anonymous_0)
DA:1,0
DA:2,0
DA:3,0
DA:4,0
DA:30,0
LF:5
LH:0
BRF:0
BRH:0
end_of_record
TN:
SF:components/skeletons/Dashboard.js
FN:1,(anonymous_0)
FNF:1
FNH:1
FNDA:1,(anonymous_0)
DA:1,1
DA:2,1
DA:3,1
DA:4,1
DA:32,1
LF:5
LH:5
BRF:0
BRH:0
end_of_record
TN:
SF:components/skeletons/LinkList.js
FN:1,(anonymous_0)
FNF:1
FNH:0
FNDA:0,(anonymous_0)
DA:1,0
DA:2,0
DA:3,0
DA:4,0
DA:19,0
LF:5
LH:0
BRF:0
BRH:0
end_of_record
TN:
SF:components/skeletons/ProvinceRows.js
FN:1,(anonymous_0)
FNF:1
FNH:0
FNDA:0,(anonymous_0)
DA:1,0
DA:2,0
DA:3,0
DA:4,0
DA:15,0
LF:5
LH:0
BRF:0
BRH:0
end_of_record
TN:
SF:components/skeletons/SettingsBlocks.js
FN:1,(anonymous_0)
FNF:1
FNH:0
FNDA:0,(anonymous_0)
DA:1,0
DA:2,0
LF:2
LH:0
BRF:0
BRH:0
end_of_record
TN:
SF:pages/_app.js
FN:7,MyApp
FNF:1
FNH:1
FNDA:1,MyApp
DA:5,1
DA:13,0
LF:2
LH:1
BRF:0
BRH:0
end_of_record
TN:
SF:pages/_document.js
FN:3,Document
FNF:1
FNH:0
FNDA:0,Document
DA:4,0
LF:1
LH:0
BRF:0
BRH:0
end_of_record
TN:
SF:pages/_error.js
FN:6,CustomError
FNF:1
FNH:1
FNDA:4,CustomError
DA:7,4
LF:1
LH:1
BRDA:13,0,0,0
BRDA:13,0,1,4
BRF:2
BRH:1
end_of_record
TN:
SF:pages/contact-us.js
FN:10,ContactLanding
FN:18,(anonymous_1)
FN:36,getServerSideProps
FN:37,(anonymous_3)
FN:42,(anonymous_4)
FN:47,(anonymous_5)
FN:72,(anonymous_6)
FN:75,(anonymous_7)
FNF:8
FNH:0
FNDA:0,ContactLanding
FNDA:0,(anonymous_1)
FNDA:0,getServerSideProps
FNDA:0,(anonymous_3)
FNDA:0,(anonymous_4)
FNDA:0,(anonymous_5)
FNDA:0,(anonymous_6)
FNDA:0,(anonymous_7)
DA:11,0
DA:13,0
DA:19,0
DA:37,0
DA:38,0
DA:40,0
DA:42,0
DA:43,0
DA:45,0
DA:47,0
DA:48,0
DA:50,0
DA:68,0
DA:71,0
DA:73,0
DA:76,0
DA:80,0
DA:101,0
DA:114,0
LF:19
LH:0
BRDA:11,0,0,0
BRDA:11,0,1,0
BRDA:68,1,0,0
BRDA:68,1,1,0
BRDA:71,2,0,0
BRDA:71,2,1,0
BRDA:105,3,0,0
BRDA:105,3,1,0
BRDA:108,4,0,0
BRDA:108,4,1,0
BRDA:109,5,0,0
BRDA:109,5,1,0
BRF:12
BRH:0
end_of_record
TN:
SF:pages/index.js
FN:7,Index
FN:85,PageLayout
FN:89,getServerSideProps
FN:90,(anonymous_3)
FN:95,(anonymous_4)
FNF:5
FNH:3
FNDA:2,Index
FNDA:1,PageLayout
FNDA:1,getServerSideProps
FNDA:0,(anonymous_3)
FNDA:0,(anonymous_4)
DA:8,2
DA:85,2
DA:86,1
DA:90,1
DA:91,0
DA:93,0
DA:95,1
DA:96,0
DA:98,0
DA:102,1
DA:123,1
LF:11
LH:7
BRF:0
BRH:0
end_of_record
TN:
SF:pages/my-dashboard.js
FN:24,MyDashboard
FN:41,demoContent
FN:45,closeDemoModal
FN:49,openModal
FN:53,closeModal
FN:57,(anonymous_5)
FN:58,(anonymous_6)
FN:64,(anonymous_7)
FN:72,(anonymous_8)
FN:73,(anonymous_9)
FN:74,(anonymous_10)
FN:88,(anonymous_11)
FN:95,(anonymous_12)
FN:119,(anonymous_13)
FN:167,getServerSideProps
FN:169,(anonymous_15)
FN:174,(anonymous_16)
FN:179,(anonymous_17)
FN:190,(anonymous_18)
FN:197,(anonymous_19)
FNF:20
FNH:5
FNDA:2,MyDashboard
FNDA:0,demoContent
FNDA:0,closeDemoModal
FNDA:0,openModal
FNDA:0,closeModal
FNDA:2,(anonymous_5)
FNDA:0,(anonymous_6)
FNDA:0,(anonymous_7)
FNDA:0,(anonymous_8)
FNDA:0,(anonymous_9)
FNDA:0,(anonymous_10)
FNDA:2,(anonymous_11)
FNDA:2,(anonymous_12)
FNDA:0,(anonymous_13)
FNDA:1,getServerSideProps
FNDA:0,(anonymous_15)
FNDA:0,(anonymous_16)
FNDA:0,(anonymous_17)
FNDA:0,(anonymous_18)
FNDA:0,(anonymous_19)
DA:28,2
DA:32,2
DA:33,2
DA:39,2
DA:42,0
DA:46,0
DA:50,0
DA:54,0
DA:57,2
DA:58,2
DA:59,0
DA:60,0
DA:64,0
DA:72,0
DA:74,0
DA:75,0
DA:77,0
DA:86,0
DA:88,2
DA:91,2
DA:96,2
DA:97,2
DA:98,2
DA:120,0
DA:168,1
DA:169,1
DA:170,0
DA:171,0
DA:172,0
DA:174,1
DA:175,0
DA:177,0
DA:179,1
DA:180,0
DA:182,0
DA:189,1
DA:191,0
DA:193,0
DA:197,1
DA:198,0
DA:200,0
DA:208,1
DA:229,1
DA:250,1
LF:44
LH:20
BRDA:59,0,0,0
BRDA:59,0,1,0
BRDA:59,1,0,0
BRDA:59,1,1,0
BRDA:61,2,0,0
BRDA:61,2,1,0
BRDA:157,3,0,2
BRDA:157,3,1,0
BRDA:168,4,0,0
BRDA:168,4,1,1
BRDA:168,5,0,1
BRDA:168,5,1,0
BRDA:233,6,0,1
BRDA:233,6,1,0
BRDA:235,7,0,1
BRDA:235,7,1,0
BRDA:236,8,0,1
BRDA:236,8,1,0
BRDA:237,9,0,1
BRDA:237,9,1,0
BRDA:239,10,0,1
BRDA:239,10,1,0
BRDA:243,11,0,1
BRDA:243,11,1,0
BRF:24
BRH:9
end_of_record
TN:
SF:pages/profile.js
FN:17,Profile
FN:26,openModal
FN:30,closeModal
FN:40,(anonymous_3)
FN:88,getServerSideProps
FN:89,(anonymous_5)
FN:94,(anonymous_6)
FN:99,(anonymous_7)
FN:110,(anonymous_8)
FN:124,(anonymous_9)
FN:127,(anonymous_10)
FNF:11
FNH:2
FNDA:2,Profile
FNDA:0,openModal
FNDA:0,closeModal
FNDA:1,(anonymous_3)
FNDA:0,getServerSideProps
FNDA:0,(anonymous_5)
FNDA:0,(anonymous_6)
FNDA:0,(anonymous_7)
FNDA:0,(anonymous_8)
FNDA:0,(anonymous_9)
FNDA:0,(anonymous_10)
DA:21,1
DA:27,0
DA:31,0
DA:34,1
DA:36,1
DA:41,1
DA:89,0
DA:90,0
DA:92,0
DA:94,0
DA:95,0
DA:97,0
DA:99,0
DA:100,0
DA:102,0
DA:109,0
DA:111,0
DA:113,0
DA:120,0
DA:123,0
DA:125,0
DA:128,0
DA:132,0
DA:153,0
DA:167,1
LF:25
LH:5
BRDA:120,0,0,0
BRDA:120,0,1,0
BRDA:123,1,0,0
BRDA:123,1,1,0
BRDA:157,2,0,0
BRDA:157,2,1,0
BRDA:160,3,0,0
BRDA:160,3,1,0
BRDA:161,4,0,0
BRDA:161,4,1,0
BRDA:162,5,0,0
BRDA:162,5,1,0
BRF:12
BRH:0
end_of_record
TN:
SF:pages/security-settings.js
FN:11,SecuritySettings
FN:53,getServerSideProps
FN:54,(anonymous_2)
FN:59,(anonymous_3)
FN:64,(anonymous_4)
FN:89,(anonymous_5)
FN:92,(anonymous_6)
FNF:7
FNH:0
FNDA:0,SecuritySettings
FNDA:0,getServerSideProps
FNDA:0,(anonymous_2)
FNDA:0,(anonymous_3)
FNDA:0,(anonymous_4)
FNDA:0,(anonymous_5)
FNDA:0,(anonymous_6)
DA:12,0
DA:14,0
DA:54,0
DA:55,0
DA:57,0
DA:59,0
DA:60,0
DA:62,0
DA:64,0
DA:65,0
DA:67,0
DA:85,0
DA:88,0
DA:90,0
DA:93,0
DA:97,0
DA:118,0
DA:131,0
LF:18
LH:0
BRDA:12,0,0,0
BRDA:12,0,1,0
BRDA:85,1,0,0
BRDA:85,1,1,0
BRDA:88,2,0,0
BRDA:88,2,1,0
BRDA:122,3,0,0
BRDA:122,3,1,0
BRDA:125,4,0,0
BRDA:125,4,1,0
BRDA:126,5,0,0
BRDA:126,5,1,0
BRF:12
BRH:0
end_of_record
TN:
SF:pages/signedout.js
FN:12,(anonymous_0)
FN:16,(anonymous_1)
FN:51,PageLayout
FNF:3
FNH:2
FNDA:1,(anonymous_0)
FNDA:1,(anonymous_1)
FNDA:0,PageLayout
DA:5,1
DA:12,1
DA:13,1
DA:16,1
DA:17,1
DA:18,0
DA:19,0
DA:22,1
DA:51,1
DA:52,0
LF:10
LH:7
BRDA:17,0,0,1
BRDA:17,0,1,0
BRDA:18,1,0,0
BRDA:18,1,1,0
BRF:4
BRH:1
end_of_record
TN:
SF:pages/api/metrics.js
FNF:0
FNH:0
LF:0
LH:0
BRF:0
BRH:0
end_of_record
TN:
SF:pages/api/auth/[...nextauth].js
FN:35,(anonymous_0)
FN:48,(anonymous_1)
FN:51,(anonymous_2)
FN:61,(anonymous_3)
FN:65,(anonymous_4)
FN:68,(anonymous_5)
FNF:6
FNH:0
FNDA:0,(anonymous_0)
FNDA:0,(anonymous_1)
FNDA:0,(anonymous_2)
FNDA:0,(anonymous_3)
FNDA:0,(anonymous_4)
FNDA:0,(anonymous_5)
DA:36,0
DA:49,0
DA:53,0
DA:55,0
DA:57,0
DA:62,0
DA:63,0
DA:66,0
DA:69,0
DA:70,0
LF:10
LH:0
BRDA:53,0,0,0
BRDA:53,0,1,0
BRDA:55,1,0,0
BRDA:55,1,1,0
BRF:4
BRH:0
end_of_record
TN:
SF:pages/contact-us/contact-canada-pension-plan.js
FN:15,ContactCanadaPensionPlan
FN:39,(anonymous_1)
FN:45,(anonymous_2)
FN:62,getServerSideProps
FN:63,(anonymous_4)
FN:68,(anonymous_5)
FN:93,(anonymous_6)
FN:101,(anonymous_7)
FN:104,(anonymous_8)
FNF:9
FNH:4
FNDA:3,ContactCanadaPensionPlan
FNDA:3,(anonymous_1)
FNDA:3,(anonymous_2)
FNDA:1,getServerSideProps
FNDA:0,(anonymous_4)
FNDA:0,(anonymous_5)
FNDA:0,(anonymous_6)
FNDA:0,(anonymous_7)
FNDA:0,(anonymous_8)
DA:19,3
DA:24,3
DA:40,3
DA:46,3
DA:63,1
DA:64,0
DA:66,0
DA:68,1
DA:69,0
DA:71,0
DA:91,1
DA:93,1
DA:94,0
DA:96,0
DA:100,1
DA:102,0
DA:105,0
DA:120,1
DA:141,1
DA:154,1
LF:20
LH:12
BRDA:34,0,0,3
BRDA:34,0,1,3
BRDA:47,1,0,0
BRDA:47,1,1,3
BRDA:91,2,0,1
BRDA:91,2,1,0
BRDA:100,3,0,1
BRDA:100,3,1,0
BRDA:147,4,0,1
BRDA:147,4,1,0
BRDA:148,5,0,1
BRDA:148,5,1,0
BRDA:149,6,0,1
BRDA:149,6,1,0
BRF:14
BRH:8
end_of_record
TN:
SF:pages/contact-us/contact-employment-insurance.js
FN:15,ContactEmploymentInsurance
FN:40,(anonymous_1)
FN:46,(anonymous_2)
FN:59,getServerSideProps
FN:60,(anonymous_4)
FN:65,(anonymous_5)
FN:91,(anonymous_6)
FN:100,(anonymous_7)
FN:103,(anonymous_8)
FNF:9
FNH:4
FNDA:3,ContactEmploymentInsurance
FNDA:3,(anonymous_1)
FNDA:3,(anonymous_2)
FNDA:1,getServerSideProps
FNDA:0,(anonymous_4)
FNDA:0,(anonymous_5)
FNDA:0,(anonymous_6)
FNDA:0,(anonymous_7)
FNDA:0,(anonymous_8)
DA:19,3
DA:24,3
DA:41,3
DA:47,3
DA:60,1
DA:61,0
DA:63,0
DA:65,1
DA:66,0
DA:68,0
DA:88,1
DA:90,1
DA:92,0
DA:94,0
DA:99,1
DA:101,0
DA:104,0
DA:119,1
DA:140,1
DA:153,1
LF:20
LH:12
BRDA:34,0,0,3
BRDA:34,0,1,3
BRDA:48,1,0,0
BRDA:48,1,1,3
BRDA:88,2,0,1
BRDA:88,2,1,0
BRDA:99,3,0,1
BRDA:99,3,1,0
BRDA:146,4,0,1
BRDA:146,4,1,0
BRDA:147,5,0,1
BRDA:147,5,1,0
BRDA:148,6,0,1
BRDA:148,6,1,0
BRF:14
BRH:8
end_of_record
TN:
SF:pages/contact-us/contact-old-age-security.js
FN:15,ContactOldAgeSecurity
FN:34,(anonymous_1)
FN:40,(anonymous_2)
FN:53,getServerSideProps
FN:54,(anonymous_4)
FN:59,(anonymous_5)
FN:84,(anonymous_6)
FN:92,(anonymous_7)
FN:95,(anonymous_8)
FNF:9
FNH:4
FNDA:3,ContactOldAgeSecurity
FNDA:3,(anonymous_1)
FNDA:3,(anonymous_2)
FNDA:1,getServerSideProps
FNDA:0,(anonymous_4)
FNDA:0,(anonymous_5)
FNDA:0,(anonymous_6)
FNDA:0,(anonymous_7)
FNDA:0,(anonymous_8)
DA:19,3
DA:35,3
DA:41,3
DA:54,1
DA:55,0
DA:57,0
DA:59,1
DA:60,0
DA:62,0
DA:82,1
DA:84,1
DA:85,0
DA:87,0
DA:91,1
DA:93,0
DA:96,0
DA:111,1
DA:133,1
DA:146,1
LF:19
LH:11
BRDA:29,0,0,3
BRDA:29,0,1,3
BRDA:42,1,0,0
BRDA:42,1,1,3
BRDA:82,2,0,1
BRDA:82,2,1,0
BRDA:91,3,0,1
BRDA:91,3,1,0
BRDA:139,4,0,1
BRDA:139,4,1,0
BRDA:140,5,0,1
BRDA:140,5,1,0
BRDA:141,6,0,1
BRDA:141,6,1,0
BRF:14
BRH:8
end_of_record
